{"name": "Scroll trough images", "status": "failed", "statusDetails": {"message": "AssertionError: FAILURE: assert (False)\n +  where False = <bound method AboutPage.is_next_slide_button_visible of <Pages.AboutPage.AboutPage object at 0x7fb186c6b710>>()\n +    where <bound method AboutPage.is_next_slide_button_visible of <Pages.AboutPage.AboutPage object at 0x7fb186c6b710>> = <Pages.AboutPage.AboutPage object at 0x7fb186c6b710>.is_next_slide_button_visible\ntest_Sites.py:554 in test_22() -> with check, allure.step(\"C58415: Initially next is visible and previous is not\"):\ntest_Sites.py:555 in test_22 -> assert about_obj.is_next_slide_button_visible() and not about_obj.is_previous_slide_button_visible()\nAssertionError: assert (False)\n +  where False = <bound method AboutPage.is_next_slide_button_visible of <Pages.AboutPage.AboutPage object at 0x7fb186c6b710>>()\n +    where <bound method AboutPage.is_next_slide_button_visible of <Pages.AboutPage.AboutPage object at 0x7fb186c6b710>> = <Pages.AboutPage.AboutPage object at 0x7fb186c6b710>.is_next_slide_button_visible\n\n\n------------------------------------------------------------\nFailed Checks: 1", "trace": "FAILURE: assert (False)\n +  where False = <bound method AboutPage.is_next_slide_button_visible of <Pages.AboutPage.AboutPage object at 0x7fb186c6b710>>()\n +    where <bound method AboutPage.is_next_slide_button_visible of <Pages.AboutPage.AboutPage object at 0x7fb186c6b710>> = <Pages.AboutPage.AboutPage object at 0x7fb186c6b710>.is_next_slide_button_visible\ntest_Sites.py:554 in test_22() -> with check, allure.step(\"C58415: Initially next is visible and previous is not\"):\ntest_Sites.py:555 in test_22 -> assert about_obj.is_next_slide_button_visible() and not about_obj.is_previous_slide_button_visible()\nAssertionError: assert (False)\n +  where False = <bound method AboutPage.is_next_slide_button_visible of <Pages.AboutPage.AboutPage object at 0x7fb186c6b710>>()\n +    where <bound method AboutPage.is_next_slide_button_visible of <Pages.AboutPage.AboutPage object at 0x7fb186c6b710>> = <Pages.AboutPage.AboutPage object at 0x7fb186c6b710>.is_next_slide_button_visible\n\n\n------------------------------------------------------------\nFailed Checks: 1"}, "steps": [{"name": "C58415: Initially next is visible and previous is not", "status": "failed", "statusDetails": {"message": "AssertionError: assert (False)\n +  where False = <bound method AboutPage.is_next_slide_button_visible of <Pages.AboutPage.AboutPage object at 0x7fb186c6b710>>()\n +    where <bound method AboutPage.is_next_slide_button_visible of <Pages.AboutPage.AboutPage object at 0x7fb186c6b710>> = <Pages.AboutPage.AboutPage object at 0x7fb186c6b710>.is_next_slide_button_visible\n", "trace": "  File \"/home/runner/work/QUBA_WEB/QUBA_WEB/Tests/test_Sites.py\", line 555, in test_22\n    assert about_obj.is_next_slide_button_visible() and not about_obj.is_previous_slide_button_visible()\n"}, "start": 1732895954742, "stop": 1732895965792}, {"name": "C58415: Carousel position is at the start", "status": "passed", "start": 1732895965794, "stop": 1732895965808}, {"name": "C58415: Next and previous buttons after scrolling", "status": "passed", "start": 1732895965808, "stop": 1732895968834}, {"name": "C58415: Carousel position is at the middle", "status": "passed", "start": 1732895968834, "stop": 1732895968848}, {"name": "C58415: Next and previous buttons at the end of the carousel", "status": "passed", "start": 1732895968848, "stop": 1732895981909}, {"name": "C58415: Carousel position is at the end", "status": "passed", "start": 1732895981909, "stop": 1732895981922}, {"name": "C58415: Next and previous buttons after scrolling left", "status": "passed", "start": 1732895981922, "stop": 1732895984944}, {"name": "C58415: Carousel position is at the middle", "status": "passed", "start": 1732895984944, "stop": 1732895984958}, {"name": "C58415: Next and previous buttons at the start of the carousel", "status": "passed", "start": 1732895984958, "stop": 1732895998054}, {"name": "C58415: Carousel position is at the start", "status": "passed", "start": 1732895998054, "stop": 1732895998068}], "parameters": [{"name": "driver", "value": "'edge'"}], "start": 1732895954742, "stop": 1732895998068, "uuid": "f8338321-27ef-4999-b469-dc3bb45a79c8", "historyId": "c1f9b02e507976082c52661751770974", "testCaseId": "64642a789e509c273fbfbbc094c3d795", "fullName": "Tests.test_Sites.TestSites#test_22", "labels": [{"name": "severity", "value": "minor"}, {"name": "feature", "value": "Individual Sites"}, {"name": "tag", "value": "flaky(reruns=3, reruns_delay=1)"}, {"name": "parentSuite", "value": "Tests"}, {"name": "suite", "value": "test_Sites"}, {"name": "subSuite", "value": "TestSites"}, {"name": "host", "value": "fv-az1543-791"}, {"name": "thread", "value": "1801-MainThread"}, {"name": "framework", "value": "pytest"}, {"name": "language", "value": "cpython3"}, {"name": "package", "value": "Tests.test_Sites"}], "links": [{"type": "tms", "url": "https://hedgehoglabqa.testrail.io/index.php?/cases/view/58415", "name": "C58415"}, {"type": "issue", "url": "https://hedgehog-lab.atlassian.net/browse/QP-356", "name": "Epic QP-356"}, {"type": "issue", "url": "https://hedgehog-lab.atlassian.net/browse/QP-264", "name": "Story QP-264"}]}