{"name": "Image gallery with more than one image", "status": "failed", "statusDetails": {"message": "AssertionError: FAILURE: assert False\n +  where False = <bound method AboutPage.is_next_slide_button_visible of <Pages.AboutPage.AboutPage object at 0x7fccb84871d0>>()\n +    where <bound method AboutPage.is_next_slide_button_visible of <Pages.AboutPage.AboutPage object at 0x7fccb84871d0>> = <Pages.AboutPage.AboutPage object at 0x7fccb84871d0>.is_next_slide_button_visible\ntest_AboutPage.py:179 in test_10() -> with check, allure.step(\"C58523: Next image button is visible\"):\ntest_AboutPage.py:180 in test_10 -> assert about_page_obj.is_next_slide_button_visible()\nAssertionError: assert False\n +  where False = <bound method AboutPage.is_next_slide_button_visible of <Pages.AboutPage.AboutPage object at 0x7fccb84871d0>>()\n +    where <bound method AboutPage.is_next_slide_button_visible of <Pages.AboutPage.AboutPage object at 0x7fccb84871d0>> = <Pages.AboutPage.AboutPage object at 0x7fccb84871d0>.is_next_slide_button_visible\n\n\n------------------------------------------------------------\nFailed Checks: 1", "trace": "FAILURE: assert False\n +  where False = <bound method AboutPage.is_next_slide_button_visible of <Pages.AboutPage.AboutPage object at 0x7fccb84871d0>>()\n +    where <bound method AboutPage.is_next_slide_button_visible of <Pages.AboutPage.AboutPage object at 0x7fccb84871d0>> = <Pages.AboutPage.AboutPage object at 0x7fccb84871d0>.is_next_slide_button_visible\ntest_AboutPage.py:179 in test_10() -> with check, allure.step(\"C58523: Next image button is visible\"):\ntest_AboutPage.py:180 in test_10 -> assert about_page_obj.is_next_slide_button_visible()\nAssertionError: assert False\n +  where False = <bound method AboutPage.is_next_slide_button_visible of <Pages.AboutPage.AboutPage object at 0x7fccb84871d0>>()\n +    where <bound method AboutPage.is_next_slide_button_visible of <Pages.AboutPage.AboutPage object at 0x7fccb84871d0>> = <Pages.AboutPage.AboutPage object at 0x7fccb84871d0>.is_next_slide_button_visible\n\n\n------------------------------------------------------------\nFailed Checks: 1"}, "steps": [{"name": "C58523: The image anna-jahn-LBKxu77KpSY-unsplash.jpg is correct", "status": "passed", "start": 1734072805729, "stop": 1734072805729}, {"name": "C58523: The image malik-shibly-gm_Vztl7w84-unsplash.jpg is correct", "status": "passed", "start": 1734072805729, "stop": 1734072805729}, {"name": "C58523: The image arisa-s-pir6n28Xrpw-unsplash.jpg is correct", "status": "passed", "start": 1734072805729, "stop": 1734072805729}, {"name": "C58523: The image darrell-chaddock-j9er0YESGp0-unsplash.jpg is correct", "status": "passed", "start": 1734072805729, "stop": 1734072805729}, {"name": "C58523: The image darwin-vegher-sKqKpescBgc-unsplash.jpg is correct", "status": "passed", "start": 1734072805729, "stop": 1734072805729}, {"name": "C58523: The image koushik-chowdavarapu-aWBPk_GBaCk-unsplash.jpg is correct", "status": "passed", "start": 1734072805729, "stop": 1734072805729}, {"name": "C58523: The image date_farm_cc1ff1c02d.jpg is correct", "status": "passed", "start": 1734072805729, "stop": 1734072805729}, {"name": "C58523: The image bani-unaif.webp is correct", "status": "passed", "start": 1734072805729, "stop": 1734072805729}, {"name": "C58523: The image patrick-hendry-hezNrE5QEa8-unsplash.jpg is correct", "status": "passed", "start": 1734072805729, "stop": 1734072805729}, {"name": "C58523: The image masjid-quba-in-almadinah-new_crop-1160x650.jpg is correct", "status": "passed", "start": 1734072805729, "stop": 1734072805729}, {"name": "C58523: Next image button is visible", "status": "failed", "statusDetails": {"message": "AssertionError: assert False\n +  where False = <bound method AboutPage.is_next_slide_button_visible of <Pages.AboutPage.AboutPage object at 0x7fccb84871d0>>()\n +    where <bound method AboutPage.is_next_slide_button_visible of <Pages.AboutPage.AboutPage object at 0x7fccb84871d0>> = <Pages.AboutPage.AboutPage object at 0x7fccb84871d0>.is_next_slide_button_visible\n", "trace": "  File \"/home/runner/work/QUBA_WEB/QUBA_WEB/Tests/test_AboutPage.py\", line 180, in test_10\n    assert about_page_obj.is_next_slide_button_visible()\n"}, "start": 1734072805729, "stop": 1734072816750}, {"name": "C58523: Scroll bar is visible", "status": "passed", "start": 1734072816782, "stop": 1734072816801}], "parameters": [{"name": "driver", "value": "'edge'"}], "start": 1734072804655, "stop": 1734072817096, "uuid": "e2f82cbe-83aa-4dec-b325-9712d15e7ae3", "historyId": "66becfaa4b7cd475bc1b2fdb407c9cb7", "testCaseId": "bb4c1afb34f8cb306d8af0bd431490d9", "fullName": "Tests.test_AboutPage.TestAboutPage#test_10", "labels": [{"name": "severity", "value": "normal"}, {"name": "feature", "value": "About page"}, {"name": "tag", "value": "dependency(name='test_10')"}, {"name": "tag", "value": "flaky(reruns=3, reruns_delay=1)"}, {"name": "parentSuite", "value": "Tests"}, {"name": "suite", "value": "test_AboutPage"}, {"name": "subSuite", "value": "TestAboutPage"}, {"name": "host", "value": "fv-az805-100"}, {"name": "thread", "value": "1982-MainThread"}, {"name": "framework", "value": "pytest"}, {"name": "language", "value": "cpython3"}, {"name": "package", "value": "Tests.test_AboutPage"}], "links": [{"type": "tms", "url": "https://hedgehoglabqa.testrail.io/index.php?/cases/view/58523", "name": "C58523"}, {"type": "issue", "url": "https://hedgehog-lab.atlassian.net/browse/QP-356", "name": "Epic QP-356"}, {"type": "issue", "url": "https://hedgehog-lab.atlassian.net/browse/QP-266", "name": "Story QP-266"}]}