{"name": "Site with more than one photo", "status": "failed", "statusDetails": {"message": "AssertionError: FAILURE: assert False\n +  where False = <bound method AboutPage.is_next_slide_button_visible of <Pages.AboutPage.AboutPage object at 0x7f8f4096d290>>()\n +    where <bound method AboutPage.is_next_slide_button_visible of <Pages.AboutPage.AboutPage object at 0x7f8f4096d290>> = <Pages.AboutPage.AboutPage object at 0x7f8f4096d290>.is_next_slide_button_visible\ntest_Sites.py:503 in test_20() -> with check, allure.step(\"C58413: Next image button is visible\"):\ntest_Sites.py:504 in test_20 -> assert about_obj.is_next_slide_button_visible()\nAssertionError: assert False\n +  where False = <bound method AboutPage.is_next_slide_button_visible of <Pages.AboutPage.AboutPage object at 0x7f8f4096d290>>()\n +    where <bound method AboutPage.is_next_slide_button_visible of <Pages.AboutPage.AboutPage object at 0x7f8f4096d290>> = <Pages.AboutPage.AboutPage object at 0x7f8f4096d290>.is_next_slide_button_visible\n\n\n------------------------------------------------------------\nFailed Checks: 1", "trace": "FAILURE: assert False\n +  where False = <bound method AboutPage.is_next_slide_button_visible of <Pages.AboutPage.AboutPage object at 0x7f8f4096d290>>()\n +    where <bound method AboutPage.is_next_slide_button_visible of <Pages.AboutPage.AboutPage object at 0x7f8f4096d290>> = <Pages.AboutPage.AboutPage object at 0x7f8f4096d290>.is_next_slide_button_visible\ntest_Sites.py:503 in test_20() -> with check, allure.step(\"C58413: Next image button is visible\"):\ntest_Sites.py:504 in test_20 -> assert about_obj.is_next_slide_button_visible()\nAssertionError: assert False\n +  where False = <bound method AboutPage.is_next_slide_button_visible of <Pages.AboutPage.AboutPage object at 0x7f8f4096d290>>()\n +    where <bound method AboutPage.is_next_slide_button_visible of <Pages.AboutPage.AboutPage object at 0x7f8f4096d290>> = <Pages.AboutPage.AboutPage object at 0x7f8f4096d290>.is_next_slide_button_visible\n\n\n------------------------------------------------------------\nFailed Checks: 1"}, "steps": [{"name": "C58413: The image 555x465px-Mosque_of_Atban_Bin_Malik_6.webp is correct", "status": "passed", "start": 1733748700329, "stop": 1733748700329}, {"name": "C58413: The image abu_as_suud_118292.jpg is correct", "status": "passed", "start": 1733748700329, "stop": 1733748700329}, {"name": "C58413: The image download (3).jpeg is correct", "status": "passed", "start": 1733748700329, "stop": 1733748700329}, {"name": "C58413: The image download.jpeg is correct", "status": "passed", "start": 1733748700329, "stop": 1733748700329}, {"name": "C58413: Next image button is visible", "status": "failed", "statusDetails": {"message": "AssertionError: assert False\n +  where False = <bound method AboutPage.is_next_slide_button_visible of <Pages.AboutPage.AboutPage object at 0x7f8f4096d290>>()\n +    where <bound method AboutPage.is_next_slide_button_visible of <Pages.AboutPage.AboutPage object at 0x7f8f4096d290>> = <Pages.AboutPage.AboutPage object at 0x7f8f4096d290>.is_next_slide_button_visible\n", "trace": "  File \"/home/runner/work/QUBA_WEB/QUBA_WEB/Tests/test_Sites.py\", line 504, in test_20\n    assert about_obj.is_next_slide_button_visible()\n"}, "start": 1733748700329, "stop": 1733748711352}, {"name": "C58413: Scroll bar is visible", "status": "passed", "start": 1733748711354, "stop": 1733748711373}], "parameters": [{"name": "driver", "value": "'edge'"}], "start": 1733748690095, "stop": 1733748711769, "uuid": "70f6bc16-4c28-45a3-a0fd-2546752d0293", "historyId": "2f776079b1484ad73c7cb53c60227367", "testCaseId": "193dc5b35ff0b4f40add5dddccbd028e", "fullName": "Tests.test_Sites.TestSites#test_20", "labels": [{"name": "feature", "value": "Individual Sites"}, {"name": "severity", "value": "critical"}, {"name": "tag", "value": "flaky(reruns=3, reruns_delay=1)"}, {"name": "parentSuite", "value": "Tests"}, {"name": "suite", "value": "test_Sites"}, {"name": "subSuite", "value": "TestSites"}, {"name": "host", "value": "fv-az1693-731"}, {"name": "thread", "value": "2009-MainThread"}, {"name": "framework", "value": "pytest"}, {"name": "language", "value": "cpython3"}, {"name": "package", "value": "Tests.test_Sites"}], "links": [{"type": "tms", "url": "https://hedgehoglabqa.testrail.io/index.php?/cases/view/58413", "name": "C58413"}, {"type": "issue", "url": "https://hedgehog-lab.atlassian.net/browse/QP-356", "name": "Epic QP-356"}, {"type": "issue", "url": "https://hedgehog-lab.atlassian.net/browse/QP-264", "name": "Story QP-264"}]}