{"name": "Check language switch", "status": "failed", "statusDetails": {"message": "AssertionError: FAILURE: assert 'ar-SA' == 'en-US'\n  \n  - en-US\n  + ar-SA\ntest_HomePage.py:539 in test_31() -> with check, allure.step(\"English is selected by default\"):\ntest_HomePage.py:540 in test_31 -> assert main_nav_obj.get_page_language() == \"en-US\"\nAssertionError: assert 'ar-SA' == 'en-US'\n  \n  - en-US\n  + ar-SA\n\n\nFAILURE: assert 'en-US' == 'ar-SA'\n  \n  - ar-SA\n  + en-US\n------------------------------------------------------------\nFailed Checks: 2", "trace": "FAILURE: assert 'ar-SA' == 'en-US'\n  \n  - en-US\n  + ar-SA\ntest_HomePage.py:539 in test_31() -> with check, allure.step(\"English is selected by default\"):\ntest_HomePage.py:540 in test_31 -> assert main_nav_obj.get_page_language() == \"en-US\"\nAssertionError: assert 'ar-SA' == 'en-US'\n  \n  - en-US\n  + ar-SA\n\n\nFAILURE: assert 'en-US' == 'ar-SA'\n  \n  - ar-SA\n  + en-US\n------------------------------------------------------------\nFailed Checks: 2"}, "steps": [{"name": "English is selected by default", "status": "failed", "statusDetails": {"message": "AssertionError: assert 'ar-SA' == 'en-US'\n  \n  - en-US\n  + ar-SA\n", "trace": "  File \"/home/runner/work/QUBA_WEB/QUBA_WEB/Tests/test_HomePage.py\", line 540, in test_31\n    assert main_nav_obj.get_page_language() == \"en-US\"\n"}, "start": 1732012977181, "stop": 1732012977190}, {"name": "Successful language change", "status": "failed", "statusDetails": {"message": "AssertionError: assert 'en-US' == 'ar-SA'\n  \n  - ar-SA\n  + en-US\n", "trace": "  File \"/home/runner/work/QUBA_WEB/QUBA_WEB/Tests/test_HomePage.py\", line 546, in test_31\n    assert main_nav_obj.get_page_language() == \"ar-SA\"\n"}, "start": 1732012977192, "stop": 1732012977308}], "parameters": [{"name": "driver", "value": "'edge'"}], "start": 1732012977180, "stop": 1732012977308, "uuid": "6ba1ee3c-44aa-4a4d-968d-451da8fe32d3", "historyId": "bba6237061c3a04a4fbfa823560d887b", "testCaseId": "3387c592c18a18d2530daa5907417341", "fullName": "Tests.test_HomePage.TestHomePage#test_31", "labels": [{"name": "feature", "value": "Home page"}, {"name": "severity", "value": "normal"}, {"name": "tag", "value": "flaky(reruns=3, reruns_delay=1)"}, {"name": "parentSuite", "value": "Tests"}, {"name": "suite", "value": "test_HomePage"}, {"name": "subSuite", "value": "TestHomePage"}, {"name": "host", "value": "fv-az849-188"}, {"name": "thread", "value": "1849-MainThread"}, {"name": "framework", "value": "pytest"}, {"name": "language", "value": "cpython3"}, {"name": "package", "value": "Tests.test_HomePage"}]}