{"name": "Successful message send", "status": "failed", "statusDetails": {"message": "AssertionError: FAILURE: assert 'Full name: W...JEiZRO15A\\r\\n' == 'Full name: A...Xd1ekLNYa\\r\\n'\n  \n  - Full name: Amy Brown\r\n  - Email address: cjones@example.net\r\n  - Your message: D65XhJ1nFPs Xd1ekLNYa\r\n  + Full name: William Stewart\r\n  + Email address: davismelissa@example.com\r\n  + Your message: ZDt9QjPAKnRSD3PxBV ytBY77bIjkJEiZRO15A\ntest_ContactPage.py:46 in test_2() -> with check, allure.step(\"Email is correct\"):\ntest_ContactPage.py:47 in test_2 -> assert actual_email == expected_email\nAssertionError: assert 'Full name: W...JEiZRO15A\\r\\n' == 'Full name: A...Xd1ekLNYa\\r\\n'\n  \n  - Full name: Amy Brown\r\n  - Email address: cjones@example.net\r\n  - Your message: D65XhJ1nFPs Xd1ekLNYa\r\n  + Full name: William Stewart\r\n  + Email address: davismelissa@example.com\r\n  + Your message: ZDt9QjPAKnRSD3PxBV ytBY77bIjkJEiZRO15A\r\n\n\n------------------------------------------------------------\nFailed Checks: 1", "trace": "FAILURE: assert 'Full name: W...JEiZRO15A\\r\\n' == 'Full name: A...Xd1ekLNYa\\r\\n'\n  \n  - Full name: Amy Brown\r\n  - Email address: cjones@example.net\r\n  - Your message: D65XhJ1nFPs Xd1ekLNYa\r\n  + Full name: William Stewart\r\n  + Email address: davismelissa@example.com\r\n  + Your message: ZDt9QjPAKnRSD3PxBV ytBY77bIjkJEiZRO15A\ntest_ContactPage.py:46 in test_2() -> with check, allure.step(\"Email is correct\"):\ntest_ContactPage.py:47 in test_2 -> assert actual_email == expected_email\nAssertionError: assert 'Full name: W...JEiZRO15A\\r\\n' == 'Full name: A...Xd1ekLNYa\\r\\n'\n  \n  - Full name: Amy Brown\r\n  - Email address: cjones@example.net\r\n  - Your message: D65XhJ1nFPs Xd1ekLNYa\r\n  + Full name: William Stewart\r\n  + Email address: davismelissa@example.com\r\n  + Your message: ZDt9QjPAKnRSD3PxBV ytBY77bIjkJEiZRO15A\r\n\n\n------------------------------------------------------------\nFailed Checks: 1"}, "steps": [{"name": "Success message is visible", "status": "passed", "start": 1730384120995, "stop": 1730384121011}, {"name": "Email is correct", "status": "failed", "statusDetails": {"message": "AssertionError: assert 'Full name: W...JEiZRO15A\\r\\n' == 'Full name: A...Xd1ekLNYa\\r\\n'\n  \n  - Full name: Amy Brown\r\n  - Email address: cjones@example.net\r\n  - Your message: D65XhJ1nFPs Xd1ekLNYa\r\n  + Full name: William Stewart\r\n  + Email address: davismelissa@example.com\r\n  + Your message: ZDt9QjPAKnRSD3PxBV ytBY77bIjkJEiZRO15A\r\n", "trace": "  File \"/home/runner/work/QUBA_WEB/QUBA_WEB/Tests/test_ContactPage.py\", line 47, in test_2\n    assert actual_email == expected_email\n"}, "start": 1730384121451, "stop": 1730384121451}], "parameters": [{"name": "driver", "value": "'edge'"}], "start": 1730384110632, "stop": 1730384121482, "uuid": "85a1cd2a-718e-4587-97e0-c2d00b40ba0e", "historyId": "c215c51156221bee009195390ca8046d", "testCaseId": "57f9fa933cde1d635b1cb9def516227a", "fullName": "Tests.test_ContactPage.TestContactPage#test_2", "labels": [{"name": "severity", "value": "critical"}, {"name": "feature", "value": "Contact page"}, {"name": "parentSuite", "value": "Tests"}, {"name": "suite", "value": "test_ContactPage"}, {"name": "subSuite", "value": "TestContactPage"}, {"name": "host", "value": "fv-az841-46"}, {"name": "thread", "value": "1805-MainThread"}, {"name": "framework", "value": "pytest"}, {"name": "language", "value": "cpython3"}, {"name": "package", "value": "Tests.test_ContactPage"}]}