{"name": "Check sections appearance", "status": "failed", "statusDetails": {"message": "AssertionError: FAILURE: assert False\n +  where False = <bound method HomePage.is_hero_banner_visible of <Pages.HomePage.HomePage object at 0x7ff0e4d80e50>>()\n +    where <bound method HomePage.is_hero_banner_visible of <Pages.HomePage.HomePage object at 0x7ff0e4d80e50>> = <Pages.HomePage.HomePage object at 0x7ff0e4d80e50>.is_hero_banner_visible\ntest_HomePage.py:59 in test_2() -> with check, allure.step(\"Check is Hero banner visible\"):\ntest_HomePage.py:60 in test_2 -> assert home_page_obj.is_hero_banner_visible()\nAssertionError: assert False\n +  where False = <bound method HomePage.is_hero_banner_visible of <Pages.HomePage.HomePage object at 0x7ff0e4d80e50>>()\n +    where <bound method HomePage.is_hero_banner_visible of <Pages.HomePage.HomePage object at 0x7ff0e4d80e50>> = <Pages.HomePage.HomePage object at 0x7ff0e4d80e50>.is_hero_banner_visible\n\n\nFAILURE: assert False\n +  where False = <bound method HomePage.is_hero_banner_visible of <Pages.HomePage.HomePage object at 0x7ff0e4d80e50>>()\n +    where <bound method HomePage.is_hero_banner_visible of <Pages.HomePage.HomePage object at 0x7ff0e4d80e50>> = <Pages.HomePage.HomePage object at 0x7ff0e4d80e50>.is_hero_banner_visible\nFAILURE: assert False\n +  where False = <bound method HomePage.is_site_carousel_section_visible of <Pages.HomePage.HomePage object at 0x7ff0e4d80e50>>()\n +    where <bound method HomePage.is_site_carousel_section_visible of <Pages.HomePage.HomePage object at 0x7ff0e4d80e50>> = <Pages.HomePage.HomePage object at 0x7ff0e4d80e50>.is_site_carousel_section_visible\nFAILURE: assert False\n +  where False = <bound method HomePage.is_event_carousel_section_visible of <Pages.HomePage.HomePage object at 0x7ff0e4d80e50>>()\n +    where <bound method HomePage.is_event_carousel_section_visible of <Pages.HomePage.HomePage object at 0x7ff0e4d80e50>> = <Pages.HomePage.HomePage object at 0x7ff0e4d80e50>.is_event_carousel_section_visible\n------------------------------------------------------------\nFailed Checks: 4", "trace": "FAILURE: assert False\n +  where False = <bound method HomePage.is_hero_banner_visible of <Pages.HomePage.HomePage object at 0x7ff0e4d80e50>>()\n +    where <bound method HomePage.is_hero_banner_visible of <Pages.HomePage.HomePage object at 0x7ff0e4d80e50>> = <Pages.HomePage.HomePage object at 0x7ff0e4d80e50>.is_hero_banner_visible\ntest_HomePage.py:59 in test_2() -> with check, allure.step(\"Check is Hero banner visible\"):\ntest_HomePage.py:60 in test_2 -> assert home_page_obj.is_hero_banner_visible()\nAssertionError: assert False\n +  where False = <bound method HomePage.is_hero_banner_visible of <Pages.HomePage.HomePage object at 0x7ff0e4d80e50>>()\n +    where <bound method HomePage.is_hero_banner_visible of <Pages.HomePage.HomePage object at 0x7ff0e4d80e50>> = <Pages.HomePage.HomePage object at 0x7ff0e4d80e50>.is_hero_banner_visible\n\n\nFAILURE: assert False\n +  where False = <bound method HomePage.is_hero_banner_visible of <Pages.HomePage.HomePage object at 0x7ff0e4d80e50>>()\n +    where <bound method HomePage.is_hero_banner_visible of <Pages.HomePage.HomePage object at 0x7ff0e4d80e50>> = <Pages.HomePage.HomePage object at 0x7ff0e4d80e50>.is_hero_banner_visible\nFAILURE: assert False\n +  where False = <bound method HomePage.is_site_carousel_section_visible of <Pages.HomePage.HomePage object at 0x7ff0e4d80e50>>()\n +    where <bound method HomePage.is_site_carousel_section_visible of <Pages.HomePage.HomePage object at 0x7ff0e4d80e50>> = <Pages.HomePage.HomePage object at 0x7ff0e4d80e50>.is_site_carousel_section_visible\nFAILURE: assert False\n +  where False = <bound method HomePage.is_event_carousel_section_visible of <Pages.HomePage.HomePage object at 0x7ff0e4d80e50>>()\n +    where <bound method HomePage.is_event_carousel_section_visible of <Pages.HomePage.HomePage object at 0x7ff0e4d80e50>> = <Pages.HomePage.HomePage object at 0x7ff0e4d80e50>.is_event_carousel_section_visible\n------------------------------------------------------------\nFailed Checks: 4"}, "steps": [{"name": "Check is navigation bar visible", "status": "passed", "start": 1732012875432, "stop": 1732012875467}, {"name": "Check is Hero banner visible", "status": "failed", "statusDetails": {"message": "AssertionError: assert False\n +  where False = <bound method HomePage.is_hero_banner_visible of <Pages.HomePage.HomePage object at 0x7ff0e4d80e50>>()\n +    where <bound method HomePage.is_hero_banner_visible of <Pages.HomePage.HomePage object at 0x7ff0e4d80e50>> = <Pages.HomePage.HomePage object at 0x7ff0e4d80e50>.is_hero_banner_visible\n", "trace": "  File \"/home/runner/work/QUBA_WEB/QUBA_WEB/Tests/test_HomePage.py\", line 60, in test_2\n    assert home_page_obj.is_hero_banner_visible()\n"}, "start": 1732012875467, "stop": 1732012875482}, {"name": "Check is App Download section visible", "status": "failed", "statusDetails": {"message": "AssertionError: assert False\n +  where False = <bound method HomePage.is_hero_banner_visible of <Pages.HomePage.HomePage object at 0x7ff0e4d80e50>>()\n +    where <bound method HomePage.is_hero_banner_visible of <Pages.HomePage.HomePage object at 0x7ff0e4d80e50>> = <Pages.HomePage.HomePage object at 0x7ff0e4d80e50>.is_hero_banner_visible\n", "trace": "  File \"/home/runner/work/QUBA_WEB/QUBA_WEB/Tests/test_HomePage.py\", line 62, in test_2\n    assert home_page_obj.is_hero_banner_visible()\n"}, "start": 1732012875484, "stop": 1732012875493}, {"name": "Check is Sites carousel visible", "status": "failed", "statusDetails": {"message": "AssertionError: assert False\n +  where False = <bound method HomePage.is_site_carousel_section_visible of <Pages.HomePage.HomePage object at 0x7ff0e4d80e50>>()\n +    where <bound method HomePage.is_site_carousel_section_visible of <Pages.HomePage.HomePage object at 0x7ff0e4d80e50>> = <Pages.HomePage.HomePage object at 0x7ff0e4d80e50>.is_site_carousel_section_visible\n", "trace": "  File \"/home/runner/work/QUBA_WEB/QUBA_WEB/Tests/test_HomePage.py\", line 64, in test_2\n    assert home_page_obj.is_site_carousel_section_visible()\n"}, "start": 1732012875493, "stop": 1732012875506}, {"name": "Check is Events carousel visible", "status": "failed", "statusDetails": {"message": "AssertionError: assert False\n +  where False = <bound method HomePage.is_event_carousel_section_visible of <Pages.HomePage.HomePage object at 0x7ff0e4d80e50>>()\n +    where <bound method HomePage.is_event_carousel_section_visible of <Pages.HomePage.HomePage object at 0x7ff0e4d80e50>> = <Pages.HomePage.HomePage object at 0x7ff0e4d80e50>.is_event_carousel_section_visible\n", "trace": "  File \"/home/runner/work/QUBA_WEB/QUBA_WEB/Tests/test_HomePage.py\", line 66, in test_2\n    assert home_page_obj.is_event_carousel_section_visible()\n"}, "start": 1732012875506, "stop": 1732012875519}, {"name": "Check is Footer visible", "status": "passed", "start": 1732012875519, "stop": 1732012875533}], "parameters": [{"name": "driver", "value": "'edge'"}], "start": 1732012875432, "stop": 1732012875534, "uuid": "4a154d0f-977a-4100-b7d8-f32f504fd36b", "historyId": "8eb896538818bdc117c777999a26cd73", "testCaseId": "3c572a30072d130910de3c376f6098d0", "fullName": "Tests.test_HomePage.TestHomePage#test_2", "labels": [{"name": "feature", "value": "Home page"}, {"name": "severity", "value": "critical"}, {"name": "tag", "value": "flaky(reruns=3, reruns_delay=1)"}, {"name": "parentSuite", "value": "Tests"}, {"name": "suite", "value": "test_HomePage"}, {"name": "subSuite", "value": "TestHomePage"}, {"name": "host", "value": "fv-az849-188"}, {"name": "thread", "value": "1849-MainThread"}, {"name": "framework", "value": "pytest"}, {"name": "language", "value": "cpython3"}, {"name": "package", "value": "Tests.test_HomePage"}], "links": [{"type": "tms", "url": "https://hedgehoglabqa.testrail.io/index.php?/cases/view/58320", "name": "C58320"}, {"type": "issue", "url": "https://hedgehog-lab.atlassian.net/browse/QP-356", "name": "Epic QP-356"}, {"type": "issue", "url": "https://hedgehog-lab.atlassian.net/browse/QP-269", "name": "Story QP-269"}]}