{"name": "Click on event carousel card", "status": "failed", "statusDetails": {"message": "AssertionError: FAILURE: assert 'Tour of Old Maidnah' == ' نتيجة لظروف...فيما نتحمله م'\n  \n  -  نتيجة لظروف ما قد تكمن السعاده فيما نتحمله م\n  + Tour of Old Maidnah\ntest_HomePage.py:489 in test_28() -> with check, allure.step(f\"User is navigated to {event_title} page\"):\ntest_HomePage.py:493 in test_28 -> assert events_obj.get_individual_event_title_text() == event_title\nAssertionError: assert 'Tour of Old Maidnah' == ' نتيجة لظروف...فيما نتحمله م'\n  \n  -  نتيجة لظروف ما قد تكمن السعاده فيما نتحمله م\n  + Tour of Old Maidnah\n\n\n------------------------------------------------------------\nFailed Checks: 1", "trace": "FAILURE: assert 'Tour of Old Maidnah' == ' نتيجة لظروف...فيما نتحمله م'\n  \n  -  نتيجة لظروف ما قد تكمن السعاده فيما نتحمله م\n  + Tour of Old Maidnah\ntest_HomePage.py:489 in test_28() -> with check, allure.step(f\"User is navigated to {event_title} page\"):\ntest_HomePage.py:493 in test_28 -> assert events_obj.get_individual_event_title_text() == event_title\nAssertionError: assert 'Tour of Old Maidnah' == ' نتيجة لظروف...فيما نتحمله م'\n  \n  -  نتيجة لظروف ما قد تكمن السعاده فيما نتحمله م\n  + Tour of Old Maidnah\n\n\n------------------------------------------------------------\nFailed Checks: 1"}, "steps": [{"name": "User is navigated to  نتيجة لظروف ما قد تكمن السعاده فيما نتحمله م page", "status": "failed", "statusDetails": {"message": "AssertionError: assert 'Tour of Old Maidnah' == ' نتيجة لظروف...فيما نتحمله م'\n  \n  -  نتيجة لظروف ما قد تكمن السعاده فيما نتحمله م\n  + Tour of Old Maidnah\n", "trace": "  File \"/home/runner/work/QUBA_WEB/QUBA_WEB/Tests/test_HomePage.py\", line 493, in test_28\n    assert events_obj.get_individual_event_title_text() == event_title\n"}, "start": 1733725592226, "stop": 1733725596465}], "parameters": [{"name": "driver", "value": "'edge'"}], "start": 1733725592226, "stop": 1733725598529, "uuid": "d8268cf1-59fb-4c9f-a38e-b5e4967bc5bf", "historyId": "93d824a13a6bf213504d3430e412c23f", "testCaseId": "a66e6365574a95ade9e29d5200f068b2", "fullName": "Tests.test_HomePage.TestHomePage#test_28", "labels": [{"name": "severity", "value": "normal"}, {"name": "feature", "value": "Home page"}, {"name": "tag", "value": "dependency(depends=['test_22'])"}, {"name": "tag", "value": "flaky(reruns=3, reruns_delay=1)"}, {"name": "parentSuite", "value": "Tests"}, {"name": "suite", "value": "test_HomePage"}, {"name": "subSuite", "value": "TestHomePage"}, {"name": "host", "value": "fv-az1337-355"}, {"name": "thread", "value": "1945-MainThread"}, {"name": "framework", "value": "pytest"}, {"name": "language", "value": "cpython3"}, {"name": "package", "value": "Tests.test_HomePage"}], "links": [{"type": "tms", "url": "https://hedgehoglabqa.testrail.io/index.php?/cases/view/58609", "name": "C58609"}, {"type": "issue", "url": "https://hedgehog-lab.atlassian.net/browse/QP-356", "name": "Epic QP-356"}, {"type": "issue", "url": "https://hedgehog-lab.atlassian.net/browse/QP-269", "name": "Story QP-269"}]}