{"name": "Image gallery with more than one image", "status": "failed", "statusDetails": {"message": "AssertionError: FAILURE: assert False\n +  where False = <bound method AboutPage.is_next_slide_button_visible of <Pages.AboutPage.AboutPage object at 0x7ff0e5db3750>>()\n +    where <bound method AboutPage.is_next_slide_button_visible of <Pages.AboutPage.AboutPage object at 0x7ff0e5db3750>> = <Pages.AboutPage.AboutPage object at 0x7ff0e5db3750>.is_next_slide_button_visible\ntest_AboutPage.py:189 in test_10() -> with check, allure.step(\"C58523: Next image button is visible\"):\ntest_AboutPage.py:190 in test_10 -> assert about_page_obj.is_next_slide_button_visible()\nAssertionError: assert False\n +  where False = <bound method AboutPage.is_next_slide_button_visible of <Pages.AboutPage.AboutPage object at 0x7ff0e5db3750>>()\n +    where <bound method AboutPage.is_next_slide_button_visible of <Pages.AboutPage.AboutPage object at 0x7ff0e5db3750>> = <Pages.AboutPage.AboutPage object at 0x7ff0e5db3750>.is_next_slide_button_visible\n\n\n------------------------------------------------------------\nFailed Checks: 1", "trace": "FAILURE: assert False\n +  where False = <bound method AboutPage.is_next_slide_button_visible of <Pages.AboutPage.AboutPage object at 0x7ff0e5db3750>>()\n +    where <bound method AboutPage.is_next_slide_button_visible of <Pages.AboutPage.AboutPage object at 0x7ff0e5db3750>> = <Pages.AboutPage.AboutPage object at 0x7ff0e5db3750>.is_next_slide_button_visible\ntest_AboutPage.py:189 in test_10() -> with check, allure.step(\"C58523: Next image button is visible\"):\ntest_AboutPage.py:190 in test_10 -> assert about_page_obj.is_next_slide_button_visible()\nAssertionError: assert False\n +  where False = <bound method AboutPage.is_next_slide_button_visible of <Pages.AboutPage.AboutPage object at 0x7ff0e5db3750>>()\n +    where <bound method AboutPage.is_next_slide_button_visible of <Pages.AboutPage.AboutPage object at 0x7ff0e5db3750>> = <Pages.AboutPage.AboutPage object at 0x7ff0e5db3750>.is_next_slide_button_visible\n\n\n------------------------------------------------------------\nFailed Checks: 1"}, "steps": [{"name": "C58523: The image anna-jahn-LBKxu77KpSY-unsplash.jpg is correct", "status": "passed", "start": 1732012791698, "stop": 1732012791698}, {"name": "C58523: The image malik-shibly-gm_Vztl7w84-unsplash.jpg is correct", "status": "passed", "start": 1732012791698, "stop": 1732012791698}, {"name": "C58523: The image arisa-s-pir6n28Xrpw-unsplash.jpg is correct", "status": "passed", "start": 1732012791698, "stop": 1732012791698}, {"name": "C58523: The image darrell-chaddock-j9er0YESGp0-unsplash.jpg is correct", "status": "passed", "start": 1732012791698, "stop": 1732012791698}, {"name": "C58523: The image darwin-vegher-sKqKpescBgc-unsplash.jpg is correct", "status": "passed", "start": 1732012791698, "stop": 1732012791698}, {"name": "C58523: The image koushik-chowdavarapu-aWBPk_GBaCk-unsplash.jpg is correct", "status": "passed", "start": 1732012791698, "stop": 1732012791698}, {"name": "C58523: The image date_farm_cc1ff1c02d.jpg is correct", "status": "passed", "start": 1732012791698, "stop": 1732012791698}, {"name": "C58523: The image bani-unaif.webp is correct", "status": "passed", "start": 1732012791698, "stop": 1732012791698}, {"name": "C58523: The image patrick-hendry-hezNrE5QEa8-unsplash.jpg is correct", "status": "passed", "start": 1732012791698, "stop": 1732012791698}, {"name": "C58523: The image masjid-quba-in-almadinah-new_crop-1160x650.jpg is correct", "status": "passed", "start": 1732012791698, "stop": 1732012791698}, {"name": "C58523: Next image button is visible", "status": "failed", "statusDetails": {"message": "AssertionError: assert False\n +  where False = <bound method AboutPage.is_next_slide_button_visible of <Pages.AboutPage.AboutPage object at 0x7ff0e5db3750>>()\n +    where <bound method AboutPage.is_next_slide_button_visible of <Pages.AboutPage.AboutPage object at 0x7ff0e5db3750>> = <Pages.AboutPage.AboutPage object at 0x7ff0e5db3750>.is_next_slide_button_visible\n", "trace": "  File \"/home/runner/work/QUBA_WEB/QUBA_WEB/Tests/test_AboutPage.py\", line 190, in test_10\n    assert about_page_obj.is_next_slide_button_visible()\n"}, "start": 1732012791698, "stop": 1732012801743}, {"name": "C58523: Scroll bar is visible", "status": "passed", "start": 1732012801745, "stop": 1732012801762}], "parameters": [{"name": "driver", "value": "'edge'"}], "start": 1732012790640, "stop": 1732012801762, "uuid": "31bb032e-8684-49bd-bba4-349339ac41a5", "historyId": "66becfaa4b7cd475bc1b2fdb407c9cb7", "testCaseId": "bb4c1afb34f8cb306d8af0bd431490d9", "fullName": "Tests.test_AboutPage.TestAboutPage#test_10", "labels": [{"name": "severity", "value": "normal"}, {"name": "feature", "value": "About page"}, {"name": "tag", "value": "dependency(name='test_10')"}, {"name": "tag", "value": "flaky(reruns=3, reruns_delay=1)"}, {"name": "parentSuite", "value": "Tests"}, {"name": "suite", "value": "test_AboutPage"}, {"name": "subSuite", "value": "TestAboutPage"}, {"name": "host", "value": "fv-az849-188"}, {"name": "thread", "value": "1849-MainThread"}, {"name": "framework", "value": "pytest"}, {"name": "language", "value": "cpython3"}, {"name": "package", "value": "Tests.test_AboutPage"}], "links": [{"type": "tms", "url": "https://hedgehoglabqa.testrail.io/index.php?/cases/view/58523", "name": "C58523"}, {"type": "issue", "url": "https://hedgehog-lab.atlassian.net/browse/QP-356", "name": "Epic QP-356"}, {"type": "issue", "url": "https://hedgehog-lab.atlassian.net/browse/QP-266", "name": "Story QP-266"}]}