{"name": "Check sections appearance", "status": "failed", "statusDetails": {"message": "AssertionError: FAILURE: assert False\n +  where False = <bound method HomePage.is_hero_banner_visible of <Pages.HomePage.HomePage object at 0x7f8e87a2e9d0>>()\n +    where <bound method HomePage.is_hero_banner_visible of <Pages.HomePage.HomePage object at 0x7f8e87a2e9d0>> = <Pages.HomePage.HomePage object at 0x7f8e87a2e9d0>.is_hero_banner_visible\ntest_HomePage.py:49 in test_2() -> with check, allure.step(\"Check is Hero banner visible\"):\ntest_HomePage.py:50 in test_2 -> assert home_page_obj.is_hero_banner_visible()\nAssertionError: assert False\n +  where False = <bound method HomePage.is_hero_banner_visible of <Pages.HomePage.HomePage object at 0x7f8e87a2e9d0>>()\n +    where <bound method HomePage.is_hero_banner_visible of <Pages.HomePage.HomePage object at 0x7f8e87a2e9d0>> = <Pages.HomePage.HomePage object at 0x7f8e87a2e9d0>.is_hero_banner_visible\n\n\nFAILURE: assert False\n +  where False = <bound method HomePage.is_hero_banner_visible of <Pages.HomePage.HomePage object at 0x7f8e87a2e9d0>>()\n +    where <bound method HomePage.is_hero_banner_visible of <Pages.HomePage.HomePage object at 0x7f8e87a2e9d0>> = <Pages.HomePage.HomePage object at 0x7f8e87a2e9d0>.is_hero_banner_visible\nFAILURE: assert False\n +  where False = <bound method HomePage.is_site_carousel_section_visible of <Pages.HomePage.HomePage object at 0x7f8e87a2e9d0>>()\n +    where <bound method HomePage.is_site_carousel_section_visible of <Pages.HomePage.HomePage object at 0x7f8e87a2e9d0>> = <Pages.HomePage.HomePage object at 0x7f8e87a2e9d0>.is_site_carousel_section_visible\nFAILURE: assert False\n +  where False = <bound method HomePage.is_event_carousel_section_visible of <Pages.HomePage.HomePage object at 0x7f8e87a2e9d0>>()\n +    where <bound method HomePage.is_event_carousel_section_visible of <Pages.HomePage.HomePage object at 0x7f8e87a2e9d0>> = <Pages.HomePage.HomePage object at 0x7f8e87a2e9d0>.is_event_carousel_section_visible\n------------------------------------------------------------\nFailed Checks: 4", "trace": "FAILURE: assert False\n +  where False = <bound method HomePage.is_hero_banner_visible of <Pages.HomePage.HomePage object at 0x7f8e87a2e9d0>>()\n +    where <bound method HomePage.is_hero_banner_visible of <Pages.HomePage.HomePage object at 0x7f8e87a2e9d0>> = <Pages.HomePage.HomePage object at 0x7f8e87a2e9d0>.is_hero_banner_visible\ntest_HomePage.py:49 in test_2() -> with check, allure.step(\"Check is Hero banner visible\"):\ntest_HomePage.py:50 in test_2 -> assert home_page_obj.is_hero_banner_visible()\nAssertionError: assert False\n +  where False = <bound method HomePage.is_hero_banner_visible of <Pages.HomePage.HomePage object at 0x7f8e87a2e9d0>>()\n +    where <bound method HomePage.is_hero_banner_visible of <Pages.HomePage.HomePage object at 0x7f8e87a2e9d0>> = <Pages.HomePage.HomePage object at 0x7f8e87a2e9d0>.is_hero_banner_visible\n\n\nFAILURE: assert False\n +  where False = <bound method HomePage.is_hero_banner_visible of <Pages.HomePage.HomePage object at 0x7f8e87a2e9d0>>()\n +    where <bound method HomePage.is_hero_banner_visible of <Pages.HomePage.HomePage object at 0x7f8e87a2e9d0>> = <Pages.HomePage.HomePage object at 0x7f8e87a2e9d0>.is_hero_banner_visible\nFAILURE: assert False\n +  where False = <bound method HomePage.is_site_carousel_section_visible of <Pages.HomePage.HomePage object at 0x7f8e87a2e9d0>>()\n +    where <bound method HomePage.is_site_carousel_section_visible of <Pages.HomePage.HomePage object at 0x7f8e87a2e9d0>> = <Pages.HomePage.HomePage object at 0x7f8e87a2e9d0>.is_site_carousel_section_visible\nFAILURE: assert False\n +  where False = <bound method HomePage.is_event_carousel_section_visible of <Pages.HomePage.HomePage object at 0x7f8e87a2e9d0>>()\n +    where <bound method HomePage.is_event_carousel_section_visible of <Pages.HomePage.HomePage object at 0x7f8e87a2e9d0>> = <Pages.HomePage.HomePage object at 0x7f8e87a2e9d0>.is_event_carousel_section_visible\n------------------------------------------------------------\nFailed Checks: 4"}, "steps": [{"name": "Check is navigation bar visible", "status": "passed", "start": 1734003910546, "stop": 1734003910589}, {"name": "Check is Hero banner visible", "status": "failed", "statusDetails": {"message": "AssertionError: assert False\n +  where False = <bound method HomePage.is_hero_banner_visible of <Pages.HomePage.HomePage object at 0x7f8e87a2e9d0>>()\n +    where <bound method HomePage.is_hero_banner_visible of <Pages.HomePage.HomePage object at 0x7f8e87a2e9d0>> = <Pages.HomePage.HomePage object at 0x7f8e87a2e9d0>.is_hero_banner_visible\n", "trace": "  File \"/home/runner/work/QUBA_WEB/QUBA_WEB/Tests/test_HomePage.py\", line 50, in test_2\n    assert home_page_obj.is_hero_banner_visible()\n"}, "start": 1734003910589, "stop": 1734003910603}, {"name": "Check is App Download section visible", "status": "failed", "statusDetails": {"message": "AssertionError: assert False\n +  where False = <bound method HomePage.is_hero_banner_visible of <Pages.HomePage.HomePage object at 0x7f8e87a2e9d0>>()\n +    where <bound method HomePage.is_hero_banner_visible of <Pages.HomePage.HomePage object at 0x7f8e87a2e9d0>> = <Pages.HomePage.HomePage object at 0x7f8e87a2e9d0>.is_hero_banner_visible\n", "trace": "  File \"/home/runner/work/QUBA_WEB/QUBA_WEB/Tests/test_HomePage.py\", line 52, in test_2\n    assert home_page_obj.is_hero_banner_visible()\n"}, "start": 1734003910606, "stop": 1734003910616}, {"name": "Check is Sites carousel visible", "status": "failed", "statusDetails": {"message": "AssertionError: assert False\n +  where False = <bound method HomePage.is_site_carousel_section_visible of <Pages.HomePage.HomePage object at 0x7f8e87a2e9d0>>()\n +    where <bound method HomePage.is_site_carousel_section_visible of <Pages.HomePage.HomePage object at 0x7f8e87a2e9d0>> = <Pages.HomePage.HomePage object at 0x7f8e87a2e9d0>.is_site_carousel_section_visible\n", "trace": "  File \"/home/runner/work/QUBA_WEB/QUBA_WEB/Tests/test_HomePage.py\", line 54, in test_2\n    assert home_page_obj.is_site_carousel_section_visible()\n"}, "start": 1734003910616, "stop": 1734003910629}, {"name": "Check is Events carousel visible", "status": "failed", "statusDetails": {"message": "AssertionError: assert False\n +  where False = <bound method HomePage.is_event_carousel_section_visible of <Pages.HomePage.HomePage object at 0x7f8e87a2e9d0>>()\n +    where <bound method HomePage.is_event_carousel_section_visible of <Pages.HomePage.HomePage object at 0x7f8e87a2e9d0>> = <Pages.HomePage.HomePage object at 0x7f8e87a2e9d0>.is_event_carousel_section_visible\n", "trace": "  File \"/home/runner/work/QUBA_WEB/QUBA_WEB/Tests/test_HomePage.py\", line 56, in test_2\n    assert home_page_obj.is_event_carousel_section_visible()\n"}, "start": 1734003910629, "stop": 1734003910662}, {"name": "Check is Footer visible", "status": "passed", "start": 1734003910662, "stop": 1734003910675}], "parameters": [{"name": "driver", "value": "'chrome'"}], "start": 1734003910546, "stop": 1734003910675, "uuid": "6f6df228-5018-4e4e-a67f-b7d006190119", "historyId": "2372de17e8fa1f50c58998e782303614", "testCaseId": "3c572a30072d130910de3c376f6098d0", "fullName": "Tests.test_HomePage.TestHomePage#test_2", "labels": [{"name": "feature", "value": "Home page"}, {"name": "severity", "value": "critical"}, {"name": "tag", "value": "flaky(reruns=3, reruns_delay=1)"}, {"name": "parentSuite", "value": "Tests"}, {"name": "suite", "value": "test_HomePage"}, {"name": "subSuite", "value": "TestHomePage"}, {"name": "host", "value": "fv-az1675-780"}, {"name": "thread", "value": "1923-MainThread"}, {"name": "framework", "value": "pytest"}, {"name": "language", "value": "cpython3"}, {"name": "package", "value": "Tests.test_HomePage"}], "links": [{"type": "tms", "url": "https://hedgehoglabqa.testrail.io/index.php?/cases/view/58320", "name": "C58320"}, {"type": "issue", "url": "https://hedgehog-lab.atlassian.net/browse/QP-356", "name": "Epic QP-356"}, {"type": "issue", "url": "https://hedgehog-lab.atlassian.net/browse/QP-269", "name": "Story QP-269"}]}