{"name": "Save site button for non logged user", "status": "failed", "statusDetails": {"message": "AssertionError: FAILURE: assert not True\n +  where True = <bound method Sites.is_save_site_button_visible of <Pages.SitesPage.Sites object at 0x7f3a095c8810>>()\n +    where <bound method Sites.is_save_site_button_visible of <Pages.SitesPage.Sites object at 0x7f3a095c8810>> = <Pages.SitesPage.Sites object at 0x7f3a095c8810>.is_save_site_button_visible\ntest_Sites.py:956 in test_40() -> with check, allure.step(f\"C58744: Save site button is not visible\"):\ntest_Sites.py:957 in test_40 -> assert not sites_obj.is_save_site_button_visible()\nAssertionError: assert not True\n +  where True = <bound method Sites.is_save_site_button_visible of <Pages.SitesPage.Sites object at 0x7f3a095c8810>>()\n +    where <bound method Sites.is_save_site_button_visible of <Pages.SitesPage.Sites object at 0x7f3a095c8810>> = <Pages.SitesPage.Sites object at 0x7f3a095c8810>.is_save_site_button_visible\n\n\n------------------------------------------------------------\nFailed Checks: 1", "trace": "FAILURE: assert not True\n +  where True = <bound method Sites.is_save_site_button_visible of <Pages.SitesPage.Sites object at 0x7f3a095c8810>>()\n +    where <bound method Sites.is_save_site_button_visible of <Pages.SitesPage.Sites object at 0x7f3a095c8810>> = <Pages.SitesPage.Sites object at 0x7f3a095c8810>.is_save_site_button_visible\ntest_Sites.py:956 in test_40() -> with check, allure.step(f\"C58744: Save site button is not visible\"):\ntest_Sites.py:957 in test_40 -> assert not sites_obj.is_save_site_button_visible()\nAssertionError: assert not True\n +  where True = <bound method Sites.is_save_site_button_visible of <Pages.SitesPage.Sites object at 0x7f3a095c8810>>()\n +    where <bound method Sites.is_save_site_button_visible of <Pages.SitesPage.Sites object at 0x7f3a095c8810>> = <Pages.SitesPage.Sites object at 0x7f3a095c8810>.is_save_site_button_visible\n\n\n------------------------------------------------------------\nFailed Checks: 1"}, "steps": [{"name": "C58744: Save site button is not visible", "status": "failed", "statusDetails": {"message": "AssertionError: assert not True\n +  where True = <bound method Sites.is_save_site_button_visible of <Pages.SitesPage.Sites object at 0x7f3a095c8810>>()\n +    where <bound method Sites.is_save_site_button_visible of <Pages.SitesPage.Sites object at 0x7f3a095c8810>> = <Pages.SitesPage.Sites object at 0x7f3a095c8810>.is_save_site_button_visible\n", "trace": "  File \"/home/runner/work/QUBA_WEB/QUBA_WEB/Tests/test_Sites.py\", line 957, in test_40\n    assert not sites_obj.is_save_site_button_visible()\n"}, "start": 1732899397671, "stop": 1732899397679}], "parameters": [{"name": "driver", "value": "'chrome'"}], "start": 1732899367512, "stop": 1732899397681, "uuid": "3523b1e5-81bd-47dd-9dce-e8eab6f6ccb1", "historyId": "0b0884c0e1bcb831ccc83374f498eee2", "testCaseId": "639dee705a9947118b8cde4379ee9f24", "fullName": "Tests.test_Sites.TestSites#test_40", "labels": [{"name": "feature", "value": "Individual Sites"}, {"name": "severity", "value": "normal"}, {"name": "tag", "value": "flaky(reruns=3, reruns_delay=1)"}, {"name": "parentSuite", "value": "Tests"}, {"name": "suite", "value": "test_Sites"}, {"name": "subSuite", "value": "TestSites"}, {"name": "host", "value": "fv-az1206-239"}, {"name": "thread", "value": "1784-MainThread"}, {"name": "framework", "value": "pytest"}, {"name": "language", "value": "cpython3"}, {"name": "package", "value": "Tests.test_Sites"}], "links": [{"type": "tms", "url": "https://hedgehoglabqa.testrail.io/index.php?/cases/view/58744", "name": "C58744"}, {"type": "issue", "url": "https://hedgehog-lab.atlassian.net/browse/QP-356", "name": "Epic QP-356"}, {"type": "issue", "url": "https://hedgehog-lab.atlassian.net/browse/QP-283", "name": "Story QP-283"}]}