{"name": "Saved site icon on site cards", "status": "failed", "statusDetails": {"message": "AssertionError: FAILURE: assert False\n +  where False = <bound method Sites.is_saved_site_icon_visible of <Pages.SitesPage.Sites object at 0x7f21b631ca10>>('Historic', 'مسجد قباء')\n +    where <bound method Sites.is_saved_site_icon_visible of <Pages.SitesPage.Sites object at 0x7f21b631ca10>> = <Pages.SitesPage.Sites object at 0x7f21b631ca10>.is_saved_site_icon_visible\ntest_Sites.py:349 in test_15() -> with check, allure.step(\"C58742: Site card has a saved site icon\"):\ntest_Sites.py:350 in test_15 -> assert sites_obj.is_saved_site_icon_visible(site_type, title)\nAssertionError: assert False\n +  where False = <bound method Sites.is_saved_site_icon_visible of <Pages.SitesPage.Sites object at 0x7f21b631ca10>>('Historic', 'مسجد قباء')\n +    where <bound method Sites.is_saved_site_icon_visible of <Pages.SitesPage.Sites object at 0x7f21b631ca10>> = <Pages.SitesPage.Sites object at 0x7f21b631ca10>.is_saved_site_icon_visible\n\n\n------------------------------------------------------------\nFailed Checks: 1", "trace": "FAILURE: assert False\n +  where False = <bound method Sites.is_saved_site_icon_visible of <Pages.SitesPage.Sites object at 0x7f21b631ca10>>('Historic', 'مسجد قباء')\n +    where <bound method Sites.is_saved_site_icon_visible of <Pages.SitesPage.Sites object at 0x7f21b631ca10>> = <Pages.SitesPage.Sites object at 0x7f21b631ca10>.is_saved_site_icon_visible\ntest_Sites.py:349 in test_15() -> with check, allure.step(\"C58742: Site card has a saved site icon\"):\ntest_Sites.py:350 in test_15 -> assert sites_obj.is_saved_site_icon_visible(site_type, title)\nAssertionError: assert False\n +  where False = <bound method Sites.is_saved_site_icon_visible of <Pages.SitesPage.Sites object at 0x7f21b631ca10>>('Historic', 'مسجد قباء')\n +    where <bound method Sites.is_saved_site_icon_visible of <Pages.SitesPage.Sites object at 0x7f21b631ca10>> = <Pages.SitesPage.Sites object at 0x7f21b631ca10>.is_saved_site_icon_visible\n\n\n------------------------------------------------------------\nFailed Checks: 1"}, "steps": [{"name": "C58742: Site card does not have a saved site icon", "status": "passed", "start": 1733630337935, "stop": 1733630347979}, {"name": "C58742: Site card has a saved site icon", "status": "failed", "statusDetails": {"message": "AssertionError: assert False\n +  where False = <bound method Sites.is_saved_site_icon_visible of <Pages.SitesPage.Sites object at 0x7f21b631ca10>>('Historic', 'مسجد قباء')\n +    where <bound method Sites.is_saved_site_icon_visible of <Pages.SitesPage.Sites object at 0x7f21b631ca10>> = <Pages.SitesPage.Sites object at 0x7f21b631ca10>.is_saved_site_icon_visible\n", "trace": "  File \"/home/runner/work/QUBA_WEB/QUBA_WEB/Tests/test_Sites.py\", line 350, in test_15\n    assert sites_obj.is_saved_site_icon_visible(site_type, title)\n"}, "start": 1733630347980, "stop": 1733630358032}, {"name": "C58742: Site card does not have a saved site icon", "status": "passed", "start": 1733630358033, "stop": 1733630368070}, {"name": "C58742: Site card does not have a saved site icon", "status": "passed", "start": 1733630368070, "stop": 1733630378090}, {"name": "C58742: Site card does not have a saved site icon", "status": "passed", "start": 1733630378090, "stop": 1733630388115}, {"name": "C58742: Site card does not have a saved site icon", "status": "passed", "start": 1733630388115, "stop": 1733630398133}, {"name": "C58742: Site card does not have a saved site icon", "status": "passed", "start": 1733630398133, "stop": 1733630408152}, {"name": "C58742: Site card does not have a saved site icon", "status": "passed", "start": 1733630408152, "stop": 1733630418178}], "parameters": [{"name": "site_type", "value": "'Historic'"}, {"name": "driver", "value": "'chrome'"}], "start": 1733630337682, "stop": 1733630418583, "uuid": "76fdf279-69c3-470a-a893-3177f00a3c32", "historyId": "8a4181b642882040ec7f4192b16483ef", "testCaseId": "2c15ef8e1e3ad86fc30f9cca009762f6", "fullName": "Tests.test_Sites.TestSites#test_15", "labels": [{"name": "feature", "value": "Sites"}, {"name": "severity", "value": "normal"}, {"name": "tag", "value": "flaky(reruns=3, reruns_delay=1)"}, {"name": "parentSuite", "value": "Tests"}, {"name": "suite", "value": "test_Sites"}, {"name": "subSuite", "value": "TestSites"}, {"name": "host", "value": "fv-az1120-212"}, {"name": "thread", "value": "1964-MainThread"}, {"name": "framework", "value": "pytest"}, {"name": "language", "value": "cpython3"}, {"name": "package", "value": "Tests.test_Sites"}], "links": [{"type": "tms", "url": "https://hedgehoglabqa.testrail.io/index.php?/cases/view/58742", "name": "C58742"}, {"type": "issue", "url": "https://hedgehog-lab.atlassian.net/browse/QP-356", "name": "Epic QP-356"}, {"type": "issue", "url": "https://hedgehog-lab.atlassian.net/browse/QP-383", "name": "Story QP-383"}]}