{"name": "Saved site icon on site cards", "status": "failed", "statusDetails": {"message": "AssertionError: FAILURE: assert False\n +  where False = <bound method Sites.is_saved_site_icon_visible of <Pages.SitesPage.Sites object at 0x7f70a7248490>>('Historic', 'مطعم قديم')\n +    where <bound method Sites.is_saved_site_icon_visible of <Pages.SitesPage.Sites object at 0x7f70a7248490>> = <Pages.SitesPage.Sites object at 0x7f70a7248490>.is_saved_site_icon_visible\ntest_Sites.py:349 in test_15() -> with check, allure.step(\"C58742: Site card has a saved site icon\"):\ntest_Sites.py:350 in test_15 -> assert sites_obj.is_saved_site_icon_visible(site_type, title)\nAssertionError: assert False\n +  where False = <bound method Sites.is_saved_site_icon_visible of <Pages.SitesPage.Sites object at 0x7f70a7248490>>('Historic', 'مطعم قديم')\n +    where <bound method Sites.is_saved_site_icon_visible of <Pages.SitesPage.Sites object at 0x7f70a7248490>> = <Pages.SitesPage.Sites object at 0x7f70a7248490>.is_saved_site_icon_visible\n\n\n------------------------------------------------------------\nFailed Checks: 1", "trace": "FAILURE: assert False\n +  where False = <bound method Sites.is_saved_site_icon_visible of <Pages.SitesPage.Sites object at 0x7f70a7248490>>('Historic', 'مطعم قديم')\n +    where <bound method Sites.is_saved_site_icon_visible of <Pages.SitesPage.Sites object at 0x7f70a7248490>> = <Pages.SitesPage.Sites object at 0x7f70a7248490>.is_saved_site_icon_visible\ntest_Sites.py:349 in test_15() -> with check, allure.step(\"C58742: Site card has a saved site icon\"):\ntest_Sites.py:350 in test_15 -> assert sites_obj.is_saved_site_icon_visible(site_type, title)\nAssertionError: assert False\n +  where False = <bound method Sites.is_saved_site_icon_visible of <Pages.SitesPage.Sites object at 0x7f70a7248490>>('Historic', 'مطعم قديم')\n +    where <bound method Sites.is_saved_site_icon_visible of <Pages.SitesPage.Sites object at 0x7f70a7248490>> = <Pages.SitesPage.Sites object at 0x7f70a7248490>.is_saved_site_icon_visible\n\n\n------------------------------------------------------------\nFailed Checks: 1"}, "steps": [{"name": "C58742: Site card does not have a saved site icon", "status": "passed", "start": 1734074226534, "stop": 1734074236561}, {"name": "C58742: Site card does not have a saved site icon", "status": "passed", "start": 1734074236561, "stop": 1734074246590}, {"name": "C58742: Site card does not have a saved site icon", "status": "passed", "start": 1734074246590, "stop": 1734074256614}, {"name": "C58742: Site card does not have a saved site icon", "status": "passed", "start": 1734074256614, "stop": 1734074266634}, {"name": "C58742: Site card has a saved site icon", "status": "failed", "statusDetails": {"message": "AssertionError: assert False\n +  where False = <bound method Sites.is_saved_site_icon_visible of <Pages.SitesPage.Sites object at 0x7f70a7248490>>('Historic', 'مطعم قديم')\n +    where <bound method Sites.is_saved_site_icon_visible of <Pages.SitesPage.Sites object at 0x7f70a7248490>> = <Pages.SitesPage.Sites object at 0x7f70a7248490>.is_saved_site_icon_visible\n", "trace": "  File \"/home/runner/work/QUBA_WEB/QUBA_WEB/Tests/test_Sites.py\", line 350, in test_15\n    assert sites_obj.is_saved_site_icon_visible(site_type, title)\n"}, "start": 1734074266634, "stop": 1734074276673}, {"name": "C58742: Site card does not have a saved site icon", "status": "passed", "start": 1734074276675, "stop": 1734074286698}, {"name": "C58742: Site card does not have a saved site icon", "status": "passed", "start": 1734074286698, "stop": 1734074296720}, {"name": "C58742: Site card does not have a saved site icon", "status": "passed", "start": 1734074296720, "stop": 1734074306745}], "parameters": [{"name": "site_type", "value": "'Historic'"}, {"name": "driver", "value": "'chrome'"}], "start": 1734074226256, "stop": 1734074307318, "uuid": "022a1aa0-eb35-4e63-816c-a0fb8fcdbe8d", "historyId": "8a4181b642882040ec7f4192b16483ef", "testCaseId": "2c15ef8e1e3ad86fc30f9cca009762f6", "fullName": "Tests.test_Sites.TestSites#test_15", "labels": [{"name": "feature", "value": "Sites"}, {"name": "severity", "value": "normal"}, {"name": "tag", "value": "flaky(reruns=3, reruns_delay=1)"}, {"name": "parentSuite", "value": "Tests"}, {"name": "suite", "value": "test_Sites"}, {"name": "subSuite", "value": "TestSites"}, {"name": "host", "value": "fv-az805-100"}, {"name": "thread", "value": "1961-MainThread"}, {"name": "framework", "value": "pytest"}, {"name": "language", "value": "cpython3"}, {"name": "package", "value": "Tests.test_Sites"}], "links": [{"type": "tms", "url": "https://hedgehoglabqa.testrail.io/index.php?/cases/view/58742", "name": "C58742"}, {"type": "issue", "url": "https://hedgehog-lab.atlassian.net/browse/QP-356", "name": "Epic QP-356"}, {"type": "issue", "url": "https://hedgehog-lab.atlassian.net/browse/QP-383", "name": "Story QP-383"}]}