{"name": "Successful message send", "status": "failed", "statusDetails": {"message": "AssertionError: FAILURE: assert 'Full name: W...JEiZRO15A\\r\\n' == 'Full name: A...o59Q LHiy\\r\\n'\n  \n  - Full name: Angela Cooley\r\n  + Full name: William Stewart\r\n  - Email address: fmedina@example.com\r\n  ?                ^  ^ ^\n  + Email address: davismelissa@example.com\r\n  ?                ^^^^^  ^ ^^\n  - Your message: 3aOiS 4R6Y6eBpl2msAhQuaBBveUfI4Cr4BI1o59Q LHiy\r\n  + Your message: ZDt9QjPAKnRSD3PxBV ytBY77bIjkJEiZRO15A\ntest_ContactPage.py:46 in test_2() -> with check, allure.step(\"Email is correct\"):\ntest_ContactPage.py:47 in test_2 -> assert actual_email == expected_email\nAssertionError: assert 'Full name: W...JEiZRO15A\\r\\n' == 'Full name: A...o59Q LHiy\\r\\n'\n  \n  - Full name: Angela Cooley\r\n  + Full name: William Stewart\r\n  - Email address: fmedina@example.com\r\n  ?                ^  ^ ^\n  + Email address: davismelissa@example.com\r\n  ?                ^^^^^  ^ ^^\n  - Your message: 3aOiS 4R6Y6eBpl2msAhQuaBBveUfI4Cr4BI1o59Q LHiy\r\n  + Your message: ZDt9QjPAKnRSD3PxBV ytBY77bIjkJEiZRO15A\r\n\n\n------------------------------------------------------------\nFailed Checks: 1", "trace": "FAILURE: assert 'Full name: W...JEiZRO15A\\r\\n' == 'Full name: A...o59Q LHiy\\r\\n'\n  \n  - Full name: Angela Cooley\r\n  + Full name: William Stewart\r\n  - Email address: fmedina@example.com\r\n  ?                ^  ^ ^\n  + Email address: davismelissa@example.com\r\n  ?                ^^^^^  ^ ^^\n  - Your message: 3aOiS 4R6Y6eBpl2msAhQuaBBveUfI4Cr4BI1o59Q LHiy\r\n  + Your message: ZDt9QjPAKnRSD3PxBV ytBY77bIjkJEiZRO15A\ntest_ContactPage.py:46 in test_2() -> with check, allure.step(\"Email is correct\"):\ntest_ContactPage.py:47 in test_2 -> assert actual_email == expected_email\nAssertionError: assert 'Full name: W...JEiZRO15A\\r\\n' == 'Full name: A...o59Q LHiy\\r\\n'\n  \n  - Full name: Angela Cooley\r\n  + Full name: William Stewart\r\n  - Email address: fmedina@example.com\r\n  ?                ^  ^ ^\n  + Email address: davismelissa@example.com\r\n  ?                ^^^^^  ^ ^^\n  - Your message: 3aOiS 4R6Y6eBpl2msAhQuaBBveUfI4Cr4BI1o59Q LHiy\r\n  + Your message: ZDt9QjPAKnRSD3PxBV ytBY77bIjkJEiZRO15A\r\n\n\n------------------------------------------------------------\nFailed Checks: 1"}, "steps": [{"name": "Success message is visible", "status": "passed", "start": 1730384119935, "stop": 1730384119949}, {"name": "Email is correct", "status": "failed", "statusDetails": {"message": "AssertionError: assert 'Full name: W...JEiZRO15A\\r\\n' == 'Full name: A...o59Q LHiy\\r\\n'\n  \n  - Full name: Angela Cooley\r\n  + Full name: William Stewart\r\n  - Email address: fmedina@example.com\r\n  ?                ^  ^ ^\n  + Email address: davismelissa@example.com\r\n  ?                ^^^^^  ^ ^^\n  - Your message: 3aOiS 4R6Y6eBpl2msAhQuaBBveUfI4Cr4BI1o59Q LHiy\r\n  + Your message: ZDt9QjPAKnRSD3PxBV ytBY77bIjkJEiZRO15A\r\n", "trace": "  File \"/home/runner/work/QUBA_WEB/QUBA_WEB/Tests/test_ContactPage.py\", line 47, in test_2\n    assert actual_email == expected_email\n"}, "start": 1730384120621, "stop": 1730384120621}], "parameters": [{"name": "driver", "value": "'chrome'"}], "start": 1730384109296, "stop": 1730384120653, "uuid": "090fe188-3fe7-4ce0-a414-b1f79220b9fd", "historyId": "8978dd76fe8c7d284809ed91688b663e", "testCaseId": "57f9fa933cde1d635b1cb9def516227a", "fullName": "Tests.test_ContactPage.TestContactPage#test_2", "labels": [{"name": "severity", "value": "critical"}, {"name": "feature", "value": "Contact page"}, {"name": "parentSuite", "value": "Tests"}, {"name": "suite", "value": "test_ContactPage"}, {"name": "subSuite", "value": "TestContactPage"}, {"name": "host", "value": "fv-az984-882"}, {"name": "thread", "value": "1746-MainThread"}, {"name": "framework", "value": "pytest"}, {"name": "language", "value": "cpython3"}, {"name": "package", "value": "Tests.test_ContactPage"}]}