{"name": "Saved site icon on site cards", "status": "failed", "statusDetails": {"message": "AssertionError: FAILURE: assert False\n +  where False = <bound method Sites.is_saved_site_icon_visible of <Pages.SitesPage.Sites object at 0x7f21b631f910>>('Historic', 'مسجد قباء')\n +    where <bound method Sites.is_saved_site_icon_visible of <Pages.SitesPage.Sites object at 0x7f21b631f910>> = <Pages.SitesPage.Sites object at 0x7f21b631f910>.is_saved_site_icon_visible\ntest_Sites.py:349 in test_15() -> with check, allure.step(\"C58742: Site card has a saved site icon\"):\ntest_Sites.py:350 in test_15 -> assert sites_obj.is_saved_site_icon_visible(site_type, title)\nAssertionError: assert False\n +  where False = <bound method Sites.is_saved_site_icon_visible of <Pages.SitesPage.Sites object at 0x7f21b631f910>>('Historic', 'مسجد قباء')\n +    where <bound method Sites.is_saved_site_icon_visible of <Pages.SitesPage.Sites object at 0x7f21b631f910>> = <Pages.SitesPage.Sites object at 0x7f21b631f910>.is_saved_site_icon_visible\n\n\n------------------------------------------------------------\nFailed Checks: 1", "trace": "FAILURE: assert False\n +  where False = <bound method Sites.is_saved_site_icon_visible of <Pages.SitesPage.Sites object at 0x7f21b631f910>>('Historic', 'مسجد قباء')\n +    where <bound method Sites.is_saved_site_icon_visible of <Pages.SitesPage.Sites object at 0x7f21b631f910>> = <Pages.SitesPage.Sites object at 0x7f21b631f910>.is_saved_site_icon_visible\ntest_Sites.py:349 in test_15() -> with check, allure.step(\"C58742: Site card has a saved site icon\"):\ntest_Sites.py:350 in test_15 -> assert sites_obj.is_saved_site_icon_visible(site_type, title)\nAssertionError: assert False\n +  where False = <bound method Sites.is_saved_site_icon_visible of <Pages.SitesPage.Sites object at 0x7f21b631f910>>('Historic', 'مسجد قباء')\n +    where <bound method Sites.is_saved_site_icon_visible of <Pages.SitesPage.Sites object at 0x7f21b631f910>> = <Pages.SitesPage.Sites object at 0x7f21b631f910>.is_saved_site_icon_visible\n\n\n------------------------------------------------------------\nFailed Checks: 1"}, "steps": [{"name": "C58742: Site card does not have a saved site icon", "status": "passed", "start": 1733630419903, "stop": 1733630429939}, {"name": "C58742: Site card has a saved site icon", "status": "failed", "statusDetails": {"message": "AssertionError: assert False\n +  where False = <bound method Sites.is_saved_site_icon_visible of <Pages.SitesPage.Sites object at 0x7f21b631f910>>('Historic', 'مسجد قباء')\n +    where <bound method Sites.is_saved_site_icon_visible of <Pages.SitesPage.Sites object at 0x7f21b631f910>> = <Pages.SitesPage.Sites object at 0x7f21b631f910>.is_saved_site_icon_visible\n", "trace": "  File \"/home/runner/work/QUBA_WEB/QUBA_WEB/Tests/test_Sites.py\", line 350, in test_15\n    assert sites_obj.is_saved_site_icon_visible(site_type, title)\n"}, "start": 1733630429939, "stop": 1733630439952}, {"name": "C58742: Site card does not have a saved site icon", "status": "passed", "start": 1733630439954, "stop": 1733630449971}, {"name": "C58742: Site card does not have a saved site icon", "status": "passed", "start": 1733630449971, "stop": 1733630459993}, {"name": "C58742: Site card does not have a saved site icon", "status": "passed", "start": 1733630459993, "stop": 1733630470016}, {"name": "C58742: Site card does not have a saved site icon", "status": "passed", "start": 1733630470016, "stop": 1733630480019}, {"name": "C58742: Site card does not have a saved site icon", "status": "passed", "start": 1733630480019, "stop": 1733630490058}, {"name": "C58742: Site card does not have a saved site icon", "status": "passed", "start": 1733630490058, "stop": 1733630500091}], "parameters": [{"name": "site_type", "value": "'Historic'"}, {"name": "driver", "value": "'chrome'"}], "start": 1733630419586, "stop": 1733630500718, "uuid": "c9923d47-988c-41e3-88ca-feca277350e6", "historyId": "8a4181b642882040ec7f4192b16483ef", "testCaseId": "2c15ef8e1e3ad86fc30f9cca009762f6", "fullName": "Tests.test_Sites.TestSites#test_15", "labels": [{"name": "feature", "value": "Sites"}, {"name": "severity", "value": "normal"}, {"name": "tag", "value": "flaky(reruns=3, reruns_delay=1)"}, {"name": "parentSuite", "value": "Tests"}, {"name": "suite", "value": "test_Sites"}, {"name": "subSuite", "value": "TestSites"}, {"name": "host", "value": "fv-az1120-212"}, {"name": "thread", "value": "1964-MainThread"}, {"name": "framework", "value": "pytest"}, {"name": "language", "value": "cpython3"}, {"name": "package", "value": "Tests.test_Sites"}], "links": [{"type": "tms", "url": "https://hedgehoglabqa.testrail.io/index.php?/cases/view/58742", "name": "C58742"}, {"type": "issue", "url": "https://hedgehog-lab.atlassian.net/browse/QP-356", "name": "Epic QP-356"}, {"type": "issue", "url": "https://hedgehog-lab.atlassian.net/browse/QP-383", "name": "Story QP-383"}]}