{"name": "Saved site icon on site cards", "status": "failed", "statusDetails": {"message": "AssertionError: FAILURE: assert False\n +  where False = <bound method Sites.is_saved_site_icon_visible of <Pages.SitesPage.Sites object at 0x7f70a724b390>>('Historic', 'مطعم قديم')\n +    where <bound method Sites.is_saved_site_icon_visible of <Pages.SitesPage.Sites object at 0x7f70a724b390>> = <Pages.SitesPage.Sites object at 0x7f70a724b390>.is_saved_site_icon_visible\ntest_Sites.py:349 in test_15() -> with check, allure.step(\"C58742: Site card has a saved site icon\"):\ntest_Sites.py:350 in test_15 -> assert sites_obj.is_saved_site_icon_visible(site_type, title)\nAssertionError: assert False\n +  where False = <bound method Sites.is_saved_site_icon_visible of <Pages.SitesPage.Sites object at 0x7f70a724b390>>('Historic', 'مطعم قديم')\n +    where <bound method Sites.is_saved_site_icon_visible of <Pages.SitesPage.Sites object at 0x7f70a724b390>> = <Pages.SitesPage.Sites object at 0x7f70a724b390>.is_saved_site_icon_visible\n\n\n------------------------------------------------------------\nFailed Checks: 1", "trace": "FAILURE: assert False\n +  where False = <bound method Sites.is_saved_site_icon_visible of <Pages.SitesPage.Sites object at 0x7f70a724b390>>('Historic', 'مطعم قديم')\n +    where <bound method Sites.is_saved_site_icon_visible of <Pages.SitesPage.Sites object at 0x7f70a724b390>> = <Pages.SitesPage.Sites object at 0x7f70a724b390>.is_saved_site_icon_visible\ntest_Sites.py:349 in test_15() -> with check, allure.step(\"C58742: Site card has a saved site icon\"):\ntest_Sites.py:350 in test_15 -> assert sites_obj.is_saved_site_icon_visible(site_type, title)\nAssertionError: assert False\n +  where False = <bound method Sites.is_saved_site_icon_visible of <Pages.SitesPage.Sites object at 0x7f70a724b390>>('Historic', 'مطعم قديم')\n +    where <bound method Sites.is_saved_site_icon_visible of <Pages.SitesPage.Sites object at 0x7f70a724b390>> = <Pages.SitesPage.Sites object at 0x7f70a724b390>.is_saved_site_icon_visible\n\n\n------------------------------------------------------------\nFailed Checks: 1"}, "steps": [{"name": "C58742: Site card does not have a saved site icon", "status": "passed", "start": 1734074144645, "stop": 1734074154676}, {"name": "C58742: Site card does not have a saved site icon", "status": "passed", "start": 1734074154676, "stop": 1734074164704}, {"name": "C58742: Site card does not have a saved site icon", "status": "passed", "start": 1734074164704, "stop": 1734074174730}, {"name": "C58742: Site card does not have a saved site icon", "status": "passed", "start": 1734074174730, "stop": 1734074184754}, {"name": "C58742: Site card has a saved site icon", "status": "failed", "statusDetails": {"message": "AssertionError: assert False\n +  where False = <bound method Sites.is_saved_site_icon_visible of <Pages.SitesPage.Sites object at 0x7f70a724b390>>('Historic', 'مطعم قديم')\n +    where <bound method Sites.is_saved_site_icon_visible of <Pages.SitesPage.Sites object at 0x7f70a724b390>> = <Pages.SitesPage.Sites object at 0x7f70a724b390>.is_saved_site_icon_visible\n", "trace": "  File \"/home/runner/work/QUBA_WEB/QUBA_WEB/Tests/test_Sites.py\", line 350, in test_15\n    assert sites_obj.is_saved_site_icon_visible(site_type, title)\n"}, "start": 1734074184754, "stop": 1734074194770}, {"name": "C58742: Site card does not have a saved site icon", "status": "passed", "start": 1734074194772, "stop": 1734074204789}, {"name": "C58742: Site card does not have a saved site icon", "status": "passed", "start": 1734074204789, "stop": 1734074214831}, {"name": "C58742: Site card does not have a saved site icon", "status": "passed", "start": 1734074214831, "stop": 1734074224862}], "parameters": [{"name": "site_type", "value": "'Historic'"}, {"name": "driver", "value": "'chrome'"}], "start": 1734074144393, "stop": 1734074225253, "uuid": "d325667a-248d-41ff-bd4e-e65f0b61f657", "historyId": "8a4181b642882040ec7f4192b16483ef", "testCaseId": "2c15ef8e1e3ad86fc30f9cca009762f6", "fullName": "Tests.test_Sites.TestSites#test_15", "labels": [{"name": "feature", "value": "Sites"}, {"name": "severity", "value": "normal"}, {"name": "tag", "value": "flaky(reruns=3, reruns_delay=1)"}, {"name": "parentSuite", "value": "Tests"}, {"name": "suite", "value": "test_Sites"}, {"name": "subSuite", "value": "TestSites"}, {"name": "host", "value": "fv-az805-100"}, {"name": "thread", "value": "1961-MainThread"}, {"name": "framework", "value": "pytest"}, {"name": "language", "value": "cpython3"}, {"name": "package", "value": "Tests.test_Sites"}], "links": [{"type": "tms", "url": "https://hedgehoglabqa.testrail.io/index.php?/cases/view/58742", "name": "C58742"}, {"type": "issue", "url": "https://hedgehog-lab.atlassian.net/browse/QP-356", "name": "Epic QP-356"}, {"type": "issue", "url": "https://hedgehog-lab.atlassian.net/browse/QP-383", "name": "Story QP-383"}]}