{"name": "Scroll trough images", "status": "failed", "statusDetails": {"message": "AssertionError: FAILURE: assert (False)\n +  where False = <bound method AboutPage.is_next_slide_button_visible of <Pages.AboutPage.AboutPage object at 0x7f3a095c8450>>()\n +    where <bound method AboutPage.is_next_slide_button_visible of <Pages.AboutPage.AboutPage object at 0x7f3a095c8450>> = <Pages.AboutPage.AboutPage object at 0x7f3a095c8450>.is_next_slide_button_visible\ntest_Sites.py:554 in test_22() -> with check, allure.step(\"C58415: Initially next is visible and previous is not\"):\ntest_Sites.py:555 in test_22 -> assert about_obj.is_next_slide_button_visible() and not about_obj.is_previous_slide_button_visible()\nAssertionError: assert (False)\n +  where False = <bound method AboutPage.is_next_slide_button_visible of <Pages.AboutPage.AboutPage object at 0x7f3a095c8450>>()\n +    where <bound method AboutPage.is_next_slide_button_visible of <Pages.AboutPage.AboutPage object at 0x7f3a095c8450>> = <Pages.AboutPage.AboutPage object at 0x7f3a095c8450>.is_next_slide_button_visible\n\n\n------------------------------------------------------------\nFailed Checks: 1", "trace": "FAILURE: assert (False)\n +  where False = <bound method AboutPage.is_next_slide_button_visible of <Pages.AboutPage.AboutPage object at 0x7f3a095c8450>>()\n +    where <bound method AboutPage.is_next_slide_button_visible of <Pages.AboutPage.AboutPage object at 0x7f3a095c8450>> = <Pages.AboutPage.AboutPage object at 0x7f3a095c8450>.is_next_slide_button_visible\ntest_Sites.py:554 in test_22() -> with check, allure.step(\"C58415: Initially next is visible and previous is not\"):\ntest_Sites.py:555 in test_22 -> assert about_obj.is_next_slide_button_visible() and not about_obj.is_previous_slide_button_visible()\nAssertionError: assert (False)\n +  where False = <bound method AboutPage.is_next_slide_button_visible of <Pages.AboutPage.AboutPage object at 0x7f3a095c8450>>()\n +    where <bound method AboutPage.is_next_slide_button_visible of <Pages.AboutPage.AboutPage object at 0x7f3a095c8450>> = <Pages.AboutPage.AboutPage object at 0x7f3a095c8450>.is_next_slide_button_visible\n\n\n------------------------------------------------------------\nFailed Checks: 1"}, "steps": [{"name": "C58415: Initially next is visible and previous is not", "status": "failed", "statusDetails": {"message": "AssertionError: assert (False)\n +  where False = <bound method AboutPage.is_next_slide_button_visible of <Pages.AboutPage.AboutPage object at 0x7f3a095c8450>>()\n +    where <bound method AboutPage.is_next_slide_button_visible of <Pages.AboutPage.AboutPage object at 0x7f3a095c8450>> = <Pages.AboutPage.AboutPage object at 0x7f3a095c8450>.is_next_slide_button_visible\n", "trace": "  File \"/home/runner/work/QUBA_WEB/QUBA_WEB/Tests/test_Sites.py\", line 555, in test_22\n    assert about_obj.is_next_slide_button_visible() and not about_obj.is_previous_slide_button_visible()\n"}, "start": 1732899066750, "stop": 1732899077773}, {"name": "C58415: Carousel position is at the start", "status": "passed", "start": 1732899077775, "stop": 1732899077789}, {"name": "C58415: Next and previous buttons after scrolling", "status": "passed", "start": 1732899077789, "stop": 1732899080812}, {"name": "C58415: Carousel position is at the middle", "status": "passed", "start": 1732899080812, "stop": 1732899080825}, {"name": "C58415: Next and previous buttons at the end of the carousel", "status": "passed", "start": 1732899080825, "stop": 1732899093890}, {"name": "C58415: Carousel position is at the end", "status": "passed", "start": 1732899093890, "stop": 1732899093903}, {"name": "C58415: Next and previous buttons after scrolling left", "status": "passed", "start": 1732899093903, "stop": 1732899096923}, {"name": "C58415: Carousel position is at the middle", "status": "passed", "start": 1732899096923, "stop": 1732899096936}, {"name": "C58415: Next and previous buttons at the start of the carousel", "status": "passed", "start": 1732899096936, "stop": 1732899110007}, {"name": "C58415: Carousel position is at the start", "status": "passed", "start": 1732899110007, "stop": 1732899110020}], "parameters": [{"name": "driver", "value": "'chrome'"}], "start": 1732899066750, "stop": 1732899110020, "uuid": "ad8663af-d3f0-46dd-80a1-c4266e4b47a6", "historyId": "6ac58105e510905c5bc83d1bc3960f09", "testCaseId": "64642a789e509c273fbfbbc094c3d795", "fullName": "Tests.test_Sites.TestSites#test_22", "labels": [{"name": "severity", "value": "minor"}, {"name": "feature", "value": "Individual Sites"}, {"name": "tag", "value": "flaky(reruns=3, reruns_delay=1)"}, {"name": "parentSuite", "value": "Tests"}, {"name": "suite", "value": "test_Sites"}, {"name": "subSuite", "value": "TestSites"}, {"name": "host", "value": "fv-az1206-239"}, {"name": "thread", "value": "1784-MainThread"}, {"name": "framework", "value": "pytest"}, {"name": "language", "value": "cpython3"}, {"name": "package", "value": "Tests.test_Sites"}], "links": [{"type": "tms", "url": "https://hedgehoglabqa.testrail.io/index.php?/cases/view/58415", "name": "C58415"}, {"type": "issue", "url": "https://hedgehog-lab.atlassian.net/browse/QP-356", "name": "Epic QP-356"}, {"type": "issue", "url": "https://hedgehog-lab.atlassian.net/browse/QP-264", "name": "Story QP-264"}]}