{"name": "Successful message send", "status": "failed", "statusDetails": {"message": "AssertionError: FAILURE: assert 'Full name: T...T9fnOWPl1\\r\\n' == 'Full name: E...ge: kkFCO\\r\\n'\n  \n  - Full name: Emily Rojas\r\n  + Full name: Tyler Williams\r\n  - Email address: chrome_jonathan83@example.com\r\n  ?                ^^^^^  ^ ^ ------\n  + Email address: edge_wsosa@example.com\r\n  ?                ^^^  ^^ ^\n  - Your message: kkFCO\r\n  + Your message: BjN11m4cz6T9fnOWPl1\ntest_ContactPage.py:52 in test_2() -> with check, allure.step(\"Email is correct\"):\ntest_ContactPage.py:53 in test_2 -> assert actual_email == expected_email\nAssertionError: assert 'Full name: T...T9fnOWPl1\\r\\n' == 'Full name: E...ge: kkFCO\\r\\n'\n  \n  - Full name: Emily Rojas\r\n  + Full name: Tyler Williams\r\n  - Email address: chrome_jonathan83@example.com\r\n  ?                ^^^^^  ^ ^ ------\n  + Email address: edge_wsosa@example.com\r\n  ?                ^^^  ^^ ^\n  - Your message: kkFCO\r\n  + Your message: BjN11m4cz6T9fnOWPl1\r\n\n\n------------------------------------------------------------\nFailed Checks: 1", "trace": "FAILURE: assert 'Full name: T...T9fnOWPl1\\r\\n' == 'Full name: E...ge: kkFCO\\r\\n'\n  \n  - Full name: Emily Rojas\r\n  + Full name: Tyler Williams\r\n  - Email address: chrome_jonathan83@example.com\r\n  ?                ^^^^^  ^ ^ ------\n  + Email address: edge_wsosa@example.com\r\n  ?                ^^^  ^^ ^\n  - Your message: kkFCO\r\n  + Your message: BjN11m4cz6T9fnOWPl1\ntest_ContactPage.py:52 in test_2() -> with check, allure.step(\"Email is correct\"):\ntest_ContactPage.py:53 in test_2 -> assert actual_email == expected_email\nAssertionError: assert 'Full name: T...T9fnOWPl1\\r\\n' == 'Full name: E...ge: kkFCO\\r\\n'\n  \n  - Full name: Emily Rojas\r\n  + Full name: Tyler Williams\r\n  - Email address: chrome_jonathan83@example.com\r\n  ?                ^^^^^  ^ ^ ------\n  + Email address: edge_wsosa@example.com\r\n  ?                ^^^  ^^ ^\n  - Your message: kkFCO\r\n  + Your message: BjN11m4cz6T9fnOWPl1\r\n\n\n------------------------------------------------------------\nFailed Checks: 1"}, "steps": [{"name": "Success message is visible", "status": "passed", "start": 1730447079980, "stop": 1730447079994}, {"name": "Email is correct", "status": "failed", "statusDetails": {"message": "AssertionError: assert 'Full name: T...T9fnOWPl1\\r\\n' == 'Full name: E...ge: kkFCO\\r\\n'\n  \n  - Full name: Emily Rojas\r\n  + Full name: Tyler Williams\r\n  - Email address: chrome_jonathan83@example.com\r\n  ?                ^^^^^  ^ ^ ------\n  + Email address: edge_wsosa@example.com\r\n  ?                ^^^  ^^ ^\n  - Your message: kkFCO\r\n  + Your message: BjN11m4cz6T9fnOWPl1\r\n", "trace": "  File \"/home/runner/work/QUBA_WEB/QUBA_WEB/Tests/test_ContactPage.py\", line 53, in test_2\n    assert actual_email == expected_email\n"}, "start": 1730447081009, "stop": 1730447081010}], "attachments": [{"name": "stdout", "source": "575301fa-889a-4c7f-bcad-8af33727a80e-attachment.txt", "type": "text/plain"}], "parameters": [{"name": "driver", "value": "'chrome'"}], "start": 1730447069593, "stop": 1730447081041, "uuid": "8e359d82-16a6-4195-ac68-bc62ad8f94c8", "historyId": "8978dd76fe8c7d284809ed91688b663e", "testCaseId": "57f9fa933cde1d635b1cb9def516227a", "fullName": "Tests.test_ContactPage.TestContactPage#test_2", "labels": [{"name": "feature", "value": "Contact page"}, {"name": "severity", "value": "critical"}, {"name": "parentSuite", "value": "Tests"}, {"name": "suite", "value": "test_ContactPage"}, {"name": "subSuite", "value": "TestContactPage"}, {"name": "host", "value": "fv-az1391-672"}, {"name": "thread", "value": "1749-MainThread"}, {"name": "framework", "value": "pytest"}, {"name": "language", "value": "cpython3"}, {"name": "package", "value": "Tests.test_ContactPage"}]}