{"name": "Saved site icon on site cards", "status": "failed", "statusDetails": {"message": "AssertionError: FAILURE: assert False\n +  where False = <bound method Sites.is_saved_site_icon_visible of <Pages.SitesPage.Sites object at 0x7fa8df432290>>('Historic', 'مطعم جريلهاوس')\n +    where <bound method Sites.is_saved_site_icon_visible of <Pages.SitesPage.Sites object at 0x7fa8df432290>> = <Pages.SitesPage.Sites object at 0x7fa8df432290>.is_saved_site_icon_visible\ntest_Sites.py:349 in test_15() -> with check, allure.step(\"C58742: Site card has a saved site icon\"):\ntest_Sites.py:350 in test_15 -> assert sites_obj.is_saved_site_icon_visible(site_type, title)\nAssertionError: assert False\n +  where False = <bound method Sites.is_saved_site_icon_visible of <Pages.SitesPage.Sites object at 0x7fa8df432290>>('Historic', 'مطعم جريلهاوس')\n +    where <bound method Sites.is_saved_site_icon_visible of <Pages.SitesPage.Sites object at 0x7fa8df432290>> = <Pages.SitesPage.Sites object at 0x7fa8df432290>.is_saved_site_icon_visible\n\n\n------------------------------------------------------------\nFailed Checks: 1", "trace": "FAILURE: assert False\n +  where False = <bound method Sites.is_saved_site_icon_visible of <Pages.SitesPage.Sites object at 0x7fa8df432290>>('Historic', 'مطعم جريلهاوس')\n +    where <bound method Sites.is_saved_site_icon_visible of <Pages.SitesPage.Sites object at 0x7fa8df432290>> = <Pages.SitesPage.Sites object at 0x7fa8df432290>.is_saved_site_icon_visible\ntest_Sites.py:349 in test_15() -> with check, allure.step(\"C58742: Site card has a saved site icon\"):\ntest_Sites.py:350 in test_15 -> assert sites_obj.is_saved_site_icon_visible(site_type, title)\nAssertionError: assert False\n +  where False = <bound method Sites.is_saved_site_icon_visible of <Pages.SitesPage.Sites object at 0x7fa8df432290>>('Historic', 'مطعم جريلهاوس')\n +    where <bound method Sites.is_saved_site_icon_visible of <Pages.SitesPage.Sites object at 0x7fa8df432290>> = <Pages.SitesPage.Sites object at 0x7fa8df432290>.is_saved_site_icon_visible\n\n\n------------------------------------------------------------\nFailed Checks: 1"}, "steps": [{"name": "C58742: Site card does not have a saved site icon", "status": "passed", "start": 1734074078724, "stop": 1734074088731}, {"name": "C58742: Site card does not have a saved site icon", "status": "passed", "start": 1734074088731, "stop": 1734074098738}, {"name": "C58742: Site card does not have a saved site icon", "status": "passed", "start": 1734074098738, "stop": 1734074108749}, {"name": "C58742: Site card does not have a saved site icon", "status": "passed", "start": 1734074108749, "stop": 1734074118751}, {"name": "C58742: Site card does not have a saved site icon", "status": "passed", "start": 1734074118751, "stop": 1734074128757}, {"name": "C58742: Site card does not have a saved site icon", "status": "passed", "start": 1734074128757, "stop": 1734074138769}, {"name": "C58742: Site card has a saved site icon", "status": "failed", "statusDetails": {"message": "AssertionError: assert False\n +  where False = <bound method Sites.is_saved_site_icon_visible of <Pages.SitesPage.Sites object at 0x7fa8df432290>>('Historic', 'مطعم جريلهاوس')\n +    where <bound method Sites.is_saved_site_icon_visible of <Pages.SitesPage.Sites object at 0x7fa8df432290>> = <Pages.SitesPage.Sites object at 0x7fa8df432290>.is_saved_site_icon_visible\n", "trace": "  File \"/home/runner/work/QUBA_WEB/QUBA_WEB/Tests/test_Sites.py\", line 350, in test_15\n    assert sites_obj.is_saved_site_icon_visible(site_type, title)\n"}, "start": 1734074138769, "stop": 1734074148771}, {"name": "C58742: Site card does not have a saved site icon", "status": "passed", "start": 1734074148773, "stop": 1734074158782}], "parameters": [{"name": "site_type", "value": "'Historic'"}, {"name": "driver", "value": "'firefox'"}], "start": 1734074078475, "stop": 1734074161080, "uuid": "9faa72a3-4002-4ccd-8d09-b54dc827c720", "historyId": "323521c308b996fee897c483b8a39a10", "testCaseId": "2c15ef8e1e3ad86fc30f9cca009762f6", "fullName": "Tests.test_Sites.TestSites#test_15", "labels": [{"name": "feature", "value": "Sites"}, {"name": "severity", "value": "normal"}, {"name": "tag", "value": "flaky(reruns=3, reruns_delay=1)"}, {"name": "parentSuite", "value": "Tests"}, {"name": "suite", "value": "test_Sites"}, {"name": "subSuite", "value": "TestSites"}, {"name": "host", "value": "fv-az805-100"}, {"name": "thread", "value": "1957-MainThread"}, {"name": "framework", "value": "pytest"}, {"name": "language", "value": "cpython3"}, {"name": "package", "value": "Tests.test_Sites"}], "links": [{"type": "tms", "url": "https://hedgehoglabqa.testrail.io/index.php?/cases/view/58742", "name": "C58742"}, {"type": "issue", "url": "https://hedgehog-lab.atlassian.net/browse/QP-356", "name": "Epic QP-356"}, {"type": "issue", "url": "https://hedgehog-lab.atlassian.net/browse/QP-383", "name": "Story QP-383"}]}