{"name": "Image gallery with only one image", "status": "failed", "statusDetails": {"message": "AssertionError: FAILURE: assert not True\n +  where True = <bound method AboutPage.is_next_slide_button_visible of <Pages.AboutPage.AboutPage object at 0x7f70cfcce410>>()\n +    where <bound method AboutPage.is_next_slide_button_visible of <Pages.AboutPage.AboutPage object at 0x7f70cfcce410>> = <Pages.AboutPage.AboutPage object at 0x7f70cfcce410>.is_next_slide_button_visible\ntest_AboutPage.py:167 in test_9() -> with check, allure.step(\"C58522: Next image button is not visible\"):\ntest_AboutPage.py:168 in test_9 -> assert not about_page_obj.is_next_slide_button_visible()\nAssertionError: assert not True\n +  where True = <bound method AboutPage.is_next_slide_button_visible of <Pages.AboutPage.AboutPage object at 0x7f70cfcce410>>()\n +    where <bound method AboutPage.is_next_slide_button_visible of <Pages.AboutPage.AboutPage object at 0x7f70cfcce410>> = <Pages.AboutPage.AboutPage object at 0x7f70cfcce410>.is_next_slide_button_visible\n\n\nFAILURE: assert not True\n +  where True = <bound method AboutPage.is_image_carousel_scroll_visible of <Pages.AboutPage.AboutPage object at 0x7f70cfcce410>>()\n +    where <bound method AboutPage.is_image_carousel_scroll_visible of <Pages.AboutPage.AboutPage object at 0x7f70cfcce410>> = <Pages.AboutPage.AboutPage object at 0x7f70cfcce410>.is_image_carousel_scroll_visible\nFAILURE: assert 10 == 1\n +  where 10 = len(['anna-jahn-LBKxu77KpSY-unsplash.jpg', 'malik-shibly-gm_Vztl7w84-unsplash.jpg', 'arisa-s-pir6n28Xrpw-unsplash.jpg', 'd...r0YESGp0-unsplash.jpg', 'darwin-vegher-sKqKpescBgc-unsplash.jpg', 'koushik-chowdavarapu-aWBPk_GBaCk-unsplash.jpg', ...])\n +    where ['anna-jahn-LBKxu77KpSY-unsplash.jpg', 'malik-shibly-gm_Vztl7w84-unsplash.jpg', 'arisa-s-pir6n28Xrpw-unsplash.jpg', 'd...r0YESGp0-unsplash.jpg', 'darwin-vegher-sKqKpescBgc-unsplash.jpg', 'koushik-chowdavarapu-aWBPk_GBaCk-unsplash.jpg', ...] = <bound method AboutPage.get_images of <Pages.AboutPage.AboutPage object at 0x7f70cfcce410>>()\n +      where <bound method AboutPage.get_images of <Pages.AboutPage.AboutPage object at 0x7f70cfcce410>> = <Pages.AboutPage.AboutPage object at 0x7f70cfcce410>.get_images\n------------------------------------------------------------\nFailed Checks: 3", "trace": "FAILURE: assert not True\n +  where True = <bound method AboutPage.is_next_slide_button_visible of <Pages.AboutPage.AboutPage object at 0x7f70cfcce410>>()\n +    where <bound method AboutPage.is_next_slide_button_visible of <Pages.AboutPage.AboutPage object at 0x7f70cfcce410>> = <Pages.AboutPage.AboutPage object at 0x7f70cfcce410>.is_next_slide_button_visible\ntest_AboutPage.py:167 in test_9() -> with check, allure.step(\"C58522: Next image button is not visible\"):\ntest_AboutPage.py:168 in test_9 -> assert not about_page_obj.is_next_slide_button_visible()\nAssertionError: assert not True\n +  where True = <bound method AboutPage.is_next_slide_button_visible of <Pages.AboutPage.AboutPage object at 0x7f70cfcce410>>()\n +    where <bound method AboutPage.is_next_slide_button_visible of <Pages.AboutPage.AboutPage object at 0x7f70cfcce410>> = <Pages.AboutPage.AboutPage object at 0x7f70cfcce410>.is_next_slide_button_visible\n\n\nFAILURE: assert not True\n +  where True = <bound method AboutPage.is_image_carousel_scroll_visible of <Pages.AboutPage.AboutPage object at 0x7f70cfcce410>>()\n +    where <bound method AboutPage.is_image_carousel_scroll_visible of <Pages.AboutPage.AboutPage object at 0x7f70cfcce410>> = <Pages.AboutPage.AboutPage object at 0x7f70cfcce410>.is_image_carousel_scroll_visible\nFAILURE: assert 10 == 1\n +  where 10 = len(['anna-jahn-LBKxu77KpSY-unsplash.jpg', 'malik-shibly-gm_Vztl7w84-unsplash.jpg', 'arisa-s-pir6n28Xrpw-unsplash.jpg', 'd...r0YESGp0-unsplash.jpg', 'darwin-vegher-sKqKpescBgc-unsplash.jpg', 'koushik-chowdavarapu-aWBPk_GBaCk-unsplash.jpg', ...])\n +    where ['anna-jahn-LBKxu77KpSY-unsplash.jpg', 'malik-shibly-gm_Vztl7w84-unsplash.jpg', 'arisa-s-pir6n28Xrpw-unsplash.jpg', 'd...r0YESGp0-unsplash.jpg', 'darwin-vegher-sKqKpescBgc-unsplash.jpg', 'koushik-chowdavarapu-aWBPk_GBaCk-unsplash.jpg', ...] = <bound method AboutPage.get_images of <Pages.AboutPage.AboutPage object at 0x7f70cfcce410>>()\n +      where <bound method AboutPage.get_images of <Pages.AboutPage.AboutPage object at 0x7f70cfcce410>> = <Pages.AboutPage.AboutPage object at 0x7f70cfcce410>.get_images\n------------------------------------------------------------\nFailed Checks: 3"}, "steps": [{"name": "C58522: Next image button is not visible", "status": "failed", "statusDetails": {"message": "AssertionError: assert not True\n +  where True = <bound method AboutPage.is_next_slide_button_visible of <Pages.AboutPage.AboutPage object at 0x7f70cfcce410>>()\n +    where <bound method AboutPage.is_next_slide_button_visible of <Pages.AboutPage.AboutPage object at 0x7f70cfcce410>> = <Pages.AboutPage.AboutPage object at 0x7f70cfcce410>.is_next_slide_button_visible\n", "trace": "  File \"/home/runner/work/QUBA_WEB/QUBA_WEB/Tests/test_AboutPage.py\", line 168, in test_9\n    assert not about_page_obj.is_next_slide_button_visible()\n"}, "start": 1731924537449, "stop": 1731924537466}, {"name": "C58522: Scroll bar is not visible", "status": "failed", "statusDetails": {"message": "AssertionError: assert not True\n +  where True = <bound method AboutPage.is_image_carousel_scroll_visible of <Pages.AboutPage.AboutPage object at 0x7f70cfcce410>>()\n +    where <bound method AboutPage.is_image_carousel_scroll_visible of <Pages.AboutPage.AboutPage object at 0x7f70cfcce410>> = <Pages.AboutPage.AboutPage object at 0x7f70cfcce410>.is_image_carousel_scroll_visible\n", "trace": "  File \"/home/runner/work/QUBA_WEB/QUBA_WEB/Tests/test_AboutPage.py\", line 170, in test_9\n    assert not about_page_obj.is_image_carousel_scroll_visible()\n"}, "start": 1731924537468, "stop": 1731924537481}, {"name": "C58522: Only one image is visible", "status": "failed", "statusDetails": {"message": "AssertionError: assert 10 == 1\n +  where 10 = len(['anna-jahn-LBKxu77KpSY-unsplash.jpg', 'malik-shibly-gm_Vztl7w84-unsplash.jpg', 'arisa-s-pir6n28Xrpw-unsplash.jpg', 'd...r0YESGp0-unsplash.jpg', 'darwin-vegher-sKqKpescBgc-unsplash.jpg', 'koushik-chowdavarapu-aWBPk_GBaCk-unsplash.jpg', ...])\n +    where ['anna-jahn-LBKxu77KpSY-unsplash.jpg', 'malik-shibly-gm_Vztl7w84-unsplash.jpg', 'arisa-s-pir6n28Xrpw-unsplash.jpg', 'd...r0YESGp0-unsplash.jpg', 'darwin-vegher-sKqKpescBgc-unsplash.jpg', 'koushik-chowdavarapu-aWBPk_GBaCk-unsplash.jpg', ...] = <bound method AboutPage.get_images of <Pages.AboutPage.AboutPage object at 0x7f70cfcce410>>()\n +      where <bound method AboutPage.get_images of <Pages.AboutPage.AboutPage object at 0x7f70cfcce410>> = <Pages.AboutPage.AboutPage object at 0x7f70cfcce410>.get_images\n", "trace": "  File \"/home/runner/work/QUBA_WEB/QUBA_WEB/Tests/test_AboutPage.py\", line 172, in test_9\n    assert len(about_page_obj.get_images()) == 1\n"}, "start": 1731924537481, "stop": 1731924537518}, {"name": "C58522: The correct image is displayed", "status": "passed", "start": 1731924537519, "stop": 1731924537552}], "attachments": [{"name": "stdout", "source": "8154e143-0ce7-4ad7-a4d2-065e926ae44f-attachment.txt", "type": "text/plain"}], "parameters": [{"name": "proxy_driver", "value": "'about_page_test_9'"}, {"name": "driver", "value": "'firefox'"}], "start": 1731924530437, "stop": 1731924537552, "uuid": "d9889173-183c-4e8e-8e5b-cfe186b75a9e", "historyId": "629495f968a1919736a1dab9a6146f37", "testCaseId": "6604f3249b7fa9a7af0e103bab10b894", "fullName": "Tests.test_AboutPage.TestAboutPage#test_9", "labels": [{"name": "severity", "value": "normal"}, {"name": "feature", "value": "About page"}, {"name": "tag", "value": "flaky(reruns=3, reruns_delay=1)"}, {"name": "parentSuite", "value": "Tests"}, {"name": "suite", "value": "test_AboutPage"}, {"name": "subSuite", "value": "TestAboutPage"}, {"name": "host", "value": "fv-az1149-102"}, {"name": "thread", "value": "1798-MainThread"}, {"name": "framework", "value": "pytest"}, {"name": "language", "value": "cpython3"}, {"name": "package", "value": "Tests.test_AboutPage"}], "links": [{"type": "tms", "url": "https://hedgehoglabqa.testrail.io/index.php?/cases/view/58522", "name": "C58522"}, {"type": "issue", "url": "https://hedgehog-lab.atlassian.net/browse/QP-356", "name": "Epic QP-356"}, {"type": "issue", "url": "https://hedgehog-lab.atlassian.net/browse/QP-266", "name": "Story QP-266"}]}