{"name": "Successful message send", "status": "failed", "statusDetails": {"message": "AssertionError: FAILURE: assert 'Full name: T...T9fnOWPl1\\r\\n' == 'Full name: J...: dHgFPJH\\r\\n'\n  \n  - Full name: Jeremy Wood\r\n  - Email address: firefox_jeffery30@example.org\r\n  - Your message: dHgFPJH\r\n  + Full name: Tyler Williams\r\n  + Email address: edge_wsosa@example.com\r\n  + Your message: BjN11m4cz6T9fnOWPl1\ntest_ContactPage.py:52 in test_2() -> with check, allure.step(\"Email is correct\"):\ntest_ContactPage.py:53 in test_2 -> assert actual_email == expected_email\nAssertionError: assert 'Full name: T...T9fnOWPl1\\r\\n' == 'Full name: J...: dHgFPJH\\r\\n'\n  \n  - Full name: Jeremy Wood\r\n  - Email address: firefox_jeffery30@example.org\r\n  - Your message: dHgFPJH\r\n  + Full name: Tyler Williams\r\n  + Email address: edge_wsosa@example.com\r\n  + Your message: BjN11m4cz6T9fnOWPl1\r\n\n\n------------------------------------------------------------\nFailed Checks: 1", "trace": "FAILURE: assert 'Full name: T...T9fnOWPl1\\r\\n' == 'Full name: J...: dHgFPJH\\r\\n'\n  \n  - Full name: Jeremy Wood\r\n  - Email address: firefox_jeffery30@example.org\r\n  - Your message: dHgFPJH\r\n  + Full name: Tyler Williams\r\n  + Email address: edge_wsosa@example.com\r\n  + Your message: BjN11m4cz6T9fnOWPl1\ntest_ContactPage.py:52 in test_2() -> with check, allure.step(\"Email is correct\"):\ntest_ContactPage.py:53 in test_2 -> assert actual_email == expected_email\nAssertionError: assert 'Full name: T...T9fnOWPl1\\r\\n' == 'Full name: J...: dHgFPJH\\r\\n'\n  \n  - Full name: Jeremy Wood\r\n  - Email address: firefox_jeffery30@example.org\r\n  - Your message: dHgFPJH\r\n  + Full name: Tyler Williams\r\n  + Email address: edge_wsosa@example.com\r\n  + Your message: BjN11m4cz6T9fnOWPl1\r\n\n\n------------------------------------------------------------\nFailed Checks: 1"}, "steps": [{"name": "Success message is visible", "status": "passed", "start": 1730447087098, "stop": 1730447087110}, {"name": "Email is correct", "status": "failed", "statusDetails": {"message": "AssertionError: assert 'Full name: T...T9fnOWPl1\\r\\n' == 'Full name: J...: dHgFPJH\\r\\n'\n  \n  - Full name: Jeremy Wood\r\n  - Email address: firefox_jeffery30@example.org\r\n  - Your message: dHgFPJH\r\n  + Full name: Tyler Williams\r\n  + Email address: edge_wsosa@example.com\r\n  + Your message: BjN11m4cz6T9fnOWPl1\r\n", "trace": "  File \"/home/runner/work/QUBA_WEB/QUBA_WEB/Tests/test_ContactPage.py\", line 53, in test_2\n    assert actual_email == expected_email\n"}, "start": 1730447087605, "stop": 1730447087605}], "attachments": [{"name": "stdout", "source": "c4d7ebc3-aa3b-42ca-8f83-a6ea1b897b47-attachment.txt", "type": "text/plain"}], "parameters": [{"name": "driver", "value": "'firefox'"}], "start": 1730447076675, "stop": 1730447087636, "uuid": "e59fb1bb-926e-485c-ae78-410cd3ec7dac", "historyId": "83892223d8f6dc11f91d0f3f5b4896cb", "testCaseId": "57f9fa933cde1d635b1cb9def516227a", "fullName": "Tests.test_ContactPage.TestContactPage#test_2", "labels": [{"name": "severity", "value": "critical"}, {"name": "feature", "value": "Contact page"}, {"name": "parentSuite", "value": "Tests"}, {"name": "suite", "value": "test_ContactPage"}, {"name": "subSuite", "value": "TestContactPage"}, {"name": "host", "value": "fv-az702-985"}, {"name": "thread", "value": "1738-MainThread"}, {"name": "framework", "value": "pytest"}, {"name": "language", "value": "cpython3"}, {"name": "package", "value": "Tests.test_ContactPage"}]}