{"name": "Check sections appearance", "status": "failed", "statusDetails": {"message": "AssertionError: FAILURE: assert False\n +  where False = <bound method HomePage.is_hero_banner_visible of <Pages.HomePage.HomePage object at 0x7f3679dcd990>>()\n +    where <bound method HomePage.is_hero_banner_visible of <Pages.HomePage.HomePage object at 0x7f3679dcd990>> = <Pages.HomePage.HomePage object at 0x7f3679dcd990>.is_hero_banner_visible\ntest_HomePage.py:59 in test_2() -> with check, allure.step(\"Check is Hero banner visible\"):\ntest_HomePage.py:60 in test_2 -> assert home_page_obj.is_hero_banner_visible()\nAssertionError: assert False\n +  where False = <bound method HomePage.is_hero_banner_visible of <Pages.HomePage.HomePage object at 0x7f3679dcd990>>()\n +    where <bound method HomePage.is_hero_banner_visible of <Pages.HomePage.HomePage object at 0x7f3679dcd990>> = <Pages.HomePage.HomePage object at 0x7f3679dcd990>.is_hero_banner_visible\n\n\nFAILURE: assert False\n +  where False = <bound method HomePage.is_hero_banner_visible of <Pages.HomePage.HomePage object at 0x7f3679dcd990>>()\n +    where <bound method HomePage.is_hero_banner_visible of <Pages.HomePage.HomePage object at 0x7f3679dcd990>> = <Pages.HomePage.HomePage object at 0x7f3679dcd990>.is_hero_banner_visible\nFAILURE: assert False\n +  where False = <bound method HomePage.is_site_carousel_section_visible of <Pages.HomePage.HomePage object at 0x7f3679dcd990>>()\n +    where <bound method HomePage.is_site_carousel_section_visible of <Pages.HomePage.HomePage object at 0x7f3679dcd990>> = <Pages.HomePage.HomePage object at 0x7f3679dcd990>.is_site_carousel_section_visible\nFAILURE: assert False\n +  where False = <bound method HomePage.is_event_carousel_section_visible of <Pages.HomePage.HomePage object at 0x7f3679dcd990>>()\n +    where <bound method HomePage.is_event_carousel_section_visible of <Pages.HomePage.HomePage object at 0x7f3679dcd990>> = <Pages.HomePage.HomePage object at 0x7f3679dcd990>.is_event_carousel_section_visible\n------------------------------------------------------------\nFailed Checks: 4", "trace": "FAILURE: assert False\n +  where False = <bound method HomePage.is_hero_banner_visible of <Pages.HomePage.HomePage object at 0x7f3679dcd990>>()\n +    where <bound method HomePage.is_hero_banner_visible of <Pages.HomePage.HomePage object at 0x7f3679dcd990>> = <Pages.HomePage.HomePage object at 0x7f3679dcd990>.is_hero_banner_visible\ntest_HomePage.py:59 in test_2() -> with check, allure.step(\"Check is Hero banner visible\"):\ntest_HomePage.py:60 in test_2 -> assert home_page_obj.is_hero_banner_visible()\nAssertionError: assert False\n +  where False = <bound method HomePage.is_hero_banner_visible of <Pages.HomePage.HomePage object at 0x7f3679dcd990>>()\n +    where <bound method HomePage.is_hero_banner_visible of <Pages.HomePage.HomePage object at 0x7f3679dcd990>> = <Pages.HomePage.HomePage object at 0x7f3679dcd990>.is_hero_banner_visible\n\n\nFAILURE: assert False\n +  where False = <bound method HomePage.is_hero_banner_visible of <Pages.HomePage.HomePage object at 0x7f3679dcd990>>()\n +    where <bound method HomePage.is_hero_banner_visible of <Pages.HomePage.HomePage object at 0x7f3679dcd990>> = <Pages.HomePage.HomePage object at 0x7f3679dcd990>.is_hero_banner_visible\nFAILURE: assert False\n +  where False = <bound method HomePage.is_site_carousel_section_visible of <Pages.HomePage.HomePage object at 0x7f3679dcd990>>()\n +    where <bound method HomePage.is_site_carousel_section_visible of <Pages.HomePage.HomePage object at 0x7f3679dcd990>> = <Pages.HomePage.HomePage object at 0x7f3679dcd990>.is_site_carousel_section_visible\nFAILURE: assert False\n +  where False = <bound method HomePage.is_event_carousel_section_visible of <Pages.HomePage.HomePage object at 0x7f3679dcd990>>()\n +    where <bound method HomePage.is_event_carousel_section_visible of <Pages.HomePage.HomePage object at 0x7f3679dcd990>> = <Pages.HomePage.HomePage object at 0x7f3679dcd990>.is_event_carousel_section_visible\n------------------------------------------------------------\nFailed Checks: 4"}, "steps": [{"name": "Check is navigation bar visible", "status": "passed", "start": 1732012808081, "stop": 1732012808140}, {"name": "Check is Hero banner visible", "status": "failed", "statusDetails": {"message": "AssertionError: assert False\n +  where False = <bound method HomePage.is_hero_banner_visible of <Pages.HomePage.HomePage object at 0x7f3679dcd990>>()\n +    where <bound method HomePage.is_hero_banner_visible of <Pages.HomePage.HomePage object at 0x7f3679dcd990>> = <Pages.HomePage.HomePage object at 0x7f3679dcd990>.is_hero_banner_visible\n", "trace": "  File \"/home/runner/work/QUBA_WEB/QUBA_WEB/Tests/test_HomePage.py\", line 60, in test_2\n    assert home_page_obj.is_hero_banner_visible()\n"}, "start": 1732012808140, "stop": 1732012808153}, {"name": "Check is App Download section visible", "status": "failed", "statusDetails": {"message": "AssertionError: assert False\n +  where False = <bound method HomePage.is_hero_banner_visible of <Pages.HomePage.HomePage object at 0x7f3679dcd990>>()\n +    where <bound method HomePage.is_hero_banner_visible of <Pages.HomePage.HomePage object at 0x7f3679dcd990>> = <Pages.HomePage.HomePage object at 0x7f3679dcd990>.is_hero_banner_visible\n", "trace": "  File \"/home/runner/work/QUBA_WEB/QUBA_WEB/Tests/test_HomePage.py\", line 62, in test_2\n    assert home_page_obj.is_hero_banner_visible()\n"}, "start": 1732012808156, "stop": 1732012808167}, {"name": "Check is Sites carousel visible", "status": "failed", "statusDetails": {"message": "AssertionError: assert False\n +  where False = <bound method HomePage.is_site_carousel_section_visible of <Pages.HomePage.HomePage object at 0x7f3679dcd990>>()\n +    where <bound method HomePage.is_site_carousel_section_visible of <Pages.HomePage.HomePage object at 0x7f3679dcd990>> = <Pages.HomePage.HomePage object at 0x7f3679dcd990>.is_site_carousel_section_visible\n", "trace": "  File \"/home/runner/work/QUBA_WEB/QUBA_WEB/Tests/test_HomePage.py\", line 64, in test_2\n    assert home_page_obj.is_site_carousel_section_visible()\n"}, "start": 1732012808167, "stop": 1732012808174}, {"name": "Check is Events carousel visible", "status": "failed", "statusDetails": {"message": "AssertionError: assert False\n +  where False = <bound method HomePage.is_event_carousel_section_visible of <Pages.HomePage.HomePage object at 0x7f3679dcd990>>()\n +    where <bound method HomePage.is_event_carousel_section_visible of <Pages.HomePage.HomePage object at 0x7f3679dcd990>> = <Pages.HomePage.HomePage object at 0x7f3679dcd990>.is_event_carousel_section_visible\n", "trace": "  File \"/home/runner/work/QUBA_WEB/QUBA_WEB/Tests/test_HomePage.py\", line 66, in test_2\n    assert home_page_obj.is_event_carousel_section_visible()\n"}, "start": 1732012808175, "stop": 1732012808182}, {"name": "Check is Footer visible", "status": "passed", "start": 1732012808182, "stop": 1732012808190}], "parameters": [{"name": "driver", "value": "'firefox'"}], "start": 1732012808081, "stop": 1732012808191, "uuid": "d680632e-4250-44a7-bc0d-56f8880a02bb", "historyId": "8868b3edf82232975dc5134917242b66", "testCaseId": "3c572a30072d130910de3c376f6098d0", "fullName": "Tests.test_HomePage.TestHomePage#test_2", "labels": [{"name": "severity", "value": "critical"}, {"name": "feature", "value": "Home page"}, {"name": "tag", "value": "flaky(reruns=3, reruns_delay=1)"}, {"name": "parentSuite", "value": "Tests"}, {"name": "suite", "value": "test_HomePage"}, {"name": "subSuite", "value": "TestHomePage"}, {"name": "host", "value": "fv-az849-188"}, {"name": "thread", "value": "1780-MainThread"}, {"name": "framework", "value": "pytest"}, {"name": "language", "value": "cpython3"}, {"name": "package", "value": "Tests.test_HomePage"}], "links": [{"type": "tms", "url": "https://hedgehoglabqa.testrail.io/index.php?/cases/view/58320", "name": "C58320"}, {"type": "issue", "url": "https://hedgehog-lab.atlassian.net/browse/QP-356", "name": "Epic QP-356"}, {"type": "issue", "url": "https://hedgehog-lab.atlassian.net/browse/QP-269", "name": "Story QP-269"}]}