{"name": "Saved site icon on site cards", "status": "failed", "statusDetails": {"message": "AssertionError: FAILURE: assert False\n +  where False = <bound method Sites.is_saved_site_icon_visible of <Pages.SitesPage.Sites object at 0x7f3e05e56250>>('Historic', 'مطعم جريلهاوس')\n +    where <bound method Sites.is_saved_site_icon_visible of <Pages.SitesPage.Sites object at 0x7f3e05e56250>> = <Pages.SitesPage.Sites object at 0x7f3e05e56250>.is_saved_site_icon_visible\ntest_Sites.py:349 in test_15() -> with check, allure.step(\"C58742: Site card has a saved site icon\"):\ntest_Sites.py:350 in test_15 -> assert sites_obj.is_saved_site_icon_visible(site_type, title)\nAssertionError: assert False\n +  where False = <bound method Sites.is_saved_site_icon_visible of <Pages.SitesPage.Sites object at 0x7f3e05e56250>>('Historic', 'مطعم جريلهاوس')\n +    where <bound method Sites.is_saved_site_icon_visible of <Pages.SitesPage.Sites object at 0x7f3e05e56250>> = <Pages.SitesPage.Sites object at 0x7f3e05e56250>.is_saved_site_icon_visible\n\n\n------------------------------------------------------------\nFailed Checks: 1", "trace": "FAILURE: assert False\n +  where False = <bound method Sites.is_saved_site_icon_visible of <Pages.SitesPage.Sites object at 0x7f3e05e56250>>('Historic', 'مطعم جريلهاوس')\n +    where <bound method Sites.is_saved_site_icon_visible of <Pages.SitesPage.Sites object at 0x7f3e05e56250>> = <Pages.SitesPage.Sites object at 0x7f3e05e56250>.is_saved_site_icon_visible\ntest_Sites.py:349 in test_15() -> with check, allure.step(\"C58742: Site card has a saved site icon\"):\ntest_Sites.py:350 in test_15 -> assert sites_obj.is_saved_site_icon_visible(site_type, title)\nAssertionError: assert False\n +  where False = <bound method Sites.is_saved_site_icon_visible of <Pages.SitesPage.Sites object at 0x7f3e05e56250>>('Historic', 'مطعم جريلهاوس')\n +    where <bound method Sites.is_saved_site_icon_visible of <Pages.SitesPage.Sites object at 0x7f3e05e56250>> = <Pages.SitesPage.Sites object at 0x7f3e05e56250>.is_saved_site_icon_visible\n\n\n------------------------------------------------------------\nFailed Checks: 1"}, "steps": [{"name": "C58742: Site card does not have a saved site icon", "status": "passed", "start": 1733726355703, "stop": 1733726365711}, {"name": "C58742: Site card does not have a saved site icon", "status": "passed", "start": 1733726365711, "stop": 1733726375713}, {"name": "C58742: Site card does not have a saved site icon", "status": "passed", "start": 1733726375713, "stop": 1733726385725}, {"name": "C58742: Site card does not have a saved site icon", "status": "passed", "start": 1733726385725, "stop": 1733726395735}, {"name": "C58742: Site card does not have a saved site icon", "status": "passed", "start": 1733726395735, "stop": 1733726405740}, {"name": "C58742: Site card does not have a saved site icon", "status": "passed", "start": 1733726405740, "stop": 1733726415752}, {"name": "C58742: Site card has a saved site icon", "status": "failed", "statusDetails": {"message": "AssertionError: assert False\n +  where False = <bound method Sites.is_saved_site_icon_visible of <Pages.SitesPage.Sites object at 0x7f3e05e56250>>('Historic', 'مطعم جريلهاوس')\n +    where <bound method Sites.is_saved_site_icon_visible of <Pages.SitesPage.Sites object at 0x7f3e05e56250>> = <Pages.SitesPage.Sites object at 0x7f3e05e56250>.is_saved_site_icon_visible\n", "trace": "  File \"/home/runner/work/QUBA_WEB/QUBA_WEB/Tests/test_Sites.py\", line 350, in test_15\n    assert sites_obj.is_saved_site_icon_visible(site_type, title)\n"}, "start": 1733726415752, "stop": 1733726425756}, {"name": "C58742: Site card does not have a saved site icon", "status": "passed", "start": 1733726425757, "stop": 1733726435765}], "parameters": [{"name": "site_type", "value": "'Historic'"}, {"name": "driver", "value": "'firefox'"}], "start": 1733726355306, "stop": 1733726438578, "uuid": "236afd50-ec04-45cb-9144-bc6aa5e05632", "historyId": "323521c308b996fee897c483b8a39a10", "testCaseId": "2c15ef8e1e3ad86fc30f9cca009762f6", "fullName": "Tests.test_Sites.TestSites#test_15", "labels": [{"name": "severity", "value": "normal"}, {"name": "feature", "value": "Sites"}, {"name": "tag", "value": "flaky(reruns=3, reruns_delay=1)"}, {"name": "parentSuite", "value": "Tests"}, {"name": "suite", "value": "test_Sites"}, {"name": "subSuite", "value": "TestSites"}, {"name": "host", "value": "fv-az1337-355"}, {"name": "thread", "value": "1944-MainThread"}, {"name": "framework", "value": "pytest"}, {"name": "language", "value": "cpython3"}, {"name": "package", "value": "Tests.test_Sites"}], "links": [{"type": "tms", "url": "https://hedgehoglabqa.testrail.io/index.php?/cases/view/58742", "name": "C58742"}, {"type": "issue", "url": "https://hedgehog-lab.atlassian.net/browse/QP-356", "name": "Epic QP-356"}, {"type": "issue", "url": "https://hedgehog-lab.atlassian.net/browse/QP-383", "name": "Story QP-383"}]}