{"name": "Saved site icon on site cards", "status": "failed", "statusDetails": {"message": "AssertionError: FAILURE: assert False\n +  where False = <bound method Sites.is_saved_site_icon_visible of <Pages.SitesPage.Sites object at 0x7f779f5ff910>>('Historic', 'مسجد بني أنيف')\n +    where <bound method Sites.is_saved_site_icon_visible of <Pages.SitesPage.Sites object at 0x7f779f5ff910>> = <Pages.SitesPage.Sites object at 0x7f779f5ff910>.is_saved_site_icon_visible\ntest_Sites.py:349 in test_15() -> with check, allure.step(\"C58742: Site card has a saved site icon\"):\ntest_Sites.py:350 in test_15 -> assert sites_obj.is_saved_site_icon_visible(site_type, title)\nAssertionError: assert False\n +  where False = <bound method Sites.is_saved_site_icon_visible of <Pages.SitesPage.Sites object at 0x7f779f5ff910>>('Historic', 'مسجد بني أنيف')\n +    where <bound method Sites.is_saved_site_icon_visible of <Pages.SitesPage.Sites object at 0x7f779f5ff910>> = <Pages.SitesPage.Sites object at 0x7f779f5ff910>.is_saved_site_icon_visible\n\n\n------------------------------------------------------------\nFailed Checks: 1", "trace": "FAILURE: assert False\n +  where False = <bound method Sites.is_saved_site_icon_visible of <Pages.SitesPage.Sites object at 0x7f779f5ff910>>('Historic', 'مسجد بني أنيف')\n +    where <bound method Sites.is_saved_site_icon_visible of <Pages.SitesPage.Sites object at 0x7f779f5ff910>> = <Pages.SitesPage.Sites object at 0x7f779f5ff910>.is_saved_site_icon_visible\ntest_Sites.py:349 in test_15() -> with check, allure.step(\"C58742: Site card has a saved site icon\"):\ntest_Sites.py:350 in test_15 -> assert sites_obj.is_saved_site_icon_visible(site_type, title)\nAssertionError: assert False\n +  where False = <bound method Sites.is_saved_site_icon_visible of <Pages.SitesPage.Sites object at 0x7f779f5ff910>>('Historic', 'مسجد بني أنيف')\n +    where <bound method Sites.is_saved_site_icon_visible of <Pages.SitesPage.Sites object at 0x7f779f5ff910>> = <Pages.SitesPage.Sites object at 0x7f779f5ff910>.is_saved_site_icon_visible\n\n\n------------------------------------------------------------\nFailed Checks: 1"}, "steps": [{"name": "C58742: Site card does not have a saved site icon", "status": "passed", "start": 1733630491326, "stop": 1733630501335}, {"name": "C58742: Site card does not have a saved site icon", "status": "passed", "start": 1733630501335, "stop": 1733630511340}, {"name": "C58742: Site card does not have a saved site icon", "status": "passed", "start": 1733630511340, "stop": 1733630521346}, {"name": "C58742: Site card does not have a saved site icon", "status": "passed", "start": 1733630521346, "stop": 1733630531355}, {"name": "C58742: Site card does not have a saved site icon", "status": "passed", "start": 1733630531355, "stop": 1733630541359}, {"name": "C58742: Site card has a saved site icon", "status": "failed", "statusDetails": {"message": "AssertionError: assert False\n +  where False = <bound method Sites.is_saved_site_icon_visible of <Pages.SitesPage.Sites object at 0x7f779f5ff910>>('Historic', 'مسجد بني أنيف')\n +    where <bound method Sites.is_saved_site_icon_visible of <Pages.SitesPage.Sites object at 0x7f779f5ff910>> = <Pages.SitesPage.Sites object at 0x7f779f5ff910>.is_saved_site_icon_visible\n", "trace": "  File \"/home/runner/work/QUBA_WEB/QUBA_WEB/Tests/test_Sites.py\", line 350, in test_15\n    assert sites_obj.is_saved_site_icon_visible(site_type, title)\n"}, "start": 1733630541360, "stop": 1733630551361}, {"name": "C58742: Site card does not have a saved site icon", "status": "passed", "start": 1733630551363, "stop": 1733630561373}, {"name": "C58742: Site card does not have a saved site icon", "status": "passed", "start": 1733630561373, "stop": 1733630571378}], "parameters": [{"name": "site_type", "value": "'Historic'"}, {"name": "driver", "value": "'firefox'"}], "start": 1733630491067, "stop": 1733630573686, "uuid": "e1fbbb30-af66-4188-b086-6d2bb552a408", "historyId": "323521c308b996fee897c483b8a39a10", "testCaseId": "2c15ef8e1e3ad86fc30f9cca009762f6", "fullName": "Tests.test_Sites.TestSites#test_15", "labels": [{"name": "feature", "value": "Sites"}, {"name": "severity", "value": "normal"}, {"name": "tag", "value": "flaky(reruns=3, reruns_delay=1)"}, {"name": "parentSuite", "value": "Tests"}, {"name": "suite", "value": "test_Sites"}, {"name": "subSuite", "value": "TestSites"}, {"name": "host", "value": "fv-az1120-212"}, {"name": "thread", "value": "1985-MainThread"}, {"name": "framework", "value": "pytest"}, {"name": "language", "value": "cpython3"}, {"name": "package", "value": "Tests.test_Sites"}], "links": [{"type": "tms", "url": "https://hedgehoglabqa.testrail.io/index.php?/cases/view/58742", "name": "C58742"}, {"type": "issue", "url": "https://hedgehog-lab.atlassian.net/browse/QP-356", "name": "Epic QP-356"}, {"type": "issue", "url": "https://hedgehog-lab.atlassian.net/browse/QP-383", "name": "Story QP-383"}]}