{"name": "Check sections appearance", "status": "failed", "statusDetails": {"message": "AssertionError: FAILURE: assert False\n +  where False = <bound method HomePage.is_hero_banner_visible of <Pages.HomePage.HomePage object at 0x7fd0e94afe90>>()\n +    where <bound method HomePage.is_hero_banner_visible of <Pages.HomePage.HomePage object at 0x7fd0e94afe90>> = <Pages.HomePage.HomePage object at 0x7fd0e94afe90>.is_hero_banner_visible\ntest_HomePage.py:49 in test_2() -> with check, allure.step(\"Check is Hero banner visible\"):\ntest_HomePage.py:50 in test_2 -> assert home_page_obj.is_hero_banner_visible()\nAssertionError: assert False\n +  where False = <bound method HomePage.is_hero_banner_visible of <Pages.HomePage.HomePage object at 0x7fd0e94afe90>>()\n +    where <bound method HomePage.is_hero_banner_visible of <Pages.HomePage.HomePage object at 0x7fd0e94afe90>> = <Pages.HomePage.HomePage object at 0x7fd0e94afe90>.is_hero_banner_visible\n\n\nFAILURE: assert False\n +  where False = <bound method HomePage.is_hero_banner_visible of <Pages.HomePage.HomePage object at 0x7fd0e94afe90>>()\n +    where <bound method HomePage.is_hero_banner_visible of <Pages.HomePage.HomePage object at 0x7fd0e94afe90>> = <Pages.HomePage.HomePage object at 0x7fd0e94afe90>.is_hero_banner_visible\nFAILURE: assert False\n +  where False = <bound method HomePage.is_site_carousel_section_visible of <Pages.HomePage.HomePage object at 0x7fd0e94afe90>>()\n +    where <bound method HomePage.is_site_carousel_section_visible of <Pages.HomePage.HomePage object at 0x7fd0e94afe90>> = <Pages.HomePage.HomePage object at 0x7fd0e94afe90>.is_site_carousel_section_visible\nFAILURE: assert False\n +  where False = <bound method HomePage.is_event_carousel_section_visible of <Pages.HomePage.HomePage object at 0x7fd0e94afe90>>()\n +    where <bound method HomePage.is_event_carousel_section_visible of <Pages.HomePage.HomePage object at 0x7fd0e94afe90>> = <Pages.HomePage.HomePage object at 0x7fd0e94afe90>.is_event_carousel_section_visible\n------------------------------------------------------------\nFailed Checks: 4", "trace": "FAILURE: assert False\n +  where False = <bound method HomePage.is_hero_banner_visible of <Pages.HomePage.HomePage object at 0x7fd0e94afe90>>()\n +    where <bound method HomePage.is_hero_banner_visible of <Pages.HomePage.HomePage object at 0x7fd0e94afe90>> = <Pages.HomePage.HomePage object at 0x7fd0e94afe90>.is_hero_banner_visible\ntest_HomePage.py:49 in test_2() -> with check, allure.step(\"Check is Hero banner visible\"):\ntest_HomePage.py:50 in test_2 -> assert home_page_obj.is_hero_banner_visible()\nAssertionError: assert False\n +  where False = <bound method HomePage.is_hero_banner_visible of <Pages.HomePage.HomePage object at 0x7fd0e94afe90>>()\n +    where <bound method HomePage.is_hero_banner_visible of <Pages.HomePage.HomePage object at 0x7fd0e94afe90>> = <Pages.HomePage.HomePage object at 0x7fd0e94afe90>.is_hero_banner_visible\n\n\nFAILURE: assert False\n +  where False = <bound method HomePage.is_hero_banner_visible of <Pages.HomePage.HomePage object at 0x7fd0e94afe90>>()\n +    where <bound method HomePage.is_hero_banner_visible of <Pages.HomePage.HomePage object at 0x7fd0e94afe90>> = <Pages.HomePage.HomePage object at 0x7fd0e94afe90>.is_hero_banner_visible\nFAILURE: assert False\n +  where False = <bound method HomePage.is_site_carousel_section_visible of <Pages.HomePage.HomePage object at 0x7fd0e94afe90>>()\n +    where <bound method HomePage.is_site_carousel_section_visible of <Pages.HomePage.HomePage object at 0x7fd0e94afe90>> = <Pages.HomePage.HomePage object at 0x7fd0e94afe90>.is_site_carousel_section_visible\nFAILURE: assert False\n +  where False = <bound method HomePage.is_event_carousel_section_visible of <Pages.HomePage.HomePage object at 0x7fd0e94afe90>>()\n +    where <bound method HomePage.is_event_carousel_section_visible of <Pages.HomePage.HomePage object at 0x7fd0e94afe90>> = <Pages.HomePage.HomePage object at 0x7fd0e94afe90>.is_event_carousel_section_visible\n------------------------------------------------------------\nFailed Checks: 4"}, "steps": [{"name": "Check is navigation bar visible", "status": "passed", "start": 1733992494460, "stop": 1733992494511}, {"name": "Check is Hero banner visible", "status": "failed", "statusDetails": {"message": "AssertionError: assert False\n +  where False = <bound method HomePage.is_hero_banner_visible of <Pages.HomePage.HomePage object at 0x7fd0e94afe90>>()\n +    where <bound method HomePage.is_hero_banner_visible of <Pages.HomePage.HomePage object at 0x7fd0e94afe90>> = <Pages.HomePage.HomePage object at 0x7fd0e94afe90>.is_hero_banner_visible\n", "trace": "  File \"/home/runner/work/QUBA_WEB/QUBA_WEB/Tests/test_HomePage.py\", line 50, in test_2\n    assert home_page_obj.is_hero_banner_visible()\n"}, "start": 1733992494511, "stop": 1733992494523}, {"name": "Check is App Download section visible", "status": "failed", "statusDetails": {"message": "AssertionError: assert False\n +  where False = <bound method HomePage.is_hero_banner_visible of <Pages.HomePage.HomePage object at 0x7fd0e94afe90>>()\n +    where <bound method HomePage.is_hero_banner_visible of <Pages.HomePage.HomePage object at 0x7fd0e94afe90>> = <Pages.HomePage.HomePage object at 0x7fd0e94afe90>.is_hero_banner_visible\n", "trace": "  File \"/home/runner/work/QUBA_WEB/QUBA_WEB/Tests/test_HomePage.py\", line 52, in test_2\n    assert home_page_obj.is_hero_banner_visible()\n"}, "start": 1733992494528, "stop": 1733992494537}, {"name": "Check is Sites carousel visible", "status": "failed", "statusDetails": {"message": "AssertionError: assert False\n +  where False = <bound method HomePage.is_site_carousel_section_visible of <Pages.HomePage.HomePage object at 0x7fd0e94afe90>>()\n +    where <bound method HomePage.is_site_carousel_section_visible of <Pages.HomePage.HomePage object at 0x7fd0e94afe90>> = <Pages.HomePage.HomePage object at 0x7fd0e94afe90>.is_site_carousel_section_visible\n", "trace": "  File \"/home/runner/work/QUBA_WEB/QUBA_WEB/Tests/test_HomePage.py\", line 54, in test_2\n    assert home_page_obj.is_site_carousel_section_visible()\n"}, "start": 1733992494537, "stop": 1733992494544}, {"name": "Check is Events carousel visible", "status": "failed", "statusDetails": {"message": "AssertionError: assert False\n +  where False = <bound method HomePage.is_event_carousel_section_visible of <Pages.HomePage.HomePage object at 0x7fd0e94afe90>>()\n +    where <bound method HomePage.is_event_carousel_section_visible of <Pages.HomePage.HomePage object at 0x7fd0e94afe90>> = <Pages.HomePage.HomePage object at 0x7fd0e94afe90>.is_event_carousel_section_visible\n", "trace": "  File \"/home/runner/work/QUBA_WEB/QUBA_WEB/Tests/test_HomePage.py\", line 56, in test_2\n    assert home_page_obj.is_event_carousel_section_visible()\n"}, "start": 1733992494544, "stop": 1733992494550}, {"name": "Check is Footer visible", "status": "passed", "start": 1733992494551, "stop": 1733992494558}], "parameters": [{"name": "driver", "value": "'firefox'"}], "start": 1733992494460, "stop": 1733992494558, "uuid": "138d00a6-3280-487d-b570-cdb6d58b1b04", "historyId": "8868b3edf82232975dc5134917242b66", "testCaseId": "3c572a30072d130910de3c376f6098d0", "fullName": "Tests.test_HomePage.TestHomePage#test_2", "labels": [{"name": "feature", "value": "Home page"}, {"name": "severity", "value": "critical"}, {"name": "tag", "value": "flaky(reruns=3, reruns_delay=1)"}, {"name": "parentSuite", "value": "Tests"}, {"name": "suite", "value": "test_HomePage"}, {"name": "subSuite", "value": "TestHomePage"}, {"name": "host", "value": "fv-az1758-516"}, {"name": "thread", "value": "1914-MainThread"}, {"name": "framework", "value": "pytest"}, {"name": "language", "value": "cpython3"}, {"name": "package", "value": "Tests.test_HomePage"}], "links": [{"type": "tms", "url": "https://hedgehoglabqa.testrail.io/index.php?/cases/view/58320", "name": "C58320"}, {"type": "issue", "url": "https://hedgehog-lab.atlassian.net/browse/QP-356", "name": "Epic QP-356"}, {"type": "issue", "url": "https://hedgehog-lab.atlassian.net/browse/QP-269", "name": "Story QP-269"}]}