{"name": "Saved site icon on site cards", "status": "failed", "statusDetails": {"message": "AssertionError: FAILURE: assert False\n +  where False = <bound method Sites.is_saved_site_icon_visible of <Pages.SitesPage.Sites object at 0x10365b8d0>>('Historic', 'مطعم جريلهاوس')\n +    where <bound method Sites.is_saved_site_icon_visible of <Pages.SitesPage.Sites object at 0x10365b8d0>> = <Pages.SitesPage.Sites object at 0x10365b8d0>.is_saved_site_icon_visible\ntest_Sites.py:349 in test_15() -> with check, allure.step(\"C58742: Site card has a saved site icon\"):\ntest_Sites.py:350 in test_15 -> assert sites_obj.is_saved_site_icon_visible(site_type, title)\nAssertionError: assert False\n +  where False = <bound method Sites.is_saved_site_icon_visible of <Pages.SitesPage.Sites object at 0x10365b8d0>>('Historic', 'مطعم جريلهاوس')\n +    where <bound method Sites.is_saved_site_icon_visible of <Pages.SitesPage.Sites object at 0x10365b8d0>> = <Pages.SitesPage.Sites object at 0x10365b8d0>.is_saved_site_icon_visible\n\n\n------------------------------------------------------------\nFailed Checks: 1", "trace": "FAILURE: assert False\n +  where False = <bound method Sites.is_saved_site_icon_visible of <Pages.SitesPage.Sites object at 0x10365b8d0>>('Historic', 'مطعم جريلهاوس')\n +    where <bound method Sites.is_saved_site_icon_visible of <Pages.SitesPage.Sites object at 0x10365b8d0>> = <Pages.SitesPage.Sites object at 0x10365b8d0>.is_saved_site_icon_visible\ntest_Sites.py:349 in test_15() -> with check, allure.step(\"C58742: Site card has a saved site icon\"):\ntest_Sites.py:350 in test_15 -> assert sites_obj.is_saved_site_icon_visible(site_type, title)\nAssertionError: assert False\n +  where False = <bound method Sites.is_saved_site_icon_visible of <Pages.SitesPage.Sites object at 0x10365b8d0>>('Historic', 'مطعم جريلهاوس')\n +    where <bound method Sites.is_saved_site_icon_visible of <Pages.SitesPage.Sites object at 0x10365b8d0>> = <Pages.SitesPage.Sites object at 0x10365b8d0>.is_saved_site_icon_visible\n\n\n------------------------------------------------------------\nFailed Checks: 1"}, "steps": [{"name": "C58742: Site card does not have a saved site icon", "status": "passed", "start": 1733726508149, "stop": 1733726518108}, {"name": "C58742: Site card does not have a saved site icon", "status": "passed", "start": 1733726518108, "stop": 1733726528114}, {"name": "C58742: Site card does not have a saved site icon", "status": "passed", "start": 1733726528114, "stop": 1733726538113}, {"name": "C58742: Site card does not have a saved site icon", "status": "passed", "start": 1733726538113, "stop": 1733726548088}, {"name": "C58742: Site card does not have a saved site icon", "status": "passed", "start": 1733726548088, "stop": 1733726558093}, {"name": "C58742: Site card does not have a saved site icon", "status": "passed", "start": 1733726558093, "stop": 1733726568318}, {"name": "C58742: Site card has a saved site icon", "status": "failed", "statusDetails": {"message": "AssertionError: assert False\n +  where False = <bound method Sites.is_saved_site_icon_visible of <Pages.SitesPage.Sites object at 0x10365b8d0>>('Historic', 'مطعم جريلهاوس')\n +    where <bound method Sites.is_saved_site_icon_visible of <Pages.SitesPage.Sites object at 0x10365b8d0>> = <Pages.SitesPage.Sites object at 0x10365b8d0>.is_saved_site_icon_visible\n", "trace": "  File \"/Users/runner/work/QUBA_WEB/QUBA_WEB/Tests/test_Sites.py\", line 350, in test_15\n    assert sites_obj.is_saved_site_icon_visible(site_type, title)\n"}, "start": 1733726568318, "stop": 1733726578319}, {"name": "C58742: Site card does not have a saved site icon", "status": "passed", "start": 1733726578328, "stop": 1733726588303}], "parameters": [{"name": "site_type", "value": "'Historic'"}, {"name": "driver", "value": "'safari'"}], "start": 1733726507812, "stop": 1733726589261, "uuid": "8d40503d-db47-40e3-bfaa-2aa207e0dd86", "historyId": "51df5ac076b4d6b185c3df0da957fd84", "testCaseId": "2c15ef8e1e3ad86fc30f9cca009762f6", "fullName": "Tests.test_Sites.TestSites#test_15", "labels": [{"name": "feature", "value": "Sites"}, {"name": "severity", "value": "normal"}, {"name": "tag", "value": "flaky(reruns=3, reruns_delay=1)"}, {"name": "parentSuite", "value": "Tests"}, {"name": "suite", "value": "test_Sites"}, {"name": "subSuite", "value": "TestSites"}, {"name": "host", "value": "Mac-1733723828397.local"}, {"name": "thread", "value": "2344-MainThread"}, {"name": "framework", "value": "pytest"}, {"name": "language", "value": "cpython3"}, {"name": "package", "value": "Tests.test_Sites"}], "links": [{"type": "tms", "url": "https://hedgehoglabqa.testrail.io/index.php?/cases/view/58742", "name": "C58742"}, {"type": "issue", "url": "https://hedgehog-lab.atlassian.net/browse/QP-356", "name": "Epic QP-356"}, {"type": "issue", "url": "https://hedgehog-lab.atlassian.net/browse/QP-383", "name": "Story QP-383"}]}