{"name": "Check sections appearance", "status": "failed", "statusDetails": {"message": "AssertionError: FAILURE: assert False\n +  where False = <bound method HomePage.is_hero_banner_visible of <Pages.HomePage.HomePage object at 0x105552890>>()\n +    where <bound method HomePage.is_hero_banner_visible of <Pages.HomePage.HomePage object at 0x105552890>> = <Pages.HomePage.HomePage object at 0x105552890>.is_hero_banner_visible\ntest_HomePage.py:59 in test_2() -> with check, allure.step(\"Check is Hero banner visible\"):\ntest_HomePage.py:60 in test_2 -> assert home_page_obj.is_hero_banner_visible()\nAssertionError: assert False\n +  where False = <bound method HomePage.is_hero_banner_visible of <Pages.HomePage.HomePage object at 0x105552890>>()\n +    where <bound method HomePage.is_hero_banner_visible of <Pages.HomePage.HomePage object at 0x105552890>> = <Pages.HomePage.HomePage object at 0x105552890>.is_hero_banner_visible\n\n\nFAILURE: assert False\n +  where False = <bound method HomePage.is_hero_banner_visible of <Pages.HomePage.HomePage object at 0x105552890>>()\n +    where <bound method HomePage.is_hero_banner_visible of <Pages.HomePage.HomePage object at 0x105552890>> = <Pages.HomePage.HomePage object at 0x105552890>.is_hero_banner_visible\nFAILURE: assert False\n +  where False = <bound method HomePage.is_site_carousel_section_visible of <Pages.HomePage.HomePage object at 0x105552890>>()\n +    where <bound method HomePage.is_site_carousel_section_visible of <Pages.HomePage.HomePage object at 0x105552890>> = <Pages.HomePage.HomePage object at 0x105552890>.is_site_carousel_section_visible\nFAILURE: assert False\n +  where False = <bound method HomePage.is_event_carousel_section_visible of <Pages.HomePage.HomePage object at 0x105552890>>()\n +    where <bound method HomePage.is_event_carousel_section_visible of <Pages.HomePage.HomePage object at 0x105552890>> = <Pages.HomePage.HomePage object at 0x105552890>.is_event_carousel_section_visible\n------------------------------------------------------------\nFailed Checks: 4", "trace": "FAILURE: assert False\n +  where False = <bound method HomePage.is_hero_banner_visible of <Pages.HomePage.HomePage object at 0x105552890>>()\n +    where <bound method HomePage.is_hero_banner_visible of <Pages.HomePage.HomePage object at 0x105552890>> = <Pages.HomePage.HomePage object at 0x105552890>.is_hero_banner_visible\ntest_HomePage.py:59 in test_2() -> with check, allure.step(\"Check is Hero banner visible\"):\ntest_HomePage.py:60 in test_2 -> assert home_page_obj.is_hero_banner_visible()\nAssertionError: assert False\n +  where False = <bound method HomePage.is_hero_banner_visible of <Pages.HomePage.HomePage object at 0x105552890>>()\n +    where <bound method HomePage.is_hero_banner_visible of <Pages.HomePage.HomePage object at 0x105552890>> = <Pages.HomePage.HomePage object at 0x105552890>.is_hero_banner_visible\n\n\nFAILURE: assert False\n +  where False = <bound method HomePage.is_hero_banner_visible of <Pages.HomePage.HomePage object at 0x105552890>>()\n +    where <bound method HomePage.is_hero_banner_visible of <Pages.HomePage.HomePage object at 0x105552890>> = <Pages.HomePage.HomePage object at 0x105552890>.is_hero_banner_visible\nFAILURE: assert False\n +  where False = <bound method HomePage.is_site_carousel_section_visible of <Pages.HomePage.HomePage object at 0x105552890>>()\n +    where <bound method HomePage.is_site_carousel_section_visible of <Pages.HomePage.HomePage object at 0x105552890>> = <Pages.HomePage.HomePage object at 0x105552890>.is_site_carousel_section_visible\nFAILURE: assert False\n +  where False = <bound method HomePage.is_event_carousel_section_visible of <Pages.HomePage.HomePage object at 0x105552890>>()\n +    where <bound method HomePage.is_event_carousel_section_visible of <Pages.HomePage.HomePage object at 0x105552890>> = <Pages.HomePage.HomePage object at 0x105552890>.is_event_carousel_section_visible\n------------------------------------------------------------\nFailed Checks: 4"}, "steps": [{"name": "Check is navigation bar visible", "status": "passed", "start": 1732012800325, "stop": 1732012800357}, {"name": "Check is Hero banner visible", "status": "failed", "statusDetails": {"message": "AssertionError: assert False\n +  where False = <bound method HomePage.is_hero_banner_visible of <Pages.HomePage.HomePage object at 0x105552890>>()\n +    where <bound method HomePage.is_hero_banner_visible of <Pages.HomePage.HomePage object at 0x105552890>> = <Pages.HomePage.HomePage object at 0x105552890>.is_hero_banner_visible\n", "trace": "  File \"/Users/runner/work/QUBA_WEB/QUBA_WEB/Tests/test_HomePage.py\", line 60, in test_2\n    assert home_page_obj.is_hero_banner_visible()\n"}, "start": 1732012800358, "stop": 1732012800363}, {"name": "Check is App Download section visible", "status": "failed", "statusDetails": {"message": "AssertionError: assert False\n +  where False = <bound method HomePage.is_hero_banner_visible of <Pages.HomePage.HomePage object at 0x105552890>>()\n +    where <bound method HomePage.is_hero_banner_visible of <Pages.HomePage.HomePage object at 0x105552890>> = <Pages.HomePage.HomePage object at 0x105552890>.is_hero_banner_visible\n", "trace": "  File \"/Users/runner/work/QUBA_WEB/QUBA_WEB/Tests/test_HomePage.py\", line 62, in test_2\n    assert home_page_obj.is_hero_banner_visible()\n"}, "start": 1732012800371, "stop": 1732012800375}, {"name": "Check is Sites carousel visible", "status": "failed", "statusDetails": {"message": "AssertionError: assert False\n +  where False = <bound method HomePage.is_site_carousel_section_visible of <Pages.HomePage.HomePage object at 0x105552890>>()\n +    where <bound method HomePage.is_site_carousel_section_visible of <Pages.HomePage.HomePage object at 0x105552890>> = <Pages.HomePage.HomePage object at 0x105552890>.is_site_carousel_section_visible\n", "trace": "  File \"/Users/runner/work/QUBA_WEB/QUBA_WEB/Tests/test_HomePage.py\", line 64, in test_2\n    assert home_page_obj.is_site_carousel_section_visible()\n"}, "start": 1732012800376, "stop": 1732012800380}, {"name": "Check is Events carousel visible", "status": "failed", "statusDetails": {"message": "AssertionError: assert False\n +  where False = <bound method HomePage.is_event_carousel_section_visible of <Pages.HomePage.HomePage object at 0x105552890>>()\n +    where <bound method HomePage.is_event_carousel_section_visible of <Pages.HomePage.HomePage object at 0x105552890>> = <Pages.HomePage.HomePage object at 0x105552890>.is_event_carousel_section_visible\n", "trace": "  File \"/Users/runner/work/QUBA_WEB/QUBA_WEB/Tests/test_HomePage.py\", line 66, in test_2\n    assert home_page_obj.is_event_carousel_section_visible()\n"}, "start": 1732012800381, "stop": 1732012800386}, {"name": "Check is Footer visible", "status": "passed", "start": 1732012800386, "stop": 1732012800390}], "parameters": [{"name": "driver", "value": "'safari'"}], "start": 1732012800325, "stop": 1732012800390, "uuid": "2715f994-75e8-4242-b2eb-4d21a1b2419a", "historyId": "87327174d7e9ea1a36f5e3547c5c693f", "testCaseId": "3c572a30072d130910de3c376f6098d0", "fullName": "Tests.test_HomePage.TestHomePage#test_2", "labels": [{"name": "feature", "value": "Home page"}, {"name": "severity", "value": "critical"}, {"name": "tag", "value": "flaky(reruns=3, reruns_delay=1)"}, {"name": "parentSuite", "value": "Tests"}, {"name": "suite", "value": "test_HomePage"}, {"name": "subSuite", "value": "TestHomePage"}, {"name": "host", "value": "Mac-1732012197771.local"}, {"name": "thread", "value": "1874-MainThread"}, {"name": "framework", "value": "pytest"}, {"name": "language", "value": "cpython3"}, {"name": "package", "value": "Tests.test_HomePage"}], "links": [{"type": "tms", "url": "https://hedgehoglabqa.testrail.io/index.php?/cases/view/58320", "name": "C58320"}, {"type": "issue", "url": "https://hedgehog-lab.atlassian.net/browse/QP-356", "name": "Epic QP-356"}, {"type": "issue", "url": "https://hedgehog-lab.atlassian.net/browse/QP-269", "name": "Story QP-269"}]}