{"name": "About page appearance", "status": "failed", "statusDetails": {"message": "AssertionError: FAILURE: assert False\n +  where False = <bound method AboutPage.is_heading_visible of <Pages.AboutPage.AboutPage object at 0x103a82810>>()\n +    where <bound method AboutPage.is_heading_visible of <Pages.AboutPage.AboutPage object at 0x103a82810>> = <Pages.AboutPage.AboutPage object at 0x103a82810>.is_heading_visible\ntest_AboutPage.py:41 in test_2() -> with check, allure.step(\"C58512: Page heading is visible\"):\ntest_AboutPage.py:42 in test_2 -> assert about_page_obj.is_heading_visible()\nAssertionError: assert False\n +  where False = <bound method AboutPage.is_heading_visible of <Pages.AboutPage.AboutPage object at 0x103a82810>>()\n +    where <bound method AboutPage.is_heading_visible of <Pages.AboutPage.AboutPage object at 0x103a82810>> = <Pages.AboutPage.AboutPage object at 0x103a82810>.is_heading_visible\n\n\nFAILURE: assert False\n +  where False = <bound method AboutPage.is_themes_section_visible of <Pages.AboutPage.AboutPage object at 0x103a82810>>()\n +    where <bound method AboutPage.is_themes_section_visible of <Pages.AboutPage.AboutPage object at 0x103a82810>> = <Pages.AboutPage.AboutPage object at 0x103a82810>.is_themes_section_visible\nFAILURE: assert False\n +  where False = <bound method AboutPage.is_image_gallery_visible of <Pages.AboutPage.AboutPage object at 0x103a82810>>()\n +    where <bound method AboutPage.is_image_gallery_visible of <Pages.AboutPage.AboutPage object at 0x103a82810>> = <Pages.AboutPage.AboutPage object at 0x103a82810>.is_image_gallery_visible\nFAILURE: assert False\n +  where False = <bound method AboutPage.is_faq_section_visible of <Pages.AboutPage.AboutPage object at 0x103a82810>>()\n +    where <bound method AboutPage.is_faq_section_visible of <Pages.AboutPage.AboutPage object at 0x103a82810>> = <Pages.AboutPage.AboutPage object at 0x103a82810>.is_faq_section_visible\nFAILURE: assert False\n +  where False = <bound method AboutPage.is_transport_section_visible of <Pages.AboutPage.AboutPage object at 0x103a82810>>('safari')\n +    where <bound method AboutPage.is_transport_section_visible of <Pages.AboutPage.AboutPage object at 0x103a82810>> = <Pages.AboutPage.AboutPage object at 0x103a82810>.is_transport_section_visible\n +    and   'safari' = <Tests.test_AboutPage.TestAboutPage object at 0x1027a84d0>.current_browser\n------------------------------------------------------------\nFailed Checks: 5", "trace": "FAILURE: assert False\n +  where False = <bound method AboutPage.is_heading_visible of <Pages.AboutPage.AboutPage object at 0x103a82810>>()\n +    where <bound method AboutPage.is_heading_visible of <Pages.AboutPage.AboutPage object at 0x103a82810>> = <Pages.AboutPage.AboutPage object at 0x103a82810>.is_heading_visible\ntest_AboutPage.py:41 in test_2() -> with check, allure.step(\"C58512: Page heading is visible\"):\ntest_AboutPage.py:42 in test_2 -> assert about_page_obj.is_heading_visible()\nAssertionError: assert False\n +  where False = <bound method AboutPage.is_heading_visible of <Pages.AboutPage.AboutPage object at 0x103a82810>>()\n +    where <bound method AboutPage.is_heading_visible of <Pages.AboutPage.AboutPage object at 0x103a82810>> = <Pages.AboutPage.AboutPage object at 0x103a82810>.is_heading_visible\n\n\nFAILURE: assert False\n +  where False = <bound method AboutPage.is_themes_section_visible of <Pages.AboutPage.AboutPage object at 0x103a82810>>()\n +    where <bound method AboutPage.is_themes_section_visible of <Pages.AboutPage.AboutPage object at 0x103a82810>> = <Pages.AboutPage.AboutPage object at 0x103a82810>.is_themes_section_visible\nFAILURE: assert False\n +  where False = <bound method AboutPage.is_image_gallery_visible of <Pages.AboutPage.AboutPage object at 0x103a82810>>()\n +    where <bound method AboutPage.is_image_gallery_visible of <Pages.AboutPage.AboutPage object at 0x103a82810>> = <Pages.AboutPage.AboutPage object at 0x103a82810>.is_image_gallery_visible\nFAILURE: assert False\n +  where False = <bound method AboutPage.is_faq_section_visible of <Pages.AboutPage.AboutPage object at 0x103a82810>>()\n +    where <bound method AboutPage.is_faq_section_visible of <Pages.AboutPage.AboutPage object at 0x103a82810>> = <Pages.AboutPage.AboutPage object at 0x103a82810>.is_faq_section_visible\nFAILURE: assert False\n +  where False = <bound method AboutPage.is_transport_section_visible of <Pages.AboutPage.AboutPage object at 0x103a82810>>('safari')\n +    where <bound method AboutPage.is_transport_section_visible of <Pages.AboutPage.AboutPage object at 0x103a82810>> = <Pages.AboutPage.AboutPage object at 0x103a82810>.is_transport_section_visible\n +    and   'safari' = <Tests.test_AboutPage.TestAboutPage object at 0x1027a84d0>.current_browser\n------------------------------------------------------------\nFailed Checks: 5"}, "steps": [{"name": "C58512: Main navigation is visible", "status": "passed", "start": 1734073080206, "stop": 1734073080224}, {"name": "C58512: Page heading is visible", "status": "failed", "statusDetails": {"message": "AssertionError: assert False\n +  where False = <bound method AboutPage.is_heading_visible of <Pages.AboutPage.AboutPage object at 0x103a82810>>()\n +    where <bound method AboutPage.is_heading_visible of <Pages.AboutPage.AboutPage object at 0x103a82810>> = <Pages.AboutPage.AboutPage object at 0x103a82810>.is_heading_visible\n", "trace": "  File \"/Users/runner/work/QUBA_WEB/QUBA_WEB/Tests/test_AboutPage.py\", line 42, in test_2\n    assert about_page_obj.is_heading_visible()\n"}, "start": 1734073080224, "stop": 1734073080229}, {"name": "C58512: Themes section is visible", "status": "failed", "statusDetails": {"message": "AssertionError: assert False\n +  where False = <bound method AboutPage.is_themes_section_visible of <Pages.AboutPage.AboutPage object at 0x103a82810>>()\n +    where <bound method AboutPage.is_themes_section_visible of <Pages.AboutPage.AboutPage object at 0x103a82810>> = <Pages.AboutPage.AboutPage object at 0x103a82810>.is_themes_section_visible\n", "trace": "  File \"/Users/runner/work/QUBA_WEB/QUBA_WEB/Tests/test_AboutPage.py\", line 44, in test_2\n    assert about_page_obj.is_themes_section_visible()\n"}, "start": 1734073080238, "stop": 1734073080243}, {"name": "C58512: Image gallery is visible", "status": "failed", "statusDetails": {"message": "AssertionError: assert False\n +  where False = <bound method AboutPage.is_image_gallery_visible of <Pages.AboutPage.AboutPage object at 0x103a82810>>()\n +    where <bound method AboutPage.is_image_gallery_visible of <Pages.AboutPage.AboutPage object at 0x103a82810>> = <Pages.AboutPage.AboutPage object at 0x103a82810>.is_image_gallery_visible\n", "trace": "  File \"/Users/runner/work/QUBA_WEB/QUBA_WEB/Tests/test_AboutPage.py\", line 46, in test_2\n    assert about_page_obj.is_image_gallery_visible()\n"}, "start": 1734073080244, "stop": 1734073080249}, {"name": "C58512: FAQ section is visible", "status": "failed", "statusDetails": {"message": "AssertionError: assert False\n +  where False = <bound method AboutPage.is_faq_section_visible of <Pages.AboutPage.AboutPage object at 0x103a82810>>()\n +    where <bound method AboutPage.is_faq_section_visible of <Pages.AboutPage.AboutPage object at 0x103a82810>> = <Pages.AboutPage.AboutPage object at 0x103a82810>.is_faq_section_visible\n", "trace": "  File \"/Users/runner/work/QUBA_WEB/QUBA_WEB/Tests/test_AboutPage.py\", line 48, in test_2\n    assert about_page_obj.is_faq_section_visible()\n"}, "start": 1734073080249, "stop": 1734073080256}, {"name": "C58512: Transport section is visible", "status": "failed", "statusDetails": {"message": "AssertionError: assert False\n +  where False = <bound method AboutPage.is_transport_section_visible of <Pages.AboutPage.AboutPage object at 0x103a82810>>('safari')\n +    where <bound method AboutPage.is_transport_section_visible of <Pages.AboutPage.AboutPage object at 0x103a82810>> = <Pages.AboutPage.AboutPage object at 0x103a82810>.is_transport_section_visible\n +    and   'safari' = <Tests.test_AboutPage.TestAboutPage object at 0x1027a84d0>.current_browser\n", "trace": "  File \"/Users/runner/work/QUBA_WEB/QUBA_WEB/Tests/test_AboutPage.py\", line 50, in test_2\n    assert about_page_obj.is_transport_section_visible(self.current_browser)\n"}, "start": 1734073080256, "stop": 1734073081418}, {"name": "C58512: Page footer is visible", "status": "passed", "start": 1734073081420, "stop": 1734073081432}], "parameters": [{"name": "driver", "value": "'safari'"}], "start": 1734073080206, "stop": 1734073081432, "uuid": "415b38b7-a3d4-4cf5-a9e3-877f28729a83", "historyId": "bb238b25ef0b9e2a80b32a90e36e0979", "testCaseId": "5050648f50c1c79d5eb956c2e295a131", "fullName": "Tests.test_AboutPage.TestAboutPage#test_2", "labels": [{"name": "severity", "value": "critical"}, {"name": "feature", "value": "About page"}, {"name": "tag", "value": "flaky(reruns=3, reruns_delay=1)"}, {"name": "parentSuite", "value": "Tests"}, {"name": "suite", "value": "test_AboutPage"}, {"name": "subSuite", "value": "TestAboutPage"}, {"name": "host", "value": "Mac-1734071719163.local"}, {"name": "thread", "value": "2307-MainThread"}, {"name": "framework", "value": "pytest"}, {"name": "language", "value": "cpython3"}, {"name": "package", "value": "Tests.test_AboutPage"}], "links": [{"type": "tms", "url": "https://hedgehoglabqa.testrail.io/index.php?/cases/view/58512", "name": "C58512"}, {"type": "issue", "url": "https://hedgehog-lab.atlassian.net/browse/QP-356", "name": "Epic QP-356"}, {"type": "issue", "url": "https://hedgehog-lab.atlassian.net/browse/QP-266", "name": "Story QP-266"}]}