{"name": "Successful message send", "status": "failed", "statusDetails": {"message": "AssertionError: FAILURE: assert 'Full name: W...JEiZRO15A\\r\\n' == 'Full name: J...pOuhP yV4\\r\\n'\n  \n  - Full name: Jeff Harris\r\n  + Full name: William Stewart\r\n  - Email address: brian27@example.org\r\n  ?                ^^  ---          ^^\n  + Email address: davismelissa@example.com\r\n  ?                ^^^ +++++++          + ^\n  - Your message: VUjbsscVpOuhP yV4\r\n  + Your message: ZDt9QjPAKnRSD3PxBV ytBY77bIjkJEiZRO15A\ntest_ContactPage.py:46 in test_2() -> with check, allure.step(\"Email is correct\"):\ntest_ContactPage.py:47 in test_2 -> assert actual_email == expected_email\nAssertionError: assert 'Full name: W...JEiZRO15A\\r\\n' == 'Full name: J...pOuhP yV4\\r\\n'\n  \n  - Full name: Jeff Harris\r\n  + Full name: William Stewart\r\n  - Email address: brian27@example.org\r\n  ?                ^^  ---          ^^\n  + Email address: davismelissa@example.com\r\n  ?                ^^^ +++++++          + ^\n  - Your message: VUjbsscVpOuhP yV4\r\n  + Your message: ZDt9QjPAKnRSD3PxBV ytBY77bIjkJEiZRO15A\r\n\n\n------------------------------------------------------------\nFailed Checks: 1", "trace": "FAILURE: assert 'Full name: W...JEiZRO15A\\r\\n' == 'Full name: J...pOuhP yV4\\r\\n'\n  \n  - Full name: Jeff Harris\r\n  + Full name: William Stewart\r\n  - Email address: brian27@example.org\r\n  ?                ^^  ---          ^^\n  + Email address: davismelissa@example.com\r\n  ?                ^^^ +++++++          + ^\n  - Your message: VUjbsscVpOuhP yV4\r\n  + Your message: ZDt9QjPAKnRSD3PxBV ytBY77bIjkJEiZRO15A\ntest_ContactPage.py:46 in test_2() -> with check, allure.step(\"Email is correct\"):\ntest_ContactPage.py:47 in test_2 -> assert actual_email == expected_email\nAssertionError: assert 'Full name: W...JEiZRO15A\\r\\n' == 'Full name: J...pOuhP yV4\\r\\n'\n  \n  - Full name: Jeff Harris\r\n  + Full name: William Stewart\r\n  - Email address: brian27@example.org\r\n  ?                ^^  ---          ^^\n  + Email address: davismelissa@example.com\r\n  ?                ^^^ +++++++          + ^\n  - Your message: VUjbsscVpOuhP yV4\r\n  + Your message: ZDt9QjPAKnRSD3PxBV ytBY77bIjkJEiZRO15A\r\n\n\n------------------------------------------------------------\nFailed Checks: 1"}, "steps": [{"name": "Success message is visible", "status": "passed", "start": 1730384123597, "stop": 1730384123627}, {"name": "Email is correct", "status": "failed", "statusDetails": {"message": "AssertionError: assert 'Full name: W...JEiZRO15A\\r\\n' == 'Full name: J...pOuhP yV4\\r\\n'\n  \n  - Full name: Jeff Harris\r\n  + Full name: William Stewart\r\n  - Email address: brian27@example.org\r\n  ?                ^^  ---          ^^\n  + Email address: davismelissa@example.com\r\n  ?                ^^^ +++++++          + ^\n  - Your message: VUjbsscVpOuhP yV4\r\n  + Your message: ZDt9QjPAKnRSD3PxBV ytBY77bIjkJEiZRO15A\r\n", "trace": "  File \"/Users/runner/work/QUBA_WEB/QUBA_WEB/Tests/test_ContactPage.py\", line 47, in test_2\n    assert actual_email == expected_email\n"}, "start": 1730384123903, "stop": 1730384123906}], "parameters": [{"name": "driver", "value": "'safari'"}], "start": 1730384112409, "stop": 1730384123996, "uuid": "5e556138-b49d-4030-a43f-77d9e6c51cfb", "historyId": "a7d44a5a87f619d306cc83d9283fd5a6", "testCaseId": "57f9fa933cde1d635b1cb9def516227a", "fullName": "Tests.test_ContactPage.TestContactPage#test_2", "labels": [{"name": "feature", "value": "Contact page"}, {"name": "severity", "value": "critical"}, {"name": "parentSuite", "value": "Tests"}, {"name": "suite", "value": "test_ContactPage"}, {"name": "subSuite", "value": "TestContactPage"}, {"name": "host", "value": "Mac-1730383937177.local"}, {"name": "thread", "value": "1239-MainThread"}, {"name": "framework", "value": "pytest"}, {"name": "language", "value": "cpython3"}, {"name": "package", "value": "Tests.test_ContactPage"}]}