{"name": "Unsuccessfully login with email: simeon.hhl.qagmail.com and password: Test#1234", "status": "failed", "statusDetails": {"message": "AssertionError: FAILURE: assert 'Please enter your password' == 'Please enter a valid email'\n  \n  - Please enter a valid email\n  + Please enter your password\ntest_Login.py:47 in test_2() -> with check, allure.step(\"Check the error text\"):\ntest_Login.py:49 in test_2 -> assert login_obj.get_field_error_message_text() == error\nAssertionError: assert 'Please enter your password' == 'Please enter a valid email'\n  \n  - Please enter a valid email\n  + Please enter your password\n\n\n------------------------------------------------------------\nFailed Checks: 1", "trace": "FAILURE: assert 'Please enter your password' == 'Please enter a valid email'\n  \n  - Please enter a valid email\n  + Please enter your password\ntest_Login.py:47 in test_2() -> with check, allure.step(\"Check the error text\"):\ntest_Login.py:49 in test_2 -> assert login_obj.get_field_error_message_text() == error\nAssertionError: assert 'Please enter your password' == 'Please enter a valid email'\n  \n  - Please enter a valid email\n  + Please enter your password\n\n\n------------------------------------------------------------\nFailed Checks: 1"}, "steps": [{"name": "Check for error", "status": "passed", "start": 1730384165509, "stop": 1730384165600}, {"name": "Check the error text", "status": "failed", "statusDetails": {"message": "AssertionError: assert 'Please enter your password' == 'Please enter a valid email'\n  \n  - Please enter a valid email\n  + Please enter your password\n", "trace": "  File \"/Users/runner/work/QUBA_WEB/QUBA_WEB/Tests/test_Login.py\", line 49, in test_2\n    assert login_obj.get_field_error_message_text() == error\n"}, "start": 1730384165600, "stop": 1730384165620}], "parameters": [{"name": "email", "value": "'simeon.hhl.qagmail.com'"}, {"name": "password", "value": "'Test#1234'"}, {"name": "error", "value": "'Please enter a valid email'"}, {"name": "driver", "value": "'safari'"}], "start": 1730384164936, "stop": 1730384165625, "uuid": "159ab8bc-59a4-4e23-aa12-3475bb64eb4e", "historyId": "6bf558955b51fc878d968902cf5311f9", "testCaseId": "c2811b1721d8231bbb0fb40778ae099c", "fullName": "Tests.test_Login.TestLogin#test_2", "labels": [{"name": "severity", "value": "normal"}, {"name": "feature", "value": "Login"}, {"name": "tag", "value": "flaky(reruns=5, reruns_delay=0.5, rerun_except='assert')"}, {"name": "parentSuite", "value": "Tests"}, {"name": "suite", "value": "test_Login"}, {"name": "subSuite", "value": "TestLogin"}, {"name": "host", "value": "Mac-1730383937177.local"}, {"name": "thread", "value": "1239-MainThread"}, {"name": "framework", "value": "pytest"}, {"name": "language", "value": "cpython3"}, {"name": "package", "value": "Tests.test_Login"}]}