{"name": "Saved site icon on site cards", "status": "failed", "statusDetails": {"message": "AssertionError: FAILURE: assert False\n +  where False = <bound method Sites.is_saved_site_icon_visible of <Pages.SitesPage.Sites object at 0x105690090>>('Historic', 'مسجد قباء')\n +    where <bound method Sites.is_saved_site_icon_visible of <Pages.SitesPage.Sites object at 0x105690090>> = <Pages.SitesPage.Sites object at 0x105690090>.is_saved_site_icon_visible\ntest_Sites.py:349 in test_15() -> with check, allure.step(\"C58742: Site card has a saved site icon\"):\ntest_Sites.py:350 in test_15 -> assert sites_obj.is_saved_site_icon_visible(site_type, title)\nAssertionError: assert False\n +  where False = <bound method Sites.is_saved_site_icon_visible of <Pages.SitesPage.Sites object at 0x105690090>>('Historic', 'مسجد قباء')\n +    where <bound method Sites.is_saved_site_icon_visible of <Pages.SitesPage.Sites object at 0x105690090>> = <Pages.SitesPage.Sites object at 0x105690090>.is_saved_site_icon_visible\n\n\n------------------------------------------------------------\nFailed Checks: 1", "trace": "FAILURE: assert False\n +  where False = <bound method Sites.is_saved_site_icon_visible of <Pages.SitesPage.Sites object at 0x105690090>>('Historic', 'مسجد قباء')\n +    where <bound method Sites.is_saved_site_icon_visible of <Pages.SitesPage.Sites object at 0x105690090>> = <Pages.SitesPage.Sites object at 0x105690090>.is_saved_site_icon_visible\ntest_Sites.py:349 in test_15() -> with check, allure.step(\"C58742: Site card has a saved site icon\"):\ntest_Sites.py:350 in test_15 -> assert sites_obj.is_saved_site_icon_visible(site_type, title)\nAssertionError: assert False\n +  where False = <bound method Sites.is_saved_site_icon_visible of <Pages.SitesPage.Sites object at 0x105690090>>('Historic', 'مسجد قباء')\n +    where <bound method Sites.is_saved_site_icon_visible of <Pages.SitesPage.Sites object at 0x105690090>> = <Pages.SitesPage.Sites object at 0x105690090>.is_saved_site_icon_visible\n\n\n------------------------------------------------------------\nFailed Checks: 1"}, "steps": [{"name": "C58742: Site card does not have a saved site icon", "status": "passed", "start": 1733630462495, "stop": 1733630472497}, {"name": "C58742: Site card has a saved site icon", "status": "failed", "statusDetails": {"message": "AssertionError: assert False\n +  where False = <bound method Sites.is_saved_site_icon_visible of <Pages.SitesPage.Sites object at 0x105690090>>('Historic', 'مسجد قباء')\n +    where <bound method Sites.is_saved_site_icon_visible of <Pages.SitesPage.Sites object at 0x105690090>> = <Pages.SitesPage.Sites object at 0x105690090>.is_saved_site_icon_visible\n", "trace": "  File \"/Users/runner/work/QUBA_WEB/QUBA_WEB/Tests/test_Sites.py\", line 350, in test_15\n    assert sites_obj.is_saved_site_icon_visible(site_type, title)\n"}, "start": 1733630472497, "stop": 1733630482465}, {"name": "C58742: Site card does not have a saved site icon", "status": "passed", "start": 1733630482474, "stop": 1733630492463}, {"name": "C58742: Site card does not have a saved site icon", "status": "passed", "start": 1733630492463, "stop": 1733630502466}, {"name": "C58742: Site card does not have a saved site icon", "status": "passed", "start": 1733630502466, "stop": 1733630512435}, {"name": "C58742: Site card does not have a saved site icon", "status": "passed", "start": 1733630512436, "stop": 1733630522676}, {"name": "C58742: Site card does not have a saved site icon", "status": "passed", "start": 1733630522676, "stop": 1733630532679}, {"name": "C58742: Site card does not have a saved site icon", "status": "passed", "start": 1733630532679, "stop": 1733630542680}], "parameters": [{"name": "site_type", "value": "'Historic'"}, {"name": "driver", "value": "'safari'"}], "start": 1733630462470, "stop": 1733630543184, "uuid": "83663201-937b-435f-843a-5a0d461840ee", "historyId": "51df5ac076b4d6b185c3df0da957fd84", "testCaseId": "2c15ef8e1e3ad86fc30f9cca009762f6", "fullName": "Tests.test_Sites.TestSites#test_15", "labels": [{"name": "feature", "value": "Sites"}, {"name": "severity", "value": "normal"}, {"name": "tag", "value": "flaky(reruns=3, reruns_delay=1)"}, {"name": "parentSuite", "value": "Tests"}, {"name": "suite", "value": "test_Sites"}, {"name": "subSuite", "value": "TestSites"}, {"name": "host", "value": "Mac-1733628234449.local"}, {"name": "thread", "value": "2003-MainThread"}, {"name": "framework", "value": "pytest"}, {"name": "language", "value": "cpython3"}, {"name": "package", "value": "Tests.test_Sites"}], "links": [{"type": "tms", "url": "https://hedgehoglabqa.testrail.io/index.php?/cases/view/58742", "name": "C58742"}, {"type": "issue", "url": "https://hedgehog-lab.atlassian.net/browse/QP-356", "name": "Epic QP-356"}, {"type": "issue", "url": "https://hedgehog-lab.atlassian.net/browse/QP-383", "name": "Story QP-383"}]}