{"name": "Saved site icon on site cards", "status": "failed", "statusDetails": {"message": "AssertionError: FAILURE: assert False\n +  where False = <bound method Sites.is_saved_site_icon_visible of <Pages.SitesPage.Sites object at 0x10377ef10>>('Historic', 'مسجد بني أنيف')\n +    where <bound method Sites.is_saved_site_icon_visible of <Pages.SitesPage.Sites object at 0x10377ef10>> = <Pages.SitesPage.Sites object at 0x10377ef10>.is_saved_site_icon_visible\ntest_Sites.py:349 in test_15() -> with check, allure.step(\"C58742: Site card has a saved site icon\"):\ntest_Sites.py:350 in test_15 -> assert sites_obj.is_saved_site_icon_visible(site_type, title)\nAssertionError: assert False\n +  where False = <bound method Sites.is_saved_site_icon_visible of <Pages.SitesPage.Sites object at 0x10377ef10>>('Historic', 'مسجد بني أنيف')\n +    where <bound method Sites.is_saved_site_icon_visible of <Pages.SitesPage.Sites object at 0x10377ef10>> = <Pages.SitesPage.Sites object at 0x10377ef10>.is_saved_site_icon_visible\n\n\n------------------------------------------------------------\nFailed Checks: 1", "trace": "FAILURE: assert False\n +  where False = <bound method Sites.is_saved_site_icon_visible of <Pages.SitesPage.Sites object at 0x10377ef10>>('Historic', 'مسجد بني أنيف')\n +    where <bound method Sites.is_saved_site_icon_visible of <Pages.SitesPage.Sites object at 0x10377ef10>> = <Pages.SitesPage.Sites object at 0x10377ef10>.is_saved_site_icon_visible\ntest_Sites.py:349 in test_15() -> with check, allure.step(\"C58742: Site card has a saved site icon\"):\ntest_Sites.py:350 in test_15 -> assert sites_obj.is_saved_site_icon_visible(site_type, title)\nAssertionError: assert False\n +  where False = <bound method Sites.is_saved_site_icon_visible of <Pages.SitesPage.Sites object at 0x10377ef10>>('Historic', 'مسجد بني أنيف')\n +    where <bound method Sites.is_saved_site_icon_visible of <Pages.SitesPage.Sites object at 0x10377ef10>> = <Pages.SitesPage.Sites object at 0x10377ef10>.is_saved_site_icon_visible\n\n\n------------------------------------------------------------\nFailed Checks: 1"}, "steps": [{"name": "C58742: Site card does not have a saved site icon", "status": "passed", "start": 1734074676213, "stop": 1734074686235}, {"name": "C58742: Site card does not have a saved site icon", "status": "passed", "start": 1734074686236, "stop": 1734074696217}, {"name": "C58742: Site card does not have a saved site icon", "status": "passed", "start": 1734074696217, "stop": 1734074706194}, {"name": "C58742: Site card does not have a saved site icon", "status": "passed", "start": 1734074706194, "stop": 1734074716170}, {"name": "C58742: Site card does not have a saved site icon", "status": "passed", "start": 1734074716170, "stop": 1734074726167}, {"name": "C58742: Site card has a saved site icon", "status": "failed", "statusDetails": {"message": "AssertionError: assert False\n +  where False = <bound method Sites.is_saved_site_icon_visible of <Pages.SitesPage.Sites object at 0x10377ef10>>('Historic', 'مسجد بني أنيف')\n +    where <bound method Sites.is_saved_site_icon_visible of <Pages.SitesPage.Sites object at 0x10377ef10>> = <Pages.SitesPage.Sites object at 0x10377ef10>.is_saved_site_icon_visible\n", "trace": "  File \"/Users/runner/work/QUBA_WEB/QUBA_WEB/Tests/test_Sites.py\", line 350, in test_15\n    assert sites_obj.is_saved_site_icon_visible(site_type, title)\n"}, "start": 1734074726167, "stop": 1734074736186}, {"name": "C58742: Site card does not have a saved site icon", "status": "passed", "start": 1734074736199, "stop": 1734074746193}, {"name": "C58742: Site card does not have a saved site icon", "status": "passed", "start": 1734074746194, "stop": 1734074756203}], "parameters": [{"name": "site_type", "value": "'Historic'"}, {"name": "driver", "value": "'safari'"}], "start": 1734074676127, "stop": 1734074756892, "uuid": "c35ecbee-ef63-4d3a-9e56-54a4c09e34fb", "historyId": "51df5ac076b4d6b185c3df0da957fd84", "testCaseId": "2c15ef8e1e3ad86fc30f9cca009762f6", "fullName": "Tests.test_Sites.TestSites#test_15", "labels": [{"name": "feature", "value": "Sites"}, {"name": "severity", "value": "normal"}, {"name": "tag", "value": "flaky(reruns=3, reruns_delay=1)"}, {"name": "parentSuite", "value": "Tests"}, {"name": "suite", "value": "test_Sites"}, {"name": "subSuite", "value": "TestSites"}, {"name": "host", "value": "Mac-1734071719163.local"}, {"name": "thread", "value": "2307-MainThread"}, {"name": "framework", "value": "pytest"}, {"name": "language", "value": "cpython3"}, {"name": "package", "value": "Tests.test_Sites"}], "links": [{"type": "tms", "url": "https://hedgehoglabqa.testrail.io/index.php?/cases/view/58742", "name": "C58742"}, {"type": "issue", "url": "https://hedgehog-lab.atlassian.net/browse/QP-356", "name": "Epic QP-356"}, {"type": "issue", "url": "https://hedgehog-lab.atlassian.net/browse/QP-383", "name": "Story QP-383"}]}