{"name": "Scroll images with buttons", "status": "failed", "statusDetails": {"message": "AssertionError: FAILURE: assert (False)\n +  where False = <bound method AboutPage.is_next_slide_button_visible of <Pages.AboutPage.AboutPage object at 0x1086b8cd0>>()\n +    where <bound method AboutPage.is_next_slide_button_visible of <Pages.AboutPage.AboutPage object at 0x1086b8cd0>> = <Pages.AboutPage.AboutPage object at 0x1086b8cd0>.is_next_slide_button_visible\ntest_Sites.py:521 in test_21() -> with check, allure.step(\"C58414: Next and previous buttons after clicking next\"):\ntest_Sites.py:523 in test_21 -> assert about_obj.is_next_slide_button_visible() and about_obj.is_previous_slide_button_visible()\nAssertionError: assert (False)\n +  where False = <bound method AboutPage.is_next_slide_button_visible of <Pages.AboutPage.AboutPage object at 0x1086b8cd0>>()\n +    where <bound method AboutPage.is_next_slide_button_visible of <Pages.AboutPage.AboutPage object at 0x1086b8cd0>> = <Pages.AboutPage.AboutPage object at 0x1086b8cd0>.is_next_slide_button_visible\n\n\nFAILURE: assert 'end' == 'middle'\n  \n  - middle\n  + end\n------------------------------------------------------------\nFailed Checks: 2", "trace": "FAILURE: assert (False)\n +  where False = <bound method AboutPage.is_next_slide_button_visible of <Pages.AboutPage.AboutPage object at 0x1086b8cd0>>()\n +    where <bound method AboutPage.is_next_slide_button_visible of <Pages.AboutPage.AboutPage object at 0x1086b8cd0>> = <Pages.AboutPage.AboutPage object at 0x1086b8cd0>.is_next_slide_button_visible\ntest_Sites.py:521 in test_21() -> with check, allure.step(\"C58414: Next and previous buttons after clicking next\"):\ntest_Sites.py:523 in test_21 -> assert about_obj.is_next_slide_button_visible() and about_obj.is_previous_slide_button_visible()\nAssertionError: assert (False)\n +  where False = <bound method AboutPage.is_next_slide_button_visible of <Pages.AboutPage.AboutPage object at 0x1086b8cd0>>()\n +    where <bound method AboutPage.is_next_slide_button_visible of <Pages.AboutPage.AboutPage object at 0x1086b8cd0>> = <Pages.AboutPage.AboutPage object at 0x1086b8cd0>.is_next_slide_button_visible\n\n\nFAILURE: assert 'end' == 'middle'\n  \n  - middle\n  + end\n------------------------------------------------------------\nFailed Checks: 2"}, "steps": [{"name": "C58414: Initially next is visible and previous is not", "status": "passed", "start": 1734332598580, "stop": 1734332610798}, {"name": "C58414: Carousel position is at the start", "status": "passed", "start": 1734332610798, "stop": 1734332610819}, {"name": "C58414: Next and previous buttons after clicking next", "status": "failed", "statusDetails": {"message": "AssertionError: assert (False)\n +  where False = <bound method AboutPage.is_next_slide_button_visible of <Pages.AboutPage.AboutPage object at 0x1086b8cd0>>()\n +    where <bound method AboutPage.is_next_slide_button_visible of <Pages.AboutPage.AboutPage object at 0x1086b8cd0>> = <Pages.AboutPage.AboutPage object at 0x1086b8cd0>.is_next_slide_button_visible\n", "trace": "  File \"/Users/runner/work/QUBA_WEB/QUBA_WEB/Tests/test_Sites.py\", line 523, in test_21\n    assert about_obj.is_next_slide_button_visible() and about_obj.is_previous_slide_button_visible()\n"}, "start": 1734332610819, "stop": 1734332623081}, {"name": "C58414: Carousel position is at the middle", "status": "failed", "statusDetails": {"message": "AssertionError: assert 'end' == 'middle'\n  \n  - middle\n  + end\n", "trace": "  File \"/Users/runner/work/QUBA_WEB/QUBA_WEB/Tests/test_Sites.py\", line 525, in test_21\n    assert about_obj.get_image_carousel_position() == \"middle\"\n"}, "start": 1734332623259, "stop": 1734332623271}, {"name": "C58414: Next and previous buttons at the end of the carousel", "status": "passed", "start": 1734332623272, "stop": 1734332635560}, {"name": "C58414: Carousel position is at the end", "status": "passed", "start": 1734332635560, "stop": 1734332635580}, {"name": "C58414: Next and previous buttons after clicking previous", "status": "passed", "start": 1734332635580, "stop": 1734332639060}, {"name": "C58414: Carousel position is at the middle", "status": "passed", "start": 1734332639060, "stop": 1734332639079}, {"name": "C58414: Next and previous buttons at the start of the carousel", "status": "passed", "start": 1734332639080, "stop": 1734332652443}, {"name": "C58414: Carousel position is at the start", "status": "passed", "start": 1734332652443, "stop": 1734332652450}], "parameters": [{"name": "driver", "value": "'safari'"}], "start": 1734332598580, "stop": 1734332652452, "uuid": "bd37254e-af7d-4e32-8dc2-194ec5bb03a4", "historyId": "b070315c8e5bf361c96f51ee264d11e6", "testCaseId": "d6d14e26c626b1153cffd75c185541bd", "fullName": "Tests.test_Sites.TestSites#test_21", "labels": [{"name": "feature", "value": "Individual Sites"}, {"name": "severity", "value": "minor"}, {"name": "tag", "value": "flaky(reruns=3, reruns_delay=1)"}, {"name": "parentSuite", "value": "Tests"}, {"name": "suite", "value": "test_Sites"}, {"name": "subSuite", "value": "TestSites"}, {"name": "host", "value": "Mac-1734331406571.local"}, {"name": "thread", "value": "2893-MainThread"}, {"name": "framework", "value": "pytest"}, {"name": "language", "value": "cpython3"}, {"name": "package", "value": "Tests.test_Sites"}], "links": [{"type": "tms", "url": "https://hedgehoglabqa.testrail.io/index.php?/cases/view/58414", "name": "C58414"}, {"type": "issue", "url": "https://hedgehog-lab.atlassian.net/browse/QP-356", "name": "Epic QP-356"}, {"type": "issue", "url": "https://hedgehog-lab.atlassian.net/browse/QP-264", "name": "Story QP-264"}]}