{"name": "Check presented events in the events carousel", "status": "failed", "statusDetails": {"message": "AssertionError: FAILURE: assert '9 August, 7:... 10:00pm AST)' == '9 August, 8:... 10:00pm AST)'\n  \n  Skipping 65 identical trailing characters in diff, use -v to show\n  - 9 August, 8:00am - 2\n  ?           ^\n  + 9 August, 7:00am - 2\n  ?           ^\ntest_HomePage.py:466 in test_25() -> with check, allure.step(f\"C58394: Check {expected_title} time\"):\ntest_HomePage.py:467 in test_25 -> assert home_page_obj.get_event_carousel_card_time(i).strip() == expected_time.strip()\nAssertionError: assert '9 August, 7:... 10:00pm AST)' == '9 August, 8:... 10:00pm AST)'\n  \n  Skipping 65 identical trailing characters in diff, use -v to show\n  - 9 August, 8:00am - 2\n  ?           ^\n  + 9 August, 7:00am - 2\n  ?           ^\n\n\nFAILURE: assert '9 October, 5... 10:00pm AST)' == '9 October, 6... 10:00pm AST)'\n  \n  Skipping 65 identical trailing characters in diff, use -v to show\n  - 9 October, 6:00pm - 1\n  ?            ^\n  + 9 October, 5:00pm - 1\n  ?            ^\nFAILURE: assert '24 October, ... 10:30am AST)' == '24 October, ... 10:30am AST)'\n  \n  Skipping 67 identical trailing characters in diff, use -v to show\n  - 24 October, 8:00am - 3\n  ?             ^\n  + 24 October, 7:00am - 3\n  ?             ^\n------------------------------------------------------------\nFailed Checks: 3", "trace": "FAILURE: assert '9 August, 7:... 10:00pm AST)' == '9 August, 8:... 10:00pm AST)'\n  \n  Skipping 65 identical trailing characters in diff, use -v to show\n  - 9 August, 8:00am - 2\n  ?           ^\n  + 9 August, 7:00am - 2\n  ?           ^\ntest_HomePage.py:466 in test_25() -> with check, allure.step(f\"C58394: Check {expected_title} time\"):\ntest_HomePage.py:467 in test_25 -> assert home_page_obj.get_event_carousel_card_time(i).strip() == expected_time.strip()\nAssertionError: assert '9 August, 7:... 10:00pm AST)' == '9 August, 8:... 10:00pm AST)'\n  \n  Skipping 65 identical trailing characters in diff, use -v to show\n  - 9 August, 8:00am - 2\n  ?           ^\n  + 9 August, 7:00am - 2\n  ?           ^\n\n\nFAILURE: assert '9 October, 5... 10:00pm AST)' == '9 October, 6... 10:00pm AST)'\n  \n  Skipping 65 identical trailing characters in diff, use -v to show\n  - 9 October, 6:00pm - 1\n  ?            ^\n  + 9 October, 5:00pm - 1\n  ?            ^\nFAILURE: assert '24 October, ... 10:30am AST)' == '24 October, ... 10:30am AST)'\n  \n  Skipping 67 identical trailing characters in diff, use -v to show\n  - 24 October, 8:00am - 3\n  ?             ^\n  + 24 October, 7:00am - 3\n  ?             ^\n------------------------------------------------------------\nFailed Checks: 3"}, "steps": [{"name": "C58403: Check event cards number", "status": "passed", "start": 1731482612658, "stop": 1731482612660}, {"name": "C58394: Check Leverage synergies title", "status": "passed", "start": 1731482612683, "stop": 1731482612687}, {"name": "C58394: Check Leverage synergies description", "status": "passed", "start": 1731482612687, "stop": 1731482612689}, {"name": "C58394: Check Leverage synergies image", "status": "passed", "start": 1731482612689, "stop": 1731482612692}, {"name": "C58394: Check Leverage synergies time", "status": "failed", "statusDetails": {"message": "AssertionError: assert '9 August, 7:... 10:00pm AST)' == '9 August, 8:... 10:00pm AST)'\n  \n  Skipping 65 identical trailing characters in diff, use -v to show\n  - 9 August, 8:00am - 2\n  ?           ^\n  + 9 August, 7:00am - 2\n  ?           ^\n", "trace": "  File \"/Users/runner/work/QUBA_WEB/QUBA_WEB/Tests/test_HomePage.py\", line 467, in test_25\n    assert home_page_obj.get_event_carousel_card_time(i).strip() == expected_time.strip()\n"}, "start": 1731482612692, "stop": 1731482612696}, {"name": "C58394: Check Sunshine summer fest 2024 title", "status": "passed", "start": 1731482612729, "stop": 1731482612733}, {"name": "C58394: Check Sunshine summer fest 2024 description", "status": "passed", "start": 1731482612733, "stop": 1731482612736}, {"name": "C58394: Check Sunshine summer fest 2024 image", "status": "passed", "start": 1731482612736, "stop": 1731482612739}, {"name": "C58394: Check Sunshine summer fest 2024 time", "status": "failed", "statusDetails": {"message": "AssertionError: assert '9 October, 5... 10:00pm AST)' == '9 October, 6... 10:00pm AST)'\n  \n  Skipping 65 identical trailing characters in diff, use -v to show\n  - 9 October, 6:00pm - 1\n  ?            ^\n  + 9 October, 5:00pm - 1\n  ?            ^\n", "trace": "  File \"/Users/runner/work/QUBA_WEB/QUBA_WEB/Tests/test_HomePage.py\", line 467, in test_25\n    assert home_page_obj.get_event_carousel_card_time(i).strip() == expected_time.strip()\n"}, "start": 1731482612739, "stop": 1731482612742}, {"name": "C58394: Check Actionable innovation industry title", "status": "passed", "start": 1731482612742, "stop": 1731482612745}, {"name": "C58394: Check Actionable innovation industry description", "status": "passed", "start": 1731482612745, "stop": 1731482612748}, {"name": "C58394: Check Actionable innovation industry image", "status": "passed", "start": 1731482612748, "stop": 1731482612751}, {"name": "C58394: Check Actionable innovation industry time", "status": "failed", "statusDetails": {"message": "AssertionError: assert '24 October, ... 10:30am AST)' == '24 October, ... 10:30am AST)'\n  \n  Skipping 67 identical trailing characters in diff, use -v to show\n  - 24 October, 8:00am - 3\n  ?             ^\n  + 24 October, 7:00am - 3\n  ?             ^\n", "trace": "  File \"/Users/runner/work/QUBA_WEB/QUBA_WEB/Tests/test_HomePage.py\", line 467, in test_25\n    assert home_page_obj.get_event_carousel_card_time(i).strip() == expected_time.strip()\n"}, "start": 1731482612751, "stop": 1731482612753}], "attachments": [{"name": "stdout", "source": "4cd897c5-3d2f-481b-a2f9-45e2d1fdfa69-attachment.txt", "type": "text/plain"}], "parameters": [{"name": "driver", "value": "'safari'"}], "start": 1731482612658, "stop": 1731482612754, "uuid": "4efbacb1-2150-4a4e-9449-6927f3862b3b", "historyId": "fc3779a3132481480992bfb4c463d28e", "testCaseId": "e418ad6f29e08e19bfebd1eb659f20d3", "fullName": "Tests.test_HomePage.TestHomePage#test_25", "labels": [{"name": "severity", "value": "normal"}, {"name": "feature", "value": "Home page"}, {"name": "tag", "value": "dependency(depends=['test_22'])"}, {"name": "tag", "value": "flaky(reruns=3, reruns_delay=1)"}, {"name": "parentSuite", "value": "Tests"}, {"name": "suite", "value": "test_HomePage"}, {"name": "subSuite", "value": "TestHomePage"}, {"name": "host", "value": "Mac-1731481322631.local"}, {"name": "thread", "value": "3978-MainThread"}, {"name": "framework", "value": "pytest"}, {"name": "language", "value": "cpython3"}, {"name": "package", "value": "Tests.test_HomePage"}], "links": [{"type": "tms", "url": "https://hedgehoglabqa.testrail.io/index.php?/cases/view/58403", "name": "C58403"}, {"type": "issue", "url": "https://hedgehog-lab.atlassian.net/browse/QP-356", "name": "Epic QP-356"}, {"type": "issue", "url": "https://hedgehog-lab.atlassian.net/browse/QP-269", "name": "Story QP-269"}]}