{"name": "Check Retail sites", "status": "failed", "statusDetails": {"message": "AssertionError: FAILURE: assert 'Atban Bin Malik Mosque' == ' Atban Bin Malik Mosque '\n  \n  -  Atban Bin Malik Mosque \n  ? -                      -\n  + Atban Bin Malik Mosque\ntest_Sites.py:70 in test_3() -> with check, allure.step(f\"{title} title is correct\"):\ntest_Sites.py:71 in test_3 -> assert title.strip() == sites_obj.get_site_card_title(site_type, num)\nAssertionError: assert 'Atban Bin Malik Mosque' == ' Atban Bin Malik Mosque '\n  \n  -  Atban Bin Malik Mosque \n  ? -                      -\n  + Atban Bin Malik Mosque\n\n\nFAILURE: assert 'ShopEase' == ' ShopEase '\n  \n  -  ShopEase \n  ? -        -\n  + ShopEase\nFAILURE: assert 'Your One-Sto...veryday Needs' == ' Your One-St...veryday Needs'\n  \n  -  Your One-Stop Shop for Everyday Needs\n  ? -\n  + Your One-Stop Shop for Everyday Needs\n------------------------------------------------------------\nFailed Checks: 3", "trace": "FAILURE: assert 'Atban Bin Malik Mosque' == ' Atban Bin Malik Mosque '\n  \n  -  Atban Bin Malik Mosque \n  ? -                      -\n  + Atban Bin Malik Mosque\ntest_Sites.py:70 in test_3() -> with check, allure.step(f\"{title} title is correct\"):\ntest_Sites.py:71 in test_3 -> assert title.strip() == sites_obj.get_site_card_title(site_type, num)\nAssertionError: assert 'Atban Bin Malik Mosque' == ' Atban Bin Malik Mosque '\n  \n  -  Atban Bin Malik Mosque \n  ? -                      -\n  + Atban Bin Malik Mosque\n\n\nFAILURE: assert 'ShopEase' == ' ShopEase '\n  \n  -  ShopEase \n  ? -        -\n  + ShopEase\nFAILURE: assert 'Your One-Sto...veryday Needs' == ' Your One-St...veryday Needs'\n  \n  -  Your One-Stop Shop for Everyday Needs\n  ? -\n  + Your One-Stop Shop for Everyday Needs\n------------------------------------------------------------\nFailed Checks: 3"}, "steps": [{"name": "The number of cards are visible on the page is correct", "status": "passed", "start": 1730384244349, "stop": 1730384244349}, {"name": "Pagination is not visible", "status": "passed", "start": 1730384244349, "stop": 1730384254361}, {"name": "Atban Bin Malik Mosque title is correct", "status": "failed", "statusDetails": {"message": "AssertionError: assert 'Atban Bin Malik Mosque' == ' Atban Bin Malik Mosque '\n  \n  -  Atban Bin Malik Mosque \n  ? -                      -\n  + Atban Bin Malik Mosque\n", "trace": "  File \"/Users/runner/work/QUBA_WEB/QUBA_WEB/Tests/test_Sites.py\", line 71, in test_3\n    assert title.strip() == sites_obj.get_site_card_title(site_type, num)\n"}, "start": 1730384254363, "stop": 1730384254422}, {"name": "Atban Bin Malik Mosque summary is correct", "status": "passed", "start": 1730384254436, "stop": 1730384254455}, {"name": "ShopEase title is correct", "status": "failed", "statusDetails": {"message": "AssertionError: assert 'ShopEase' == ' ShopEase '\n  \n  -  ShopEase \n  ? -        -\n  + ShopEase\n", "trace": "  File \"/Users/runner/work/QUBA_WEB/QUBA_WEB/Tests/test_Sites.py\", line 71, in test_3\n    assert title.strip() == sites_obj.get_site_card_title(site_type, num)\n"}, "start": 1730384254455, "stop": 1730384254471}, {"name": "ShopEase summary is correct", "status": "failed", "statusDetails": {"message": "AssertionError: assert 'Your One-Sto...veryday Needs' == ' Your One-St...veryday Needs'\n  \n  -  Your One-Stop Shop for Everyday Needs\n  ? -\n  + Your One-Stop Shop for Everyday Needs\n", "trace": "  File \"/Users/runner/work/QUBA_WEB/QUBA_WEB/Tests/test_Sites.py\", line 73, in test_3\n    assert summary.strip() == sites_obj.get_site_card_summary(site_type, num)\n"}, "start": 1730384254472, "stop": 1730384254488}], "parameters": [{"name": "site_type", "value": "'Retail'"}, {"name": "driver", "value": "'safari'"}], "start": 1730384244066, "stop": 1730384254585, "uuid": "c029df85-5344-4389-aedc-a27385aa8526", "historyId": "d3774ae400b40bca5cb120c3e2bddd4a", "testCaseId": "fdc21160f73623f8e24c2a6119e2154d", "fullName": "Tests.test_Sites.TestSites#test_3", "labels": [{"name": "feature", "value": "Sites"}, {"name": "severity", "value": "normal"}, {"name": "tag", "value": "flaky(reruns=3, reruns_delay=0.5, rerun_except='assert')"}, {"name": "parentSuite", "value": "Tests"}, {"name": "suite", "value": "test_Sites"}, {"name": "subSuite", "value": "TestSites"}, {"name": "host", "value": "Mac-1730383937177.local"}, {"name": "thread", "value": "1239-MainThread"}, {"name": "framework", "value": "pytest"}, {"name": "language", "value": "cpython3"}, {"name": "package", "value": "Tests.test_Sites"}]}