{"name": "Successful message send", "status": "failed", "statusDetails": {"message": "AssertionError: FAILURE: assert 'Full name: T...T9fnOWPl1\\r\\n' == 'Full name: J...OqUJpZtH4\\r\\n'\n  \n  - Full name: Joseph Gomez\r\n  - Email address: safari_kellythomas@example.com\r\n  - Your message: ESG6ksyoH0R5xOUd2r1VoCYLq8DuNh4shJOqUJpZtH4\r\n  + Full name: Tyler Williams\r\n  + Email address: edge_wsosa@example.com\r\n  + Your message: BjN11m4cz6T9fnOWPl1\ntest_ContactPage.py:52 in test_2() -> with check, allure.step(\"Email is correct\"):\ntest_ContactPage.py:53 in test_2 -> assert actual_email == expected_email\nAssertionError: assert 'Full name: T...T9fnOWPl1\\r\\n' == 'Full name: J...OqUJpZtH4\\r\\n'\n  \n  - Full name: Joseph Gomez\r\n  - Email address: safari_kellythomas@example.com\r\n  - Your message: ESG6ksyoH0R5xOUd2r1VoCYLq8DuNh4shJOqUJpZtH4\r\n  + Full name: Tyler Williams\r\n  + Email address: edge_wsosa@example.com\r\n  + Your message: BjN11m4cz6T9fnOWPl1\r\n\n\n------------------------------------------------------------\nFailed Checks: 1", "trace": "FAILURE: assert 'Full name: T...T9fnOWPl1\\r\\n' == 'Full name: J...OqUJpZtH4\\r\\n'\n  \n  - Full name: Joseph Gomez\r\n  - Email address: safari_kellythomas@example.com\r\n  - Your message: ESG6ksyoH0R5xOUd2r1VoCYLq8DuNh4shJOqUJpZtH4\r\n  + Full name: Tyler Williams\r\n  + Email address: edge_wsosa@example.com\r\n  + Your message: BjN11m4cz6T9fnOWPl1\ntest_ContactPage.py:52 in test_2() -> with check, allure.step(\"Email is correct\"):\ntest_ContactPage.py:53 in test_2 -> assert actual_email == expected_email\nAssertionError: assert 'Full name: T...T9fnOWPl1\\r\\n' == 'Full name: J...OqUJpZtH4\\r\\n'\n  \n  - Full name: Joseph Gomez\r\n  - Email address: safari_kellythomas@example.com\r\n  - Your message: ESG6ksyoH0R5xOUd2r1VoCYLq8DuNh4shJOqUJpZtH4\r\n  + Full name: Tyler Williams\r\n  + Email address: edge_wsosa@example.com\r\n  + Your message: BjN11m4cz6T9fnOWPl1\r\n\n\n------------------------------------------------------------\nFailed Checks: 1"}, "steps": [{"name": "Success message is visible", "status": "passed", "start": 1730447081102, "stop": 1730447081129}, {"name": "Email is correct", "status": "failed", "statusDetails": {"message": "AssertionError: assert 'Full name: T...T9fnOWPl1\\r\\n' == 'Full name: J...OqUJpZtH4\\r\\n'\n  \n  - Full name: Joseph Gomez\r\n  - Email address: safari_kellythomas@example.com\r\n  - Your message: ESG6ksyoH0R5xOUd2r1VoCYLq8DuNh4shJOqUJpZtH4\r\n  + Full name: Tyler Williams\r\n  + Email address: edge_wsosa@example.com\r\n  + Your message: BjN11m4cz6T9fnOWPl1\r\n", "trace": "  File \"/Users/runner/work/QUBA_WEB/QUBA_WEB/Tests/test_ContactPage.py\", line 53, in test_2\n    assert actual_email == expected_email\n"}, "start": 1730447081982, "stop": 1730447081994}], "attachments": [{"name": "stdout", "source": "5cc05cb6-f79a-4e53-9b5f-878e9fb803bc-attachment.txt", "type": "text/plain"}], "parameters": [{"name": "driver", "value": "'safari'"}], "start": 1730447068197, "stop": 1730447082147, "uuid": "f923cf71-6177-4a35-bd64-43ea936e27e2", "historyId": "a7d44a5a87f619d306cc83d9283fd5a6", "testCaseId": "57f9fa933cde1d635b1cb9def516227a", "fullName": "Tests.test_ContactPage.TestContactPage#test_2", "labels": [{"name": "severity", "value": "critical"}, {"name": "feature", "value": "Contact page"}, {"name": "parentSuite", "value": "Tests"}, {"name": "suite", "value": "test_ContactPage"}, {"name": "subSuite", "value": "TestContactPage"}, {"name": "host", "value": "Mac-1730446312566.local"}, {"name": "thread", "value": "2014-MainThread"}, {"name": "framework", "value": "pytest"}, {"name": "language", "value": "cpython3"}, {"name": "package", "value": "Tests.test_ContactPage"}]}