{"uid":"27060daebdddf879","name":"Click on event carousel card","fullName":"Tests.test_HomePage.TestHomePage#test_28","historyId":"da69ea2eeed514a8686d459faffb58e3","time":{"start":1733747875102,"stop":1733747881513,"duration":6411},"status":"failed","statusMessage":"AssertionError: FAILURE: assert 'Tour of Old Maidnah' == ' نتيجة لظروف...فيما نتحمله م'\n  \n  -  نتيجة لظروف ما قد تكمن السعاده فيما نتحمله م\n  + Tour of Old Maidnah\ntest_HomePage.py:489 in test_28() -> with check, allure.step(f\"User is navigated to {event_title} page\"):\ntest_HomePage.py:493 in test_28 -> assert events_obj.get_individual_event_title_text() == event_title\nAssertionError: assert 'Tour of Old Maidnah' == ' نتيجة لظروف...فيما نتحمله م'\n  \n  -  نتيجة لظروف ما قد تكمن السعاده فيما نتحمله م\n  + Tour of Old Maidnah\n\n\n------------------------------------------------------------\nFailed Checks: 1","statusTrace":"FAILURE: assert 'Tour of Old Maidnah' == ' نتيجة لظروف...فيما نتحمله م'\n  \n  -  نتيجة لظروف ما قد تكمن السعاده فيما نتحمله م\n  + Tour of Old Maidnah\ntest_HomePage.py:489 in test_28() -> with check, allure.step(f\"User is navigated to {event_title} page\"):\ntest_HomePage.py:493 in test_28 -> assert events_obj.get_individual_event_title_text() == event_title\nAssertionError: assert 'Tour of Old Maidnah' == ' نتيجة لظروف...فيما نتحمله م'\n  \n  -  نتيجة لظروف ما قد تكمن السعاده فيما نتحمله م\n  + Tour of Old Maidnah\n\n\n------------------------------------------------------------\nFailed Checks: 1","flaky":false,"newFailed":false,"newBroken":false,"newPassed":false,"retriesCount":0,"retriesStatusChange":false,"beforeStages":[{"name":"_session_faker","time":{"start":1733747818262,"stop":1733747818327,"duration":65},"status":"passed","steps":[],"attachments":[],"parameters":[],"shouldDisplayMessage":false,"stepsCount":0,"attachmentsCount":0,"hasContent":false,"attachmentStep":false},{"name":"driver","time":{"start":1733747818328,"stop":1733747828972,"duration":10644},"status":"passed","steps":[],"attachments":[],"parameters":[],"shouldDisplayMessage":false,"stepsCount":0,"attachmentsCount":0,"hasContent":false,"attachmentStep":false},{"name":"setup","time":{"start":1733747875101,"stop":1733747875101,"duration":0},"status":"passed","steps":[],"attachments":[],"parameters":[],"shouldDisplayMessage":false,"stepsCount":0,"attachmentsCount":0,"hasContent":false,"attachmentStep":false}],"testStage":{"status":"failed","statusMessage":"AssertionError: FAILURE: assert 'Tour of Old Maidnah' == ' نتيجة لظروف...فيما نتحمله م'\n  \n  -  نتيجة لظروف ما قد تكمن السعاده فيما نتحمله م\n  + Tour of Old Maidnah\ntest_HomePage.py:489 in test_28() -> with check, allure.step(f\"User is navigated to {event_title} page\"):\ntest_HomePage.py:493 in test_28 -> assert events_obj.get_individual_event_title_text() == event_title\nAssertionError: assert 'Tour of Old Maidnah' == ' نتيجة لظروف...فيما نتحمله م'\n  \n  -  نتيجة لظروف ما قد تكمن السعاده فيما نتحمله م\n  + Tour of Old Maidnah\n\n\n------------------------------------------------------------\nFailed Checks: 1","statusTrace":"FAILURE: assert 'Tour of Old Maidnah' == ' نتيجة لظروف...فيما نتحمله م'\n  \n  -  نتيجة لظروف ما قد تكمن السعاده فيما نتحمله م\n  + Tour of Old Maidnah\ntest_HomePage.py:489 in test_28() -> with check, allure.step(f\"User is navigated to {event_title} page\"):\ntest_HomePage.py:493 in test_28 -> assert events_obj.get_individual_event_title_text() == event_title\nAssertionError: assert 'Tour of Old Maidnah' == ' نتيجة لظروف...فيما نتحمله م'\n  \n  -  نتيجة لظروف ما قد تكمن السعاده فيما نتحمله م\n  + Tour of Old Maidnah\n\n\n------------------------------------------------------------\nFailed Checks: 1","steps":[{"name":"User is navigated to  نتيجة لظروف ما قد تكمن السعاده فيما نتحمله م page","time":{"start":1733747875102,"stop":1733747879457,"duration":4355},"status":"failed","statusMessage":"AssertionError: assert 'Tour of Old Maidnah' == ' نتيجة لظروف...فيما نتحمله م'\n  \n  -  نتيجة لظروف ما قد تكمن السعاده فيما نتحمله م\n  + Tour of Old Maidnah\n","statusTrace":"  File \"/home/runner/work/QUBA_WEB/QUBA_WEB/Tests/test_HomePage.py\", line 493, in test_28\n    assert events_obj.get_individual_event_title_text() == event_title\n","steps":[],"attachments":[],"parameters":[],"shouldDisplayMessage":true,"stepsCount":0,"attachmentsCount":0,"hasContent":true,"attachmentStep":false}],"attachments":[],"parameters":[],"shouldDisplayMessage":true,"stepsCount":1,"attachmentsCount":0,"hasContent":true,"attachmentStep":false},"afterStages":[{"name":"driver::0","time":{"start":1733747930342,"stop":1733747930434,"duration":92},"status":"passed","steps":[],"attachments":[],"parameters":[],"shouldDisplayMessage":false,"stepsCount":0,"attachmentsCount":0,"hasContent":false,"attachmentStep":false}],"labels":[{"name":"feature","value":"Home page"},{"name":"severity","value":"normal"},{"name":"tag","value":"dependency(depends=['test_22'])"},{"name":"tag","value":"flaky(reruns=3, reruns_delay=1)"},{"name":"parentSuite","value":"Tests"},{"name":"suite","value":"test_HomePage"},{"name":"subSuite","value":"TestHomePage"},{"name":"host","value":"fv-az1277-86"},{"name":"thread","value":"1959-MainThread"},{"name":"framework","value":"pytest"},{"name":"language","value":"cpython3"},{"name":"package","value":"Tests.test_HomePage"},{"name":"resultFormat","value":"allure2"}],"parameters":[{"name":"driver","value":"'chrome'"}],"links":[{"name":"C58609","url":"https://hedgehoglabqa.testrail.io/index.php?/cases/view/58609","type":"tms"},{"name":"Epic QP-356","url":"https://hedgehog-lab.atlassian.net/browse/QP-356","type":"issue"},{"name":"Story QP-269","url":"https://hedgehog-lab.atlassian.net/browse/QP-269","type":"issue"}],"hidden":true,"retry":true,"extra":{"categories":[],"tags":["flaky(reruns=3, reruns_delay=1)","dependency(depends=['test_22'])"]},"source":"27060daebdddf879.json","parameterValues":["'chrome'"]}