{"uid":"4dfe1425f6ef3be","name":"Check Download section analytic pairs","fullName":"Tests.test_HomePage.TestHomePage#test_12","historyId":"b74cd28a14047a11b180986e085f5efc","time":{"start":1731814900086,"stop":1731814920100,"duration":20014},"status":"failed","statusMessage":"AssertionError: FAILURE: assert 3 == 0\ntest_HomePage.py:230 in test_12() -> with check, allure.step(\"C58343: Check the number of pairs\"):\ntest_HomePage.py:233 in test_12 -> assert expected_number == actual_number\nAssertionError: assert 3 == 0\n\n\n------------------------------------------------------------\nFailed Checks: 1","statusTrace":"FAILURE: assert 3 == 0\ntest_HomePage.py:230 in test_12() -> with check, allure.step(\"C58343: Check the number of pairs\"):\ntest_HomePage.py:233 in test_12 -> assert expected_number == actual_number\nAssertionError: assert 3 == 0\n\n\n------------------------------------------------------------\nFailed Checks: 1","flaky":false,"newFailed":false,"newBroken":false,"newPassed":false,"retriesCount":3,"retriesStatusChange":false,"beforeStages":[{"name":"_session_faker","time":{"start":1731814238186,"stop":1731814238243,"duration":57},"status":"passed","steps":[],"attachments":[],"parameters":[],"stepsCount":0,"shouldDisplayMessage":false,"attachmentsCount":0,"hasContent":false,"attachmentStep":false},{"name":"_xunit_setup_class_fixture_TestHomePage","time":{"start":1731814436305,"stop":1731814440291,"duration":3986},"status":"passed","steps":[],"attachments":[],"parameters":[],"stepsCount":0,"shouldDisplayMessage":false,"attachmentsCount":0,"hasContent":false,"attachmentStep":false},{"name":"driver","time":{"start":1731814440292,"stop":1731814441913,"duration":1621},"status":"passed","steps":[],"attachments":[],"parameters":[],"stepsCount":0,"shouldDisplayMessage":false,"attachmentsCount":0,"hasContent":false,"attachmentStep":false},{"name":"setup","time":{"start":1731814900086,"stop":1731814900086,"duration":0},"status":"passed","steps":[],"attachments":[],"parameters":[],"stepsCount":0,"shouldDisplayMessage":false,"attachmentsCount":0,"hasContent":false,"attachmentStep":false}],"testStage":{"status":"failed","statusMessage":"AssertionError: FAILURE: assert 3 == 0\ntest_HomePage.py:230 in test_12() -> with check, allure.step(\"C58343: Check the number of pairs\"):\ntest_HomePage.py:233 in test_12 -> assert expected_number == actual_number\nAssertionError: assert 3 == 0\n\n\n------------------------------------------------------------\nFailed Checks: 1","statusTrace":"FAILURE: assert 3 == 0\ntest_HomePage.py:230 in test_12() -> with check, allure.step(\"C58343: Check the number of pairs\"):\ntest_HomePage.py:233 in test_12 -> assert expected_number == actual_number\nAssertionError: assert 3 == 0\n\n\n------------------------------------------------------------\nFailed Checks: 1","steps":[{"name":"C58343: Check the number of pairs","time":{"start":1731814900086,"stop":1731814910096,"duration":10010},"status":"failed","statusMessage":"AssertionError: assert 3 == 0\n","statusTrace":"  File \"/home/runner/work/QUBA_WEB/QUBA_WEB/Tests/test_HomePage.py\", line 233, in test_12\n    assert expected_number == actual_number\n","steps":[],"attachments":[],"parameters":[],"stepsCount":0,"shouldDisplayMessage":true,"attachmentsCount":0,"hasContent":true,"attachmentStep":false}],"attachments":[],"parameters":[],"stepsCount":1,"shouldDisplayMessage":true,"attachmentsCount":0,"hasContent":true,"attachmentStep":false},"afterStages":[{"name":"driver::0","time":{"start":1731815503965,"stop":1731815504147,"duration":182},"status":"passed","steps":[],"attachments":[],"parameters":[],"stepsCount":0,"shouldDisplayMessage":false,"attachmentsCount":0,"hasContent":false,"attachmentStep":false},{"name":"_xunit_setup_class_fixture_TestHomePage::0","time":{"start":1731815504148,"stop":1731815504148,"duration":0},"status":"passed","steps":[],"attachments":[],"parameters":[],"stepsCount":0,"shouldDisplayMessage":false,"attachmentsCount":0,"hasContent":false,"attachmentStep":false}],"labels":[{"name":"feature","value":"Home page"},{"name":"severity","value":"normal"},{"name":"tag","value":"flaky(reruns=3, reruns_delay=1)"},{"name":"parentSuite","value":"Tests"},{"name":"suite","value":"test_HomePage"},{"name":"subSuite","value":"TestHomePage"},{"name":"host","value":"fv-az979-767"},{"name":"thread","value":"1790-MainThread"},{"name":"framework","value":"pytest"},{"name":"language","value":"cpython3"},{"name":"package","value":"Tests.test_HomePage"},{"name":"resultFormat","value":"allure2"}],"parameters":[{"name":"driver","value":"'firefox'"}],"links":[{"name":"C58343","url":"https://hedgehoglabqa.testrail.io/index.php?/cases/view/58343","type":"tms"},{"name":"Epic QP-356","url":"https://hedgehog-lab.atlassian.net/browse/QP-356","type":"issue"},{"name":"Story QP-269","url":"https://hedgehog-lab.atlassian.net/browse/QP-269","type":"issue"}],"hidden":false,"retry":false,"extra":{"severity":"normal","retries":[{"uid":"a02156b6e10c14f9","status":"failed","statusDetails":"AssertionError: FAILURE: assert 3 == 0\ntest_HomePage.py:230 in test_12() -> with check, allure.step(\"C58343: Check the number of pairs\"):\ntest_HomePage.py:233 in test_12 -> assert expected_number == actual_number\nAssertionError: assert 3 == 0\n\n\n------------------------------------------------------------\nFailed Checks: 1","time":{"start":1731814879061,"stop":1731814899084,"duration":20023}},{"uid":"8a62341ba8bd29af","status":"failed","statusDetails":"AssertionError: FAILURE: assert 3 == 0\ntest_HomePage.py:230 in test_12() -> with check, allure.step(\"C58343: Check the number of pairs\"):\ntest_HomePage.py:233 in test_12 -> assert expected_number == actual_number\nAssertionError: assert 3 == 0\n\n\n------------------------------------------------------------\nFailed Checks: 1","time":{"start":1731814858045,"stop":1731814878059,"duration":20014}},{"uid":"b83ee23bc00dd74a","status":"failed","statusDetails":"AssertionError: FAILURE: assert 3 == 0\ntest_HomePage.py:230 in test_12() -> with check, allure.step(\"C58343: Check the number of pairs\"):\ntest_HomePage.py:233 in test_12 -> assert expected_number == actual_number\nAssertionError: assert 3 == 0\n\n\n------------------------------------------------------------\nFailed Checks: 1","time":{"start":1731814837019,"stop":1731814857042,"duration":20023}}],"categories":[{"name":"Product defects","matchedStatuses":[],"flaky":false}],"history":{"statistic":{"failed":2,"broken":0,"skipped":0,"passed":4,"unknown":0,"total":6},"items":[{"uid":"ced987ab88547d58","status":"failed","statusDetails":"AssertionError: FAILURE: assert 3 == 0\ntest_HomePage.py:230 in test_12() -> with check, allure.step(\"C58343: Check the number of pairs\"):\ntest_HomePage.py:233 in test_12 -> assert expected_number == actual_number\nAssertionError: assert 3 == 0\n\n\n------------------------------------------------------------\nFailed Checks: 1","time":{"start":1731685056397,"stop":1731685076413,"duration":20016}},{"uid":"ad9c1330465476f1","status":"passed","time":{"start":1731570810883,"stop":1731570810927,"duration":44}},{"uid":"ba3d0ffaba83bfbe","status":"passed","time":{"start":1731485533297,"stop":1731485533343,"duration":46}},{"uid":"f219d3cb52eca484","status":"passed","time":{"start":1731482603959,"stop":1731482604003,"duration":44}},{"uid":"63da63a501f5b70d","status":"passed","time":{"start":1731480628634,"stop":1731480628679,"duration":45}}]},"tags":["flaky(reruns=3, reruns_delay=1)"]},"source":"4dfe1425f6ef3be.json","parameterValues":["'firefox'"]}