{"uid":"7023b18337c79468","name":"Site with more than one photo","fullName":"Tests.test_Sites.TestSites#test_20","historyId":"61004779ca357e2f044ed071e544a13b","time":{"start":1733025032582,"stop":1733025054314,"duration":21732},"status":"failed","statusMessage":"AssertionError: FAILURE: assert False\n +  where False = <bound method AboutPage.is_next_slide_button_visible of <Pages.AboutPage.AboutPage object at 0x7f273c30add0>>()\n +    where <bound method AboutPage.is_next_slide_button_visible of <Pages.AboutPage.AboutPage object at 0x7f273c30add0>> = <Pages.AboutPage.AboutPage object at 0x7f273c30add0>.is_next_slide_button_visible\ntest_Sites.py:503 in test_20() -> with check, allure.step(\"C58413: Next image button is visible\"):\ntest_Sites.py:504 in test_20 -> assert about_obj.is_next_slide_button_visible()\nAssertionError: assert False\n +  where False = <bound method AboutPage.is_next_slide_button_visible of <Pages.AboutPage.AboutPage object at 0x7f273c30add0>>()\n +    where <bound method AboutPage.is_next_slide_button_visible of <Pages.AboutPage.AboutPage object at 0x7f273c30add0>> = <Pages.AboutPage.AboutPage object at 0x7f273c30add0>.is_next_slide_button_visible\n\n\n------------------------------------------------------------\nFailed Checks: 1","statusTrace":"FAILURE: assert False\n +  where False = <bound method AboutPage.is_next_slide_button_visible of <Pages.AboutPage.AboutPage object at 0x7f273c30add0>>()\n +    where <bound method AboutPage.is_next_slide_button_visible of <Pages.AboutPage.AboutPage object at 0x7f273c30add0>> = <Pages.AboutPage.AboutPage object at 0x7f273c30add0>.is_next_slide_button_visible\ntest_Sites.py:503 in test_20() -> with check, allure.step(\"C58413: Next image button is visible\"):\ntest_Sites.py:504 in test_20 -> assert about_obj.is_next_slide_button_visible()\nAssertionError: assert False\n +  where False = <bound method AboutPage.is_next_slide_button_visible of <Pages.AboutPage.AboutPage object at 0x7f273c30add0>>()\n +    where <bound method AboutPage.is_next_slide_button_visible of <Pages.AboutPage.AboutPage object at 0x7f273c30add0>> = <Pages.AboutPage.AboutPage object at 0x7f273c30add0>.is_next_slide_button_visible\n\n\n------------------------------------------------------------\nFailed Checks: 1","flaky":false,"newFailed":false,"newBroken":false,"newPassed":false,"retriesCount":0,"retriesStatusChange":false,"beforeStages":[{"name":"_session_faker","time":{"start":1733024543197,"stop":1733024543252,"duration":55},"status":"passed","steps":[],"attachments":[],"parameters":[],"stepsCount":0,"shouldDisplayMessage":false,"attachmentsCount":0,"hasContent":false,"attachmentStep":false},{"name":"driver","time":{"start":1733024800513,"stop":1733024800771,"duration":258},"status":"passed","steps":[],"attachments":[],"parameters":[],"stepsCount":0,"shouldDisplayMessage":false,"attachmentsCount":0,"hasContent":false,"attachmentStep":false}],"testStage":{"status":"failed","statusMessage":"AssertionError: FAILURE: assert False\n +  where False = <bound method AboutPage.is_next_slide_button_visible of <Pages.AboutPage.AboutPage object at 0x7f273c30add0>>()\n +    where <bound method AboutPage.is_next_slide_button_visible of <Pages.AboutPage.AboutPage object at 0x7f273c30add0>> = <Pages.AboutPage.AboutPage object at 0x7f273c30add0>.is_next_slide_button_visible\ntest_Sites.py:503 in test_20() -> with check, allure.step(\"C58413: Next image button is visible\"):\ntest_Sites.py:504 in test_20 -> assert about_obj.is_next_slide_button_visible()\nAssertionError: assert False\n +  where False = <bound method AboutPage.is_next_slide_button_visible of <Pages.AboutPage.AboutPage object at 0x7f273c30add0>>()\n +    where <bound method AboutPage.is_next_slide_button_visible of <Pages.AboutPage.AboutPage object at 0x7f273c30add0>> = <Pages.AboutPage.AboutPage object at 0x7f273c30add0>.is_next_slide_button_visible\n\n\n------------------------------------------------------------\nFailed Checks: 1","statusTrace":"FAILURE: assert False\n +  where False = <bound method AboutPage.is_next_slide_button_visible of <Pages.AboutPage.AboutPage object at 0x7f273c30add0>>()\n +    where <bound method AboutPage.is_next_slide_button_visible of <Pages.AboutPage.AboutPage object at 0x7f273c30add0>> = <Pages.AboutPage.AboutPage object at 0x7f273c30add0>.is_next_slide_button_visible\ntest_Sites.py:503 in test_20() -> with check, allure.step(\"C58413: Next image button is visible\"):\ntest_Sites.py:504 in test_20 -> assert about_obj.is_next_slide_button_visible()\nAssertionError: assert False\n +  where False = <bound method AboutPage.is_next_slide_button_visible of <Pages.AboutPage.AboutPage object at 0x7f273c30add0>>()\n +    where <bound method AboutPage.is_next_slide_button_visible of <Pages.AboutPage.AboutPage object at 0x7f273c30add0>> = <Pages.AboutPage.AboutPage object at 0x7f273c30add0>.is_next_slide_button_visible\n\n\n------------------------------------------------------------\nFailed Checks: 1","steps":[{"name":"C58413: The image 555x465px-Mosque_of_Atban_Bin_Malik_6.webp is correct","time":{"start":1733025042779,"stop":1733025042780,"duration":1},"status":"passed","steps":[],"attachments":[],"parameters":[],"stepsCount":0,"shouldDisplayMessage":false,"attachmentsCount":0,"hasContent":false,"attachmentStep":false},{"name":"C58413: The image abu_as_suud_118292.jpg is correct","time":{"start":1733025042780,"stop":1733025042780,"duration":0},"status":"passed","steps":[],"attachments":[],"parameters":[],"stepsCount":0,"shouldDisplayMessage":false,"attachmentsCount":0,"hasContent":false,"attachmentStep":false},{"name":"C58413: The image download (3).jpeg is correct","time":{"start":1733025042780,"stop":1733025042780,"duration":0},"status":"passed","steps":[],"attachments":[],"parameters":[],"stepsCount":0,"shouldDisplayMessage":false,"attachmentsCount":0,"hasContent":false,"attachmentStep":false},{"name":"C58413: The image download.jpeg is correct","time":{"start":1733025042780,"stop":1733025042780,"duration":0},"status":"passed","steps":[],"attachments":[],"parameters":[],"stepsCount":0,"shouldDisplayMessage":false,"attachmentsCount":0,"hasContent":false,"attachmentStep":false},{"name":"C58413: Next image button is visible","time":{"start":1733025042780,"stop":1733025053797,"duration":11017},"status":"failed","statusMessage":"AssertionError: assert False\n +  where False = <bound method AboutPage.is_next_slide_button_visible of <Pages.AboutPage.AboutPage object at 0x7f273c30add0>>()\n +    where <bound method AboutPage.is_next_slide_button_visible of <Pages.AboutPage.AboutPage object at 0x7f273c30add0>> = <Pages.AboutPage.AboutPage object at 0x7f273c30add0>.is_next_slide_button_visible\n","statusTrace":"  File \"/home/runner/work/QUBA_WEB/QUBA_WEB/Tests/test_Sites.py\", line 504, in test_20\n    assert about_obj.is_next_slide_button_visible()\n","steps":[],"attachments":[],"parameters":[],"stepsCount":0,"shouldDisplayMessage":true,"attachmentsCount":0,"hasContent":true,"attachmentStep":false},{"name":"C58413: Scroll bar is visible","time":{"start":1733025053799,"stop":1733025053815,"duration":16},"status":"passed","steps":[],"attachments":[],"parameters":[],"stepsCount":0,"shouldDisplayMessage":false,"attachmentsCount":0,"hasContent":false,"attachmentStep":false}],"attachments":[],"parameters":[],"stepsCount":6,"shouldDisplayMessage":true,"attachmentsCount":0,"hasContent":true,"attachmentStep":false},"afterStages":[{"name":"driver::0","time":{"start":1733025283791,"stop":1733025283883,"duration":92},"status":"passed","steps":[],"attachments":[],"parameters":[],"stepsCount":0,"shouldDisplayMessage":false,"attachmentsCount":0,"hasContent":false,"attachmentStep":false}],"labels":[{"name":"feature","value":"Individual Sites"},{"name":"severity","value":"critical"},{"name":"tag","value":"flaky(reruns=3, reruns_delay=1)"},{"name":"parentSuite","value":"Tests"},{"name":"suite","value":"test_Sites"},{"name":"subSuite","value":"TestSites"},{"name":"host","value":"fv-az1149-541"},{"name":"thread","value":"1782-MainThread"},{"name":"framework","value":"pytest"},{"name":"language","value":"cpython3"},{"name":"package","value":"Tests.test_Sites"},{"name":"resultFormat","value":"allure2"}],"parameters":[{"name":"driver","value":"'chrome'"}],"links":[{"name":"C58413","url":"https://hedgehoglabqa.testrail.io/index.php?/cases/view/58413","type":"tms"},{"name":"Epic QP-356","url":"https://hedgehog-lab.atlassian.net/browse/QP-356","type":"issue"},{"name":"Story QP-264","url":"https://hedgehog-lab.atlassian.net/browse/QP-264","type":"issue"}],"hidden":true,"retry":true,"extra":{"categories":[],"tags":["flaky(reruns=3, reruns_delay=1)"]},"source":"7023b18337c79468.json","parameterValues":["'chrome'"]}