{"uid":"7761ed403806d929","name":"Check presented events in the events carousel","fullName":"Tests.test_HomePage.TestHomePage#test_25","historyId":"0eb9d9849c3bfbd7c750d21d4a2d0df8","time":{"start":1731570823400,"stop":1731570823400,"duration":0},"status":"skipped","statusMessage":"Skipped: test_25[chrome] depends on test_22","statusTrace":"('/opt/hostedtoolcache/Python/3.11.10/x64/lib/python3.11/site-packages/pytest_dependency.py', 101, 'Skipped: test_25[chrome] depends on test_22')","flaky":false,"newFailed":false,"newBroken":false,"newPassed":false,"retriesCount":0,"retriesStatusChange":false,"beforeStages":[{"name":"_session_faker","time":{"start":1731570785892,"stop":1731570785958,"duration":66},"status":"passed","steps":[],"attachments":[],"parameters":[],"stepsCount":0,"shouldDisplayMessage":false,"attachmentsCount":0,"hasContent":false,"attachmentStep":false},{"name":"_xunit_setup_class_fixture_TestHomePage","time":{"start":1731570785958,"stop":1731570789106,"duration":3148},"status":"passed","steps":[],"attachments":[],"parameters":[],"stepsCount":0,"shouldDisplayMessage":false,"attachmentsCount":0,"hasContent":false,"attachmentStep":false},{"name":"driver","time":{"start":1731570789107,"stop":1731570798958,"duration":9851},"status":"passed","steps":[],"attachments":[],"parameters":[],"stepsCount":0,"shouldDisplayMessage":false,"attachmentsCount":0,"hasContent":false,"attachmentStep":false},{"name":"setup","time":{"start":1731570823405,"stop":1731570823405,"duration":0},"status":"passed","steps":[],"attachments":[],"parameters":[],"stepsCount":0,"shouldDisplayMessage":false,"attachmentsCount":0,"hasContent":false,"attachmentStep":false}],"afterStages":[{"name":"driver::0","time":{"start":1731570847926,"stop":1731570848013,"duration":87},"status":"passed","steps":[],"attachments":[],"parameters":[],"stepsCount":0,"shouldDisplayMessage":false,"attachmentsCount":0,"hasContent":false,"attachmentStep":false},{"name":"_xunit_setup_class_fixture_TestHomePage::0","time":{"start":1731570848013,"stop":1731570848014,"duration":1},"status":"passed","steps":[],"attachments":[],"parameters":[],"stepsCount":0,"shouldDisplayMessage":false,"attachmentsCount":0,"hasContent":false,"attachmentStep":false}],"labels":[{"name":"feature","value":"Home page"},{"name":"severity","value":"normal"},{"name":"tag","value":"dependency(depends=['test_22'])"},{"name":"tag","value":"flaky(reruns=3, reruns_delay=1)"},{"name":"parentSuite","value":"Tests"},{"name":"suite","value":"test_HomePage"},{"name":"subSuite","value":"TestHomePage"},{"name":"host","value":"fv-az575-502"},{"name":"thread","value":"1843-MainThread"},{"name":"framework","value":"pytest"},{"name":"language","value":"cpython3"},{"name":"package","value":"Tests.test_HomePage"},{"name":"resultFormat","value":"allure2"}],"parameters":[{"name":"driver","value":"'chrome'"}],"links":[{"name":"C58403","url":"https://hedgehoglabqa.testrail.io/index.php?/cases/view/58403","type":"tms"},{"name":"Epic QP-356","url":"https://hedgehog-lab.atlassian.net/browse/QP-356","type":"issue"},{"name":"Story QP-269","url":"https://hedgehog-lab.atlassian.net/browse/QP-269","type":"issue"}],"hidden":false,"retry":false,"extra":{"severity":"normal","retries":[],"categories":[],"history":{"statistic":{"failed":3,"broken":0,"skipped":2,"passed":1,"unknown":0,"total":6},"items":[{"uid":"9a32f096222e0041","status":"passed","time":{"start":1731485540523,"stop":1731485540665,"duration":142}},{"uid":"cc16ce0c3a28224c","status":"failed","statusDetails":"AssertionError: FAILURE: assert '9 August, 7:... 10:00pm AST)' == '9 August, 8:... 10:00pm AST)'\n  \n  Skipping 65 identical trailing characters in diff, use -v to show\n  - 9 August, 8:00am - 2\n  ?           ^\n  + 9 August, 7:00am - 2\n  ?           ^\ntest_HomePage.py:466 in test_25() -> with check, allure.step(f\"C58394: Check {expected_title} time\"):\ntest_HomePage.py:467 in test_25 -> assert home_page_obj.get_event_carousel_card_time(i).strip() == expected_time.strip()\nAssertionError: assert '9 August, 7:... 10:00pm AST)' == '9 August, 8:... 10:00pm AST)'\n  \n  Skipping 65 identical trailing characters in diff, use -v to show\n  - 9 August, 8:00am - 2\n  ?           ^\n  + 9 August, 7:00am - 2\n  ?           ^\n\n\nFAILURE: assert '9 October, 5... 10:00pm AST)' == '9 October, 6... 10:00pm AST)'\n  \n  Skipping 65 identical trailing characters in diff, use -v to show\n  - 9 October, 6:00pm - 1\n  ?            ^\n  + 9 October, 5:00pm - 1\n  ?            ^\nFAILURE: assert '24 October, ... 10:30am AST)' == '24 October, ... 10:30am AST)'\n  \n  Skipping 67 identical trailing characters in diff, use -v to show\n  - 24 October, 8:00am - 3\n  ?             ^\n  + 24 October, 7:00am - 3\n  ?             ^\n------------------------------------------------------------\nFailed Checks: 3","time":{"start":1731484969384,"stop":1731484969529,"duration":145}},{"uid":"15aeb984e2e5bafb","status":"failed","statusDetails":"AssertionError: FAILURE: assert '9 August, 7:... 10:00pm AST)' == '9 August, 8:... 10:00pm AST)'\n  \n  Skipping 65 identical trailing characters in diff, use -v to show\n  - 9 August, 8:00am - 2\n  ?           ^\n  + 9 August, 7:00am - 2\n  ?           ^\ntest_HomePage.py:466 in test_25() -> with check, allure.step(f\"C58394: Check {expected_title} time\"):\ntest_HomePage.py:467 in test_25 -> assert home_page_obj.get_event_carousel_card_time(i).strip() == expected_time.strip()\nAssertionError: assert '9 August, 7:... 10:00pm AST)' == '9 August, 8:... 10:00pm AST)'\n  \n  Skipping 65 identical trailing characters in diff, use -v to show\n  - 9 August, 8:00am - 2\n  ?           ^\n  + 9 August, 7:00am - 2\n  ?           ^\n\n\nFAILURE: assert '9 October, 5... 10:00pm AST)' == '9 October, 6... 10:00pm AST)'\n  \n  Skipping 65 identical trailing characters in diff, use -v to show\n  - 9 October, 6:00pm - 1\n  ?            ^\n  + 9 October, 5:00pm - 1\n  ?            ^\nFAILURE: assert '24 October, ... 10:30am AST)' == '24 October, ... 10:30am AST)'\n  \n  Skipping 67 identical trailing characters in diff, use -v to show\n  - 24 October, 8:00am - 3\n  ?             ^\n  + 24 October, 7:00am - 3\n  ?             ^\n------------------------------------------------------------\nFailed Checks: 3","time":{"start":1731484018398,"stop":1731484018526,"duration":128}},{"uid":"f9081c00b6cc762b","status":"skipped","statusDetails":"Skipped: test_25[chrome] depends on test_22","time":{"start":1731482629414,"stop":1731482629414,"duration":0}},{"uid":"ddaae1a35a26d4ec","status":"failed","statusDetails":"AssertionError: FAILURE: assert '9 August, 7:... 10:00pm AST)' == '9 August, 8:... 10:00pm AST)'\n  \n  Skipping 65 identical trailing characters in diff, use -v to show\n  - 9 August, 8:00am - 2\n  ?           ^\n  + 9 August, 7:00am - 2\n  ?           ^\ntest_HomePage.py:466 in test_25() -> with check, allure.step(f\"C58394: Check {expected_title} time\"):\ntest_HomePage.py:467 in test_25 -> assert home_page_obj.get_event_carousel_card_time(i).strip() == expected_time.strip()\nAssertionError: assert '9 August, 7:... 10:00pm AST)' == '9 August, 8:... 10:00pm AST)'\n  \n  Skipping 65 identical trailing characters in diff, use -v to show\n  - 9 August, 8:00am - 2\n  ?           ^\n  + 9 August, 7:00am - 2\n  ?           ^\n\n\nFAILURE: assert '9 October, 5... 10:00pm AST)' == '9 October, 6... 10:00pm AST)'\n  \n  Skipping 65 identical trailing characters in diff, use -v to show\n  - 9 October, 6:00pm - 1\n  ?            ^\n  + 9 October, 5:00pm - 1\n  ?            ^\nFAILURE: assert '24 October, ... 10:30am AST)' == '24 October, ... 10:30am AST)'\n  \n  Skipping 67 identical trailing characters in diff, use -v to show\n  - 24 October, 8:00am - 3\n  ?             ^\n  + 24 October, 7:00am - 3\n  ?             ^\n------------------------------------------------------------\nFailed Checks: 3","time":{"start":1731480620409,"stop":1731480620533,"duration":124}}]},"tags":["flaky(reruns=3, reruns_delay=1)","dependency(depends=['test_22'])"]},"source":"7761ed403806d929.json","parameterValues":["'chrome'"]}