{"uid":"ae784f69bba985c","name":"Click on event carousel card","fullName":"Tests.test_HomePage.TestHomePage#test_28","historyId":"93d824a13a6bf213504d3430e412c23f","time":{"start":1733725599532,"stop":1733725605761,"duration":6229},"status":"failed","statusMessage":"AssertionError: FAILURE: assert 'Tour of Old Maidnah' == ' نتيجة لظروف...فيما نتحمله م'\n  \n  -  نتيجة لظروف ما قد تكمن السعاده فيما نتحمله م\n  + Tour of Old Maidnah\ntest_HomePage.py:489 in test_28() -> with check, allure.step(f\"User is navigated to {event_title} page\"):\ntest_HomePage.py:493 in test_28 -> assert events_obj.get_individual_event_title_text() == event_title\nAssertionError: assert 'Tour of Old Maidnah' == ' نتيجة لظروف...فيما نتحمله م'\n  \n  -  نتيجة لظروف ما قد تكمن السعاده فيما نتحمله م\n  + Tour of Old Maidnah\n\n\n------------------------------------------------------------\nFailed Checks: 1","statusTrace":"FAILURE: assert 'Tour of Old Maidnah' == ' نتيجة لظروف...فيما نتحمله م'\n  \n  -  نتيجة لظروف ما قد تكمن السعاده فيما نتحمله م\n  + Tour of Old Maidnah\ntest_HomePage.py:489 in test_28() -> with check, allure.step(f\"User is navigated to {event_title} page\"):\ntest_HomePage.py:493 in test_28 -> assert events_obj.get_individual_event_title_text() == event_title\nAssertionError: assert 'Tour of Old Maidnah' == ' نتيجة لظروف...فيما نتحمله م'\n  \n  -  نتيجة لظروف ما قد تكمن السعاده فيما نتحمله م\n  + Tour of Old Maidnah\n\n\n------------------------------------------------------------\nFailed Checks: 1","flaky":false,"newFailed":false,"newBroken":false,"newPassed":false,"retriesCount":0,"retriesStatusChange":false,"beforeStages":[{"name":"_session_faker","time":{"start":1733724917735,"stop":1733724917802,"duration":67},"status":"passed","steps":[],"attachments":[],"parameters":[],"shouldDisplayMessage":false,"stepsCount":0,"attachmentsCount":0,"hasContent":false,"attachmentStep":false},{"name":"driver","time":{"start":1733725556404,"stop":1733725556862,"duration":458},"status":"passed","steps":[],"attachments":[],"parameters":[],"shouldDisplayMessage":false,"stepsCount":0,"attachmentsCount":0,"hasContent":false,"attachmentStep":false},{"name":"setup","time":{"start":1733725599532,"stop":1733725599532,"duration":0},"status":"passed","steps":[],"attachments":[],"parameters":[],"shouldDisplayMessage":false,"stepsCount":0,"attachmentsCount":0,"hasContent":false,"attachmentStep":false}],"testStage":{"status":"failed","statusMessage":"AssertionError: FAILURE: assert 'Tour of Old Maidnah' == ' نتيجة لظروف...فيما نتحمله م'\n  \n  -  نتيجة لظروف ما قد تكمن السعاده فيما نتحمله م\n  + Tour of Old Maidnah\ntest_HomePage.py:489 in test_28() -> with check, allure.step(f\"User is navigated to {event_title} page\"):\ntest_HomePage.py:493 in test_28 -> assert events_obj.get_individual_event_title_text() == event_title\nAssertionError: assert 'Tour of Old Maidnah' == ' نتيجة لظروف...فيما نتحمله م'\n  \n  -  نتيجة لظروف ما قد تكمن السعاده فيما نتحمله م\n  + Tour of Old Maidnah\n\n\n------------------------------------------------------------\nFailed Checks: 1","statusTrace":"FAILURE: assert 'Tour of Old Maidnah' == ' نتيجة لظروف...فيما نتحمله م'\n  \n  -  نتيجة لظروف ما قد تكمن السعاده فيما نتحمله م\n  + Tour of Old Maidnah\ntest_HomePage.py:489 in test_28() -> with check, allure.step(f\"User is navigated to {event_title} page\"):\ntest_HomePage.py:493 in test_28 -> assert events_obj.get_individual_event_title_text() == event_title\nAssertionError: assert 'Tour of Old Maidnah' == ' نتيجة لظروف...فيما نتحمله م'\n  \n  -  نتيجة لظروف ما قد تكمن السعاده فيما نتحمله م\n  + Tour of Old Maidnah\n\n\n------------------------------------------------------------\nFailed Checks: 1","steps":[{"name":"User is navigated to  نتيجة لظروف ما قد تكمن السعاده فيما نتحمله م page","time":{"start":1733725599532,"stop":1733725603697,"duration":4165},"status":"failed","statusMessage":"AssertionError: assert 'Tour of Old Maidnah' == ' نتيجة لظروف...فيما نتحمله م'\n  \n  -  نتيجة لظروف ما قد تكمن السعاده فيما نتحمله م\n  + Tour of Old Maidnah\n","statusTrace":"  File \"/home/runner/work/QUBA_WEB/QUBA_WEB/Tests/test_HomePage.py\", line 493, in test_28\n    assert events_obj.get_individual_event_title_text() == event_title\n","steps":[],"attachments":[],"parameters":[],"shouldDisplayMessage":true,"stepsCount":0,"attachmentsCount":0,"hasContent":true,"attachmentStep":false}],"attachments":[],"parameters":[],"shouldDisplayMessage":true,"stepsCount":1,"attachmentsCount":0,"hasContent":true,"attachmentStep":false},"afterStages":[{"name":"driver::0","time":{"start":1733725655040,"stop":1733725655145,"duration":105},"status":"passed","steps":[],"attachments":[],"parameters":[],"shouldDisplayMessage":false,"stepsCount":0,"attachmentsCount":0,"hasContent":false,"attachmentStep":false}],"labels":[{"name":"severity","value":"normal"},{"name":"feature","value":"Home page"},{"name":"tag","value":"dependency(depends=['test_22'])"},{"name":"tag","value":"flaky(reruns=3, reruns_delay=1)"},{"name":"parentSuite","value":"Tests"},{"name":"suite","value":"test_HomePage"},{"name":"subSuite","value":"TestHomePage"},{"name":"host","value":"fv-az1337-355"},{"name":"thread","value":"1945-MainThread"},{"name":"framework","value":"pytest"},{"name":"language","value":"cpython3"},{"name":"package","value":"Tests.test_HomePage"},{"name":"resultFormat","value":"allure2"}],"parameters":[{"name":"driver","value":"'edge'"}],"links":[{"name":"C58609","url":"https://hedgehoglabqa.testrail.io/index.php?/cases/view/58609","type":"tms"},{"name":"Epic QP-356","url":"https://hedgehog-lab.atlassian.net/browse/QP-356","type":"issue"},{"name":"Story QP-269","url":"https://hedgehog-lab.atlassian.net/browse/QP-269","type":"issue"}],"hidden":true,"retry":true,"extra":{"categories":[],"tags":["flaky(reruns=3, reruns_delay=1)","dependency(depends=['test_22'])"]},"source":"ae784f69bba985c.json","parameterValues":["'edge'"]}