{"uid":"bac04bcbc2434614","name":"Check sections appearance","fullName":"Tests.test_HomePage.TestHomePage#test_2","historyId":"87327174d7e9ea1a36f5e3547c5c693f","time":{"start":1732012800325,"stop":1732012800390,"duration":65},"status":"failed","statusMessage":"AssertionError: FAILURE: assert False\n +  where False = <bound method HomePage.is_hero_banner_visible of <Pages.HomePage.HomePage object at 0x105552890>>()\n +    where <bound method HomePage.is_hero_banner_visible of <Pages.HomePage.HomePage object at 0x105552890>> = <Pages.HomePage.HomePage object at 0x105552890>.is_hero_banner_visible\ntest_HomePage.py:59 in test_2() -> with check, allure.step(\"Check is Hero banner visible\"):\ntest_HomePage.py:60 in test_2 -> assert home_page_obj.is_hero_banner_visible()\nAssertionError: assert False\n +  where False = <bound method HomePage.is_hero_banner_visible of <Pages.HomePage.HomePage object at 0x105552890>>()\n +    where <bound method HomePage.is_hero_banner_visible of <Pages.HomePage.HomePage object at 0x105552890>> = <Pages.HomePage.HomePage object at 0x105552890>.is_hero_banner_visible\n\n\nFAILURE: assert False\n +  where False = <bound method HomePage.is_hero_banner_visible of <Pages.HomePage.HomePage object at 0x105552890>>()\n +    where <bound method HomePage.is_hero_banner_visible of <Pages.HomePage.HomePage object at 0x105552890>> = <Pages.HomePage.HomePage object at 0x105552890>.is_hero_banner_visible\nFAILURE: assert False\n +  where False = <bound method HomePage.is_site_carousel_section_visible of <Pages.HomePage.HomePage object at 0x105552890>>()\n +    where <bound method HomePage.is_site_carousel_section_visible of <Pages.HomePage.HomePage object at 0x105552890>> = <Pages.HomePage.HomePage object at 0x105552890>.is_site_carousel_section_visible\nFAILURE: assert False\n +  where False = <bound method HomePage.is_event_carousel_section_visible of <Pages.HomePage.HomePage object at 0x105552890>>()\n +    where <bound method HomePage.is_event_carousel_section_visible of <Pages.HomePage.HomePage object at 0x105552890>> = <Pages.HomePage.HomePage object at 0x105552890>.is_event_carousel_section_visible\n------------------------------------------------------------\nFailed Checks: 4","statusTrace":"FAILURE: assert False\n +  where False = <bound method HomePage.is_hero_banner_visible of <Pages.HomePage.HomePage object at 0x105552890>>()\n +    where <bound method HomePage.is_hero_banner_visible of <Pages.HomePage.HomePage object at 0x105552890>> = <Pages.HomePage.HomePage object at 0x105552890>.is_hero_banner_visible\ntest_HomePage.py:59 in test_2() -> with check, allure.step(\"Check is Hero banner visible\"):\ntest_HomePage.py:60 in test_2 -> assert home_page_obj.is_hero_banner_visible()\nAssertionError: assert False\n +  where False = <bound method HomePage.is_hero_banner_visible of <Pages.HomePage.HomePage object at 0x105552890>>()\n +    where <bound method HomePage.is_hero_banner_visible of <Pages.HomePage.HomePage object at 0x105552890>> = <Pages.HomePage.HomePage object at 0x105552890>.is_hero_banner_visible\n\n\nFAILURE: assert False\n +  where False = <bound method HomePage.is_hero_banner_visible of <Pages.HomePage.HomePage object at 0x105552890>>()\n +    where <bound method HomePage.is_hero_banner_visible of <Pages.HomePage.HomePage object at 0x105552890>> = <Pages.HomePage.HomePage object at 0x105552890>.is_hero_banner_visible\nFAILURE: assert False\n +  where False = <bound method HomePage.is_site_carousel_section_visible of <Pages.HomePage.HomePage object at 0x105552890>>()\n +    where <bound method HomePage.is_site_carousel_section_visible of <Pages.HomePage.HomePage object at 0x105552890>> = <Pages.HomePage.HomePage object at 0x105552890>.is_site_carousel_section_visible\nFAILURE: assert False\n +  where False = <bound method HomePage.is_event_carousel_section_visible of <Pages.HomePage.HomePage object at 0x105552890>>()\n +    where <bound method HomePage.is_event_carousel_section_visible of <Pages.HomePage.HomePage object at 0x105552890>> = <Pages.HomePage.HomePage object at 0x105552890>.is_event_carousel_section_visible\n------------------------------------------------------------\nFailed Checks: 4","flaky":false,"newFailed":false,"newBroken":false,"newPassed":false,"retriesCount":0,"retriesStatusChange":false,"beforeStages":[{"name":"_session_faker","time":{"start":1732012583293,"stop":1732012583328,"duration":35},"status":"passed","steps":[],"attachments":[],"parameters":[],"stepsCount":0,"shouldDisplayMessage":false,"attachmentsCount":0,"hasContent":false,"attachmentStep":false},{"name":"_xunit_setup_class_fixture_TestHomePage","time":{"start":1732012787864,"stop":1732012792163,"duration":4299},"status":"passed","steps":[],"attachments":[],"parameters":[],"stepsCount":0,"shouldDisplayMessage":false,"attachmentsCount":0,"hasContent":false,"attachmentStep":false},{"name":"driver","time":{"start":1732012792163,"stop":1732012793475,"duration":1312},"status":"passed","steps":[],"attachments":[],"parameters":[],"stepsCount":0,"shouldDisplayMessage":false,"attachmentsCount":0,"hasContent":false,"attachmentStep":false},{"name":"setup","time":{"start":1732012800325,"stop":1732012800325,"duration":0},"status":"passed","steps":[],"attachments":[],"parameters":[],"stepsCount":0,"shouldDisplayMessage":false,"attachmentsCount":0,"hasContent":false,"attachmentStep":false}],"testStage":{"status":"failed","statusMessage":"AssertionError: FAILURE: assert False\n +  where False = <bound method HomePage.is_hero_banner_visible of <Pages.HomePage.HomePage object at 0x105552890>>()\n +    where <bound method HomePage.is_hero_banner_visible of <Pages.HomePage.HomePage object at 0x105552890>> = <Pages.HomePage.HomePage object at 0x105552890>.is_hero_banner_visible\ntest_HomePage.py:59 in test_2() -> with check, allure.step(\"Check is Hero banner visible\"):\ntest_HomePage.py:60 in test_2 -> assert home_page_obj.is_hero_banner_visible()\nAssertionError: assert False\n +  where False = <bound method HomePage.is_hero_banner_visible of <Pages.HomePage.HomePage object at 0x105552890>>()\n +    where <bound method HomePage.is_hero_banner_visible of <Pages.HomePage.HomePage object at 0x105552890>> = <Pages.HomePage.HomePage object at 0x105552890>.is_hero_banner_visible\n\n\nFAILURE: assert False\n +  where False = <bound method HomePage.is_hero_banner_visible of <Pages.HomePage.HomePage object at 0x105552890>>()\n +    where <bound method HomePage.is_hero_banner_visible of <Pages.HomePage.HomePage object at 0x105552890>> = <Pages.HomePage.HomePage object at 0x105552890>.is_hero_banner_visible\nFAILURE: assert False\n +  where False = <bound method HomePage.is_site_carousel_section_visible of <Pages.HomePage.HomePage object at 0x105552890>>()\n +    where <bound method HomePage.is_site_carousel_section_visible of <Pages.HomePage.HomePage object at 0x105552890>> = <Pages.HomePage.HomePage object at 0x105552890>.is_site_carousel_section_visible\nFAILURE: assert False\n +  where False = <bound method HomePage.is_event_carousel_section_visible of <Pages.HomePage.HomePage object at 0x105552890>>()\n +    where <bound method HomePage.is_event_carousel_section_visible of <Pages.HomePage.HomePage object at 0x105552890>> = <Pages.HomePage.HomePage object at 0x105552890>.is_event_carousel_section_visible\n------------------------------------------------------------\nFailed Checks: 4","statusTrace":"FAILURE: assert False\n +  where False = <bound method HomePage.is_hero_banner_visible of <Pages.HomePage.HomePage object at 0x105552890>>()\n +    where <bound method HomePage.is_hero_banner_visible of <Pages.HomePage.HomePage object at 0x105552890>> = <Pages.HomePage.HomePage object at 0x105552890>.is_hero_banner_visible\ntest_HomePage.py:59 in test_2() -> with check, allure.step(\"Check is Hero banner visible\"):\ntest_HomePage.py:60 in test_2 -> assert home_page_obj.is_hero_banner_visible()\nAssertionError: assert False\n +  where False = <bound method HomePage.is_hero_banner_visible of <Pages.HomePage.HomePage object at 0x105552890>>()\n +    where <bound method HomePage.is_hero_banner_visible of <Pages.HomePage.HomePage object at 0x105552890>> = <Pages.HomePage.HomePage object at 0x105552890>.is_hero_banner_visible\n\n\nFAILURE: assert False\n +  where False = <bound method HomePage.is_hero_banner_visible of <Pages.HomePage.HomePage object at 0x105552890>>()\n +    where <bound method HomePage.is_hero_banner_visible of <Pages.HomePage.HomePage object at 0x105552890>> = <Pages.HomePage.HomePage object at 0x105552890>.is_hero_banner_visible\nFAILURE: assert False\n +  where False = <bound method HomePage.is_site_carousel_section_visible of <Pages.HomePage.HomePage object at 0x105552890>>()\n +    where <bound method HomePage.is_site_carousel_section_visible of <Pages.HomePage.HomePage object at 0x105552890>> = <Pages.HomePage.HomePage object at 0x105552890>.is_site_carousel_section_visible\nFAILURE: assert False\n +  where False = <bound method HomePage.is_event_carousel_section_visible of <Pages.HomePage.HomePage object at 0x105552890>>()\n +    where <bound method HomePage.is_event_carousel_section_visible of <Pages.HomePage.HomePage object at 0x105552890>> = <Pages.HomePage.HomePage object at 0x105552890>.is_event_carousel_section_visible\n------------------------------------------------------------\nFailed Checks: 4","steps":[{"name":"Check is navigation bar visible","time":{"start":1732012800325,"stop":1732012800357,"duration":32},"status":"passed","steps":[],"attachments":[],"parameters":[],"stepsCount":0,"shouldDisplayMessage":false,"attachmentsCount":0,"hasContent":false,"attachmentStep":false},{"name":"Check is Hero banner visible","time":{"start":1732012800358,"stop":1732012800363,"duration":5},"status":"failed","statusMessage":"AssertionError: assert False\n +  where False = <bound method HomePage.is_hero_banner_visible of <Pages.HomePage.HomePage object at 0x105552890>>()\n +    where <bound method HomePage.is_hero_banner_visible of <Pages.HomePage.HomePage object at 0x105552890>> = <Pages.HomePage.HomePage object at 0x105552890>.is_hero_banner_visible\n","statusTrace":"  File \"/Users/runner/work/QUBA_WEB/QUBA_WEB/Tests/test_HomePage.py\", line 60, in test_2\n    assert home_page_obj.is_hero_banner_visible()\n","steps":[],"attachments":[],"parameters":[],"stepsCount":0,"shouldDisplayMessage":true,"attachmentsCount":0,"hasContent":true,"attachmentStep":false},{"name":"Check is App Download section visible","time":{"start":1732012800371,"stop":1732012800375,"duration":4},"status":"failed","statusMessage":"AssertionError: assert False\n +  where False = <bound method HomePage.is_hero_banner_visible of <Pages.HomePage.HomePage object at 0x105552890>>()\n +    where <bound method HomePage.is_hero_banner_visible of <Pages.HomePage.HomePage object at 0x105552890>> = <Pages.HomePage.HomePage object at 0x105552890>.is_hero_banner_visible\n","statusTrace":"  File \"/Users/runner/work/QUBA_WEB/QUBA_WEB/Tests/test_HomePage.py\", line 62, in test_2\n    assert home_page_obj.is_hero_banner_visible()\n","steps":[],"attachments":[],"parameters":[],"stepsCount":0,"shouldDisplayMessage":true,"attachmentsCount":0,"hasContent":true,"attachmentStep":false},{"name":"Check is Sites carousel visible","time":{"start":1732012800376,"stop":1732012800380,"duration":4},"status":"failed","statusMessage":"AssertionError: assert False\n +  where False = <bound method HomePage.is_site_carousel_section_visible of <Pages.HomePage.HomePage object at 0x105552890>>()\n +    where <bound method HomePage.is_site_carousel_section_visible of <Pages.HomePage.HomePage object at 0x105552890>> = <Pages.HomePage.HomePage object at 0x105552890>.is_site_carousel_section_visible\n","statusTrace":"  File \"/Users/runner/work/QUBA_WEB/QUBA_WEB/Tests/test_HomePage.py\", line 64, in test_2\n    assert home_page_obj.is_site_carousel_section_visible()\n","steps":[],"attachments":[],"parameters":[],"stepsCount":0,"shouldDisplayMessage":true,"attachmentsCount":0,"hasContent":true,"attachmentStep":false},{"name":"Check is Events carousel visible","time":{"start":1732012800381,"stop":1732012800386,"duration":5},"status":"failed","statusMessage":"AssertionError: assert False\n +  where False = <bound method HomePage.is_event_carousel_section_visible of <Pages.HomePage.HomePage object at 0x105552890>>()\n +    where <bound method HomePage.is_event_carousel_section_visible of <Pages.HomePage.HomePage object at 0x105552890>> = <Pages.HomePage.HomePage object at 0x105552890>.is_event_carousel_section_visible\n","statusTrace":"  File \"/Users/runner/work/QUBA_WEB/QUBA_WEB/Tests/test_HomePage.py\", line 66, in test_2\n    assert home_page_obj.is_event_carousel_section_visible()\n","steps":[],"attachments":[],"parameters":[],"stepsCount":0,"shouldDisplayMessage":true,"attachmentsCount":0,"hasContent":true,"attachmentStep":false},{"name":"Check is Footer visible","time":{"start":1732012800386,"stop":1732012800390,"duration":4},"status":"passed","steps":[],"attachments":[],"parameters":[],"stepsCount":0,"shouldDisplayMessage":false,"attachmentsCount":0,"hasContent":false,"attachmentStep":false}],"attachments":[],"parameters":[],"stepsCount":6,"shouldDisplayMessage":true,"attachmentsCount":0,"hasContent":true,"attachmentStep":false},"afterStages":[{"name":"driver::0","time":{"start":1732012885255,"stop":1732012885382,"duration":127},"status":"passed","steps":[],"attachments":[],"parameters":[],"stepsCount":0,"shouldDisplayMessage":false,"attachmentsCount":0,"hasContent":false,"attachmentStep":false},{"name":"_xunit_setup_class_fixture_TestHomePage::0","time":{"start":1732012885383,"stop":1732012885383,"duration":0},"status":"passed","steps":[],"attachments":[],"parameters":[],"stepsCount":0,"shouldDisplayMessage":false,"attachmentsCount":0,"hasContent":false,"attachmentStep":false}],"labels":[{"name":"feature","value":"Home page"},{"name":"severity","value":"critical"},{"name":"tag","value":"flaky(reruns=3, reruns_delay=1)"},{"name":"parentSuite","value":"Tests"},{"name":"suite","value":"test_HomePage"},{"name":"subSuite","value":"TestHomePage"},{"name":"host","value":"Mac-1732012197771.local"},{"name":"thread","value":"1874-MainThread"},{"name":"framework","value":"pytest"},{"name":"language","value":"cpython3"},{"name":"package","value":"Tests.test_HomePage"},{"name":"resultFormat","value":"allure2"}],"parameters":[{"name":"driver","value":"'safari'"}],"links":[{"name":"C58320","url":"https://hedgehoglabqa.testrail.io/index.php?/cases/view/58320","type":"tms"},{"name":"Epic QP-356","url":"https://hedgehog-lab.atlassian.net/browse/QP-356","type":"issue"},{"name":"Story QP-269","url":"https://hedgehog-lab.atlassian.net/browse/QP-269","type":"issue"}],"hidden":true,"retry":true,"extra":{"categories":[],"tags":["flaky(reruns=3, reruns_delay=1)"]},"source":"bac04bcbc2434614.json","parameterValues":["'safari'"]}