{"uid":"bf8ba95bd36a8c02","name":"Image gallery with only one image","fullName":"Tests.test_AboutPage.TestAboutPage#test_9","historyId":"629495f968a1919736a1dab9a6146f37","time":{"start":1731814256913,"stop":1731814262958,"duration":6045},"status":"failed","statusMessage":"AssertionError: FAILURE: assert not True\n +  where True = <bound method AboutPage.is_next_slide_button_visible of <Pages.AboutPage.AboutPage object at 0x7fc6b638e810>>()\n +    where <bound method AboutPage.is_next_slide_button_visible of <Pages.AboutPage.AboutPage object at 0x7fc6b638e810>> = <Pages.AboutPage.AboutPage object at 0x7fc6b638e810>.is_next_slide_button_visible\ntest_AboutPage.py:167 in test_9() -> with check, allure.step(\"C58522: Next image button is not visible\"):\ntest_AboutPage.py:168 in test_9 -> assert not about_page_obj.is_next_slide_button_visible()\nAssertionError: assert not True\n +  where True = <bound method AboutPage.is_next_slide_button_visible of <Pages.AboutPage.AboutPage object at 0x7fc6b638e810>>()\n +    where <bound method AboutPage.is_next_slide_button_visible of <Pages.AboutPage.AboutPage object at 0x7fc6b638e810>> = <Pages.AboutPage.AboutPage object at 0x7fc6b638e810>.is_next_slide_button_visible\n\n\nFAILURE: assert not True\n +  where True = <bound method AboutPage.is_image_carousel_scroll_visible of <Pages.AboutPage.AboutPage object at 0x7fc6b638e810>>()\n +    where <bound method AboutPage.is_image_carousel_scroll_visible of <Pages.AboutPage.AboutPage object at 0x7fc6b638e810>> = <Pages.AboutPage.AboutPage object at 0x7fc6b638e810>.is_image_carousel_scroll_visible\nFAILURE: assert 10 == 1\n +  where 10 = len(['anna-jahn-LBKxu77KpSY-unsplash.jpg', 'malik-shibly-gm_Vztl7w84-unsplash.jpg', 'arisa-s-pir6n28Xrpw-unsplash.jpg', 'd...r0YESGp0-unsplash.jpg', 'darwin-vegher-sKqKpescBgc-unsplash.jpg', 'koushik-chowdavarapu-aWBPk_GBaCk-unsplash.jpg', ...])\n +    where ['anna-jahn-LBKxu77KpSY-unsplash.jpg', 'malik-shibly-gm_Vztl7w84-unsplash.jpg', 'arisa-s-pir6n28Xrpw-unsplash.jpg', 'd...r0YESGp0-unsplash.jpg', 'darwin-vegher-sKqKpescBgc-unsplash.jpg', 'koushik-chowdavarapu-aWBPk_GBaCk-unsplash.jpg', ...] = <bound method AboutPage.get_images of <Pages.AboutPage.AboutPage object at 0x7fc6b638e810>>()\n +      where <bound method AboutPage.get_images of <Pages.AboutPage.AboutPage object at 0x7fc6b638e810>> = <Pages.AboutPage.AboutPage object at 0x7fc6b638e810>.get_images\n------------------------------------------------------------\nFailed Checks: 3","statusTrace":"FAILURE: assert not True\n +  where True = <bound method AboutPage.is_next_slide_button_visible of <Pages.AboutPage.AboutPage object at 0x7fc6b638e810>>()\n +    where <bound method AboutPage.is_next_slide_button_visible of <Pages.AboutPage.AboutPage object at 0x7fc6b638e810>> = <Pages.AboutPage.AboutPage object at 0x7fc6b638e810>.is_next_slide_button_visible\ntest_AboutPage.py:167 in test_9() -> with check, allure.step(\"C58522: Next image button is not visible\"):\ntest_AboutPage.py:168 in test_9 -> assert not about_page_obj.is_next_slide_button_visible()\nAssertionError: assert not True\n +  where True = <bound method AboutPage.is_next_slide_button_visible of <Pages.AboutPage.AboutPage object at 0x7fc6b638e810>>()\n +    where <bound method AboutPage.is_next_slide_button_visible of <Pages.AboutPage.AboutPage object at 0x7fc6b638e810>> = <Pages.AboutPage.AboutPage object at 0x7fc6b638e810>.is_next_slide_button_visible\n\n\nFAILURE: assert not True\n +  where True = <bound method AboutPage.is_image_carousel_scroll_visible of <Pages.AboutPage.AboutPage object at 0x7fc6b638e810>>()\n +    where <bound method AboutPage.is_image_carousel_scroll_visible of <Pages.AboutPage.AboutPage object at 0x7fc6b638e810>> = <Pages.AboutPage.AboutPage object at 0x7fc6b638e810>.is_image_carousel_scroll_visible\nFAILURE: assert 10 == 1\n +  where 10 = len(['anna-jahn-LBKxu77KpSY-unsplash.jpg', 'malik-shibly-gm_Vztl7w84-unsplash.jpg', 'arisa-s-pir6n28Xrpw-unsplash.jpg', 'd...r0YESGp0-unsplash.jpg', 'darwin-vegher-sKqKpescBgc-unsplash.jpg', 'koushik-chowdavarapu-aWBPk_GBaCk-unsplash.jpg', ...])\n +    where ['anna-jahn-LBKxu77KpSY-unsplash.jpg', 'malik-shibly-gm_Vztl7w84-unsplash.jpg', 'arisa-s-pir6n28Xrpw-unsplash.jpg', 'd...r0YESGp0-unsplash.jpg', 'darwin-vegher-sKqKpescBgc-unsplash.jpg', 'koushik-chowdavarapu-aWBPk_GBaCk-unsplash.jpg', ...] = <bound method AboutPage.get_images of <Pages.AboutPage.AboutPage object at 0x7fc6b638e810>>()\n +      where <bound method AboutPage.get_images of <Pages.AboutPage.AboutPage object at 0x7fc6b638e810>> = <Pages.AboutPage.AboutPage object at 0x7fc6b638e810>.get_images\n------------------------------------------------------------\nFailed Checks: 3","flaky":false,"newFailed":false,"newBroken":false,"newPassed":false,"retriesCount":0,"retriesStatusChange":false,"beforeStages":[{"name":"_session_faker","time":{"start":1731814238186,"stop":1731814238243,"duration":57},"status":"passed","steps":[],"attachments":[],"parameters":[],"stepsCount":0,"shouldDisplayMessage":false,"attachmentsCount":0,"hasContent":false,"attachmentStep":false},{"name":"driver","time":{"start":1731814238243,"stop":1731814240649,"duration":2406},"status":"passed","steps":[],"attachments":[],"parameters":[],"stepsCount":0,"shouldDisplayMessage":false,"attachmentsCount":0,"hasContent":false,"attachmentStep":false},{"name":"setup","time":{"start":1731814250254,"stop":1731814250254,"duration":0},"status":"passed","steps":[],"attachments":[],"parameters":[],"stepsCount":0,"shouldDisplayMessage":false,"attachmentsCount":0,"hasContent":false,"attachmentStep":false},{"name":"proxy_driver","time":{"start":1731814250254,"stop":1731814256912,"duration":6658},"status":"passed","steps":[],"attachments":[],"parameters":[],"stepsCount":0,"shouldDisplayMessage":false,"attachmentsCount":0,"hasContent":false,"attachmentStep":false}],"testStage":{"status":"failed","statusMessage":"AssertionError: FAILURE: assert not True\n +  where True = <bound method AboutPage.is_next_slide_button_visible of <Pages.AboutPage.AboutPage object at 0x7fc6b638e810>>()\n +    where <bound method AboutPage.is_next_slide_button_visible of <Pages.AboutPage.AboutPage object at 0x7fc6b638e810>> = <Pages.AboutPage.AboutPage object at 0x7fc6b638e810>.is_next_slide_button_visible\ntest_AboutPage.py:167 in test_9() -> with check, allure.step(\"C58522: Next image button is not visible\"):\ntest_AboutPage.py:168 in test_9 -> assert not about_page_obj.is_next_slide_button_visible()\nAssertionError: assert not True\n +  where True = <bound method AboutPage.is_next_slide_button_visible of <Pages.AboutPage.AboutPage object at 0x7fc6b638e810>>()\n +    where <bound method AboutPage.is_next_slide_button_visible of <Pages.AboutPage.AboutPage object at 0x7fc6b638e810>> = <Pages.AboutPage.AboutPage object at 0x7fc6b638e810>.is_next_slide_button_visible\n\n\nFAILURE: assert not True\n +  where True = <bound method AboutPage.is_image_carousel_scroll_visible of <Pages.AboutPage.AboutPage object at 0x7fc6b638e810>>()\n +    where <bound method AboutPage.is_image_carousel_scroll_visible of <Pages.AboutPage.AboutPage object at 0x7fc6b638e810>> = <Pages.AboutPage.AboutPage object at 0x7fc6b638e810>.is_image_carousel_scroll_visible\nFAILURE: assert 10 == 1\n +  where 10 = len(['anna-jahn-LBKxu77KpSY-unsplash.jpg', 'malik-shibly-gm_Vztl7w84-unsplash.jpg', 'arisa-s-pir6n28Xrpw-unsplash.jpg', 'd...r0YESGp0-unsplash.jpg', 'darwin-vegher-sKqKpescBgc-unsplash.jpg', 'koushik-chowdavarapu-aWBPk_GBaCk-unsplash.jpg', ...])\n +    where ['anna-jahn-LBKxu77KpSY-unsplash.jpg', 'malik-shibly-gm_Vztl7w84-unsplash.jpg', 'arisa-s-pir6n28Xrpw-unsplash.jpg', 'd...r0YESGp0-unsplash.jpg', 'darwin-vegher-sKqKpescBgc-unsplash.jpg', 'koushik-chowdavarapu-aWBPk_GBaCk-unsplash.jpg', ...] = <bound method AboutPage.get_images of <Pages.AboutPage.AboutPage object at 0x7fc6b638e810>>()\n +      where <bound method AboutPage.get_images of <Pages.AboutPage.AboutPage object at 0x7fc6b638e810>> = <Pages.AboutPage.AboutPage object at 0x7fc6b638e810>.get_images\n------------------------------------------------------------\nFailed Checks: 3","statusTrace":"FAILURE: assert not True\n +  where True = <bound method AboutPage.is_next_slide_button_visible of <Pages.AboutPage.AboutPage object at 0x7fc6b638e810>>()\n +    where <bound method AboutPage.is_next_slide_button_visible of <Pages.AboutPage.AboutPage object at 0x7fc6b638e810>> = <Pages.AboutPage.AboutPage object at 0x7fc6b638e810>.is_next_slide_button_visible\ntest_AboutPage.py:167 in test_9() -> with check, allure.step(\"C58522: Next image button is not visible\"):\ntest_AboutPage.py:168 in test_9 -> assert not about_page_obj.is_next_slide_button_visible()\nAssertionError: assert not True\n +  where True = <bound method AboutPage.is_next_slide_button_visible of <Pages.AboutPage.AboutPage object at 0x7fc6b638e810>>()\n +    where <bound method AboutPage.is_next_slide_button_visible of <Pages.AboutPage.AboutPage object at 0x7fc6b638e810>> = <Pages.AboutPage.AboutPage object at 0x7fc6b638e810>.is_next_slide_button_visible\n\n\nFAILURE: assert not True\n +  where True = <bound method AboutPage.is_image_carousel_scroll_visible of <Pages.AboutPage.AboutPage object at 0x7fc6b638e810>>()\n +    where <bound method AboutPage.is_image_carousel_scroll_visible of <Pages.AboutPage.AboutPage object at 0x7fc6b638e810>> = <Pages.AboutPage.AboutPage object at 0x7fc6b638e810>.is_image_carousel_scroll_visible\nFAILURE: assert 10 == 1\n +  where 10 = len(['anna-jahn-LBKxu77KpSY-unsplash.jpg', 'malik-shibly-gm_Vztl7w84-unsplash.jpg', 'arisa-s-pir6n28Xrpw-unsplash.jpg', 'd...r0YESGp0-unsplash.jpg', 'darwin-vegher-sKqKpescBgc-unsplash.jpg', 'koushik-chowdavarapu-aWBPk_GBaCk-unsplash.jpg', ...])\n +    where ['anna-jahn-LBKxu77KpSY-unsplash.jpg', 'malik-shibly-gm_Vztl7w84-unsplash.jpg', 'arisa-s-pir6n28Xrpw-unsplash.jpg', 'd...r0YESGp0-unsplash.jpg', 'darwin-vegher-sKqKpescBgc-unsplash.jpg', 'koushik-chowdavarapu-aWBPk_GBaCk-unsplash.jpg', ...] = <bound method AboutPage.get_images of <Pages.AboutPage.AboutPage object at 0x7fc6b638e810>>()\n +      where <bound method AboutPage.get_images of <Pages.AboutPage.AboutPage object at 0x7fc6b638e810>> = <Pages.AboutPage.AboutPage object at 0x7fc6b638e810>.get_images\n------------------------------------------------------------\nFailed Checks: 3","steps":[{"name":"C58522: Next image button is not visible","time":{"start":1731814262837,"stop":1731814262839,"duration":2},"status":"failed","statusMessage":"AssertionError: assert not True\n +  where True = <bound method AboutPage.is_next_slide_button_visible of <Pages.AboutPage.AboutPage object at 0x7fc6b638e810>>()\n +    where <bound method AboutPage.is_next_slide_button_visible of <Pages.AboutPage.AboutPage object at 0x7fc6b638e810>> = <Pages.AboutPage.AboutPage object at 0x7fc6b638e810>.is_next_slide_button_visible\n","statusTrace":"  File \"/home/runner/work/QUBA_WEB/QUBA_WEB/Tests/test_AboutPage.py\", line 168, in test_9\n    assert not about_page_obj.is_next_slide_button_visible()\n","steps":[],"attachments":[],"parameters":[],"stepsCount":0,"shouldDisplayMessage":true,"attachmentsCount":0,"hasContent":true,"attachmentStep":false},{"name":"C58522: Scroll bar is not visible","time":{"start":1731814262871,"stop":1731814262882,"duration":11},"status":"failed","statusMessage":"AssertionError: assert not True\n +  where True = <bound method AboutPage.is_image_carousel_scroll_visible of <Pages.AboutPage.AboutPage object at 0x7fc6b638e810>>()\n +    where <bound method AboutPage.is_image_carousel_scroll_visible of <Pages.AboutPage.AboutPage object at 0x7fc6b638e810>> = <Pages.AboutPage.AboutPage object at 0x7fc6b638e810>.is_image_carousel_scroll_visible\n","statusTrace":"  File \"/home/runner/work/QUBA_WEB/QUBA_WEB/Tests/test_AboutPage.py\", line 170, in test_9\n    assert not about_page_obj.is_image_carousel_scroll_visible()\n","steps":[],"attachments":[],"parameters":[],"stepsCount":0,"shouldDisplayMessage":true,"attachmentsCount":0,"hasContent":true,"attachmentStep":false},{"name":"C58522: Only one image is visible","time":{"start":1731814262882,"stop":1731814262922,"duration":40},"status":"failed","statusMessage":"AssertionError: assert 10 == 1\n +  where 10 = len(['anna-jahn-LBKxu77KpSY-unsplash.jpg', 'malik-shibly-gm_Vztl7w84-unsplash.jpg', 'arisa-s-pir6n28Xrpw-unsplash.jpg', 'd...r0YESGp0-unsplash.jpg', 'darwin-vegher-sKqKpescBgc-unsplash.jpg', 'koushik-chowdavarapu-aWBPk_GBaCk-unsplash.jpg', ...])\n +    where ['anna-jahn-LBKxu77KpSY-unsplash.jpg', 'malik-shibly-gm_Vztl7w84-unsplash.jpg', 'arisa-s-pir6n28Xrpw-unsplash.jpg', 'd...r0YESGp0-unsplash.jpg', 'darwin-vegher-sKqKpescBgc-unsplash.jpg', 'koushik-chowdavarapu-aWBPk_GBaCk-unsplash.jpg', ...] = <bound method AboutPage.get_images of <Pages.AboutPage.AboutPage object at 0x7fc6b638e810>>()\n +      where <bound method AboutPage.get_images of <Pages.AboutPage.AboutPage object at 0x7fc6b638e810>> = <Pages.AboutPage.AboutPage object at 0x7fc6b638e810>.get_images\n","statusTrace":"  File \"/home/runner/work/QUBA_WEB/QUBA_WEB/Tests/test_AboutPage.py\", line 172, in test_9\n    assert len(about_page_obj.get_images()) == 1\n","steps":[],"attachments":[],"parameters":[],"stepsCount":0,"shouldDisplayMessage":true,"attachmentsCount":0,"hasContent":true,"attachmentStep":false},{"name":"C58522: The correct image is displayed","time":{"start":1731814262922,"stop":1731814262958,"duration":36},"status":"passed","steps":[],"attachments":[],"parameters":[],"stepsCount":0,"shouldDisplayMessage":false,"attachmentsCount":0,"hasContent":false,"attachmentStep":false}],"attachments":[{"uid":"9006dbabb29ea42a","name":"stdout","source":"9006dbabb29ea42a.txt","type":"text/plain","size":25}],"parameters":[],"stepsCount":4,"shouldDisplayMessage":true,"attachmentsCount":1,"hasContent":true,"attachmentStep":false},"afterStages":[{"name":"proxy_driver::0","time":{"start":1731814262959,"stop":1731814263667,"duration":708},"status":"passed","steps":[],"attachments":[],"parameters":[],"stepsCount":0,"shouldDisplayMessage":false,"attachmentsCount":0,"hasContent":false,"attachmentStep":false},{"name":"driver::0","time":{"start":1731814423445,"stop":1731814423629,"duration":184},"status":"passed","steps":[],"attachments":[],"parameters":[],"stepsCount":0,"shouldDisplayMessage":false,"attachmentsCount":0,"hasContent":false,"attachmentStep":false}],"labels":[{"name":"feature","value":"About page"},{"name":"severity","value":"normal"},{"name":"tag","value":"flaky(reruns=3, reruns_delay=1)"},{"name":"parentSuite","value":"Tests"},{"name":"suite","value":"test_AboutPage"},{"name":"subSuite","value":"TestAboutPage"},{"name":"host","value":"fv-az979-767"},{"name":"thread","value":"1790-MainThread"},{"name":"framework","value":"pytest"},{"name":"language","value":"cpython3"},{"name":"package","value":"Tests.test_AboutPage"},{"name":"resultFormat","value":"allure2"}],"parameters":[{"name":"driver","value":"'firefox'"},{"name":"proxy_driver","value":"'about_page_test_9'"}],"links":[{"name":"C58522","url":"https://hedgehoglabqa.testrail.io/index.php?/cases/view/58522","type":"tms"},{"name":"Epic QP-356","url":"https://hedgehog-lab.atlassian.net/browse/QP-356","type":"issue"},{"name":"Story QP-266","url":"https://hedgehog-lab.atlassian.net/browse/QP-266","type":"issue"}],"hidden":true,"retry":true,"extra":{"categories":[],"tags":["flaky(reruns=3, reruns_delay=1)"]},"source":"bf8ba95bd36a8c02.json","parameterValues":["'firefox'","'about_page_test_9'"]}