{"uid":"c9ab554f55ddd82e","name":"Save site button for non logged user","fullName":"Tests.test_Sites.TestSites#test_40","historyId":"0b0884c0e1bcb831ccc83374f498eee2","time":{"start":1732899367512,"stop":1732899397681,"duration":30169},"status":"failed","statusMessage":"AssertionError: FAILURE: assert not True\n +  where True = <bound method Sites.is_save_site_button_visible of <Pages.SitesPage.Sites object at 0x7f3a095c8810>>()\n +    where <bound method Sites.is_save_site_button_visible of <Pages.SitesPage.Sites object at 0x7f3a095c8810>> = <Pages.SitesPage.Sites object at 0x7f3a095c8810>.is_save_site_button_visible\ntest_Sites.py:956 in test_40() -> with check, allure.step(f\"C58744: Save site button is not visible\"):\ntest_Sites.py:957 in test_40 -> assert not sites_obj.is_save_site_button_visible()\nAssertionError: assert not True\n +  where True = <bound method Sites.is_save_site_button_visible of <Pages.SitesPage.Sites object at 0x7f3a095c8810>>()\n +    where <bound method Sites.is_save_site_button_visible of <Pages.SitesPage.Sites object at 0x7f3a095c8810>> = <Pages.SitesPage.Sites object at 0x7f3a095c8810>.is_save_site_button_visible\n\n\n------------------------------------------------------------\nFailed Checks: 1","statusTrace":"FAILURE: assert not True\n +  where True = <bound method Sites.is_save_site_button_visible of <Pages.SitesPage.Sites object at 0x7f3a095c8810>>()\n +    where <bound method Sites.is_save_site_button_visible of <Pages.SitesPage.Sites object at 0x7f3a095c8810>> = <Pages.SitesPage.Sites object at 0x7f3a095c8810>.is_save_site_button_visible\ntest_Sites.py:956 in test_40() -> with check, allure.step(f\"C58744: Save site button is not visible\"):\ntest_Sites.py:957 in test_40 -> assert not sites_obj.is_save_site_button_visible()\nAssertionError: assert not True\n +  where True = <bound method Sites.is_save_site_button_visible of <Pages.SitesPage.Sites object at 0x7f3a095c8810>>()\n +    where <bound method Sites.is_save_site_button_visible of <Pages.SitesPage.Sites object at 0x7f3a095c8810>> = <Pages.SitesPage.Sites object at 0x7f3a095c8810>.is_save_site_button_visible\n\n\n------------------------------------------------------------\nFailed Checks: 1","flaky":false,"newFailed":false,"newBroken":false,"newPassed":false,"retriesCount":0,"retriesStatusChange":false,"beforeStages":[{"name":"_session_faker","time":{"start":1732898689517,"stop":1732898689595,"duration":78},"status":"passed","steps":[],"attachments":[],"parameters":[],"stepsCount":0,"shouldDisplayMessage":false,"attachmentsCount":0,"hasContent":false,"attachmentStep":false},{"name":"driver","time":{"start":1732898689595,"stop":1732898691159,"duration":1564},"status":"passed","steps":[],"attachments":[],"parameters":[],"stepsCount":0,"shouldDisplayMessage":false,"attachmentsCount":0,"hasContent":false,"attachmentStep":false}],"testStage":{"status":"failed","statusMessage":"AssertionError: FAILURE: assert not True\n +  where True = <bound method Sites.is_save_site_button_visible of <Pages.SitesPage.Sites object at 0x7f3a095c8810>>()\n +    where <bound method Sites.is_save_site_button_visible of <Pages.SitesPage.Sites object at 0x7f3a095c8810>> = <Pages.SitesPage.Sites object at 0x7f3a095c8810>.is_save_site_button_visible\ntest_Sites.py:956 in test_40() -> with check, allure.step(f\"C58744: Save site button is not visible\"):\ntest_Sites.py:957 in test_40 -> assert not sites_obj.is_save_site_button_visible()\nAssertionError: assert not True\n +  where True = <bound method Sites.is_save_site_button_visible of <Pages.SitesPage.Sites object at 0x7f3a095c8810>>()\n +    where <bound method Sites.is_save_site_button_visible of <Pages.SitesPage.Sites object at 0x7f3a095c8810>> = <Pages.SitesPage.Sites object at 0x7f3a095c8810>.is_save_site_button_visible\n\n\n------------------------------------------------------------\nFailed Checks: 1","statusTrace":"FAILURE: assert not True\n +  where True = <bound method Sites.is_save_site_button_visible of <Pages.SitesPage.Sites object at 0x7f3a095c8810>>()\n +    where <bound method Sites.is_save_site_button_visible of <Pages.SitesPage.Sites object at 0x7f3a095c8810>> = <Pages.SitesPage.Sites object at 0x7f3a095c8810>.is_save_site_button_visible\ntest_Sites.py:956 in test_40() -> with check, allure.step(f\"C58744: Save site button is not visible\"):\ntest_Sites.py:957 in test_40 -> assert not sites_obj.is_save_site_button_visible()\nAssertionError: assert not True\n +  where True = <bound method Sites.is_save_site_button_visible of <Pages.SitesPage.Sites object at 0x7f3a095c8810>>()\n +    where <bound method Sites.is_save_site_button_visible of <Pages.SitesPage.Sites object at 0x7f3a095c8810>> = <Pages.SitesPage.Sites object at 0x7f3a095c8810>.is_save_site_button_visible\n\n\n------------------------------------------------------------\nFailed Checks: 1","steps":[{"name":"C58744: Save site button is not visible","time":{"start":1732899397671,"stop":1732899397679,"duration":8},"status":"failed","statusMessage":"AssertionError: assert not True\n +  where True = <bound method Sites.is_save_site_button_visible of <Pages.SitesPage.Sites object at 0x7f3a095c8810>>()\n +    where <bound method Sites.is_save_site_button_visible of <Pages.SitesPage.Sites object at 0x7f3a095c8810>> = <Pages.SitesPage.Sites object at 0x7f3a095c8810>.is_save_site_button_visible\n","statusTrace":"  File \"/home/runner/work/QUBA_WEB/QUBA_WEB/Tests/test_Sites.py\", line 957, in test_40\n    assert not sites_obj.is_save_site_button_visible()\n","steps":[],"attachments":[],"parameters":[],"stepsCount":0,"shouldDisplayMessage":true,"attachmentsCount":0,"hasContent":true,"attachmentStep":false}],"attachments":[],"parameters":[],"stepsCount":1,"shouldDisplayMessage":true,"attachmentsCount":0,"hasContent":true,"attachmentStep":false},"afterStages":[{"name":"driver::0","time":{"start":1732899430912,"stop":1732899431005,"duration":93},"status":"passed","steps":[],"attachments":[],"parameters":[],"stepsCount":0,"shouldDisplayMessage":false,"attachmentsCount":0,"hasContent":false,"attachmentStep":false}],"labels":[{"name":"feature","value":"Individual Sites"},{"name":"severity","value":"normal"},{"name":"tag","value":"flaky(reruns=3, reruns_delay=1)"},{"name":"parentSuite","value":"Tests"},{"name":"suite","value":"test_Sites"},{"name":"subSuite","value":"TestSites"},{"name":"host","value":"fv-az1206-239"},{"name":"thread","value":"1784-MainThread"},{"name":"framework","value":"pytest"},{"name":"language","value":"cpython3"},{"name":"package","value":"Tests.test_Sites"},{"name":"resultFormat","value":"allure2"}],"parameters":[{"name":"driver","value":"'chrome'"}],"links":[{"name":"C58744","url":"https://hedgehoglabqa.testrail.io/index.php?/cases/view/58744","type":"tms"},{"name":"Epic QP-356","url":"https://hedgehog-lab.atlassian.net/browse/QP-356","type":"issue"},{"name":"Story QP-283","url":"https://hedgehog-lab.atlassian.net/browse/QP-283","type":"issue"}],"hidden":true,"retry":true,"extra":{"categories":[],"tags":["flaky(reruns=3, reruns_delay=1)"]},"source":"c9ab554f55ddd82e.json","parameterValues":["'chrome'"]}