{"uid":"ced987ab88547d58","name":"Check Download section analytic pairs","fullName":"Tests.test_HomePage.TestHomePage#test_12","historyId":"b74cd28a14047a11b180986e085f5efc","time":{"start":1731685056397,"stop":1731685076413,"duration":20016},"status":"failed","statusMessage":"AssertionError: FAILURE: assert 3 == 0\ntest_HomePage.py:230 in test_12() -> with check, allure.step(\"C58343: Check the number of pairs\"):\ntest_HomePage.py:233 in test_12 -> assert expected_number == actual_number\nAssertionError: assert 3 == 0\n\n\n------------------------------------------------------------\nFailed Checks: 1","statusTrace":"FAILURE: assert 3 == 0\ntest_HomePage.py:230 in test_12() -> with check, allure.step(\"C58343: Check the number of pairs\"):\ntest_HomePage.py:233 in test_12 -> assert expected_number == actual_number\nAssertionError: assert 3 == 0\n\n\n------------------------------------------------------------\nFailed Checks: 1","flaky":false,"newFailed":true,"newBroken":false,"newPassed":false,"retriesCount":3,"retriesStatusChange":false,"beforeStages":[{"name":"_session_faker","time":{"start":1731684378603,"stop":1731684378661,"duration":58},"status":"passed","steps":[],"attachments":[],"parameters":[],"stepsCount":0,"shouldDisplayMessage":false,"attachmentsCount":0,"hasContent":false,"attachmentStep":false},{"name":"_xunit_setup_class_fixture_TestHomePage","time":{"start":1731684593871,"stop":1731684596616,"duration":2745},"status":"passed","steps":[],"attachments":[],"parameters":[],"stepsCount":0,"shouldDisplayMessage":false,"attachmentsCount":0,"hasContent":false,"attachmentStep":false},{"name":"driver","time":{"start":1731684596616,"stop":1731684598235,"duration":1619},"status":"passed","steps":[],"attachments":[],"parameters":[],"stepsCount":0,"shouldDisplayMessage":false,"attachmentsCount":0,"hasContent":false,"attachmentStep":false},{"name":"setup","time":{"start":1731685056396,"stop":1731685056396,"duration":0},"status":"passed","steps":[],"attachments":[],"parameters":[],"stepsCount":0,"shouldDisplayMessage":false,"attachmentsCount":0,"hasContent":false,"attachmentStep":false}],"testStage":{"status":"failed","statusMessage":"AssertionError: FAILURE: assert 3 == 0\ntest_HomePage.py:230 in test_12() -> with check, allure.step(\"C58343: Check the number of pairs\"):\ntest_HomePage.py:233 in test_12 -> assert expected_number == actual_number\nAssertionError: assert 3 == 0\n\n\n------------------------------------------------------------\nFailed Checks: 1","statusTrace":"FAILURE: assert 3 == 0\ntest_HomePage.py:230 in test_12() -> with check, allure.step(\"C58343: Check the number of pairs\"):\ntest_HomePage.py:233 in test_12 -> assert expected_number == actual_number\nAssertionError: assert 3 == 0\n\n\n------------------------------------------------------------\nFailed Checks: 1","steps":[{"name":"C58343: Check the number of pairs","time":{"start":1731685056397,"stop":1731685066406,"duration":10009},"status":"failed","statusMessage":"AssertionError: assert 3 == 0\n","statusTrace":"  File \"/home/runner/work/QUBA_WEB/QUBA_WEB/Tests/test_HomePage.py\", line 233, in test_12\n    assert expected_number == actual_number\n","steps":[],"attachments":[],"parameters":[],"stepsCount":0,"shouldDisplayMessage":true,"attachmentsCount":0,"hasContent":true,"attachmentStep":false}],"attachments":[],"parameters":[],"stepsCount":1,"shouldDisplayMessage":true,"attachmentsCount":0,"hasContent":true,"attachmentStep":false},"afterStages":[{"name":"driver::0","time":{"start":1731685659023,"stop":1731685659212,"duration":189},"status":"passed","steps":[],"attachments":[],"parameters":[],"stepsCount":0,"shouldDisplayMessage":false,"attachmentsCount":0,"hasContent":false,"attachmentStep":false},{"name":"_xunit_setup_class_fixture_TestHomePage::0","time":{"start":1731685659213,"stop":1731685659213,"duration":0},"status":"passed","steps":[],"attachments":[],"parameters":[],"stepsCount":0,"shouldDisplayMessage":false,"attachmentsCount":0,"hasContent":false,"attachmentStep":false}],"labels":[{"name":"feature","value":"Home page"},{"name":"severity","value":"normal"},{"name":"tag","value":"flaky(reruns=3, reruns_delay=1)"},{"name":"parentSuite","value":"Tests"},{"name":"suite","value":"test_HomePage"},{"name":"subSuite","value":"TestHomePage"},{"name":"host","value":"fv-az1121-331"},{"name":"thread","value":"1772-MainThread"},{"name":"framework","value":"pytest"},{"name":"language","value":"cpython3"},{"name":"package","value":"Tests.test_HomePage"},{"name":"resultFormat","value":"allure2"}],"parameters":[{"name":"driver","value":"'firefox'"}],"links":[{"name":"C58343","url":"https://hedgehoglabqa.testrail.io/index.php?/cases/view/58343","type":"tms"},{"name":"Epic QP-356","url":"https://hedgehog-lab.atlassian.net/browse/QP-356","type":"issue"},{"name":"Story QP-269","url":"https://hedgehog-lab.atlassian.net/browse/QP-269","type":"issue"}],"hidden":false,"retry":false,"extra":{"severity":"normal","retries":[{"uid":"2f8d9e764991edbc","status":"failed","statusDetails":"AssertionError: FAILURE: assert 3 == 0\ntest_HomePage.py:230 in test_12() -> with check, allure.step(\"C58343: Check the number of pairs\"):\ntest_HomePage.py:233 in test_12 -> assert expected_number == actual_number\nAssertionError: assert 3 == 0\n\n\n------------------------------------------------------------\nFailed Checks: 1","time":{"start":1731685035371,"stop":1731685055394,"duration":20023}},{"uid":"9db67796733dad27","status":"failed","statusDetails":"AssertionError: FAILURE: assert 3 == 0\ntest_HomePage.py:230 in test_12() -> with check, allure.step(\"C58343: Check the number of pairs\"):\ntest_HomePage.py:233 in test_12 -> assert expected_number == actual_number\nAssertionError: assert 3 == 0\n\n\n------------------------------------------------------------\nFailed Checks: 1","time":{"start":1731685014356,"stop":1731685034369,"duration":20013}},{"uid":"8c71312c109b32f","status":"failed","statusDetails":"AssertionError: FAILURE: assert 3 == 0\ntest_HomePage.py:230 in test_12() -> with check, allure.step(\"C58343: Check the number of pairs\"):\ntest_HomePage.py:233 in test_12 -> assert expected_number == actual_number\nAssertionError: assert 3 == 0\n\n\n------------------------------------------------------------\nFailed Checks: 1","time":{"start":1731684993339,"stop":1731685013354,"duration":20015}}],"categories":[{"name":"Product defects","matchedStatuses":[],"flaky":false}],"history":{"statistic":{"failed":1,"broken":0,"skipped":0,"passed":4,"unknown":0,"total":5},"items":[{"uid":"ad9c1330465476f1","status":"passed","time":{"start":1731570810883,"stop":1731570810927,"duration":44}},{"uid":"ba3d0ffaba83bfbe","status":"passed","time":{"start":1731485533297,"stop":1731485533343,"duration":46}},{"uid":"f219d3cb52eca484","status":"passed","time":{"start":1731482603959,"stop":1731482604003,"duration":44}},{"uid":"63da63a501f5b70d","status":"passed","time":{"start":1731480628634,"stop":1731480628679,"duration":45}}]},"tags":["flaky(reruns=3, reruns_delay=1)"]},"source":"ced987ab88547d58.json","parameterValues":["'firefox'"]}