{"uid":"d04b92010f662ec7","name":"Successful message send","fullName":"Tests.test_ContactPage.TestContactPage#test_2","historyId":"a7d44a5a87f619d306cc83d9283fd5a6","time":{"start":1730447068197,"stop":1730447082147,"duration":13950},"status":"failed","statusMessage":"AssertionError: FAILURE: assert 'Full name: T...T9fnOWPl1\\r\\n' == 'Full name: J...OqUJpZtH4\\r\\n'\n  \n  - Full name: Joseph Gomez\r\n  - Email address: safari_kellythomas@example.com\r\n  - Your message: ESG6ksyoH0R5xOUd2r1VoCYLq8DuNh4shJOqUJpZtH4\r\n  + Full name: Tyler Williams\r\n  + Email address: edge_wsosa@example.com\r\n  + Your message: BjN11m4cz6T9fnOWPl1\ntest_ContactPage.py:52 in test_2() -> with check, allure.step(\"Email is correct\"):\ntest_ContactPage.py:53 in test_2 -> assert actual_email == expected_email\nAssertionError: assert 'Full name: T...T9fnOWPl1\\r\\n' == 'Full name: J...OqUJpZtH4\\r\\n'\n  \n  - Full name: Joseph Gomez\r\n  - Email address: safari_kellythomas@example.com\r\n  - Your message: ESG6ksyoH0R5xOUd2r1VoCYLq8DuNh4shJOqUJpZtH4\r\n  + Full name: Tyler Williams\r\n  + Email address: edge_wsosa@example.com\r\n  + Your message: BjN11m4cz6T9fnOWPl1\r\n\n\n------------------------------------------------------------\nFailed Checks: 1","statusTrace":"FAILURE: assert 'Full name: T...T9fnOWPl1\\r\\n' == 'Full name: J...OqUJpZtH4\\r\\n'\n  \n  - Full name: Joseph Gomez\r\n  - Email address: safari_kellythomas@example.com\r\n  - Your message: ESG6ksyoH0R5xOUd2r1VoCYLq8DuNh4shJOqUJpZtH4\r\n  + Full name: Tyler Williams\r\n  + Email address: edge_wsosa@example.com\r\n  + Your message: BjN11m4cz6T9fnOWPl1\ntest_ContactPage.py:52 in test_2() -> with check, allure.step(\"Email is correct\"):\ntest_ContactPage.py:53 in test_2 -> assert actual_email == expected_email\nAssertionError: assert 'Full name: T...T9fnOWPl1\\r\\n' == 'Full name: J...OqUJpZtH4\\r\\n'\n  \n  - Full name: Joseph Gomez\r\n  - Email address: safari_kellythomas@example.com\r\n  - Your message: ESG6ksyoH0R5xOUd2r1VoCYLq8DuNh4shJOqUJpZtH4\r\n  + Full name: Tyler Williams\r\n  + Email address: edge_wsosa@example.com\r\n  + Your message: BjN11m4cz6T9fnOWPl1\r\n\n\n------------------------------------------------------------\nFailed Checks: 1","flaky":false,"newFailed":false,"newBroken":false,"newPassed":false,"retriesCount":0,"retriesStatusChange":false,"beforeStages":[{"name":"_session_faker","time":{"start":1730447050632,"stop":1730447050670,"duration":38},"status":"passed","steps":[],"attachments":[],"parameters":[],"stepsCount":0,"shouldDisplayMessage":false,"attachmentsCount":0,"hasContent":false,"attachmentStep":false},{"name":"driver","time":{"start":1730447050670,"stop":1730447057904,"duration":7234},"status":"passed","steps":[],"attachments":[],"parameters":[],"stepsCount":0,"shouldDisplayMessage":false,"attachmentsCount":0,"hasContent":false,"attachmentStep":false},{"name":"setup","time":{"start":1730447068196,"stop":1730447068197,"duration":1},"status":"passed","steps":[],"attachments":[],"parameters":[],"stepsCount":0,"shouldDisplayMessage":false,"attachmentsCount":0,"hasContent":false,"attachmentStep":false}],"testStage":{"status":"failed","statusMessage":"AssertionError: FAILURE: assert 'Full name: T...T9fnOWPl1\\r\\n' == 'Full name: J...OqUJpZtH4\\r\\n'\n  \n  - Full name: Joseph Gomez\r\n  - Email address: safari_kellythomas@example.com\r\n  - Your message: ESG6ksyoH0R5xOUd2r1VoCYLq8DuNh4shJOqUJpZtH4\r\n  + Full name: Tyler Williams\r\n  + Email address: edge_wsosa@example.com\r\n  + Your message: BjN11m4cz6T9fnOWPl1\ntest_ContactPage.py:52 in test_2() -> with check, allure.step(\"Email is correct\"):\ntest_ContactPage.py:53 in test_2 -> assert actual_email == expected_email\nAssertionError: assert 'Full name: T...T9fnOWPl1\\r\\n' == 'Full name: J...OqUJpZtH4\\r\\n'\n  \n  - Full name: Joseph Gomez\r\n  - Email address: safari_kellythomas@example.com\r\n  - Your message: ESG6ksyoH0R5xOUd2r1VoCYLq8DuNh4shJOqUJpZtH4\r\n  + Full name: Tyler Williams\r\n  + Email address: edge_wsosa@example.com\r\n  + Your message: BjN11m4cz6T9fnOWPl1\r\n\n\n------------------------------------------------------------\nFailed Checks: 1","statusTrace":"FAILURE: assert 'Full name: T...T9fnOWPl1\\r\\n' == 'Full name: J...OqUJpZtH4\\r\\n'\n  \n  - Full name: Joseph Gomez\r\n  - Email address: safari_kellythomas@example.com\r\n  - Your message: ESG6ksyoH0R5xOUd2r1VoCYLq8DuNh4shJOqUJpZtH4\r\n  + Full name: Tyler Williams\r\n  + Email address: edge_wsosa@example.com\r\n  + Your message: BjN11m4cz6T9fnOWPl1\ntest_ContactPage.py:52 in test_2() -> with check, allure.step(\"Email is correct\"):\ntest_ContactPage.py:53 in test_2 -> assert actual_email == expected_email\nAssertionError: assert 'Full name: T...T9fnOWPl1\\r\\n' == 'Full name: J...OqUJpZtH4\\r\\n'\n  \n  - Full name: Joseph Gomez\r\n  - Email address: safari_kellythomas@example.com\r\n  - Your message: ESG6ksyoH0R5xOUd2r1VoCYLq8DuNh4shJOqUJpZtH4\r\n  + Full name: Tyler Williams\r\n  + Email address: edge_wsosa@example.com\r\n  + Your message: BjN11m4cz6T9fnOWPl1\r\n\n\n------------------------------------------------------------\nFailed Checks: 1","steps":[{"name":"Success message is visible","time":{"start":1730447081102,"stop":1730447081129,"duration":27},"status":"passed","steps":[],"attachments":[],"parameters":[],"stepsCount":0,"shouldDisplayMessage":false,"attachmentsCount":0,"hasContent":false,"attachmentStep":false},{"name":"Email is correct","time":{"start":1730447081982,"stop":1730447081994,"duration":12},"status":"failed","statusMessage":"AssertionError: assert 'Full name: T...T9fnOWPl1\\r\\n' == 'Full name: J...OqUJpZtH4\\r\\n'\n  \n  - Full name: Joseph Gomez\r\n  - Email address: safari_kellythomas@example.com\r\n  - Your message: ESG6ksyoH0R5xOUd2r1VoCYLq8DuNh4shJOqUJpZtH4\r\n  + Full name: Tyler Williams\r\n  + Email address: edge_wsosa@example.com\r\n  + Your message: BjN11m4cz6T9fnOWPl1\r\n","statusTrace":"  File \"/Users/runner/work/QUBA_WEB/QUBA_WEB/Tests/test_ContactPage.py\", line 53, in test_2\n    assert actual_email == expected_email\n","steps":[],"attachments":[],"parameters":[],"stepsCount":0,"shouldDisplayMessage":true,"attachmentsCount":0,"hasContent":true,"attachmentStep":false}],"attachments":[{"uid":"ad0e056f221d036b","name":"stdout","source":"ad0e056f221d036b.txt","type":"text/plain","size":109}],"parameters":[],"stepsCount":2,"shouldDisplayMessage":true,"attachmentsCount":1,"hasContent":true,"attachmentStep":false},"afterStages":[{"name":"driver::0","time":{"start":1730447082150,"stop":1730447082512,"duration":362},"status":"passed","steps":[],"attachments":[],"parameters":[],"stepsCount":0,"shouldDisplayMessage":false,"attachmentsCount":0,"hasContent":false,"attachmentStep":false}],"labels":[{"name":"severity","value":"critical"},{"name":"feature","value":"Contact page"},{"name":"parentSuite","value":"Tests"},{"name":"suite","value":"test_ContactPage"},{"name":"subSuite","value":"TestContactPage"},{"name":"host","value":"Mac-1730446312566.local"},{"name":"thread","value":"2014-MainThread"},{"name":"framework","value":"pytest"},{"name":"language","value":"cpython3"},{"name":"package","value":"Tests.test_ContactPage"},{"name":"resultFormat","value":"allure2"}],"parameters":[{"name":"driver","value":"'safari'"}],"links":[],"hidden":false,"retry":false,"extra":{"severity":"critical","retries":[],"categories":[{"name":"Product defects","matchedStatuses":[],"flaky":false}],"history":{"statistic":{"failed":2,"broken":0,"skipped":0,"passed":0,"unknown":0,"total":2},"items":[{"uid":"fa250844989d1a56","status":"failed","statusDetails":"AssertionError: FAILURE: assert 'Full name: W...JEiZRO15A\\r\\n' == 'Full name: J...pOuhP yV4\\r\\n'\n  \n  - Full name: Jeff Harris\r\n  + Full name: William Stewart\r\n  - Email address: brian27@example.org\r\n  ?                ^^  ---          ^^\n  + Email address: davismelissa@example.com\r\n  ?                ^^^ +++++++          + ^\n  - Your message: VUjbsscVpOuhP yV4\r\n  + Your message: ZDt9QjPAKnRSD3PxBV ytBY77bIjkJEiZRO15A\ntest_ContactPage.py:46 in test_2() -> with check, allure.step(\"Email is correct\"):\ntest_ContactPage.py:47 in test_2 -> assert actual_email == expected_email\nAssertionError: assert 'Full name: W...JEiZRO15A\\r\\n' == 'Full name: J...pOuhP yV4\\r\\n'\n  \n  - Full name: Jeff Harris\r\n  + Full name: William Stewart\r\n  - Email address: brian27@example.org\r\n  ?                ^^  ---          ^^\n  + Email address: davismelissa@example.com\r\n  ?                ^^^ +++++++          + ^\n  - Your message: VUjbsscVpOuhP yV4\r\n  + Your message: ZDt9QjPAKnRSD3PxBV ytBY77bIjkJEiZRO15A\r\n\n\n------------------------------------------------------------\nFailed Checks: 1","time":{"start":1730384112409,"stop":1730384123996,"duration":11587}}]},"tags":[]},"source":"d04b92010f662ec7.json","parameterValues":["'safari'"]}