{"uid":"45c372f4a8028389","name":"About page appearance","fullName":"Tests.test_AboutPage.TestAboutPage#test_2","historyId":"bb238b25ef0b9e2a80b32a90e36e0979","time":{"start":1734073080206,"stop":1734073081432,"duration":1226},"status":"failed","statusMessage":"AssertionError: FAILURE: assert False\n +  where False = <bound method AboutPage.is_heading_visible of <Pages.AboutPage.AboutPage object at 0x103a82810>>()\n +    where <bound method AboutPage.is_heading_visible of <Pages.AboutPage.AboutPage object at 0x103a82810>> = <Pages.AboutPage.AboutPage object at 0x103a82810>.is_heading_visible\ntest_AboutPage.py:41 in test_2() -> with check, allure.step(\"C58512: Page heading is visible\"):\ntest_AboutPage.py:42 in test_2 -> assert about_page_obj.is_heading_visible()\nAssertionError: assert False\n +  where False = <bound method AboutPage.is_heading_visible of <Pages.AboutPage.AboutPage object at 0x103a82810>>()\n +    where <bound method AboutPage.is_heading_visible of <Pages.AboutPage.AboutPage object at 0x103a82810>> = <Pages.AboutPage.AboutPage object at 0x103a82810>.is_heading_visible\n\n\nFAILURE: assert False\n +  where False = <bound method AboutPage.is_themes_section_visible of <Pages.AboutPage.AboutPage object at 0x103a82810>>()\n +    where <bound method AboutPage.is_themes_section_visible of <Pages.AboutPage.AboutPage object at 0x103a82810>> = <Pages.AboutPage.AboutPage object at 0x103a82810>.is_themes_section_visible\nFAILURE: assert False\n +  where False = <bound method AboutPage.is_image_gallery_visible of <Pages.AboutPage.AboutPage object at 0x103a82810>>()\n +    where <bound method AboutPage.is_image_gallery_visible of <Pages.AboutPage.AboutPage object at 0x103a82810>> = <Pages.AboutPage.AboutPage object at 0x103a82810>.is_image_gallery_visible\nFAILURE: assert False\n +  where False = <bound method AboutPage.is_faq_section_visible of <Pages.AboutPage.AboutPage object at 0x103a82810>>()\n +    where <bound method AboutPage.is_faq_section_visible of <Pages.AboutPage.AboutPage object at 0x103a82810>> = <Pages.AboutPage.AboutPage object at 0x103a82810>.is_faq_section_visible\nFAILURE: assert False\n +  where False = <bound method AboutPage.is_transport_section_visible of <Pages.AboutPage.AboutPage object at 0x103a82810>>('safari')\n +    where <bound method AboutPage.is_transport_section_visible of <Pages.AboutPage.AboutPage object at 0x103a82810>> = <Pages.AboutPage.AboutPage object at 0x103a82810>.is_transport_section_visible\n +    and   'safari' = <Tests.test_AboutPage.TestAboutPage object at 0x1027a84d0>.current_browser\n------------------------------------------------------------\nFailed Checks: 5","statusTrace":"FAILURE: assert False\n +  where False = <bound method AboutPage.is_heading_visible of <Pages.AboutPage.AboutPage object at 0x103a82810>>()\n +    where <bound method AboutPage.is_heading_visible of <Pages.AboutPage.AboutPage object at 0x103a82810>> = <Pages.AboutPage.AboutPage object at 0x103a82810>.is_heading_visible\ntest_AboutPage.py:41 in test_2() -> with check, allure.step(\"C58512: Page heading is visible\"):\ntest_AboutPage.py:42 in test_2 -> assert about_page_obj.is_heading_visible()\nAssertionError: assert False\n +  where False = <bound method AboutPage.is_heading_visible of <Pages.AboutPage.AboutPage object at 0x103a82810>>()\n +    where <bound method AboutPage.is_heading_visible of <Pages.AboutPage.AboutPage object at 0x103a82810>> = <Pages.AboutPage.AboutPage object at 0x103a82810>.is_heading_visible\n\n\nFAILURE: assert False\n +  where False = <bound method AboutPage.is_themes_section_visible of <Pages.AboutPage.AboutPage object at 0x103a82810>>()\n +    where <bound method AboutPage.is_themes_section_visible of <Pages.AboutPage.AboutPage object at 0x103a82810>> = <Pages.AboutPage.AboutPage object at 0x103a82810>.is_themes_section_visible\nFAILURE: assert False\n +  where False = <bound method AboutPage.is_image_gallery_visible of <Pages.AboutPage.AboutPage object at 0x103a82810>>()\n +    where <bound method AboutPage.is_image_gallery_visible of <Pages.AboutPage.AboutPage object at 0x103a82810>> = <Pages.AboutPage.AboutPage object at 0x103a82810>.is_image_gallery_visible\nFAILURE: assert False\n +  where False = <bound method AboutPage.is_faq_section_visible of <Pages.AboutPage.AboutPage object at 0x103a82810>>()\n +    where <bound method AboutPage.is_faq_section_visible of <Pages.AboutPage.AboutPage object at 0x103a82810>> = <Pages.AboutPage.AboutPage object at 0x103a82810>.is_faq_section_visible\nFAILURE: assert False\n +  where False = <bound method AboutPage.is_transport_section_visible of <Pages.AboutPage.AboutPage object at 0x103a82810>>('safari')\n +    where <bound method AboutPage.is_transport_section_visible of <Pages.AboutPage.AboutPage object at 0x103a82810>> = <Pages.AboutPage.AboutPage object at 0x103a82810>.is_transport_section_visible\n +    and   'safari' = <Tests.test_AboutPage.TestAboutPage object at 0x1027a84d0>.current_browser\n------------------------------------------------------------\nFailed Checks: 5","flaky":false,"newFailed":false,"newBroken":false,"newPassed":false,"retriesCount":0,"retriesStatusChange":false,"beforeStages":[{"name":"_session_faker","time":{"start":1734072756040,"stop":1734072756211,"duration":171},"status":"passed","steps":[],"attachments":[],"parameters":[],"shouldDisplayMessage":false,"stepsCount":0,"attachmentsCount":0,"hasContent":false,"attachmentStep":false},{"name":"driver","time":{"start":1734072756211,"stop":1734072767424,"duration":11213},"status":"passed","steps":[],"attachments":[],"parameters":[],"shouldDisplayMessage":false,"stepsCount":0,"attachmentsCount":0,"hasContent":false,"attachmentStep":false}],"testStage":{"status":"failed","statusMessage":"AssertionError: FAILURE: assert False\n +  where False = <bound method AboutPage.is_heading_visible of <Pages.AboutPage.AboutPage object at 0x103a82810>>()\n +    where <bound method AboutPage.is_heading_visible of <Pages.AboutPage.AboutPage object at 0x103a82810>> = <Pages.AboutPage.AboutPage object at 0x103a82810>.is_heading_visible\ntest_AboutPage.py:41 in test_2() -> with check, allure.step(\"C58512: Page heading is visible\"):\ntest_AboutPage.py:42 in test_2 -> assert about_page_obj.is_heading_visible()\nAssertionError: assert False\n +  where False = <bound method AboutPage.is_heading_visible of <Pages.AboutPage.AboutPage object at 0x103a82810>>()\n +    where <bound method AboutPage.is_heading_visible of <Pages.AboutPage.AboutPage object at 0x103a82810>> = <Pages.AboutPage.AboutPage object at 0x103a82810>.is_heading_visible\n\n\nFAILURE: assert False\n +  where False = <bound method AboutPage.is_themes_section_visible of <Pages.AboutPage.AboutPage object at 0x103a82810>>()\n +    where <bound method AboutPage.is_themes_section_visible of <Pages.AboutPage.AboutPage object at 0x103a82810>> = <Pages.AboutPage.AboutPage object at 0x103a82810>.is_themes_section_visible\nFAILURE: assert False\n +  where False = <bound method AboutPage.is_image_gallery_visible of <Pages.AboutPage.AboutPage object at 0x103a82810>>()\n +    where <bound method AboutPage.is_image_gallery_visible of <Pages.AboutPage.AboutPage object at 0x103a82810>> = <Pages.AboutPage.AboutPage object at 0x103a82810>.is_image_gallery_visible\nFAILURE: assert False\n +  where False = <bound method AboutPage.is_faq_section_visible of <Pages.AboutPage.AboutPage object at 0x103a82810>>()\n +    where <bound method AboutPage.is_faq_section_visible of <Pages.AboutPage.AboutPage object at 0x103a82810>> = <Pages.AboutPage.AboutPage object at 0x103a82810>.is_faq_section_visible\nFAILURE: assert False\n +  where False = <bound method AboutPage.is_transport_section_visible of <Pages.AboutPage.AboutPage object at 0x103a82810>>('safari')\n +    where <bound method AboutPage.is_transport_section_visible of <Pages.AboutPage.AboutPage object at 0x103a82810>> = <Pages.AboutPage.AboutPage object at 0x103a82810>.is_transport_section_visible\n +    and   'safari' = <Tests.test_AboutPage.TestAboutPage object at 0x1027a84d0>.current_browser\n------------------------------------------------------------\nFailed Checks: 5","statusTrace":"FAILURE: assert False\n +  where False = <bound method AboutPage.is_heading_visible of <Pages.AboutPage.AboutPage object at 0x103a82810>>()\n +    where <bound method AboutPage.is_heading_visible of <Pages.AboutPage.AboutPage object at 0x103a82810>> = <Pages.AboutPage.AboutPage object at 0x103a82810>.is_heading_visible\ntest_AboutPage.py:41 in test_2() -> with check, allure.step(\"C58512: Page heading is visible\"):\ntest_AboutPage.py:42 in test_2 -> assert about_page_obj.is_heading_visible()\nAssertionError: assert False\n +  where False = <bound method AboutPage.is_heading_visible of <Pages.AboutPage.AboutPage object at 0x103a82810>>()\n +    where <bound method AboutPage.is_heading_visible of <Pages.AboutPage.AboutPage object at 0x103a82810>> = <Pages.AboutPage.AboutPage object at 0x103a82810>.is_heading_visible\n\n\nFAILURE: assert False\n +  where False = <bound method AboutPage.is_themes_section_visible of <Pages.AboutPage.AboutPage object at 0x103a82810>>()\n +    where <bound method AboutPage.is_themes_section_visible of <Pages.AboutPage.AboutPage object at 0x103a82810>> = <Pages.AboutPage.AboutPage object at 0x103a82810>.is_themes_section_visible\nFAILURE: assert False\n +  where False = <bound method AboutPage.is_image_gallery_visible of <Pages.AboutPage.AboutPage object at 0x103a82810>>()\n +    where <bound method AboutPage.is_image_gallery_visible of <Pages.AboutPage.AboutPage object at 0x103a82810>> = <Pages.AboutPage.AboutPage object at 0x103a82810>.is_image_gallery_visible\nFAILURE: assert False\n +  where False = <bound method AboutPage.is_faq_section_visible of <Pages.AboutPage.AboutPage object at 0x103a82810>>()\n +    where <bound method AboutPage.is_faq_section_visible of <Pages.AboutPage.AboutPage object at 0x103a82810>> = <Pages.AboutPage.AboutPage object at 0x103a82810>.is_faq_section_visible\nFAILURE: assert False\n +  where False = <bound method AboutPage.is_transport_section_visible of <Pages.AboutPage.AboutPage object at 0x103a82810>>('safari')\n +    where <bound method AboutPage.is_transport_section_visible of <Pages.AboutPage.AboutPage object at 0x103a82810>> = <Pages.AboutPage.AboutPage object at 0x103a82810>.is_transport_section_visible\n +    and   'safari' = <Tests.test_AboutPage.TestAboutPage object at 0x1027a84d0>.current_browser\n------------------------------------------------------------\nFailed Checks: 5","steps":[{"name":"C58512: Main navigation is visible","time":{"start":1734073080206,"stop":1734073080224,"duration":18},"status":"passed","steps":[],"attachments":[],"parameters":[],"shouldDisplayMessage":false,"stepsCount":0,"attachmentsCount":0,"hasContent":false,"attachmentStep":false},{"name":"C58512: Page heading is visible","time":{"start":1734073080224,"stop":1734073080229,"duration":5},"status":"failed","statusMessage":"AssertionError: assert False\n +  where False = <bound method AboutPage.is_heading_visible of <Pages.AboutPage.AboutPage object at 0x103a82810>>()\n +    where <bound method AboutPage.is_heading_visible of <Pages.AboutPage.AboutPage object at 0x103a82810>> = <Pages.AboutPage.AboutPage object at 0x103a82810>.is_heading_visible\n","statusTrace":"  File \"/Users/runner/work/QUBA_WEB/QUBA_WEB/Tests/test_AboutPage.py\", line 42, in test_2\n    assert about_page_obj.is_heading_visible()\n","steps":[],"attachments":[],"parameters":[],"shouldDisplayMessage":true,"stepsCount":0,"attachmentsCount":0,"hasContent":true,"attachmentStep":false},{"name":"C58512: Themes section is visible","time":{"start":1734073080238,"stop":1734073080243,"duration":5},"status":"failed","statusMessage":"AssertionError: assert False\n +  where False = <bound method AboutPage.is_themes_section_visible of <Pages.AboutPage.AboutPage object at 0x103a82810>>()\n +    where <bound method AboutPage.is_themes_section_visible of <Pages.AboutPage.AboutPage object at 0x103a82810>> = <Pages.AboutPage.AboutPage object at 0x103a82810>.is_themes_section_visible\n","statusTrace":"  File \"/Users/runner/work/QUBA_WEB/QUBA_WEB/Tests/test_AboutPage.py\", line 44, in test_2\n    assert about_page_obj.is_themes_section_visible()\n","steps":[],"attachments":[],"parameters":[],"shouldDisplayMessage":true,"stepsCount":0,"attachmentsCount":0,"hasContent":true,"attachmentStep":false},{"name":"C58512: Image gallery is visible","time":{"start":1734073080244,"stop":1734073080249,"duration":5},"status":"failed","statusMessage":"AssertionError: assert False\n +  where False = <bound method AboutPage.is_image_gallery_visible of <Pages.AboutPage.AboutPage object at 0x103a82810>>()\n +    where <bound method AboutPage.is_image_gallery_visible of <Pages.AboutPage.AboutPage object at 0x103a82810>> = <Pages.AboutPage.AboutPage object at 0x103a82810>.is_image_gallery_visible\n","statusTrace":"  File \"/Users/runner/work/QUBA_WEB/QUBA_WEB/Tests/test_AboutPage.py\", line 46, in test_2\n    assert about_page_obj.is_image_gallery_visible()\n","steps":[],"attachments":[],"parameters":[],"shouldDisplayMessage":true,"stepsCount":0,"attachmentsCount":0,"hasContent":true,"attachmentStep":false},{"name":"C58512: FAQ section is visible","time":{"start":1734073080249,"stop":1734073080256,"duration":7},"status":"failed","statusMessage":"AssertionError: assert False\n +  where False = <bound method AboutPage.is_faq_section_visible of <Pages.AboutPage.AboutPage object at 0x103a82810>>()\n +    where <bound method AboutPage.is_faq_section_visible of <Pages.AboutPage.AboutPage object at 0x103a82810>> = <Pages.AboutPage.AboutPage object at 0x103a82810>.is_faq_section_visible\n","statusTrace":"  File \"/Users/runner/work/QUBA_WEB/QUBA_WEB/Tests/test_AboutPage.py\", line 48, in test_2\n    assert about_page_obj.is_faq_section_visible()\n","steps":[],"attachments":[],"parameters":[],"shouldDisplayMessage":true,"stepsCount":0,"attachmentsCount":0,"hasContent":true,"attachmentStep":false},{"name":"C58512: Transport section is visible","time":{"start":1734073080256,"stop":1734073081418,"duration":1162},"status":"failed","statusMessage":"AssertionError: assert False\n +  where False = <bound method AboutPage.is_transport_section_visible of <Pages.AboutPage.AboutPage object at 0x103a82810>>('safari')\n +    where <bound method AboutPage.is_transport_section_visible of <Pages.AboutPage.AboutPage object at 0x103a82810>> = <Pages.AboutPage.AboutPage object at 0x103a82810>.is_transport_section_visible\n +    and   'safari' = <Tests.test_AboutPage.TestAboutPage object at 0x1027a84d0>.current_browser\n","statusTrace":"  File \"/Users/runner/work/QUBA_WEB/QUBA_WEB/Tests/test_AboutPage.py\", line 50, in test_2\n    assert about_page_obj.is_transport_section_visible(self.current_browser)\n","steps":[],"attachments":[],"parameters":[],"shouldDisplayMessage":true,"stepsCount":0,"attachmentsCount":0,"hasContent":true,"attachmentStep":false},{"name":"C58512: Page footer is visible","time":{"start":1734073081420,"stop":1734073081432,"duration":12},"status":"passed","steps":[],"attachments":[],"parameters":[],"shouldDisplayMessage":false,"stepsCount":0,"attachmentsCount":0,"hasContent":false,"attachmentStep":false}],"attachments":[],"parameters":[],"shouldDisplayMessage":true,"stepsCount":7,"attachmentsCount":0,"hasContent":true,"attachmentStep":false},"afterStages":[{"name":"driver::0","time":{"start":1734073263557,"stop":1734073263809,"duration":252},"status":"passed","steps":[],"attachments":[],"parameters":[],"shouldDisplayMessage":false,"stepsCount":0,"attachmentsCount":0,"hasContent":false,"attachmentStep":false}],"labels":[{"name":"severity","value":"critical"},{"name":"feature","value":"About page"},{"name":"tag","value":"flaky(reruns=3, reruns_delay=1)"},{"name":"parentSuite","value":"Tests"},{"name":"suite","value":"test_AboutPage"},{"name":"subSuite","value":"TestAboutPage"},{"name":"host","value":"Mac-1734071719163.local"},{"name":"thread","value":"2307-MainThread"},{"name":"framework","value":"pytest"},{"name":"language","value":"cpython3"},{"name":"package","value":"Tests.test_AboutPage"},{"name":"resultFormat","value":"allure2"}],"parameters":[{"name":"driver","value":"'safari'"}],"links":[{"name":"C58512","url":"https://hedgehoglabqa.testrail.io/index.php?/cases/view/58512","type":"tms"},{"name":"Epic QP-356","url":"https://hedgehog-lab.atlassian.net/browse/QP-356","type":"issue"},{"name":"Story QP-266","url":"https://hedgehog-lab.atlassian.net/browse/QP-266","type":"issue"}],"hidden":true,"retry":true,"extra":{"categories":[],"tags":["flaky(reruns=3, reruns_delay=1)"]},"source":"45c372f4a8028389.json","parameterValues":["'safari'"]}