{"uid":"784ec1679f28fa11","name":"Click on event carousel card","fullName":"Tests.test_HomePage.TestHomePage#test_28","historyId":"fc4b666182b6e462db8150de47f6a1c4","time":{"start":1734073466840,"stop":1734073473430,"duration":6590},"status":"failed","statusMessage":"AssertionError: FAILURE: assert 'Tour of Old Maidnah' == ' نتيجة لظروف...فيما نتحمله م'\n  \n  -  نتيجة لظروف ما قد تكمن السعاده فيما نتحمله م\n  + Tour of Old Maidnah\ntest_HomePage.py:489 in test_28() -> with check, allure.step(f\"User is navigated to {event_title} page\"):\ntest_HomePage.py:493 in test_28 -> assert events_obj.get_individual_event_title_text() == event_title\nAssertionError: assert 'Tour of Old Maidnah' == ' نتيجة لظروف...فيما نتحمله م'\n  \n  -  نتيجة لظروف ما قد تكمن السعاده فيما نتحمله م\n  + Tour of Old Maidnah\n\n\n------------------------------------------------------------\nFailed Checks: 1","statusTrace":"FAILURE: assert 'Tour of Old Maidnah' == ' نتيجة لظروف...فيما نتحمله م'\n  \n  -  نتيجة لظروف ما قد تكمن السعاده فيما نتحمله م\n  + Tour of Old Maidnah\ntest_HomePage.py:489 in test_28() -> with check, allure.step(f\"User is navigated to {event_title} page\"):\ntest_HomePage.py:493 in test_28 -> assert events_obj.get_individual_event_title_text() == event_title\nAssertionError: assert 'Tour of Old Maidnah' == ' نتيجة لظروف...فيما نتحمله م'\n  \n  -  نتيجة لظروف ما قد تكمن السعاده فيما نتحمله م\n  + Tour of Old Maidnah\n\n\n------------------------------------------------------------\nFailed Checks: 1","flaky":false,"newFailed":false,"newBroken":false,"newPassed":false,"retriesCount":0,"retriesStatusChange":false,"beforeStages":[{"name":"_session_faker","time":{"start":1734072746923,"stop":1734072746996,"duration":73},"status":"passed","steps":[],"attachments":[],"parameters":[],"shouldDisplayMessage":false,"stepsCount":0,"attachmentsCount":0,"hasContent":false,"attachmentStep":false},{"name":"driver","time":{"start":1734073410504,"stop":1734073412398,"duration":1894},"status":"passed","steps":[],"attachments":[],"parameters":[],"shouldDisplayMessage":false,"stepsCount":0,"attachmentsCount":0,"hasContent":false,"attachmentStep":false},{"name":"setup","time":{"start":1734073466840,"stop":1734073466840,"duration":0},"status":"passed","steps":[],"attachments":[],"parameters":[],"shouldDisplayMessage":false,"stepsCount":0,"attachmentsCount":0,"hasContent":false,"attachmentStep":false}],"testStage":{"status":"failed","statusMessage":"AssertionError: FAILURE: assert 'Tour of Old Maidnah' == ' نتيجة لظروف...فيما نتحمله م'\n  \n  -  نتيجة لظروف ما قد تكمن السعاده فيما نتحمله م\n  + Tour of Old Maidnah\ntest_HomePage.py:489 in test_28() -> with check, allure.step(f\"User is navigated to {event_title} page\"):\ntest_HomePage.py:493 in test_28 -> assert events_obj.get_individual_event_title_text() == event_title\nAssertionError: assert 'Tour of Old Maidnah' == ' نتيجة لظروف...فيما نتحمله م'\n  \n  -  نتيجة لظروف ما قد تكمن السعاده فيما نتحمله م\n  + Tour of Old Maidnah\n\n\n------------------------------------------------------------\nFailed Checks: 1","statusTrace":"FAILURE: assert 'Tour of Old Maidnah' == ' نتيجة لظروف...فيما نتحمله م'\n  \n  -  نتيجة لظروف ما قد تكمن السعاده فيما نتحمله م\n  + Tour of Old Maidnah\ntest_HomePage.py:489 in test_28() -> with check, allure.step(f\"User is navigated to {event_title} page\"):\ntest_HomePage.py:493 in test_28 -> assert events_obj.get_individual_event_title_text() == event_title\nAssertionError: assert 'Tour of Old Maidnah' == ' نتيجة لظروف...فيما نتحمله م'\n  \n  -  نتيجة لظروف ما قد تكمن السعاده فيما نتحمله م\n  + Tour of Old Maidnah\n\n\n------------------------------------------------------------\nFailed Checks: 1","steps":[{"name":"User is navigated to  نتيجة لظروف ما قد تكمن السعاده فيما نتحمله م page","time":{"start":1734073466840,"stop":1734073471190,"duration":4350},"status":"failed","statusMessage":"AssertionError: assert 'Tour of Old Maidnah' == ' نتيجة لظروف...فيما نتحمله م'\n  \n  -  نتيجة لظروف ما قد تكمن السعاده فيما نتحمله م\n  + Tour of Old Maidnah\n","statusTrace":"  File \"/home/runner/work/QUBA_WEB/QUBA_WEB/Tests/test_HomePage.py\", line 493, in test_28\n    assert events_obj.get_individual_event_title_text() == event_title\n","steps":[],"attachments":[],"parameters":[],"shouldDisplayMessage":true,"stepsCount":0,"attachmentsCount":0,"hasContent":true,"attachmentStep":false}],"attachments":[],"parameters":[],"shouldDisplayMessage":true,"stepsCount":1,"attachmentsCount":0,"hasContent":true,"attachmentStep":false},"afterStages":[{"name":"driver::0","time":{"start":1734073521012,"stop":1734073521535,"duration":523},"status":"passed","steps":[],"attachments":[],"parameters":[],"shouldDisplayMessage":false,"stepsCount":0,"attachmentsCount":0,"hasContent":false,"attachmentStep":false}],"labels":[{"name":"feature","value":"Home page"},{"name":"severity","value":"normal"},{"name":"tag","value":"dependency(depends=['test_22'])"},{"name":"tag","value":"flaky(reruns=3, reruns_delay=1)"},{"name":"parentSuite","value":"Tests"},{"name":"suite","value":"test_HomePage"},{"name":"subSuite","value":"TestHomePage"},{"name":"host","value":"fv-az805-100"},{"name":"thread","value":"1957-MainThread"},{"name":"framework","value":"pytest"},{"name":"language","value":"cpython3"},{"name":"package","value":"Tests.test_HomePage"},{"name":"resultFormat","value":"allure2"}],"parameters":[{"name":"driver","value":"'firefox'"}],"links":[{"name":"C58609","url":"https://hedgehoglabqa.testrail.io/index.php?/cases/view/58609","type":"tms"},{"name":"Epic QP-356","url":"https://hedgehog-lab.atlassian.net/browse/QP-356","type":"issue"},{"name":"Story QP-269","url":"https://hedgehog-lab.atlassian.net/browse/QP-269","type":"issue"}],"hidden":true,"retry":true,"extra":{"categories":[],"tags":["flaky(reruns=3, reruns_delay=1)","dependency(depends=['test_22'])"]},"source":"784ec1679f28fa11.json","parameterValues":["'firefox'"]}