{"uid":"4d2027f608f9aa5c","name":"Image gallery with more than one image","fullName":"Tests.test_AboutPage.TestAboutPage#test_10","historyId":"5e6f51b070dee34cb5cd457b79200f73","time":{"start":1732419203259,"stop":1732419215365,"duration":12106},"status":"failed","statusMessage":"AssertionError: FAILURE: assert False\n +  where False = <bound method AboutPage.is_next_slide_button_visible of <Pages.AboutPage.AboutPage object at 0x7f37d80bc050>>()\n +    where <bound method AboutPage.is_next_slide_button_visible of <Pages.AboutPage.AboutPage object at 0x7f37d80bc050>> = <Pages.AboutPage.AboutPage object at 0x7f37d80bc050>.is_next_slide_button_visible\ntest_AboutPage.py:184 in test_10() -> with check, allure.step(\"C58523: Next image button is visible\"):\ntest_AboutPage.py:185 in test_10 -> assert about_page_obj.is_next_slide_button_visible()\nAssertionError: assert False\n +  where False = <bound method AboutPage.is_next_slide_button_visible of <Pages.AboutPage.AboutPage object at 0x7f37d80bc050>>()\n +    where <bound method AboutPage.is_next_slide_button_visible of <Pages.AboutPage.AboutPage object at 0x7f37d80bc050>> = <Pages.AboutPage.AboutPage object at 0x7f37d80bc050>.is_next_slide_button_visible\n\n\n------------------------------------------------------------\nFailed Checks: 1","statusTrace":"FAILURE: assert False\n +  where False = <bound method AboutPage.is_next_slide_button_visible of <Pages.AboutPage.AboutPage object at 0x7f37d80bc050>>()\n +    where <bound method AboutPage.is_next_slide_button_visible of <Pages.AboutPage.AboutPage object at 0x7f37d80bc050>> = <Pages.AboutPage.AboutPage object at 0x7f37d80bc050>.is_next_slide_button_visible\ntest_AboutPage.py:184 in test_10() -> with check, allure.step(\"C58523: Next image button is visible\"):\ntest_AboutPage.py:185 in test_10 -> assert about_page_obj.is_next_slide_button_visible()\nAssertionError: assert False\n +  where False = <bound method AboutPage.is_next_slide_button_visible of <Pages.AboutPage.AboutPage object at 0x7f37d80bc050>>()\n +    where <bound method AboutPage.is_next_slide_button_visible of <Pages.AboutPage.AboutPage object at 0x7f37d80bc050>> = <Pages.AboutPage.AboutPage object at 0x7f37d80bc050>.is_next_slide_button_visible\n\n\n------------------------------------------------------------\nFailed Checks: 1","flaky":true,"newFailed":true,"newBroken":false,"newPassed":false,"retriesCount":3,"retriesStatusChange":false,"beforeStages":[{"name":"_session_faker","time":{"start":1732419109997,"stop":1732419110052,"duration":55},"status":"passed","steps":[],"attachments":[],"parameters":[],"stepsCount":0,"shouldDisplayMessage":false,"attachmentsCount":0,"hasContent":false,"attachmentStep":false},{"name":"driver","time":{"start":1732419110053,"stop":1732419119656,"duration":9603},"status":"passed","steps":[],"attachments":[],"parameters":[],"stepsCount":0,"shouldDisplayMessage":false,"attachmentsCount":0,"hasContent":false,"attachmentStep":false},{"name":"setup","time":{"start":1732419203258,"stop":1732419203259,"duration":1},"status":"passed","steps":[],"attachments":[],"parameters":[],"stepsCount":0,"shouldDisplayMessage":false,"attachmentsCount":0,"hasContent":false,"attachmentStep":false}],"testStage":{"status":"failed","statusMessage":"AssertionError: FAILURE: assert False\n +  where False = <bound method AboutPage.is_next_slide_button_visible of <Pages.AboutPage.AboutPage object at 0x7f37d80bc050>>()\n +    where <bound method AboutPage.is_next_slide_button_visible of <Pages.AboutPage.AboutPage object at 0x7f37d80bc050>> = <Pages.AboutPage.AboutPage object at 0x7f37d80bc050>.is_next_slide_button_visible\ntest_AboutPage.py:184 in test_10() -> with check, allure.step(\"C58523: Next image button is visible\"):\ntest_AboutPage.py:185 in test_10 -> assert about_page_obj.is_next_slide_button_visible()\nAssertionError: assert False\n +  where False = <bound method AboutPage.is_next_slide_button_visible of <Pages.AboutPage.AboutPage object at 0x7f37d80bc050>>()\n +    where <bound method AboutPage.is_next_slide_button_visible of <Pages.AboutPage.AboutPage object at 0x7f37d80bc050>> = <Pages.AboutPage.AboutPage object at 0x7f37d80bc050>.is_next_slide_button_visible\n\n\n------------------------------------------------------------\nFailed Checks: 1","statusTrace":"FAILURE: assert False\n +  where False = <bound method AboutPage.is_next_slide_button_visible of <Pages.AboutPage.AboutPage object at 0x7f37d80bc050>>()\n +    where <bound method AboutPage.is_next_slide_button_visible of <Pages.AboutPage.AboutPage object at 0x7f37d80bc050>> = <Pages.AboutPage.AboutPage object at 0x7f37d80bc050>.is_next_slide_button_visible\ntest_AboutPage.py:184 in test_10() -> with check, allure.step(\"C58523: Next image button is visible\"):\ntest_AboutPage.py:185 in test_10 -> assert about_page_obj.is_next_slide_button_visible()\nAssertionError: assert False\n +  where False = <bound method AboutPage.is_next_slide_button_visible of <Pages.AboutPage.AboutPage object at 0x7f37d80bc050>>()\n +    where <bound method AboutPage.is_next_slide_button_visible of <Pages.AboutPage.AboutPage object at 0x7f37d80bc050>> = <Pages.AboutPage.AboutPage object at 0x7f37d80bc050>.is_next_slide_button_visible\n\n\n------------------------------------------------------------\nFailed Checks: 1","steps":[{"name":"C58523: The image anna-jahn-LBKxu77KpSY-unsplash.jpg is correct","time":{"start":1732419204315,"stop":1732419204315,"duration":0},"status":"passed","steps":[],"attachments":[],"parameters":[],"stepsCount":0,"shouldDisplayMessage":false,"attachmentsCount":0,"hasContent":false,"attachmentStep":false},{"name":"C58523: The image malik-shibly-gm_Vztl7w84-unsplash.jpg is correct","time":{"start":1732419204315,"stop":1732419204315,"duration":0},"status":"passed","steps":[],"attachments":[],"parameters":[],"stepsCount":0,"shouldDisplayMessage":false,"attachmentsCount":0,"hasContent":false,"attachmentStep":false},{"name":"C58523: The image arisa-s-pir6n28Xrpw-unsplash.jpg is correct","time":{"start":1732419204315,"stop":1732419204315,"duration":0},"status":"passed","steps":[],"attachments":[],"parameters":[],"stepsCount":0,"shouldDisplayMessage":false,"attachmentsCount":0,"hasContent":false,"attachmentStep":false},{"name":"C58523: The image darrell-chaddock-j9er0YESGp0-unsplash.jpg is correct","time":{"start":1732419204315,"stop":1732419204315,"duration":0},"status":"passed","steps":[],"attachments":[],"parameters":[],"stepsCount":0,"shouldDisplayMessage":false,"attachmentsCount":0,"hasContent":false,"attachmentStep":false},{"name":"C58523: The image darwin-vegher-sKqKpescBgc-unsplash.jpg is correct","time":{"start":1732419204315,"stop":1732419204315,"duration":0},"status":"passed","steps":[],"attachments":[],"parameters":[],"stepsCount":0,"shouldDisplayMessage":false,"attachmentsCount":0,"hasContent":false,"attachmentStep":false},{"name":"C58523: The image koushik-chowdavarapu-aWBPk_GBaCk-unsplash.jpg is correct","time":{"start":1732419204315,"stop":1732419204315,"duration":0},"status":"passed","steps":[],"attachments":[],"parameters":[],"stepsCount":0,"shouldDisplayMessage":false,"attachmentsCount":0,"hasContent":false,"attachmentStep":false},{"name":"C58523: The image date_farm_cc1ff1c02d.jpg is correct","time":{"start":1732419204315,"stop":1732419204315,"duration":0},"status":"passed","steps":[],"attachments":[],"parameters":[],"stepsCount":0,"shouldDisplayMessage":false,"attachmentsCount":0,"hasContent":false,"attachmentStep":false},{"name":"C58523: The image bani-unaif.webp is correct","time":{"start":1732419204315,"stop":1732419204315,"duration":0},"status":"passed","steps":[],"attachments":[],"parameters":[],"stepsCount":0,"shouldDisplayMessage":false,"attachmentsCount":0,"hasContent":false,"attachmentStep":false},{"name":"C58523: The image patrick-hendry-hezNrE5QEa8-unsplash.jpg is correct","time":{"start":1732419204315,"stop":1732419204315,"duration":0},"status":"passed","steps":[],"attachments":[],"parameters":[],"stepsCount":0,"shouldDisplayMessage":false,"attachmentsCount":0,"hasContent":false,"attachmentStep":false},{"name":"C58523: The image masjid-quba-in-almadinah-new_crop-1160x650.jpg is correct","time":{"start":1732419204315,"stop":1732419204315,"duration":0},"status":"passed","steps":[],"attachments":[],"parameters":[],"stepsCount":0,"shouldDisplayMessage":false,"attachmentsCount":0,"hasContent":false,"attachmentStep":false},{"name":"C58523: Next image button is visible","time":{"start":1732419204316,"stop":1732419215347,"duration":11031},"status":"failed","statusMessage":"AssertionError: assert False\n +  where False = <bound method AboutPage.is_next_slide_button_visible of <Pages.AboutPage.AboutPage object at 0x7f37d80bc050>>()\n +    where <bound method AboutPage.is_next_slide_button_visible of <Pages.AboutPage.AboutPage object at 0x7f37d80bc050>> = <Pages.AboutPage.AboutPage object at 0x7f37d80bc050>.is_next_slide_button_visible\n","statusTrace":"  File \"/home/runner/work/QUBA_WEB/QUBA_WEB/Tests/test_AboutPage.py\", line 185, in test_10\n    assert about_page_obj.is_next_slide_button_visible()\n","steps":[],"attachments":[],"parameters":[],"stepsCount":0,"shouldDisplayMessage":true,"attachmentsCount":0,"hasContent":true,"attachmentStep":false},{"name":"C58523: Scroll bar is visible","time":{"start":1732419215349,"stop":1732419215364,"duration":15},"status":"passed","steps":[],"attachments":[],"parameters":[],"stepsCount":0,"shouldDisplayMessage":false,"attachmentsCount":0,"hasContent":false,"attachmentStep":false}],"attachments":[],"parameters":[],"stepsCount":12,"shouldDisplayMessage":true,"attachmentsCount":0,"hasContent":true,"attachmentStep":false},"afterStages":[{"name":"driver::0","time":{"start":1732419254652,"stop":1732419254742,"duration":90},"status":"passed","steps":[],"attachments":[],"parameters":[],"stepsCount":0,"shouldDisplayMessage":false,"attachmentsCount":0,"hasContent":false,"attachmentStep":false}],"labels":[{"name":"severity","value":"normal"},{"name":"feature","value":"About page"},{"name":"tag","value":"dependency(name='test_10')"},{"name":"tag","value":"flaky(reruns=3, reruns_delay=1)"},{"name":"parentSuite","value":"Tests"},{"name":"suite","value":"test_AboutPage"},{"name":"subSuite","value":"TestAboutPage"},{"name":"host","value":"fv-az801-993"},{"name":"thread","value":"1791-MainThread"},{"name":"framework","value":"pytest"},{"name":"language","value":"cpython3"},{"name":"package","value":"Tests.test_AboutPage"},{"name":"resultFormat","value":"allure2"}],"parameters":[{"name":"driver","value":"'chrome'"}],"links":[{"name":"C58523","url":"https://hedgehoglabqa.testrail.io/index.php?/cases/view/58523","type":"tms"},{"name":"Epic QP-356","url":"https://hedgehog-lab.atlassian.net/browse/QP-356","type":"issue"},{"name":"Story QP-266","url":"https://hedgehog-lab.atlassian.net/browse/QP-266","type":"issue"}],"hidden":false,"retry":false,"extra":{"severity":"normal","retries":[{"uid":"560b94aafbd84b48","status":"failed","statusDetails":"AssertionError: FAILURE: assert False\n +  where False = <bound method AboutPage.is_next_slide_button_visible of <Pages.AboutPage.AboutPage object at 0x7f37d80be810>>()\n +    where <bound method AboutPage.is_next_slide_button_visible of <Pages.AboutPage.AboutPage object at 0x7f37d80be810>> = <Pages.AboutPage.AboutPage object at 0x7f37d80be810>.is_next_slide_button_visible\ntest_AboutPage.py:184 in test_10() -> with check, allure.step(\"C58523: Next image button is visible\"):\ntest_AboutPage.py:185 in test_10 -> assert about_page_obj.is_next_slide_button_visible()\nAssertionError: assert False\n +  where False = <bound method AboutPage.is_next_slide_button_visible of <Pages.AboutPage.AboutPage object at 0x7f37d80be810>>()\n +    where <bound method AboutPage.is_next_slide_button_visible of <Pages.AboutPage.AboutPage object at 0x7f37d80be810>> = <Pages.AboutPage.AboutPage object at 0x7f37d80be810>.is_next_slide_button_visible\n\n\n------------------------------------------------------------\nFailed Checks: 1","time":{"start":1732419190132,"stop":1732419202256,"duration":12124}},{"uid":"a8b6861c1b8f36fc","status":"failed","statusDetails":"AssertionError: FAILURE: assert False\n +  where False = <bound method AboutPage.is_next_slide_button_visible of <Pages.AboutPage.AboutPage object at 0x7f37d806a810>>()\n +    where <bound method AboutPage.is_next_slide_button_visible of <Pages.AboutPage.AboutPage object at 0x7f37d806a810>> = <Pages.AboutPage.AboutPage object at 0x7f37d806a810>.is_next_slide_button_visible\ntest_AboutPage.py:184 in test_10() -> with check, allure.step(\"C58523: Next image button is visible\"):\ntest_AboutPage.py:185 in test_10 -> assert about_page_obj.is_next_slide_button_visible()\nAssertionError: assert False\n +  where False = <bound method AboutPage.is_next_slide_button_visible of <Pages.AboutPage.AboutPage object at 0x7f37d806a810>>()\n +    where <bound method AboutPage.is_next_slide_button_visible of <Pages.AboutPage.AboutPage object at 0x7f37d806a810>> = <Pages.AboutPage.AboutPage object at 0x7f37d806a810>.is_next_slide_button_visible\n\n\n------------------------------------------------------------\nFailed Checks: 1","time":{"start":1732419177050,"stop":1732419189129,"duration":12079}},{"uid":"6f0981be7e27abde","status":"failed","statusDetails":"AssertionError: FAILURE: assert False\n +  where False = <bound method AboutPage.is_next_slide_button_visible of <Pages.AboutPage.AboutPage object at 0x7f37d805a350>>()\n +    where <bound method AboutPage.is_next_slide_button_visible of <Pages.AboutPage.AboutPage object at 0x7f37d805a350>> = <Pages.AboutPage.AboutPage object at 0x7f37d805a350>.is_next_slide_button_visible\ntest_AboutPage.py:184 in test_10() -> with check, allure.step(\"C58523: Next image button is visible\"):\ntest_AboutPage.py:185 in test_10 -> assert about_page_obj.is_next_slide_button_visible()\nAssertionError: assert False\n +  where False = <bound method AboutPage.is_next_slide_button_visible of <Pages.AboutPage.AboutPage object at 0x7f37d805a350>>()\n +    where <bound method AboutPage.is_next_slide_button_visible of <Pages.AboutPage.AboutPage object at 0x7f37d805a350>> = <Pages.AboutPage.AboutPage object at 0x7f37d805a350>.is_next_slide_button_visible\n\n\n------------------------------------------------------------\nFailed Checks: 1","time":{"start":1732419163906,"stop":1732419176047,"duration":12141}}],"categories":[{"name":"Product defects","matchedStatuses":[],"flaky":false}],"history":{"statistic":{"failed":3,"broken":0,"skipped":0,"passed":6,"unknown":0,"total":9},"items":[{"uid":"755802665310c6fe","status":"passed","time":{"start":1732118682517,"stop":1732118684612,"duration":2095}},{"uid":"649c5276e36adb42","status":"failed","statusDetails":"AssertionError: FAILURE: assert False\n +  where False = <bound method AboutPage.is_next_slide_button_visible of <Pages.AboutPage.AboutPage object at 0x7f7e63f15cd0>>()\n +    where <bound method AboutPage.is_next_slide_button_visible of <Pages.AboutPage.AboutPage object at 0x7f7e63f15cd0>> = <Pages.AboutPage.AboutPage object at 0x7f7e63f15cd0>.is_next_slide_button_visible\ntest_AboutPage.py:184 in test_10() -> with check, allure.step(\"C58523: Next image button is visible\"):\ntest_AboutPage.py:185 in test_10 -> assert about_page_obj.is_next_slide_button_visible()\nAssertionError: assert False\n +  where False = <bound method AboutPage.is_next_slide_button_visible of <Pages.AboutPage.AboutPage object at 0x7f7e63f15cd0>>()\n +    where <bound method AboutPage.is_next_slide_button_visible of <Pages.AboutPage.AboutPage object at 0x7f7e63f15cd0>> = <Pages.AboutPage.AboutPage object at 0x7f7e63f15cd0>.is_next_slide_button_visible\n\n\n------------------------------------------------------------\nFailed Checks: 1","time":{"start":1732097352470,"stop":1732097363550,"duration":11080}},{"uid":"abd1d2c31d2ed86a","status":"passed","time":{"start":1732022335232,"stop":1732022336329,"duration":1097}},{"uid":"61dcae10fecffe9a","status":"passed","time":{"start":1732012624943,"stop":1732012626030,"duration":1087}},{"uid":"2e673c80f3d9e250","status":"passed","time":{"start":1731924497908,"stop":1731924498993,"duration":1085}},{"uid":"de38eb04098e8a51","status":"passed","time":{"start":1731913990666,"stop":1731913991752,"duration":1086}},{"uid":"d7ceae63fdce75fa","status":"passed","time":{"start":1731814280330,"stop":1731814281416,"duration":1086}},{"uid":"5fee00af0329d095","status":"failed","statusDetails":"AssertionError: FAILURE: assert False\n +  where False = <bound method AboutPage.is_next_slide_button_visible of <Pages.AboutPage.AboutPage object at 0x7fc0ec58c890>>()\n +    where <bound method AboutPage.is_next_slide_button_visible of <Pages.AboutPage.AboutPage object at 0x7fc0ec58c890>> = <Pages.AboutPage.AboutPage object at 0x7fc0ec58c890>.is_next_slide_button_visible\ntest_AboutPage.py:194 in test_10() -> with check, allure.step(\"C58523: Next image button is visible\"):\ntest_AboutPage.py:195 in test_10 -> assert about_page_obj.is_next_slide_button_visible()\nAssertionError: assert False\n +  where False = <bound method AboutPage.is_next_slide_button_visible of <Pages.AboutPage.AboutPage object at 0x7fc0ec58c890>>()\n +    where <bound method AboutPage.is_next_slide_button_visible of <Pages.AboutPage.AboutPage object at 0x7fc0ec58c890>> = <Pages.AboutPage.AboutPage object at 0x7fc0ec58c890>.is_next_slide_button_visible\n\n\n------------------------------------------------------------\nFailed Checks: 1","time":{"start":1731684451640,"stop":1731684462735,"duration":11095}}]},"tags":["flaky(reruns=3, reruns_delay=1)","dependency(name='test_10')"]},"source":"4d2027f608f9aa5c.json","parameterValues":["'chrome'"]}