{"uid":"5fee00af0329d095","name":"Image gallery with more than one image","fullName":"Tests.test_AboutPage.TestAboutPage#test_10","historyId":"5e6f51b070dee34cb5cd457b79200f73","time":{"start":1731684451640,"stop":1731684462735,"duration":11095},"status":"failed","statusMessage":"AssertionError: FAILURE: assert False\n +  where False = <bound method AboutPage.is_next_slide_button_visible of <Pages.AboutPage.AboutPage object at 0x7fc0ec58c890>>()\n +    where <bound method AboutPage.is_next_slide_button_visible of <Pages.AboutPage.AboutPage object at 0x7fc0ec58c890>> = <Pages.AboutPage.AboutPage object at 0x7fc0ec58c890>.is_next_slide_button_visible\ntest_AboutPage.py:194 in test_10() -> with check, allure.step(\"C58523: Next image button is visible\"):\ntest_AboutPage.py:195 in test_10 -> assert about_page_obj.is_next_slide_button_visible()\nAssertionError: assert False\n +  where False = <bound method AboutPage.is_next_slide_button_visible of <Pages.AboutPage.AboutPage object at 0x7fc0ec58c890>>()\n +    where <bound method AboutPage.is_next_slide_button_visible of <Pages.AboutPage.AboutPage object at 0x7fc0ec58c890>> = <Pages.AboutPage.AboutPage object at 0x7fc0ec58c890>.is_next_slide_button_visible\n\n\n------------------------------------------------------------\nFailed Checks: 1","statusTrace":"FAILURE: assert False\n +  where False = <bound method AboutPage.is_next_slide_button_visible of <Pages.AboutPage.AboutPage object at 0x7fc0ec58c890>>()\n +    where <bound method AboutPage.is_next_slide_button_visible of <Pages.AboutPage.AboutPage object at 0x7fc0ec58c890>> = <Pages.AboutPage.AboutPage object at 0x7fc0ec58c890>.is_next_slide_button_visible\ntest_AboutPage.py:194 in test_10() -> with check, allure.step(\"C58523: Next image button is visible\"):\ntest_AboutPage.py:195 in test_10 -> assert about_page_obj.is_next_slide_button_visible()\nAssertionError: assert False\n +  where False = <bound method AboutPage.is_next_slide_button_visible of <Pages.AboutPage.AboutPage object at 0x7fc0ec58c890>>()\n +    where <bound method AboutPage.is_next_slide_button_visible of <Pages.AboutPage.AboutPage object at 0x7fc0ec58c890>> = <Pages.AboutPage.AboutPage object at 0x7fc0ec58c890>.is_next_slide_button_visible\n\n\n------------------------------------------------------------\nFailed Checks: 1","flaky":false,"newFailed":false,"newBroken":false,"newPassed":false,"retriesCount":3,"retriesStatusChange":false,"beforeStages":[{"name":"_session_faker","time":{"start":1731684380339,"stop":1731684380396,"duration":57},"status":"passed","steps":[],"attachments":[],"parameters":[],"stepsCount":0,"shouldDisplayMessage":false,"attachmentsCount":0,"hasContent":false,"attachmentStep":false},{"name":"driver","time":{"start":1731684380396,"stop":1731684381321,"duration":925},"status":"passed","steps":[],"attachments":[],"parameters":[],"stepsCount":0,"shouldDisplayMessage":false,"attachmentsCount":0,"hasContent":false,"attachmentStep":false},{"name":"setup","time":{"start":1731684451639,"stop":1731684451639,"duration":0},"status":"passed","steps":[],"attachments":[],"parameters":[],"stepsCount":0,"shouldDisplayMessage":false,"attachmentsCount":0,"hasContent":false,"attachmentStep":false}],"testStage":{"status":"failed","statusMessage":"AssertionError: FAILURE: assert False\n +  where False = <bound method AboutPage.is_next_slide_button_visible of <Pages.AboutPage.AboutPage object at 0x7fc0ec58c890>>()\n +    where <bound method AboutPage.is_next_slide_button_visible of <Pages.AboutPage.AboutPage object at 0x7fc0ec58c890>> = <Pages.AboutPage.AboutPage object at 0x7fc0ec58c890>.is_next_slide_button_visible\ntest_AboutPage.py:194 in test_10() -> with check, allure.step(\"C58523: Next image button is visible\"):\ntest_AboutPage.py:195 in test_10 -> assert about_page_obj.is_next_slide_button_visible()\nAssertionError: assert False\n +  where False = <bound method AboutPage.is_next_slide_button_visible of <Pages.AboutPage.AboutPage object at 0x7fc0ec58c890>>()\n +    where <bound method AboutPage.is_next_slide_button_visible of <Pages.AboutPage.AboutPage object at 0x7fc0ec58c890>> = <Pages.AboutPage.AboutPage object at 0x7fc0ec58c890>.is_next_slide_button_visible\n\n\n------------------------------------------------------------\nFailed Checks: 1","statusTrace":"FAILURE: assert False\n +  where False = <bound method AboutPage.is_next_slide_button_visible of <Pages.AboutPage.AboutPage object at 0x7fc0ec58c890>>()\n +    where <bound method AboutPage.is_next_slide_button_visible of <Pages.AboutPage.AboutPage object at 0x7fc0ec58c890>> = <Pages.AboutPage.AboutPage object at 0x7fc0ec58c890>.is_next_slide_button_visible\ntest_AboutPage.py:194 in test_10() -> with check, allure.step(\"C58523: Next image button is visible\"):\ntest_AboutPage.py:195 in test_10 -> assert about_page_obj.is_next_slide_button_visible()\nAssertionError: assert False\n +  where False = <bound method AboutPage.is_next_slide_button_visible of <Pages.AboutPage.AboutPage object at 0x7fc0ec58c890>>()\n +    where <bound method AboutPage.is_next_slide_button_visible of <Pages.AboutPage.AboutPage object at 0x7fc0ec58c890>> = <Pages.AboutPage.AboutPage object at 0x7fc0ec58c890>.is_next_slide_button_visible\n\n\n------------------------------------------------------------\nFailed Checks: 1","steps":[{"name":"C58523: The image anna-jahn-LBKxu77KpSY-unsplash.jpg is correct","time":{"start":1731684452693,"stop":1731684452693,"duration":0},"status":"passed","steps":[],"attachments":[],"parameters":[],"stepsCount":0,"shouldDisplayMessage":false,"attachmentsCount":0,"hasContent":false,"attachmentStep":false},{"name":"C58523: The image malik-shibly-gm_Vztl7w84-unsplash.jpg is correct","time":{"start":1731684452693,"stop":1731684452693,"duration":0},"status":"passed","steps":[],"attachments":[],"parameters":[],"stepsCount":0,"shouldDisplayMessage":false,"attachmentsCount":0,"hasContent":false,"attachmentStep":false},{"name":"C58523: The image arisa-s-pir6n28Xrpw-unsplash.jpg is correct","time":{"start":1731684452693,"stop":1731684452693,"duration":0},"status":"passed","steps":[],"attachments":[],"parameters":[],"stepsCount":0,"shouldDisplayMessage":false,"attachmentsCount":0,"hasContent":false,"attachmentStep":false},{"name":"C58523: The image darrell-chaddock-j9er0YESGp0-unsplash.jpg is correct","time":{"start":1731684452693,"stop":1731684452693,"duration":0},"status":"passed","steps":[],"attachments":[],"parameters":[],"stepsCount":0,"shouldDisplayMessage":false,"attachmentsCount":0,"hasContent":false,"attachmentStep":false},{"name":"C58523: The image darwin-vegher-sKqKpescBgc-unsplash.jpg is correct","time":{"start":1731684452693,"stop":1731684452693,"duration":0},"status":"passed","steps":[],"attachments":[],"parameters":[],"stepsCount":0,"shouldDisplayMessage":false,"attachmentsCount":0,"hasContent":false,"attachmentStep":false},{"name":"C58523: The image koushik-chowdavarapu-aWBPk_GBaCk-unsplash.jpg is correct","time":{"start":1731684452693,"stop":1731684452693,"duration":0},"status":"passed","steps":[],"attachments":[],"parameters":[],"stepsCount":0,"shouldDisplayMessage":false,"attachmentsCount":0,"hasContent":false,"attachmentStep":false},{"name":"C58523: The image date_farm_cc1ff1c02d.jpg is correct","time":{"start":1731684452693,"stop":1731684452693,"duration":0},"status":"passed","steps":[],"attachments":[],"parameters":[],"stepsCount":0,"shouldDisplayMessage":false,"attachmentsCount":0,"hasContent":false,"attachmentStep":false},{"name":"C58523: The image bani-unaif.webp is correct","time":{"start":1731684452693,"stop":1731684452693,"duration":0},"status":"passed","steps":[],"attachments":[],"parameters":[],"stepsCount":0,"shouldDisplayMessage":false,"attachmentsCount":0,"hasContent":false,"attachmentStep":false},{"name":"C58523: The image patrick-hendry-hezNrE5QEa8-unsplash.jpg is correct","time":{"start":1731684452693,"stop":1731684452693,"duration":0},"status":"passed","steps":[],"attachments":[],"parameters":[],"stepsCount":0,"shouldDisplayMessage":false,"attachmentsCount":0,"hasContent":false,"attachmentStep":false},{"name":"C58523: The image masjid-quba-in-almadinah-new_crop-1160x650.jpg is correct","time":{"start":1731684452693,"stop":1731684452693,"duration":0},"status":"passed","steps":[],"attachments":[],"parameters":[],"stepsCount":0,"shouldDisplayMessage":false,"attachmentsCount":0,"hasContent":false,"attachmentStep":false},{"name":"C58523: Next image button is visible","time":{"start":1731684452693,"stop":1731684462717,"duration":10024},"status":"failed","statusMessage":"AssertionError: assert False\n +  where False = <bound method AboutPage.is_next_slide_button_visible of <Pages.AboutPage.AboutPage object at 0x7fc0ec58c890>>()\n +    where <bound method AboutPage.is_next_slide_button_visible of <Pages.AboutPage.AboutPage object at 0x7fc0ec58c890>> = <Pages.AboutPage.AboutPage object at 0x7fc0ec58c890>.is_next_slide_button_visible\n","statusTrace":"  File \"/home/runner/work/QUBA_WEB/QUBA_WEB/Tests/test_AboutPage.py\", line 195, in test_10\n    assert about_page_obj.is_next_slide_button_visible()\n","steps":[],"attachments":[],"parameters":[],"stepsCount":0,"shouldDisplayMessage":true,"attachmentsCount":0,"hasContent":true,"attachmentStep":false},{"name":"C58523: Scroll bar is visible","time":{"start":1731684462719,"stop":1731684462734,"duration":15},"status":"passed","steps":[],"attachments":[],"parameters":[],"stepsCount":0,"shouldDisplayMessage":false,"attachmentsCount":0,"hasContent":false,"attachmentStep":false}],"attachments":[],"parameters":[],"stepsCount":12,"shouldDisplayMessage":true,"attachmentsCount":0,"hasContent":true,"attachmentStep":false},"afterStages":[{"name":"driver::0","time":{"start":1731684502032,"stop":1731684502120,"duration":88},"status":"passed","steps":[],"attachments":[],"parameters":[],"stepsCount":0,"shouldDisplayMessage":false,"attachmentsCount":0,"hasContent":false,"attachmentStep":false}],"labels":[{"name":"severity","value":"normal"},{"name":"feature","value":"About page"},{"name":"tag","value":"dependency(name='test_10')"},{"name":"tag","value":"flaky(reruns=3, reruns_delay=1)"},{"name":"parentSuite","value":"Tests"},{"name":"suite","value":"test_AboutPage"},{"name":"subSuite","value":"TestAboutPage"},{"name":"host","value":"fv-az841-622"},{"name":"thread","value":"1789-MainThread"},{"name":"framework","value":"pytest"},{"name":"language","value":"cpython3"},{"name":"package","value":"Tests.test_AboutPage"},{"name":"resultFormat","value":"allure2"}],"parameters":[{"name":"driver","value":"'chrome'"}],"links":[{"name":"C58523","url":"https://hedgehoglabqa.testrail.io/index.php?/cases/view/58523","type":"tms"},{"name":"Epic QP-356","url":"https://hedgehog-lab.atlassian.net/browse/QP-356","type":"issue"},{"name":"Story QP-266","url":"https://hedgehog-lab.atlassian.net/browse/QP-266","type":"issue"}],"hidden":false,"retry":false,"extra":{"severity":"normal","retries":[{"uid":"3a60b6d5d602fdff","status":"failed","statusDetails":"AssertionError: FAILURE: assert False\n +  where False = <bound method AboutPage.is_next_slide_button_visible of <Pages.AboutPage.AboutPage object at 0x7fc0ec58ef10>>()\n +    where <bound method AboutPage.is_next_slide_button_visible of <Pages.AboutPage.AboutPage object at 0x7fc0ec58ef10>> = <Pages.AboutPage.AboutPage object at 0x7fc0ec58ef10>.is_next_slide_button_visible\ntest_AboutPage.py:194 in test_10() -> with check, allure.step(\"C58523: Next image button is visible\"):\ntest_AboutPage.py:195 in test_10 -> assert about_page_obj.is_next_slide_button_visible()\nAssertionError: assert False\n +  where False = <bound method AboutPage.is_next_slide_button_visible of <Pages.AboutPage.AboutPage object at 0x7fc0ec58ef10>>()\n +    where <bound method AboutPage.is_next_slide_button_visible of <Pages.AboutPage.AboutPage object at 0x7fc0ec58ef10>> = <Pages.AboutPage.AboutPage object at 0x7fc0ec58ef10>.is_next_slide_button_visible\n\n\n------------------------------------------------------------\nFailed Checks: 1","time":{"start":1731684439536,"stop":1731684450637,"duration":11101}},{"uid":"b9005458cd819ff2","status":"failed","statusDetails":"AssertionError: FAILURE: assert False\n +  where False = <bound method AboutPage.is_next_slide_button_visible of <Pages.AboutPage.AboutPage object at 0x7fc0ed433150>>()\n +    where <bound method AboutPage.is_next_slide_button_visible of <Pages.AboutPage.AboutPage object at 0x7fc0ed433150>> = <Pages.AboutPage.AboutPage object at 0x7fc0ed433150>.is_next_slide_button_visible\ntest_AboutPage.py:194 in test_10() -> with check, allure.step(\"C58523: Next image button is visible\"):\ntest_AboutPage.py:195 in test_10 -> assert about_page_obj.is_next_slide_button_visible()\nAssertionError: assert False\n +  where False = <bound method AboutPage.is_next_slide_button_visible of <Pages.AboutPage.AboutPage object at 0x7fc0ed433150>>()\n +    where <bound method AboutPage.is_next_slide_button_visible of <Pages.AboutPage.AboutPage object at 0x7fc0ed433150>> = <Pages.AboutPage.AboutPage object at 0x7fc0ed433150>.is_next_slide_button_visible\n\n\n------------------------------------------------------------\nFailed Checks: 1","time":{"start":1731684427419,"stop":1731684438534,"duration":11115}},{"uid":"6f77f504a834fc7e","status":"failed","statusDetails":"AssertionError: FAILURE: assert False\n +  where False = <bound method AboutPage.is_next_slide_button_visible of <Pages.AboutPage.AboutPage object at 0x7fc0ed633dd0>>()\n +    where <bound method AboutPage.is_next_slide_button_visible of <Pages.AboutPage.AboutPage object at 0x7fc0ed633dd0>> = <Pages.AboutPage.AboutPage object at 0x7fc0ed633dd0>.is_next_slide_button_visible\ntest_AboutPage.py:194 in test_10() -> with check, allure.step(\"C58523: Next image button is visible\"):\ntest_AboutPage.py:195 in test_10 -> assert about_page_obj.is_next_slide_button_visible()\nAssertionError: assert False\n +  where False = <bound method AboutPage.is_next_slide_button_visible of <Pages.AboutPage.AboutPage object at 0x7fc0ed633dd0>>()\n +    where <bound method AboutPage.is_next_slide_button_visible of <Pages.AboutPage.AboutPage object at 0x7fc0ed633dd0>> = <Pages.AboutPage.AboutPage object at 0x7fc0ed633dd0>.is_next_slide_button_visible\n\n\n------------------------------------------------------------\nFailed Checks: 1","time":{"start":1731684415287,"stop":1731684426416,"duration":11129}}],"categories":[{"name":"Product defects","matchedStatuses":[],"flaky":false}],"tags":["flaky(reruns=3, reruns_delay=1)","dependency(name='test_10')"]},"source":"5fee00af0329d095.json","parameterValues":["'chrome'"]}