{"uid":"63c62a15d42d171e","name":"Site with more than one photo","fullName":"Tests.test_Sites.TestSites#test_20","historyId":"61004779ca357e2f044ed071e544a13b","time":{"start":1732898924735,"stop":1732898946004,"duration":21269},"status":"failed","statusMessage":"AssertionError: FAILURE: assert False\n +  where False = <bound method AboutPage.is_next_slide_button_visible of <Pages.AboutPage.AboutPage object at 0x7f3a09936590>>()\n +    where <bound method AboutPage.is_next_slide_button_visible of <Pages.AboutPage.AboutPage object at 0x7f3a09936590>> = <Pages.AboutPage.AboutPage object at 0x7f3a09936590>.is_next_slide_button_visible\ntest_Sites.py:502 in test_20() -> with check, allure.step(\"C58413: Next image button is visible\"):\ntest_Sites.py:503 in test_20 -> assert about_obj.is_next_slide_button_visible()\nAssertionError: assert False\n +  where False = <bound method AboutPage.is_next_slide_button_visible of <Pages.AboutPage.AboutPage object at 0x7f3a09936590>>()\n +    where <bound method AboutPage.is_next_slide_button_visible of <Pages.AboutPage.AboutPage object at 0x7f3a09936590>> = <Pages.AboutPage.AboutPage object at 0x7f3a09936590>.is_next_slide_button_visible\n\n\n------------------------------------------------------------\nFailed Checks: 1","statusTrace":"FAILURE: assert False\n +  where False = <bound method AboutPage.is_next_slide_button_visible of <Pages.AboutPage.AboutPage object at 0x7f3a09936590>>()\n +    where <bound method AboutPage.is_next_slide_button_visible of <Pages.AboutPage.AboutPage object at 0x7f3a09936590>> = <Pages.AboutPage.AboutPage object at 0x7f3a09936590>.is_next_slide_button_visible\ntest_Sites.py:502 in test_20() -> with check, allure.step(\"C58413: Next image button is visible\"):\ntest_Sites.py:503 in test_20 -> assert about_obj.is_next_slide_button_visible()\nAssertionError: assert False\n +  where False = <bound method AboutPage.is_next_slide_button_visible of <Pages.AboutPage.AboutPage object at 0x7f3a09936590>>()\n +    where <bound method AboutPage.is_next_slide_button_visible of <Pages.AboutPage.AboutPage object at 0x7f3a09936590>> = <Pages.AboutPage.AboutPage object at 0x7f3a09936590>.is_next_slide_button_visible\n\n\n------------------------------------------------------------\nFailed Checks: 1","flaky":false,"newFailed":false,"newBroken":false,"newPassed":false,"retriesCount":0,"retriesStatusChange":false,"beforeStages":[{"name":"_session_faker","time":{"start":1732898689517,"stop":1732898689595,"duration":78},"status":"passed","steps":[],"attachments":[],"parameters":[],"stepsCount":0,"shouldDisplayMessage":false,"attachmentsCount":0,"hasContent":false,"attachmentStep":false},{"name":"driver","time":{"start":1732898689595,"stop":1732898691159,"duration":1564},"status":"passed","steps":[],"attachments":[],"parameters":[],"stepsCount":0,"shouldDisplayMessage":false,"attachmentsCount":0,"hasContent":false,"attachmentStep":false}],"testStage":{"status":"failed","statusMessage":"AssertionError: FAILURE: assert False\n +  where False = <bound method AboutPage.is_next_slide_button_visible of <Pages.AboutPage.AboutPage object at 0x7f3a09936590>>()\n +    where <bound method AboutPage.is_next_slide_button_visible of <Pages.AboutPage.AboutPage object at 0x7f3a09936590>> = <Pages.AboutPage.AboutPage object at 0x7f3a09936590>.is_next_slide_button_visible\ntest_Sites.py:502 in test_20() -> with check, allure.step(\"C58413: Next image button is visible\"):\ntest_Sites.py:503 in test_20 -> assert about_obj.is_next_slide_button_visible()\nAssertionError: assert False\n +  where False = <bound method AboutPage.is_next_slide_button_visible of <Pages.AboutPage.AboutPage object at 0x7f3a09936590>>()\n +    where <bound method AboutPage.is_next_slide_button_visible of <Pages.AboutPage.AboutPage object at 0x7f3a09936590>> = <Pages.AboutPage.AboutPage object at 0x7f3a09936590>.is_next_slide_button_visible\n\n\n------------------------------------------------------------\nFailed Checks: 1","statusTrace":"FAILURE: assert False\n +  where False = <bound method AboutPage.is_next_slide_button_visible of <Pages.AboutPage.AboutPage object at 0x7f3a09936590>>()\n +    where <bound method AboutPage.is_next_slide_button_visible of <Pages.AboutPage.AboutPage object at 0x7f3a09936590>> = <Pages.AboutPage.AboutPage object at 0x7f3a09936590>.is_next_slide_button_visible\ntest_Sites.py:502 in test_20() -> with check, allure.step(\"C58413: Next image button is visible\"):\ntest_Sites.py:503 in test_20 -> assert about_obj.is_next_slide_button_visible()\nAssertionError: assert False\n +  where False = <bound method AboutPage.is_next_slide_button_visible of <Pages.AboutPage.AboutPage object at 0x7f3a09936590>>()\n +    where <bound method AboutPage.is_next_slide_button_visible of <Pages.AboutPage.AboutPage object at 0x7f3a09936590>> = <Pages.AboutPage.AboutPage object at 0x7f3a09936590>.is_next_slide_button_visible\n\n\n------------------------------------------------------------\nFailed Checks: 1","steps":[{"name":"C58413: The image 555x465px-Mosque_of_Atban_Bin_Malik_6.webp is correct","time":{"start":1732898934927,"stop":1732898934927,"duration":0},"status":"passed","steps":[],"attachments":[],"parameters":[],"stepsCount":0,"shouldDisplayMessage":false,"attachmentsCount":0,"hasContent":false,"attachmentStep":false},{"name":"C58413: The image abu_as_suud_118292.jpg is correct","time":{"start":1732898934927,"stop":1732898934927,"duration":0},"status":"passed","steps":[],"attachments":[],"parameters":[],"stepsCount":0,"shouldDisplayMessage":false,"attachmentsCount":0,"hasContent":false,"attachmentStep":false},{"name":"C58413: The image download (3).jpeg is correct","time":{"start":1732898934927,"stop":1732898934927,"duration":0},"status":"passed","steps":[],"attachments":[],"parameters":[],"stepsCount":0,"shouldDisplayMessage":false,"attachmentsCount":0,"hasContent":false,"attachmentStep":false},{"name":"C58413: The image download.jpeg is correct","time":{"start":1732898934927,"stop":1732898934927,"duration":0},"status":"passed","steps":[],"attachments":[],"parameters":[],"stepsCount":0,"shouldDisplayMessage":false,"attachmentsCount":0,"hasContent":false,"attachmentStep":false},{"name":"C58413: Next image button is visible","time":{"start":1732898934927,"stop":1732898945955,"duration":11028},"status":"failed","statusMessage":"AssertionError: assert False\n +  where False = <bound method AboutPage.is_next_slide_button_visible of <Pages.AboutPage.AboutPage object at 0x7f3a09936590>>()\n +    where <bound method AboutPage.is_next_slide_button_visible of <Pages.AboutPage.AboutPage object at 0x7f3a09936590>> = <Pages.AboutPage.AboutPage object at 0x7f3a09936590>.is_next_slide_button_visible\n","statusTrace":"  File \"/home/runner/work/QUBA_WEB/QUBA_WEB/Tests/test_Sites.py\", line 503, in test_20\n    assert about_obj.is_next_slide_button_visible()\n","steps":[],"attachments":[],"parameters":[],"stepsCount":0,"shouldDisplayMessage":true,"attachmentsCount":0,"hasContent":true,"attachmentStep":false},{"name":"C58413: Scroll bar is visible","time":{"start":1732898945987,"stop":1732898946004,"duration":17},"status":"passed","steps":[],"attachments":[],"parameters":[],"stepsCount":0,"shouldDisplayMessage":false,"attachmentsCount":0,"hasContent":false,"attachmentStep":false}],"attachments":[],"parameters":[],"stepsCount":6,"shouldDisplayMessage":true,"attachmentsCount":0,"hasContent":true,"attachmentStep":false},"afterStages":[{"name":"driver::0","time":{"start":1732899430912,"stop":1732899431005,"duration":93},"status":"passed","steps":[],"attachments":[],"parameters":[],"stepsCount":0,"shouldDisplayMessage":false,"attachmentsCount":0,"hasContent":false,"attachmentStep":false}],"labels":[{"name":"feature","value":"Individual Sites"},{"name":"severity","value":"critical"},{"name":"tag","value":"flaky(reruns=3, reruns_delay=1)"},{"name":"parentSuite","value":"Tests"},{"name":"suite","value":"test_Sites"},{"name":"subSuite","value":"TestSites"},{"name":"host","value":"fv-az1206-239"},{"name":"thread","value":"1784-MainThread"},{"name":"framework","value":"pytest"},{"name":"language","value":"cpython3"},{"name":"package","value":"Tests.test_Sites"},{"name":"resultFormat","value":"allure2"}],"parameters":[{"name":"driver","value":"'chrome'"}],"links":[{"name":"C58413","url":"https://hedgehoglabqa.testrail.io/index.php?/cases/view/58413","type":"tms"},{"name":"Epic QP-356","url":"https://hedgehog-lab.atlassian.net/browse/QP-356","type":"issue"},{"name":"Story QP-264","url":"https://hedgehog-lab.atlassian.net/browse/QP-264","type":"issue"}],"hidden":true,"retry":true,"extra":{"categories":[],"tags":["flaky(reruns=3, reruns_delay=1)"]},"source":"63c62a15d42d171e.json","parameterValues":["'chrome'"]}