{"uid":"a69ad3efc6a2e92c","name":"Check sections appearance","fullName":"Tests.test_HomePage.TestHomePage#test_2","historyId":"8868b3edf82232975dc5134917242b66","time":{"start":1732012808081,"stop":1732012808191,"duration":110},"status":"failed","statusMessage":"AssertionError: FAILURE: assert False\n +  where False = <bound method HomePage.is_hero_banner_visible of <Pages.HomePage.HomePage object at 0x7f3679dcd990>>()\n +    where <bound method HomePage.is_hero_banner_visible of <Pages.HomePage.HomePage object at 0x7f3679dcd990>> = <Pages.HomePage.HomePage object at 0x7f3679dcd990>.is_hero_banner_visible\ntest_HomePage.py:59 in test_2() -> with check, allure.step(\"Check is Hero banner visible\"):\ntest_HomePage.py:60 in test_2 -> assert home_page_obj.is_hero_banner_visible()\nAssertionError: assert False\n +  where False = <bound method HomePage.is_hero_banner_visible of <Pages.HomePage.HomePage object at 0x7f3679dcd990>>()\n +    where <bound method HomePage.is_hero_banner_visible of <Pages.HomePage.HomePage object at 0x7f3679dcd990>> = <Pages.HomePage.HomePage object at 0x7f3679dcd990>.is_hero_banner_visible\n\n\nFAILURE: assert False\n +  where False = <bound method HomePage.is_hero_banner_visible of <Pages.HomePage.HomePage object at 0x7f3679dcd990>>()\n +    where <bound method HomePage.is_hero_banner_visible of <Pages.HomePage.HomePage object at 0x7f3679dcd990>> = <Pages.HomePage.HomePage object at 0x7f3679dcd990>.is_hero_banner_visible\nFAILURE: assert False\n +  where False = <bound method HomePage.is_site_carousel_section_visible of <Pages.HomePage.HomePage object at 0x7f3679dcd990>>()\n +    where <bound method HomePage.is_site_carousel_section_visible of <Pages.HomePage.HomePage object at 0x7f3679dcd990>> = <Pages.HomePage.HomePage object at 0x7f3679dcd990>.is_site_carousel_section_visible\nFAILURE: assert False\n +  where False = <bound method HomePage.is_event_carousel_section_visible of <Pages.HomePage.HomePage object at 0x7f3679dcd990>>()\n +    where <bound method HomePage.is_event_carousel_section_visible of <Pages.HomePage.HomePage object at 0x7f3679dcd990>> = <Pages.HomePage.HomePage object at 0x7f3679dcd990>.is_event_carousel_section_visible\n------------------------------------------------------------\nFailed Checks: 4","statusTrace":"FAILURE: assert False\n +  where False = <bound method HomePage.is_hero_banner_visible of <Pages.HomePage.HomePage object at 0x7f3679dcd990>>()\n +    where <bound method HomePage.is_hero_banner_visible of <Pages.HomePage.HomePage object at 0x7f3679dcd990>> = <Pages.HomePage.HomePage object at 0x7f3679dcd990>.is_hero_banner_visible\ntest_HomePage.py:59 in test_2() -> with check, allure.step(\"Check is Hero banner visible\"):\ntest_HomePage.py:60 in test_2 -> assert home_page_obj.is_hero_banner_visible()\nAssertionError: assert False\n +  where False = <bound method HomePage.is_hero_banner_visible of <Pages.HomePage.HomePage object at 0x7f3679dcd990>>()\n +    where <bound method HomePage.is_hero_banner_visible of <Pages.HomePage.HomePage object at 0x7f3679dcd990>> = <Pages.HomePage.HomePage object at 0x7f3679dcd990>.is_hero_banner_visible\n\n\nFAILURE: assert False\n +  where False = <bound method HomePage.is_hero_banner_visible of <Pages.HomePage.HomePage object at 0x7f3679dcd990>>()\n +    where <bound method HomePage.is_hero_banner_visible of <Pages.HomePage.HomePage object at 0x7f3679dcd990>> = <Pages.HomePage.HomePage object at 0x7f3679dcd990>.is_hero_banner_visible\nFAILURE: assert False\n +  where False = <bound method HomePage.is_site_carousel_section_visible of <Pages.HomePage.HomePage object at 0x7f3679dcd990>>()\n +    where <bound method HomePage.is_site_carousel_section_visible of <Pages.HomePage.HomePage object at 0x7f3679dcd990>> = <Pages.HomePage.HomePage object at 0x7f3679dcd990>.is_site_carousel_section_visible\nFAILURE: assert False\n +  where False = <bound method HomePage.is_event_carousel_section_visible of <Pages.HomePage.HomePage object at 0x7f3679dcd990>>()\n +    where <bound method HomePage.is_event_carousel_section_visible of <Pages.HomePage.HomePage object at 0x7f3679dcd990>> = <Pages.HomePage.HomePage object at 0x7f3679dcd990>.is_event_carousel_section_visible\n------------------------------------------------------------\nFailed Checks: 4","flaky":false,"newFailed":false,"newBroken":false,"newPassed":false,"retriesCount":0,"retriesStatusChange":false,"beforeStages":[{"name":"_session_faker","time":{"start":1732012584098,"stop":1732012584156,"duration":58},"status":"passed","steps":[],"attachments":[],"parameters":[],"stepsCount":0,"shouldDisplayMessage":false,"attachmentsCount":0,"hasContent":false,"attachmentStep":false},{"name":"_xunit_setup_class_fixture_TestHomePage","time":{"start":1732012794258,"stop":1732012798768,"duration":4510},"status":"passed","steps":[],"attachments":[],"parameters":[],"stepsCount":0,"shouldDisplayMessage":false,"attachmentsCount":0,"hasContent":false,"attachmentStep":false},{"name":"driver","time":{"start":1732012798769,"stop":1732012800659,"duration":1890},"status":"passed","steps":[],"attachments":[],"parameters":[],"stepsCount":0,"shouldDisplayMessage":false,"attachmentsCount":0,"hasContent":false,"attachmentStep":false},{"name":"setup","time":{"start":1732012808081,"stop":1732012808081,"duration":0},"status":"passed","steps":[],"attachments":[],"parameters":[],"stepsCount":0,"shouldDisplayMessage":false,"attachmentsCount":0,"hasContent":false,"attachmentStep":false}],"testStage":{"status":"failed","statusMessage":"AssertionError: FAILURE: assert False\n +  where False = <bound method HomePage.is_hero_banner_visible of <Pages.HomePage.HomePage object at 0x7f3679dcd990>>()\n +    where <bound method HomePage.is_hero_banner_visible of <Pages.HomePage.HomePage object at 0x7f3679dcd990>> = <Pages.HomePage.HomePage object at 0x7f3679dcd990>.is_hero_banner_visible\ntest_HomePage.py:59 in test_2() -> with check, allure.step(\"Check is Hero banner visible\"):\ntest_HomePage.py:60 in test_2 -> assert home_page_obj.is_hero_banner_visible()\nAssertionError: assert False\n +  where False = <bound method HomePage.is_hero_banner_visible of <Pages.HomePage.HomePage object at 0x7f3679dcd990>>()\n +    where <bound method HomePage.is_hero_banner_visible of <Pages.HomePage.HomePage object at 0x7f3679dcd990>> = <Pages.HomePage.HomePage object at 0x7f3679dcd990>.is_hero_banner_visible\n\n\nFAILURE: assert False\n +  where False = <bound method HomePage.is_hero_banner_visible of <Pages.HomePage.HomePage object at 0x7f3679dcd990>>()\n +    where <bound method HomePage.is_hero_banner_visible of <Pages.HomePage.HomePage object at 0x7f3679dcd990>> = <Pages.HomePage.HomePage object at 0x7f3679dcd990>.is_hero_banner_visible\nFAILURE: assert False\n +  where False = <bound method HomePage.is_site_carousel_section_visible of <Pages.HomePage.HomePage object at 0x7f3679dcd990>>()\n +    where <bound method HomePage.is_site_carousel_section_visible of <Pages.HomePage.HomePage object at 0x7f3679dcd990>> = <Pages.HomePage.HomePage object at 0x7f3679dcd990>.is_site_carousel_section_visible\nFAILURE: assert False\n +  where False = <bound method HomePage.is_event_carousel_section_visible of <Pages.HomePage.HomePage object at 0x7f3679dcd990>>()\n +    where <bound method HomePage.is_event_carousel_section_visible of <Pages.HomePage.HomePage object at 0x7f3679dcd990>> = <Pages.HomePage.HomePage object at 0x7f3679dcd990>.is_event_carousel_section_visible\n------------------------------------------------------------\nFailed Checks: 4","statusTrace":"FAILURE: assert False\n +  where False = <bound method HomePage.is_hero_banner_visible of <Pages.HomePage.HomePage object at 0x7f3679dcd990>>()\n +    where <bound method HomePage.is_hero_banner_visible of <Pages.HomePage.HomePage object at 0x7f3679dcd990>> = <Pages.HomePage.HomePage object at 0x7f3679dcd990>.is_hero_banner_visible\ntest_HomePage.py:59 in test_2() -> with check, allure.step(\"Check is Hero banner visible\"):\ntest_HomePage.py:60 in test_2 -> assert home_page_obj.is_hero_banner_visible()\nAssertionError: assert False\n +  where False = <bound method HomePage.is_hero_banner_visible of <Pages.HomePage.HomePage object at 0x7f3679dcd990>>()\n +    where <bound method HomePage.is_hero_banner_visible of <Pages.HomePage.HomePage object at 0x7f3679dcd990>> = <Pages.HomePage.HomePage object at 0x7f3679dcd990>.is_hero_banner_visible\n\n\nFAILURE: assert False\n +  where False = <bound method HomePage.is_hero_banner_visible of <Pages.HomePage.HomePage object at 0x7f3679dcd990>>()\n +    where <bound method HomePage.is_hero_banner_visible of <Pages.HomePage.HomePage object at 0x7f3679dcd990>> = <Pages.HomePage.HomePage object at 0x7f3679dcd990>.is_hero_banner_visible\nFAILURE: assert False\n +  where False = <bound method HomePage.is_site_carousel_section_visible of <Pages.HomePage.HomePage object at 0x7f3679dcd990>>()\n +    where <bound method HomePage.is_site_carousel_section_visible of <Pages.HomePage.HomePage object at 0x7f3679dcd990>> = <Pages.HomePage.HomePage object at 0x7f3679dcd990>.is_site_carousel_section_visible\nFAILURE: assert False\n +  where False = <bound method HomePage.is_event_carousel_section_visible of <Pages.HomePage.HomePage object at 0x7f3679dcd990>>()\n +    where <bound method HomePage.is_event_carousel_section_visible of <Pages.HomePage.HomePage object at 0x7f3679dcd990>> = <Pages.HomePage.HomePage object at 0x7f3679dcd990>.is_event_carousel_section_visible\n------------------------------------------------------------\nFailed Checks: 4","steps":[{"name":"Check is navigation bar visible","time":{"start":1732012808081,"stop":1732012808140,"duration":59},"status":"passed","steps":[],"attachments":[],"parameters":[],"stepsCount":0,"shouldDisplayMessage":false,"attachmentsCount":0,"hasContent":false,"attachmentStep":false},{"name":"Check is Hero banner visible","time":{"start":1732012808140,"stop":1732012808153,"duration":13},"status":"failed","statusMessage":"AssertionError: assert False\n +  where False = <bound method HomePage.is_hero_banner_visible of <Pages.HomePage.HomePage object at 0x7f3679dcd990>>()\n +    where <bound method HomePage.is_hero_banner_visible of <Pages.HomePage.HomePage object at 0x7f3679dcd990>> = <Pages.HomePage.HomePage object at 0x7f3679dcd990>.is_hero_banner_visible\n","statusTrace":"  File \"/home/runner/work/QUBA_WEB/QUBA_WEB/Tests/test_HomePage.py\", line 60, in test_2\n    assert home_page_obj.is_hero_banner_visible()\n","steps":[],"attachments":[],"parameters":[],"stepsCount":0,"shouldDisplayMessage":true,"attachmentsCount":0,"hasContent":true,"attachmentStep":false},{"name":"Check is App Download section visible","time":{"start":1732012808156,"stop":1732012808167,"duration":11},"status":"failed","statusMessage":"AssertionError: assert False\n +  where False = <bound method HomePage.is_hero_banner_visible of <Pages.HomePage.HomePage object at 0x7f3679dcd990>>()\n +    where <bound method HomePage.is_hero_banner_visible of <Pages.HomePage.HomePage object at 0x7f3679dcd990>> = <Pages.HomePage.HomePage object at 0x7f3679dcd990>.is_hero_banner_visible\n","statusTrace":"  File \"/home/runner/work/QUBA_WEB/QUBA_WEB/Tests/test_HomePage.py\", line 62, in test_2\n    assert home_page_obj.is_hero_banner_visible()\n","steps":[],"attachments":[],"parameters":[],"stepsCount":0,"shouldDisplayMessage":true,"attachmentsCount":0,"hasContent":true,"attachmentStep":false},{"name":"Check is Sites carousel visible","time":{"start":1732012808167,"stop":1732012808174,"duration":7},"status":"failed","statusMessage":"AssertionError: assert False\n +  where False = <bound method HomePage.is_site_carousel_section_visible of <Pages.HomePage.HomePage object at 0x7f3679dcd990>>()\n +    where <bound method HomePage.is_site_carousel_section_visible of <Pages.HomePage.HomePage object at 0x7f3679dcd990>> = <Pages.HomePage.HomePage object at 0x7f3679dcd990>.is_site_carousel_section_visible\n","statusTrace":"  File \"/home/runner/work/QUBA_WEB/QUBA_WEB/Tests/test_HomePage.py\", line 64, in test_2\n    assert home_page_obj.is_site_carousel_section_visible()\n","steps":[],"attachments":[],"parameters":[],"stepsCount":0,"shouldDisplayMessage":true,"attachmentsCount":0,"hasContent":true,"attachmentStep":false},{"name":"Check is Events carousel visible","time":{"start":1732012808175,"stop":1732012808182,"duration":7},"status":"failed","statusMessage":"AssertionError: assert False\n +  where False = <bound method HomePage.is_event_carousel_section_visible of <Pages.HomePage.HomePage object at 0x7f3679dcd990>>()\n +    where <bound method HomePage.is_event_carousel_section_visible of <Pages.HomePage.HomePage object at 0x7f3679dcd990>> = <Pages.HomePage.HomePage object at 0x7f3679dcd990>.is_event_carousel_section_visible\n","statusTrace":"  File \"/home/runner/work/QUBA_WEB/QUBA_WEB/Tests/test_HomePage.py\", line 66, in test_2\n    assert home_page_obj.is_event_carousel_section_visible()\n","steps":[],"attachments":[],"parameters":[],"stepsCount":0,"shouldDisplayMessage":true,"attachmentsCount":0,"hasContent":true,"attachmentStep":false},{"name":"Check is Footer visible","time":{"start":1732012808182,"stop":1732012808190,"duration":8},"status":"passed","steps":[],"attachments":[],"parameters":[],"stepsCount":0,"shouldDisplayMessage":false,"attachmentsCount":0,"hasContent":false,"attachmentStep":false}],"attachments":[],"parameters":[],"stepsCount":6,"shouldDisplayMessage":true,"attachmentsCount":0,"hasContent":true,"attachmentStep":false},"afterStages":[{"name":"driver::0","time":{"start":1732012914326,"stop":1732012915082,"duration":756},"status":"passed","steps":[],"attachments":[],"parameters":[],"stepsCount":0,"shouldDisplayMessage":false,"attachmentsCount":0,"hasContent":false,"attachmentStep":false},{"name":"_xunit_setup_class_fixture_TestHomePage::0","time":{"start":1732012915082,"stop":1732012915082,"duration":0},"status":"passed","steps":[],"attachments":[],"parameters":[],"stepsCount":0,"shouldDisplayMessage":false,"attachmentsCount":0,"hasContent":false,"attachmentStep":false}],"labels":[{"name":"severity","value":"critical"},{"name":"feature","value":"Home page"},{"name":"tag","value":"flaky(reruns=3, reruns_delay=1)"},{"name":"parentSuite","value":"Tests"},{"name":"suite","value":"test_HomePage"},{"name":"subSuite","value":"TestHomePage"},{"name":"host","value":"fv-az849-188"},{"name":"thread","value":"1780-MainThread"},{"name":"framework","value":"pytest"},{"name":"language","value":"cpython3"},{"name":"package","value":"Tests.test_HomePage"},{"name":"resultFormat","value":"allure2"}],"parameters":[{"name":"driver","value":"'firefox'"}],"links":[{"name":"C58320","url":"https://hedgehoglabqa.testrail.io/index.php?/cases/view/58320","type":"tms"},{"name":"Epic QP-356","url":"https://hedgehog-lab.atlassian.net/browse/QP-356","type":"issue"},{"name":"Story QP-269","url":"https://hedgehog-lab.atlassian.net/browse/QP-269","type":"issue"}],"hidden":true,"retry":true,"extra":{"categories":[],"tags":["flaky(reruns=3, reruns_delay=1)"]},"source":"a69ad3efc6a2e92c.json","parameterValues":["'firefox'"]}