{"uid":"b94365b83d633efa","name":"Unsuccessfully login with email: simeon.hhl.qagmail.com and password: Test#1234","fullName":"Tests.test_Login.TestLogin#test_2","historyId":"6bf558955b51fc878d968902cf5311f9","time":{"start":1730447113315,"stop":1730447115542,"duration":2227},"status":"passed","flaky":false,"newFailed":false,"newBroken":false,"newPassed":true,"retriesCount":0,"retriesStatusChange":false,"beforeStages":[{"name":"_session_faker","time":{"start":1730447050632,"stop":1730447050670,"duration":38},"status":"passed","steps":[],"attachments":[],"parameters":[],"stepsCount":0,"shouldDisplayMessage":false,"attachmentsCount":0,"hasContent":false,"attachmentStep":false},{"name":"driver","time":{"start":1730447094455,"stop":1730447096096,"duration":1641},"status":"passed","steps":[],"attachments":[],"parameters":[],"stepsCount":0,"shouldDisplayMessage":false,"attachmentsCount":0,"hasContent":false,"attachmentStep":false}],"testStage":{"status":"passed","steps":[{"name":"Check for error","time":{"start":1730447115520,"stop":1730447115536,"duration":16},"status":"passed","steps":[],"attachments":[],"parameters":[],"stepsCount":0,"shouldDisplayMessage":false,"attachmentsCount":0,"hasContent":false,"attachmentStep":false},{"name":"Check the error text","time":{"start":1730447115537,"stop":1730447115542,"duration":5},"status":"passed","steps":[],"attachments":[],"parameters":[],"stepsCount":0,"shouldDisplayMessage":false,"attachmentsCount":0,"hasContent":false,"attachmentStep":false}],"attachments":[],"parameters":[],"stepsCount":2,"shouldDisplayMessage":false,"attachmentsCount":0,"hasContent":true,"attachmentStep":false},"afterStages":[{"name":"driver::0","time":{"start":1730447206644,"stop":1730447206742,"duration":98},"status":"passed","steps":[],"attachments":[],"parameters":[],"stepsCount":0,"shouldDisplayMessage":false,"attachmentsCount":0,"hasContent":false,"attachmentStep":false}],"labels":[{"name":"severity","value":"normal"},{"name":"feature","value":"Login"},{"name":"tag","value":"flaky(reruns=3, reruns_delay=0.5, rerun_except='assert')"},{"name":"parentSuite","value":"Tests"},{"name":"suite","value":"test_Login"},{"name":"subSuite","value":"TestLogin"},{"name":"host","value":"Mac-1730446312566.local"},{"name":"thread","value":"2014-MainThread"},{"name":"framework","value":"pytest"},{"name":"language","value":"cpython3"},{"name":"package","value":"Tests.test_Login"},{"name":"resultFormat","value":"allure2"}],"parameters":[{"name":"driver","value":"'safari'"},{"name":"email","value":"'simeon.hhl.qagmail.com'"},{"name":"error","value":"'Please enter a valid email'"},{"name":"password","value":"'Test#1234'"}],"links":[],"hidden":false,"retry":false,"extra":{"severity":"normal","retries":[],"categories":[],"history":{"statistic":{"failed":1,"broken":0,"skipped":0,"passed":1,"unknown":0,"total":2},"items":[{"uid":"c5a19f7957861180","status":"failed","statusDetails":"AssertionError: FAILURE: assert 'Please enter your password' == 'Please enter a valid email'\n  \n  - Please enter a valid email\n  + Please enter your password\ntest_Login.py:47 in test_2() -> with check, allure.step(\"Check the error text\"):\ntest_Login.py:49 in test_2 -> assert login_obj.get_field_error_message_text() == error\nAssertionError: assert 'Please enter your password' == 'Please enter a valid email'\n  \n  - Please enter a valid email\n  + Please enter your password\n\n\n------------------------------------------------------------\nFailed Checks: 1","time":{"start":1730384164936,"stop":1730384165625,"duration":689}}]},"tags":["flaky(reruns=3, reruns_delay=0.5, rerun_except='assert')"]},"source":"b94365b83d633efa.json","parameterValues":["'safari'","'simeon.hhl.qagmail.com'","'Please enter a valid email'","'Test#1234'"]}