{"uid":"c5a19f7957861180","name":"Unsuccessfully login with email: simeon.hhl.qagmail.com and password: Test#1234","fullName":"Tests.test_Login.TestLogin#test_2","historyId":"6bf558955b51fc878d968902cf5311f9","time":{"start":1730384164936,"stop":1730384165625,"duration":689},"status":"failed","statusMessage":"AssertionError: FAILURE: assert 'Please enter your password' == 'Please enter a valid email'\n  \n  - Please enter a valid email\n  + Please enter your password\ntest_Login.py:47 in test_2() -> with check, allure.step(\"Check the error text\"):\ntest_Login.py:49 in test_2 -> assert login_obj.get_field_error_message_text() == error\nAssertionError: assert 'Please enter your password' == 'Please enter a valid email'\n  \n  - Please enter a valid email\n  + Please enter your password\n\n\n------------------------------------------------------------\nFailed Checks: 1","statusTrace":"FAILURE: assert 'Please enter your password' == 'Please enter a valid email'\n  \n  - Please enter a valid email\n  + Please enter your password\ntest_Login.py:47 in test_2() -> with check, allure.step(\"Check the error text\"):\ntest_Login.py:49 in test_2 -> assert login_obj.get_field_error_message_text() == error\nAssertionError: assert 'Please enter your password' == 'Please enter a valid email'\n  \n  - Please enter a valid email\n  + Please enter your password\n\n\n------------------------------------------------------------\nFailed Checks: 1","flaky":false,"newFailed":false,"newBroken":false,"newPassed":false,"retriesCount":0,"retriesStatusChange":false,"beforeStages":[{"name":"_session_faker","time":{"start":1730384094685,"stop":1730384094733,"duration":48},"status":"passed","steps":[],"attachments":[],"parameters":[],"stepsCount":0,"shouldDisplayMessage":false,"attachmentsCount":0,"hasContent":false,"attachmentStep":false},{"name":"driver","time":{"start":1730384135009,"stop":1730384136270,"duration":1261},"status":"passed","steps":[],"attachments":[],"parameters":[],"stepsCount":0,"shouldDisplayMessage":false,"attachmentsCount":0,"hasContent":false,"attachmentStep":false}],"testStage":{"status":"failed","statusMessage":"AssertionError: FAILURE: assert 'Please enter your password' == 'Please enter a valid email'\n  \n  - Please enter a valid email\n  + Please enter your password\ntest_Login.py:47 in test_2() -> with check, allure.step(\"Check the error text\"):\ntest_Login.py:49 in test_2 -> assert login_obj.get_field_error_message_text() == error\nAssertionError: assert 'Please enter your password' == 'Please enter a valid email'\n  \n  - Please enter a valid email\n  + Please enter your password\n\n\n------------------------------------------------------------\nFailed Checks: 1","statusTrace":"FAILURE: assert 'Please enter your password' == 'Please enter a valid email'\n  \n  - Please enter a valid email\n  + Please enter your password\ntest_Login.py:47 in test_2() -> with check, allure.step(\"Check the error text\"):\ntest_Login.py:49 in test_2 -> assert login_obj.get_field_error_message_text() == error\nAssertionError: assert 'Please enter your password' == 'Please enter a valid email'\n  \n  - Please enter a valid email\n  + Please enter your password\n\n\n------------------------------------------------------------\nFailed Checks: 1","steps":[{"name":"Check for error","time":{"start":1730384165509,"stop":1730384165600,"duration":91},"status":"passed","steps":[],"attachments":[],"parameters":[],"stepsCount":0,"shouldDisplayMessage":false,"attachmentsCount":0,"hasContent":false,"attachmentStep":false},{"name":"Check the error text","time":{"start":1730384165600,"stop":1730384165620,"duration":20},"status":"failed","statusMessage":"AssertionError: assert 'Please enter your password' == 'Please enter a valid email'\n  \n  - Please enter a valid email\n  + Please enter your password\n","statusTrace":"  File \"/Users/runner/work/QUBA_WEB/QUBA_WEB/Tests/test_Login.py\", line 49, in test_2\n    assert login_obj.get_field_error_message_text() == error\n","steps":[],"attachments":[],"parameters":[],"stepsCount":0,"shouldDisplayMessage":true,"attachmentsCount":0,"hasContent":true,"attachmentStep":false}],"attachments":[],"parameters":[],"stepsCount":2,"shouldDisplayMessage":true,"attachmentsCount":0,"hasContent":true,"attachmentStep":false},"afterStages":[{"name":"driver::0","time":{"start":1730384225773,"stop":1730384226173,"duration":400},"status":"passed","steps":[],"attachments":[],"parameters":[],"stepsCount":0,"shouldDisplayMessage":false,"attachmentsCount":0,"hasContent":false,"attachmentStep":false}],"labels":[{"name":"severity","value":"normal"},{"name":"feature","value":"Login"},{"name":"tag","value":"flaky(reruns=5, reruns_delay=0.5, rerun_except='assert')"},{"name":"parentSuite","value":"Tests"},{"name":"suite","value":"test_Login"},{"name":"subSuite","value":"TestLogin"},{"name":"host","value":"Mac-1730383937177.local"},{"name":"thread","value":"1239-MainThread"},{"name":"framework","value":"pytest"},{"name":"language","value":"cpython3"},{"name":"package","value":"Tests.test_Login"},{"name":"resultFormat","value":"allure2"}],"parameters":[{"name":"driver","value":"'safari'"},{"name":"email","value":"'simeon.hhl.qagmail.com'"},{"name":"error","value":"'Please enter a valid email'"},{"name":"password","value":"'Test#1234'"}],"links":[],"hidden":false,"retry":false,"extra":{"severity":"normal","retries":[],"categories":[{"name":"Product defects","matchedStatuses":[],"flaky":false}],"tags":["flaky(reruns=5, reruns_delay=0.5, rerun_except='assert')"]},"source":"c5a19f7957861180.json","parameterValues":["'safari'","'simeon.hhl.qagmail.com'","'Please enter a valid email'","'Test#1234'"]}