{"uid":"fb01527c54ce86ff","name":"Save site button for non logged user","fullName":"Tests.test_Sites.TestSites#test_40","historyId":"40294bc3a76fb9fa2bde665a4e15d7dc","time":{"start":1732899160264,"stop":1732899172980,"duration":12716},"status":"failed","statusMessage":"AssertionError: FAILURE: assert not True\n +  where True = <bound method Sites.is_save_site_button_visible of <Pages.SitesPage.Sites object at 0x7f017ddf39d0>>()\n +    where <bound method Sites.is_save_site_button_visible of <Pages.SitesPage.Sites object at 0x7f017ddf39d0>> = <Pages.SitesPage.Sites object at 0x7f017ddf39d0>.is_save_site_button_visible\ntest_Sites.py:956 in test_40() -> with check, allure.step(f\"C58744: Save site button is not visible\"):\ntest_Sites.py:957 in test_40 -> assert not sites_obj.is_save_site_button_visible()\nAssertionError: assert not True\n +  where True = <bound method Sites.is_save_site_button_visible of <Pages.SitesPage.Sites object at 0x7f017ddf39d0>>()\n +    where <bound method Sites.is_save_site_button_visible of <Pages.SitesPage.Sites object at 0x7f017ddf39d0>> = <Pages.SitesPage.Sites object at 0x7f017ddf39d0>.is_save_site_button_visible\n\n\n------------------------------------------------------------\nFailed Checks: 1","statusTrace":"FAILURE: assert not True\n +  where True = <bound method Sites.is_save_site_button_visible of <Pages.SitesPage.Sites object at 0x7f017ddf39d0>>()\n +    where <bound method Sites.is_save_site_button_visible of <Pages.SitesPage.Sites object at 0x7f017ddf39d0>> = <Pages.SitesPage.Sites object at 0x7f017ddf39d0>.is_save_site_button_visible\ntest_Sites.py:956 in test_40() -> with check, allure.step(f\"C58744: Save site button is not visible\"):\ntest_Sites.py:957 in test_40 -> assert not sites_obj.is_save_site_button_visible()\nAssertionError: assert not True\n +  where True = <bound method Sites.is_save_site_button_visible of <Pages.SitesPage.Sites object at 0x7f017ddf39d0>>()\n +    where <bound method Sites.is_save_site_button_visible of <Pages.SitesPage.Sites object at 0x7f017ddf39d0>> = <Pages.SitesPage.Sites object at 0x7f017ddf39d0>.is_save_site_button_visible\n\n\n------------------------------------------------------------\nFailed Checks: 1","flaky":false,"newFailed":false,"newBroken":false,"newPassed":false,"retriesCount":0,"retriesStatusChange":false,"beforeStages":[{"name":"_session_faker","time":{"start":1732898689385,"stop":1732898689453,"duration":68},"status":"passed","steps":[],"attachments":[],"parameters":[],"stepsCount":0,"shouldDisplayMessage":false,"attachmentsCount":0,"hasContent":false,"attachmentStep":false},{"name":"driver","time":{"start":1732898689453,"stop":1732898700369,"duration":10916},"status":"passed","steps":[],"attachments":[],"parameters":[],"stepsCount":0,"shouldDisplayMessage":false,"attachmentsCount":0,"hasContent":false,"attachmentStep":false}],"testStage":{"status":"failed","statusMessage":"AssertionError: FAILURE: assert not True\n +  where True = <bound method Sites.is_save_site_button_visible of <Pages.SitesPage.Sites object at 0x7f017ddf39d0>>()\n +    where <bound method Sites.is_save_site_button_visible of <Pages.SitesPage.Sites object at 0x7f017ddf39d0>> = <Pages.SitesPage.Sites object at 0x7f017ddf39d0>.is_save_site_button_visible\ntest_Sites.py:956 in test_40() -> with check, allure.step(f\"C58744: Save site button is not visible\"):\ntest_Sites.py:957 in test_40 -> assert not sites_obj.is_save_site_button_visible()\nAssertionError: assert not True\n +  where True = <bound method Sites.is_save_site_button_visible of <Pages.SitesPage.Sites object at 0x7f017ddf39d0>>()\n +    where <bound method Sites.is_save_site_button_visible of <Pages.SitesPage.Sites object at 0x7f017ddf39d0>> = <Pages.SitesPage.Sites object at 0x7f017ddf39d0>.is_save_site_button_visible\n\n\n------------------------------------------------------------\nFailed Checks: 1","statusTrace":"FAILURE: assert not True\n +  where True = <bound method Sites.is_save_site_button_visible of <Pages.SitesPage.Sites object at 0x7f017ddf39d0>>()\n +    where <bound method Sites.is_save_site_button_visible of <Pages.SitesPage.Sites object at 0x7f017ddf39d0>> = <Pages.SitesPage.Sites object at 0x7f017ddf39d0>.is_save_site_button_visible\ntest_Sites.py:956 in test_40() -> with check, allure.step(f\"C58744: Save site button is not visible\"):\ntest_Sites.py:957 in test_40 -> assert not sites_obj.is_save_site_button_visible()\nAssertionError: assert not True\n +  where True = <bound method Sites.is_save_site_button_visible of <Pages.SitesPage.Sites object at 0x7f017ddf39d0>>()\n +    where <bound method Sites.is_save_site_button_visible of <Pages.SitesPage.Sites object at 0x7f017ddf39d0>> = <Pages.SitesPage.Sites object at 0x7f017ddf39d0>.is_save_site_button_visible\n\n\n------------------------------------------------------------\nFailed Checks: 1","steps":[{"name":"C58744: Save site button is not visible","time":{"start":1732899172975,"stop":1732899172976,"duration":1},"status":"failed","statusMessage":"AssertionError: assert not True\n +  where True = <bound method Sites.is_save_site_button_visible of <Pages.SitesPage.Sites object at 0x7f017ddf39d0>>()\n +    where <bound method Sites.is_save_site_button_visible of <Pages.SitesPage.Sites object at 0x7f017ddf39d0>> = <Pages.SitesPage.Sites object at 0x7f017ddf39d0>.is_save_site_button_visible\n","statusTrace":"  File \"/home/runner/work/QUBA_WEB/QUBA_WEB/Tests/test_Sites.py\", line 957, in test_40\n    assert not sites_obj.is_save_site_button_visible()\n","steps":[],"attachments":[],"parameters":[],"stepsCount":0,"shouldDisplayMessage":true,"attachmentsCount":0,"hasContent":true,"attachmentStep":false}],"attachments":[],"parameters":[],"stepsCount":1,"shouldDisplayMessage":true,"attachmentsCount":0,"hasContent":true,"attachmentStep":false},"afterStages":[{"name":"driver::0","time":{"start":1732899206111,"stop":1732899206317,"duration":206},"status":"passed","steps":[],"attachments":[],"parameters":[],"stepsCount":0,"shouldDisplayMessage":false,"attachmentsCount":0,"hasContent":false,"attachmentStep":false}],"labels":[{"name":"severity","value":"normal"},{"name":"feature","value":"Individual Sites"},{"name":"tag","value":"flaky(reruns=3, reruns_delay=1)"},{"name":"parentSuite","value":"Tests"},{"name":"suite","value":"test_Sites"},{"name":"subSuite","value":"TestSites"},{"name":"host","value":"fv-az695-2"},{"name":"thread","value":"1792-MainThread"},{"name":"framework","value":"pytest"},{"name":"language","value":"cpython3"},{"name":"package","value":"Tests.test_Sites"},{"name":"resultFormat","value":"allure2"}],"parameters":[{"name":"driver","value":"'firefox'"}],"links":[{"name":"C58744","url":"https://hedgehoglabqa.testrail.io/index.php?/cases/view/58744","type":"tms"},{"name":"Epic QP-356","url":"https://hedgehog-lab.atlassian.net/browse/QP-356","type":"issue"},{"name":"Story QP-283","url":"https://hedgehog-lab.atlassian.net/browse/QP-283","type":"issue"}],"hidden":true,"retry":true,"extra":{"categories":[],"tags":["flaky(reruns=3, reruns_delay=1)"]},"source":"fb01527c54ce86ff.json","parameterValues":["'firefox'"]}